# JRE version: OpenJDK Runtime Environment Corretto-17.0.7.7.1 (17.0.7+7) (build 17.0.7+7-LTS)
# Java VM: OpenJDK 64-Bit Server VM Corretto-17.0.7.7.1 (17.0.7+7-LTS, mixed mode, sharing, tiered, compressed oops, compressed class ptrs, g1 gc, windows-amd64)
GC Precious Log:
 CPUs: 4 total, 4 available
 Memory: 16224M
 Large Page Support: Disabled
 NUMA Support: Disabled
 Compressed Oops: Enabled (Zero based)
 Heap Region Size: 2M
 Heap Min Capacity: 8M
 Heap Initial Capacity: 254M
 Heap Max Capacity: 4058M
 Pre-touch: Disabled
 Parallel Workers: 4
 Concurrent Workers: 1
 Concurrent Refinement Workers: 4
 Periodic GC: Disabled
Heap:
 garbage-first heap   total 96256K, used 26729K [0x0000000702600000, 0x0000000800000000)
  region size 2048K, 3 young (6144K), 1 survivors (2048K)
 Metaspace       used 35071K, committed 35264K, reserved 1114112K
  class space    used 3760K, committed 3840K, reserved 1048576K
GC Heap History (20 events):
Event: 12.126 GC heap before
{Heap before GC invocations=14 (full 0):
 garbage-first heap   total 61440K, used 43078K [0x0000000702600000, 0x0000000800000000)
  region size 2048K, 7 young (14336K), 1 survivors (2048K)
 Metaspace       used 33959K, committed 34240K, reserved 1114112K
  class space    used 3713K, committed 3840K, reserved 1048576K
}
Event: 12.130 GC heap after
{Heap after GC invocations=15 (full 0):
 garbage-first heap   total 61440K, used 31960K [0x0000000702600000, 0x0000000800000000)
  region size 2048K, 1 young (2048K), 1 survivors (2048K)
 Metaspace       used 33959K, committed 34240K, reserved 1114112K
  class space    used 3713K, committed 3840K, reserved 1048576K
}
Event: 17.388 GC heap before
{Heap before GC invocations=15 (full 0):
 garbage-first heap   total 61440K, used 44248K [0x0000000702600000, 0x0000000800000000)
  region size 2048K, 7 young (14336K), 1 survivors (2048K)
 Metaspace       used 34044K, committed 34304K, reserved 1114112K
  class space    used 3713K, committed 3840K, reserved 1048576K
}
Event: 17.391 GC heap after
{Heap after GC invocations=16 (full 0):
 garbage-first heap   total 61440K, used 32083K [0x0000000702600000, 0x0000000800000000)
  region size 2048K, 1 young (2048K), 1 survivors (2048K)
 Metaspace       used 34044K, committed 34304K, reserved 1114112K
  class space    used 3713K, committed 3840K, reserved 1048576K
}
Event: 23.799 GC heap before
{Heap before GC invocations=17 (full 0):
 garbage-first heap   total 61440K, used 40275K [0x0000000702600000, 0x0000000800000000)
  region size 2048K, 8 young (16384K), 1 survivors (2048K)
 Metaspace       used 34050K, committed 34304K, reserved 1114112K
  class space    used 3714K, committed 3840K, reserved 1048576K
}
Event: 23.800 GC heap after
{Heap after GC invocations=18 (full 0):
 garbage-first heap   total 61440K, used 25858K [0x0000000702600000, 0x0000000800000000)
  region size 2048K, 1 young (2048K), 1 survivors (2048K)
 Metaspace       used 34050K, committed 34304K, reserved 1114112K
  class space    used 3714K, committed 3840K, reserved 1048576K
}
Event: 30.760 GC heap before
{Heap before GC invocations=18 (full 0):
 garbage-first heap   total 61440K, used 46338K [0x0000000702600000, 0x0000000800000000)
  region size 2048K, 11 young (22528K), 1 survivors (2048K)
 Metaspace       used 34454K, committed 34688K, reserved 1114112K
  class space    used 3732K, committed 3840K, reserved 1048576K
}
Event: 30.763 GC heap after
{Heap after GC invocations=19 (full 0):
 garbage-first heap   total 61440K, used 26504K [0x0000000702600000, 0x0000000800000000)
  region size 2048K, 1 young (2048K), 1 survivors (2048K)
 Metaspace       used 34454K, committed 34688K, reserved 1114112K
  class space    used 3732K, committed 3840K, reserved 1048576K
}
Event: 31.779 GC heap before
{Heap before GC invocations=19 (full 0):
 garbage-first heap   total 61440K, used 28552K [0x0000000702600000, 0x0000000800000000)
  region size 2048K, 3 young (6144K), 1 survivors (2048K)
 Metaspace       used 34461K, committed 34688K, reserved 1114112K
  class space    used 3732K, committed 3840K, reserved 1048576K
}
Event: 31.818 GC heap after
{Heap after GC invocations=20 (full 1):
 garbage-first heap   total 61440K, used 24274K [0x0000000702600000, 0x0000000800000000)
  region size 2048K, 0 young (0K), 0 survivors (0K)
 Metaspace       used 34461K, committed 34688K, reserved 1114112K
  class space    used 3732K, committed 3840K, reserved 1048576K
}
Event: 38.669 GC heap before
{Heap before GC invocations=20 (full 1):
 garbage-first heap   total 61440K, used 46802K [0x0000000702600000, 0x0000000800000000)
  region size 2048K, 11 young (22528K), 0 survivors (0K)
 Metaspace       used 35011K, committed 35264K, reserved 1114112K
  class space    used 3755K, committed 3840K, reserved 1048576K
}
Event: 38.672 GC heap after
{Heap after GC invocations=21 (full 1):
 garbage-first heap   total 161792K, used 24488K [0x0000000702600000, 0x0000000800000000)
  region size 2048K, 1 young (2048K), 1 survivors (2048K)
 Metaspace       used 35011K, committed 35264K, reserved 1114112K
  class space    used 3755K, committed 3840K, reserved 1048576K
}
Event: 61.820 GC heap before
{Heap before GC invocations=21 (full 1):
 garbage-first heap   total 161792K, used 73640K [0x0000000702600000, 0x0000000800000000)
  region size 2048K, 26 young (53248K), 1 survivors (2048K)
 Metaspace       used 35033K, committed 35264K, reserved 1114112K
  class space    used 3756K, committed 3840K, reserved 1048576K
}
Event: 61.843 GC heap after
{Heap after GC invocations=22 (full 2):
 garbage-first heap   total 96256K, used 24375K [0x0000000702600000, 0x0000000800000000)
  region size 2048K, 0 young (0K), 0 survivors (0K)
 Metaspace       used 35033K, committed 35264K, reserved 1114112K
  class space    used 3756K, committed 3840K, reserved 1048576K
}
Event: 83.846 GC heap before
{Heap before GC invocations=22 (full 2):
 garbage-first heap   total 96256K, used 71479K [0x0000000702600000, 0x0000000800000000)
  region size 2048K, 23 young (47104K), 0 survivors (0K)
 Metaspace       used 35045K, committed 35264K, reserved 1114112K
  class space    used 3756K, committed 3840K, reserved 1048576K
}
Event: 83.847 GC heap after
{Heap after GC invocations=23 (full 2):
 garbage-first heap   total 96256K, used 24467K [0x0000000702600000, 0x0000000800000000)
  region size 2048K, 1 young (2048K), 1 survivors (2048K)
 Metaspace       used 35045K, committed 35264K, reserved 1114112K
  class space    used 3756K, committed 3840K, reserved 1048576K
}
Event: 91.856 GC heap before
{Heap before GC invocations=23 (full 2):
 garbage-first heap   total 96256K, used 40851K [0x0000000702600000, 0x0000000800000000)
  region size 2048K, 10 young (20480K), 1 survivors (2048K)
 Metaspace       used 35045K, committed 35264K, reserved 1114112K
  class space    used 3756K, committed 3840K, reserved 1048576K
}
Event: 91.877 GC heap after
{Heap after GC invocations=24 (full 3):
 garbage-first heap   total 96256K, used 24371K [0x0000000702600000, 0x0000000800000000)
  region size 2048K, 0 young (0K), 0 survivors (0K)
 Metaspace       used 35045K, committed 35264K, reserved 1114112K
  class space    used 3756K, committed 3840K, reserved 1048576K
}
Event: 117.033 GC heap before
{Heap before GC invocations=24 (full 3):
 garbage-first heap   total 96256K, used 75571K [0x0000000702600000, 0x0000000800000000)
  region size 2048K, 25 young (51200K), 0 survivors (0K)
 Metaspace       used 35047K, committed 35264K, reserved 1114112K
  class space    used 3757K, committed 3840K, reserved 1048576K
}
Event: 117.035 GC heap after
{Heap after GC invocations=25 (full 3):
 garbage-first heap   total 96256K, used 24681K [0x0000000702600000, 0x0000000800000000)
  region size 2048K, 1 young (2048K), 1 survivors (2048K)
 Metaspace       used 35047K, committed 35264K, reserved 1114112K
  class space    used 3757K, committed 3840K, reserved 1048576K
}

