# JRE version: OpenJDK Runtime Environment Corretto-17.0.7.7.1 (17.0.7+7) (build 17.0.7+7-LTS)
# Java VM: OpenJDK 64-Bit Server VM Corretto-17.0.7.7.1 (17.0.7+7-LTS, mixed mode, sharing, tiered, compressed oops, compressed class ptrs, g1 gc, windows-amd64)
GC Precious Log:
 CPUs: 4 total, 4 available
 Memory: 16224M
 Large Page Support: Disabled
 NUMA Support: Disabled
 Compressed Oops: Enabled (Zero based)
 Heap Region Size: 2M
 Heap Min Capacity: 8M
 Heap Initial Capacity: 254M
 Heap Max Capacity: 4058M
 Pre-touch: Disabled
 Parallel Workers: 4
 Concurrent Workers: 1
 Concurrent Refinement Workers: 4
 Periodic GC: Disabled
Heap:
 garbage-first heap   total 51200K, used 32215K [0x0000000702600000, 0x0000000800000000)
  region size 2048K, 5 young (10240K), 0 survivors (0K)
 Metaspace       used 34127K, committed 34368K, reserved 1114112K
  class space    used 3714K, committed 3840K, reserved 1048576K
GC Heap History (20 events):
Event: 7.071 GC heap before
{Heap before GC invocations=7 (full 0):
 garbage-first heap   total 49152K, used 32160K [0x0000000702600000, 0x0000000800000000)
  region size 2048K, 8 young (16384K), 1 survivors (2048K)
 Metaspace       used 26762K, committed 26944K, reserved 1114112K
  class space    used 2943K, committed 3008K, reserved 1048576K
}
Event: 7.074 GC heap after
{Heap after GC invocations=8 (full 0):
 garbage-first heap   total 49152K, used 18778K [0x0000000702600000, 0x0000000800000000)
  region size 2048K, 1 young (2048K), 1 survivors (2048K)
 Metaspace       used 26762K, committed 26944K, reserved 1114112K
  class space    used 2943K, committed 3008K, reserved 1048576K
}
Event: 7.523 GC heap before
{Heap before GC invocations=8 (full 0):
 garbage-first heap   total 49152K, used 33114K [0x0000000702600000, 0x0000000800000000)
  region size 2048K, 8 young (16384K), 1 survivors (2048K)
 Metaspace       used 29746K, committed 29952K, reserved 1114112K
  class space    used 3305K, committed 3392K, reserved 1048576K
}
Event: 7.527 GC heap after
{Heap after GC invocations=9 (full 0):
 garbage-first heap   total 49152K, used 20095K [0x0000000702600000, 0x0000000800000000)
  region size 2048K, 1 young (2048K), 1 survivors (2048K)
 Metaspace       used 29746K, committed 29952K, reserved 1114112K
  class space    used 3305K, committed 3392K, reserved 1048576K
}
Event: 7.794 GC heap before
{Heap before GC invocations=9 (full 0):
 garbage-first heap   total 49152K, used 34431K [0x0000000702600000, 0x0000000800000000)
  region size 2048K, 8 young (16384K), 1 survivors (2048K)
 Metaspace       used 32182K, committed 32448K, reserved 1114112K
  class space    used 3595K, committed 3712K, reserved 1048576K
}
Event: 7.797 GC heap after
{Heap after GC invocations=10 (full 0):
 garbage-first heap   total 49152K, used 20762K [0x0000000702600000, 0x0000000800000000)
  region size 2048K, 1 young (2048K), 1 survivors (2048K)
 Metaspace       used 32182K, committed 32448K, reserved 1114112K
  class space    used 3595K, committed 3712K, reserved 1048576K
}
Event: 8.021 GC heap before
{Heap before GC invocations=10 (full 0):
 garbage-first heap   total 49152K, used 24858K [0x0000000702600000, 0x0000000800000000)
  region size 2048K, 4 young (8192K), 1 survivors (2048K)
 Metaspace       used 33044K, committed 33280K, reserved 1114112K
  class space    used 3694K, committed 3840K, reserved 1048576K
}
Event: 8.023 GC heap after
{Heap after GC invocations=11 (full 0):
 garbage-first heap   total 49152K, used 21223K [0x0000000702600000, 0x0000000800000000)
  region size 2048K, 1 young (2048K), 1 survivors (2048K)
 Metaspace       used 33044K, committed 33280K, reserved 1114112K
  class space    used 3694K, committed 3840K, reserved 1048576K
}
Event: 12.829 GC heap before
{Heap before GC invocations=11 (full 0):
 garbage-first heap   total 49152K, used 41703K [0x0000000702600000, 0x0000000800000000)
  region size 2048K, 8 young (16384K), 1 survivors (2048K)
 Metaspace       used 33955K, committed 34176K, reserved 1114112K
  class space    used 3706K, committed 3840K, reserved 1048576K
}
Event: 12.834 GC heap after
{Heap after GC invocations=12 (full 0):
 garbage-first heap   total 49152K, used 30844K [0x0000000702600000, 0x0000000800000000)
  region size 2048K, 1 young (2048K), 1 survivors (2048K)
 Metaspace       used 33955K, committed 34176K, reserved 1114112K
  class space    used 3706K, committed 3840K, reserved 1048576K
}
Event: 15.643 GC heap before
{Heap before GC invocations=12 (full 0):
 garbage-first heap   total 49152K, used 36988K [0x0000000702600000, 0x0000000800000000)
  region size 2048K, 4 young (8192K), 1 survivors (2048K)
 Metaspace       used 33983K, committed 34240K, reserved 1114112K
  class space    used 3706K, committed 3840K, reserved 1048576K
}
Event: 15.647 GC heap after
{Heap after GC invocations=13 (full 0):
 garbage-first heap   total 49152K, used 31098K [0x0000000702600000, 0x0000000800000000)
  region size 2048K, 1 young (2048K), 1 survivors (2048K)
 Metaspace       used 33983K, committed 34240K, reserved 1114112K
  class space    used 3706K, committed 3840K, reserved 1048576K
}
Event: 18.392 GC heap before
{Heap before GC invocations=14 (full 0):
 garbage-first heap   total 51200K, used 31098K [0x0000000702600000, 0x0000000800000000)
  region size 2048K, 4 young (8192K), 1 survivors (2048K)
 Metaspace       used 33996K, committed 34240K, reserved 1114112K
  class space    used 3706K, committed 3840K, reserved 1048576K
}
Event: 18.393 GC heap after
{Heap after GC invocations=15 (full 0):
 garbage-first heap   total 51200K, used 24738K [0x0000000702600000, 0x0000000800000000)
  region size 2048K, 1 young (2048K), 1 survivors (2048K)
 Metaspace       used 33996K, committed 34240K, reserved 1114112K
  class space    used 3706K, committed 3840K, reserved 1048576K
}
Event: 24.086 GC heap before
{Heap before GC invocations=15 (full 0):
 garbage-first heap   total 51200K, used 37026K [0x0000000702600000, 0x0000000800000000)
  region size 2048K, 7 young (14336K), 1 survivors (2048K)
 Metaspace       used 34086K, committed 34304K, reserved 1114112K
  class space    used 3710K, committed 3840K, reserved 1048576K
}
Event: 24.088 GC heap after
{Heap after GC invocations=16 (full 0):
 garbage-first heap   total 51200K, used 24774K [0x0000000702600000, 0x0000000800000000)
  region size 2048K, 1 young (2048K), 1 survivors (2048K)
 Metaspace       used 34086K, committed 34304K, reserved 1114112K
  class space    used 3710K, committed 3840K, reserved 1048576K
}
Event: 29.982 GC heap before
{Heap before GC invocations=17 (full 0):
 garbage-first heap   total 51200K, used 37062K [0x0000000702600000, 0x0000000800000000)
  region size 2048K, 7 young (14336K), 1 survivors (2048K)
 Metaspace       used 34089K, committed 34304K, reserved 1114112K
  class space    used 3710K, committed 3840K, reserved 1048576K
}
Event: 29.983 GC heap after
{Heap after GC invocations=18 (full 0):
 garbage-first heap   total 51200K, used 24743K [0x0000000702600000, 0x0000000800000000)
  region size 2048K, 1 young (2048K), 1 survivors (2048K)
 Metaspace       used 34089K, committed 34304K, reserved 1114112K
  class space    used 3710K, committed 3840K, reserved 1048576K
}
Event: 32.373 GC heap before
{Heap before GC invocations=18 (full 0):
 garbage-first heap   total 51200K, used 28839K [0x0000000702600000, 0x0000000800000000)
  region size 2048K, 4 young (8192K), 1 survivors (2048K)
 Metaspace       used 34091K, committed 34304K, reserved 1114112K
  class space    used 3710K, committed 3840K, reserved 1048576K
}
Event: 32.406 GC heap after
{Heap after GC invocations=19 (full 1):
 garbage-first heap   total 51200K, used 24023K [0x0000000702600000, 0x0000000800000000)
  region size 2048K, 0 young (0K), 0 survivors (0K)
 Metaspace       used 34091K, committed 34304K, reserved 1114112K
  class space    used 3710K, committed 3840K, reserved 1048576K
}

