# JRE version: OpenJDK Runtime Environment Corretto-17.0.7.7.1 (17.0.7+7) (build 17.0.7+7-LTS)
# Java VM: OpenJDK 64-Bit Server VM Corretto-17.0.7.7.1 (17.0.7+7-LTS, mixed mode, sharing, tiered, compressed oops, compressed class ptrs, g1 gc, windows-amd64)
GC Precious Log:
 CPUs: 4 total, 4 available
 Memory: 16224M
 Large Page Support: Disabled
 NUMA Support: Disabled
 Compressed Oops: Enabled (Zero based)
 Heap Region Size: 2M
 Heap Min Capacity: 8M
 Heap Initial Capacity: 254M
 Heap Max Capacity: 4058M
 Pre-touch: Disabled
 Parallel Workers: 4
 Concurrent Workers: 1
 Concurrent Refinement Workers: 4
 Periodic GC: Disabled
Heap:
 garbage-first heap   total 90112K, used 49996K [0x0000000702600000, 0x0000000800000000)
  region size 2048K, 11 young (22528K), 0 survivors (0K)
 Metaspace       used 39453K, committed 39680K, reserved 1114112K
  class space    used 4054K, committed 4160K, reserved 1048576K
GC Heap History (20 events):
Event: 1796.512 GC heap before
{Heap before GC invocations=126 (full 58):
 garbage-first heap   total 90112K, used 74573K [0x0000000702600000, 0x0000000800000000)
  region size 2048K, 22 young (45056K), 0 survivors (0K)
 Metaspace       used 39421K, committed 39616K, reserved 1114112K
  class space    used 4049K, committed 4160K, reserved 1048576K
}
Event: 1796.513 GC heap after
{Heap after GC invocations=127 (full 58):
 garbage-first heap   total 90112K, used 29581K [0x0000000702600000, 0x0000000800000000)
  region size 2048K, 1 young (2048K), 1 survivors (2048K)
 Metaspace       used 39421K, committed 39616K, reserved 1114112K
  class space    used 4049K, committed 4160K, reserved 1048576K
}
Event: 1804.476 GC heap before
{Heap before GC invocations=127 (full 58):
 garbage-first heap   total 90112K, used 45965K [0x0000000702600000, 0x0000000800000000)
  region size 2048K, 10 young (20480K), 1 survivors (2048K)
 Metaspace       used 39421K, committed 39616K, reserved 1114112K
  class space    used 4049K, committed 4160K, reserved 1048576K
}
Event: 1804.508 GC heap after
{Heap after GC invocations=128 (full 59):
 garbage-first heap   total 90112K, used 29517K [0x0000000702600000, 0x0000000800000000)
  region size 2048K, 0 young (0K), 0 survivors (0K)
 Metaspace       used 39421K, committed 39616K, reserved 1114112K
  class space    used 4049K, committed 4160K, reserved 1048576K
}
Event: 1826.502 GC heap before
{Heap before GC invocations=128 (full 59):
 garbage-first heap   total 90112K, used 74573K [0x0000000702600000, 0x0000000800000000)
  region size 2048K, 22 young (45056K), 0 survivors (0K)
 Metaspace       used 39421K, committed 39616K, reserved 1114112K
  class space    used 4049K, committed 4160K, reserved 1048576K
}
Event: 1826.503 GC heap after
{Heap after GC invocations=129 (full 59):
 garbage-first heap   total 90112K, used 29580K [0x0000000702600000, 0x0000000800000000)
  region size 2048K, 1 young (2048K), 1 survivors (2048K)
 Metaspace       used 39421K, committed 39616K, reserved 1114112K
  class space    used 4049K, committed 4160K, reserved 1048576K
}
Event: 1834.510 GC heap before
{Heap before GC invocations=129 (full 59):
 garbage-first heap   total 90112K, used 45964K [0x0000000702600000, 0x0000000800000000)
  region size 2048K, 10 young (20480K), 1 survivors (2048K)
 Metaspace       used 39421K, committed 39616K, reserved 1114112K
  class space    used 4049K, committed 4160K, reserved 1048576K
}
Event: 1834.548 GC heap after
{Heap after GC invocations=130 (full 60):
 garbage-first heap   total 90112K, used 29516K [0x0000000702600000, 0x0000000800000000)
  region size 2048K, 0 young (0K), 0 survivors (0K)
 Metaspace       used 39421K, committed 39616K, reserved 1114112K
  class space    used 4049K, committed 4160K, reserved 1048576K
}
Event: 1856.413 GC heap before
{Heap before GC invocations=130 (full 60):
 garbage-first heap   total 90112K, used 74572K [0x0000000702600000, 0x0000000800000000)
  region size 2048K, 22 young (45056K), 0 survivors (0K)
 Metaspace       used 39421K, committed 39616K, reserved 1114112K
  class space    used 4049K, committed 4160K, reserved 1048576K
}
Event: 1856.414 GC heap after
{Heap after GC invocations=131 (full 60):
 garbage-first heap   total 90112K, used 29576K [0x0000000702600000, 0x0000000800000000)
  region size 2048K, 1 young (2048K), 1 survivors (2048K)
 Metaspace       used 39421K, committed 39616K, reserved 1114112K
  class space    used 4049K, committed 4160K, reserved 1048576K
}
Event: 1864.553 GC heap before
{Heap before GC invocations=131 (full 60):
 garbage-first heap   total 90112K, used 45960K [0x0000000702600000, 0x0000000800000000)
  region size 2048K, 10 young (20480K), 1 survivors (2048K)
 Metaspace       used 39421K, committed 39616K, reserved 1114112K
  class space    used 4049K, committed 4160K, reserved 1048576K
}
Event: 1864.596 GC heap after
{Heap after GC invocations=132 (full 61):
 garbage-first heap   total 90112K, used 29518K [0x0000000702600000, 0x0000000800000000)
  region size 2048K, 0 young (0K), 0 survivors (0K)
 Metaspace       used 39421K, committed 39616K, reserved 1114112K
  class space    used 4049K, committed 4160K, reserved 1048576K
}
Event: 1886.517 GC heap before
{Heap before GC invocations=132 (full 61):
 garbage-first heap   total 90112K, used 74574K [0x0000000702600000, 0x0000000800000000)
  region size 2048K, 22 young (45056K), 0 survivors (0K)
 Metaspace       used 39421K, committed 39616K, reserved 1114112K
  class space    used 4049K, committed 4160K, reserved 1048576K
}
Event: 1886.517 GC heap after
{Heap after GC invocations=133 (full 61):
 garbage-first heap   total 90112K, used 29581K [0x0000000702600000, 0x0000000800000000)
  region size 2048K, 1 young (2048K), 1 survivors (2048K)
 Metaspace       used 39421K, committed 39616K, reserved 1114112K
  class space    used 4049K, committed 4160K, reserved 1048576K
}
Event: 1894.611 GC heap before
{Heap before GC invocations=133 (full 61):
 garbage-first heap   total 90112K, used 45965K [0x0000000702600000, 0x0000000800000000)
  region size 2048K, 10 young (20480K), 1 survivors (2048K)
 Metaspace       used 39421K, committed 39616K, reserved 1114112K
  class space    used 4049K, committed 4160K, reserved 1048576K
}
Event: 1894.645 GC heap after
{Heap after GC invocations=134 (full 62):
 garbage-first heap   total 90112K, used 29517K [0x0000000702600000, 0x0000000800000000)
  region size 2048K, 0 young (0K), 0 survivors (0K)
 Metaspace       used 39421K, committed 39616K, reserved 1114112K
  class space    used 4049K, committed 4160K, reserved 1048576K
}
Event: 1917.306 GC heap before
{Heap before GC invocations=134 (full 62):
 garbage-first heap   total 90112K, used 76621K [0x0000000702600000, 0x0000000800000000)
  region size 2048K, 23 young (47104K), 0 survivors (0K)
 Metaspace       used 39421K, committed 39616K, reserved 1114112K
  class space    used 4049K, committed 4160K, reserved 1048576K
}
Event: 1917.308 GC heap after
{Heap after GC invocations=135 (full 62):
 garbage-first heap   total 90112K, used 29583K [0x0000000702600000, 0x0000000800000000)
  region size 2048K, 1 young (2048K), 1 survivors (2048K)
 Metaspace       used 39421K, committed 39616K, reserved 1114112K
  class space    used 4049K, committed 4160K, reserved 1048576K
}
Event: 1924.649 GC heap before
{Heap before GC invocations=135 (full 62):
 garbage-first heap   total 90112K, used 43919K [0x0000000702600000, 0x0000000800000000)
  region size 2048K, 9 young (18432K), 1 survivors (2048K)
 Metaspace       used 39421K, committed 39616K, reserved 1114112K
  class space    used 4049K, committed 4160K, reserved 1048576K
}
Event: 1924.684 GC heap after
{Heap after GC invocations=136 (full 63):
 garbage-first heap   total 90112K, used 29516K [0x0000000702600000, 0x0000000800000000)
  region size 2048K, 0 young (0K), 0 survivors (0K)
 Metaspace       used 39421K, committed 39616K, reserved 1114112K
  class space    used 4049K, committed 4160K, reserved 1048576K
}

