# JRE version: OpenJDK Runtime Environment JBR-17.0.7+7-1000.5-nomod (17.0.7+7) (build 17.0.7+7-b1000.5)
# Java VM: OpenJDK 64-Bit Server VM JBR-17.0.7+7-1000.5-nomod (17.0.7+7-b1000.5, mixed mode, tiered, compressed oops, compressed class ptrs, g1 gc, windows-amd64)
GC Precious Log:
 CPUs: 4 total, 4 available
 Memory: 16224M
 Large Page Support: Disabled
 NUMA Support: Disabled
 Compressed Oops: Enabled (Zero based)
 Heap Region Size: 2M
 Heap Min Capacity: 8M
 Heap Initial Capacity: 254M
 Heap Max Capacity: 4058M
 Pre-touch: Disabled
 Parallel Workers: 4
 Concurrent Workers: 1
 Concurrent Refinement Workers: 4
 Periodic GC: Disabled
Heap:
 garbage-first heap   total 81920K, used 54252K [0x0000000702600000, 0x0000000800000000)
  region size 2048K, 16 young (32768K), 0 survivors (0K)
 Metaspace       used 43881K, committed 44096K, reserved 1114112K
  class space    used 4713K, committed 4800K, reserved 1048576K
GC Heap History (20 events):
Event: 8.830 GC heap before
{Heap before GC invocations=6 (full 0):
 garbage-first heap   total 49152K, used 35726K [0x0000000702600000, 0x0000000800000000)
  region size 2048K, 10 young (20480K), 1 survivors (2048K)
 Metaspace       used 32226K, committed 32512K, reserved 1114112K
  class space    used 3450K, committed 3584K, reserved 1048576K
}
Event: 8.834 GC heap after
{Heap after GC invocations=7 (full 0):
 garbage-first heap   total 49152K, used 17849K [0x0000000702600000, 0x0000000800000000)
  region size 2048K, 1 young (2048K), 1 survivors (2048K)
 Metaspace       used 32226K, committed 32512K, reserved 1114112K
  class space    used 3450K, committed 3584K, reserved 1048576K
}
Event: 9.227 GC heap before
{Heap before GC invocations=7 (full 0):
 garbage-first heap   total 49152K, used 32185K [0x0000000702600000, 0x0000000800000000)
  region size 2048K, 8 young (16384K), 1 survivors (2048K)
 Metaspace       used 34511K, committed 34752K, reserved 1114112K
  class space    used 3731K, committed 3840K, reserved 1048576K
}
Event: 9.232 GC heap after
{Heap after GC invocations=8 (full 0):
 garbage-first heap   total 49152K, used 18895K [0x0000000702600000, 0x0000000800000000)
  region size 2048K, 1 young (2048K), 1 survivors (2048K)
 Metaspace       used 34511K, committed 34752K, reserved 1114112K
  class space    used 3731K, committed 3840K, reserved 1048576K
}
Event: 9.458 GC heap before
{Heap before GC invocations=8 (full 0):
 garbage-first heap   total 49152K, used 25039K [0x0000000702600000, 0x0000000800000000)
  region size 2048K, 5 young (10240K), 1 survivors (2048K)
 Metaspace       used 35761K, committed 35968K, reserved 1114112K
  class space    used 3905K, committed 4032K, reserved 1048576K
}
Event: 9.465 GC heap after
{Heap after GC invocations=9 (full 0):
 garbage-first heap   total 155648K, used 19730K [0x0000000702600000, 0x0000000800000000)
  region size 2048K, 1 young (2048K), 1 survivors (2048K)
 Metaspace       used 35761K, committed 35968K, reserved 1114112K
  class space    used 3905K, committed 4032K, reserved 1048576K
}
Event: 16.133 GC heap before
{Heap before GC invocations=10 (full 0):
 garbage-first heap   total 81920K, used 70930K [0x0000000702600000, 0x0000000800000000)
  region size 2048K, 23 young (47104K), 1 survivors (2048K)
 Metaspace       used 43621K, committed 43840K, reserved 1114112K
  class space    used 4707K, committed 4800K, reserved 1048576K
}
Event: 16.142 GC heap after
{Heap after GC invocations=11 (full 0):
 garbage-first heap   total 81920K, used 30555K [0x0000000702600000, 0x0000000800000000)
  region size 2048K, 2 young (4096K), 2 survivors (4096K)
 Metaspace       used 43621K, committed 43840K, reserved 1114112K
  class space    used 4707K, committed 4800K, reserved 1048576K
}
Event: 17.068 GC heap before
{Heap before GC invocations=11 (full 0):
 garbage-first heap   total 81920K, used 32603K [0x0000000702600000, 0x0000000800000000)
  region size 2048K, 3 young (6144K), 2 survivors (4096K)
 Metaspace       used 43693K, committed 43904K, reserved 1114112K
  class space    used 4708K, committed 4800K, reserved 1048576K
}
Event: 17.075 GC heap after
{Heap after GC invocations=12 (full 0):
 garbage-first heap   total 81920K, used 30850K [0x0000000702600000, 0x0000000800000000)
  region size 2048K, 1 young (2048K), 1 survivors (2048K)
 Metaspace       used 43693K, committed 43904K, reserved 1114112K
  class space    used 4708K, committed 4800K, reserved 1048576K
}
Event: 33.414 GC heap before
{Heap before GC invocations=12 (full 0):
 garbage-first heap   total 81920K, used 57474K [0x0000000702600000, 0x0000000800000000)
  region size 2048K, 15 young (30720K), 1 survivors (2048K)
 Metaspace       used 43830K, committed 44096K, reserved 1114112K
  class space    used 4709K, committed 4800K, reserved 1048576K
}
Event: 33.445 GC heap after
{Heap after GC invocations=13 (full 1):
 garbage-first heap   total 81920K, used 23459K [0x0000000702600000, 0x0000000800000000)
  region size 2048K, 0 young (0K), 0 survivors (0K)
 Metaspace       used 43830K, committed 44096K, reserved 1114112K
  class space    used 4709K, committed 4800K, reserved 1048576K
}
Event: 56.613 GC heap before
{Heap before GC invocations=13 (full 1):
 garbage-first heap   total 81920K, used 62371K [0x0000000702600000, 0x0000000800000000)
  region size 2048K, 19 young (38912K), 0 survivors (0K)
 Metaspace       used 43843K, committed 44096K, reserved 1114112K
  class space    used 4709K, committed 4800K, reserved 1048576K
}
Event: 56.614 GC heap after
{Heap after GC invocations=14 (full 1):
 garbage-first heap   total 81920K, used 23593K [0x0000000702600000, 0x0000000800000000)
  region size 2048K, 1 young (2048K), 1 survivors (2048K)
 Metaspace       used 43843K, committed 44096K, reserved 1114112K
  class space    used 4709K, committed 4800K, reserved 1048576K
}
Event: 63.448 GC heap before
{Heap before GC invocations=14 (full 1):
 garbage-first heap   total 81920K, used 35881K [0x0000000702600000, 0x0000000800000000)
  region size 2048K, 8 young (16384K), 1 survivors (2048K)
 Metaspace       used 43846K, committed 44096K, reserved 1114112K
  class space    used 4710K, committed 4800K, reserved 1048576K
}
Event: 63.473 GC heap after
{Heap after GC invocations=15 (full 2):
 garbage-first heap   total 81920K, used 23531K [0x0000000702600000, 0x0000000800000000)
  region size 2048K, 0 young (0K), 0 survivors (0K)
 Metaspace       used 43846K, committed 44096K, reserved 1114112K
  class space    used 4710K, committed 4800K, reserved 1048576K
}
Event: 86.038 GC heap before
{Heap before GC invocations=15 (full 2):
 garbage-first heap   total 81920K, used 64491K [0x0000000702600000, 0x0000000800000000)
  region size 2048K, 20 young (40960K), 0 survivors (0K)
 Metaspace       used 43858K, committed 44096K, reserved 1114112K
  class space    used 4710K, committed 4800K, reserved 1048576K
}
Event: 86.039 GC heap after
{Heap after GC invocations=16 (full 2):
 garbage-first heap   total 81920K, used 23631K [0x0000000702600000, 0x0000000800000000)
  region size 2048K, 1 young (2048K), 1 survivors (2048K)
 Metaspace       used 43858K, committed 44096K, reserved 1114112K
  class space    used 4710K, committed 4800K, reserved 1048576K
}
Event: 93.489 GC heap before
{Heap before GC invocations=16 (full 2):
 garbage-first heap   total 81920K, used 35919K [0x0000000702600000, 0x0000000800000000)
  region size 2048K, 8 young (16384K), 1 survivors (2048K)
 Metaspace       used 43858K, committed 44096K, reserved 1114112K
  class space    used 4710K, committed 4800K, reserved 1048576K
}
Event: 93.516 GC heap after
{Heap after GC invocations=17 (full 3):
 garbage-first heap   total 81920K, used 23532K [0x0000000702600000, 0x0000000800000000)
  region size 2048K, 0 young (0K), 0 survivors (0K)
 Metaspace       used 43858K, committed 44096K, reserved 1114112K
  class space    used 4710K, committed 4800K, reserved 1048576K
}

