# JRE version: OpenJDK Runtime Environment Corretto-17.0.7.7.1 (17.0.7+7) (build 17.0.7+7-LTS)
# Java VM: OpenJDK 64-Bit Server VM Corretto-17.0.7.7.1 (17.0.7+7-LTS, mixed mode, sharing, tiered, compressed oops, compressed class ptrs, g1 gc, windows-amd64)
GC Precious Log:
 CPUs: 4 total, 4 available
 Memory: 16224M
 Large Page Support: Disabled
 NUMA Support: Disabled
 Compressed Oops: Enabled (Zero based)
 Heap Region Size: 2M
 Heap Min Capacity: 8M
 Heap Initial Capacity: 254M
 Heap Max Capacity: 4058M
 Pre-touch: Disabled
 Parallel Workers: 4
 Concurrent Workers: 1
 Concurrent Refinement Workers: 4
 Periodic GC: Disabled
Heap:
 garbage-first heap   total 96256K, used 44647K [0x0000000702600000, 0x0000000800000000)
  region size 2048K, 11 young (22528K), 0 survivors (0K)
 Metaspace       used 34281K, committed 34496K, reserved 1114112K
  class space    used 3713K, committed 3840K, reserved 1048576K
GC Heap History (20 events):
Event: 2.577 GC heap before
{Heap before GC invocations=2 (full 0):
 garbage-first heap   total 260096K, used 36562K [0x0000000702600000, 0x0000000800000000)
  region size 2048K, 15 young (30720K), 1 survivors (2048K)
 Metaspace       used 14956K, committed 15104K, reserved 1114112K
  class space    used 1534K, committed 1600K, reserved 1048576K
}
Event: 2.580 GC heap after
{Heap after GC invocations=3 (full 0):
 garbage-first heap   total 260096K, used 9997K [0x0000000702600000, 0x0000000800000000)
  region size 2048K, 2 young (4096K), 2 survivors (4096K)
 Metaspace       used 14956K, committed 15104K, reserved 1114112K
  class space    used 1534K, committed 1600K, reserved 1048576K
}
Event: 3.722 GC heap before
{Heap before GC invocations=3 (full 0):
 garbage-first heap   total 260096K, used 42765K [0x0000000702600000, 0x0000000800000000)
  region size 2048K, 19 young (38912K), 2 survivors (4096K)
 Metaspace       used 21337K, committed 21504K, reserved 1114112K
  class space    used 2280K, committed 2368K, reserved 1048576K
}
Event: 3.727 GC heap after
{Heap after GC invocations=4 (full 0):
 garbage-first heap   total 260096K, used 11297K [0x0000000702600000, 0x0000000800000000)
  region size 2048K, 2 young (4096K), 2 survivors (4096K)
 Metaspace       used 21337K, committed 21504K, reserved 1114112K
  class space    used 2280K, committed 2368K, reserved 1048576K
}
Event: 36.393 GC heap before
{Heap before GC invocations=5 (full 0):
 garbage-first heap   total 49152K, used 37921K [0x0000000702600000, 0x0000000800000000)
  region size 2048K, 10 young (20480K), 2 survivors (4096K)
 Metaspace       used 24018K, committed 24256K, reserved 1114112K
  class space    used 2584K, committed 2688K, reserved 1048576K
}
Event: 36.398 GC heap after
{Heap after GC invocations=6 (full 0):
 garbage-first heap   total 49152K, used 24311K [0x0000000702600000, 0x0000000800000000)
  region size 2048K, 2 young (4096K), 2 survivors (4096K)
 Metaspace       used 24018K, committed 24256K, reserved 1114112K
  class space    used 2584K, committed 2688K, reserved 1048576K
}
Event: 36.432 GC heap before
{Heap before GC invocations=6 (full 0):
 garbage-first heap   total 49152K, used 26359K [0x0000000702600000, 0x0000000800000000)
  region size 2048K, 3 young (6144K), 2 survivors (4096K)
 Metaspace       used 24403K, committed 24640K, reserved 1114112K
  class space    used 2632K, committed 2752K, reserved 1048576K
}
Event: 36.435 GC heap after
{Heap after GC invocations=7 (full 0):
 garbage-first heap   total 49152K, used 17975K [0x0000000702600000, 0x0000000800000000)
  region size 2048K, 1 young (2048K), 1 survivors (2048K)
 Metaspace       used 24403K, committed 24640K, reserved 1114112K
  class space    used 2632K, committed 2752K, reserved 1048576K
}
Event: 36.712 GC heap before
{Heap before GC invocations=7 (full 0):
 garbage-first heap   total 49152K, used 30263K [0x0000000702600000, 0x0000000800000000)
  region size 2048K, 8 young (16384K), 1 survivors (2048K)
 Metaspace       used 26745K, committed 26880K, reserved 1114112K
  class space    used 2930K, committed 3008K, reserved 1048576K
}
Event: 36.715 GC heap after
{Heap after GC invocations=8 (full 0):
 garbage-first heap   total 49152K, used 19055K [0x0000000702600000, 0x0000000800000000)
  region size 2048K, 1 young (2048K), 1 survivors (2048K)
 Metaspace       used 26745K, committed 26880K, reserved 1114112K
  class space    used 2930K, committed 3008K, reserved 1048576K
}
Event: 37.069 GC heap before
{Heap before GC invocations=8 (full 0):
 garbage-first heap   total 49152K, used 33391K [0x0000000702600000, 0x0000000800000000)
  region size 2048K, 8 young (16384K), 1 survivors (2048K)
 Metaspace       used 29690K, committed 29888K, reserved 1114112K
  class space    used 3289K, committed 3392K, reserved 1048576K
}
Event: 37.073 GC heap after
{Heap after GC invocations=9 (full 0):
 garbage-first heap   total 49152K, used 20388K [0x0000000702600000, 0x0000000800000000)
  region size 2048K, 1 young (2048K), 1 survivors (2048K)
 Metaspace       used 29690K, committed 29888K, reserved 1114112K
  class space    used 3289K, committed 3392K, reserved 1048576K
}
Event: 37.297 GC heap before
{Heap before GC invocations=9 (full 0):
 garbage-first heap   total 49152K, used 34724K [0x0000000702600000, 0x0000000800000000)
  region size 2048K, 8 young (16384K), 1 survivors (2048K)
 Metaspace       used 32174K, committed 32384K, reserved 1114112K
  class space    used 3575K, committed 3712K, reserved 1048576K
}
Event: 37.301 GC heap after
{Heap after GC invocations=10 (full 0):
 garbage-first heap   total 155648K, used 20937K [0x0000000702600000, 0x0000000800000000)
  region size 2048K, 1 young (2048K), 1 survivors (2048K)
 Metaspace       used 32174K, committed 32384K, reserved 1114112K
  class space    used 3575K, committed 3712K, reserved 1048576K
}
Event: 61.888 GC heap before
{Heap before GC invocations=10 (full 0):
 garbage-first heap   total 155648K, used 96713K [0x0000000702600000, 0x0000000800000000)
  region size 2048K, 35 young (71680K), 1 survivors (2048K)
 Metaspace       used 34192K, committed 34432K, reserved 1114112K
  class space    used 3707K, committed 3840K, reserved 1048576K
}
Event: 61.911 GC heap after
{Heap after GC invocations=11 (full 1):
 garbage-first heap   total 96256K, used 24063K [0x0000000702600000, 0x0000000800000000)
  region size 2048K, 0 young (0K), 0 survivors (0K)
 Metaspace       used 34192K, committed 34432K, reserved 1114112K
  class space    used 3707K, committed 3840K, reserved 1048576K
}
Event: 83.085 GC heap before
{Heap before GC invocations=11 (full 1):
 garbage-first heap   total 96256K, used 67071K [0x0000000702600000, 0x0000000800000000)
  region size 2048K, 21 young (43008K), 0 survivors (0K)
 Metaspace       used 34253K, committed 34496K, reserved 1114112K
  class space    used 3709K, committed 3840K, reserved 1048576K
}
Event: 83.086 GC heap after
{Heap after GC invocations=12 (full 1):
 garbage-first heap   total 96256K, used 24326K [0x0000000702600000, 0x0000000800000000)
  region size 2048K, 1 young (2048K), 1 survivors (2048K)
 Metaspace       used 34253K, committed 34496K, reserved 1114112K
  class space    used 3709K, committed 3840K, reserved 1048576K
}
Event: 91.927 GC heap before
{Heap before GC invocations=12 (full 1):
 garbage-first heap   total 96256K, used 40710K [0x0000000702600000, 0x0000000800000000)
  region size 2048K, 10 young (20480K), 1 survivors (2048K)
 Metaspace       used 34257K, committed 34496K, reserved 1114112K
  class space    used 3709K, committed 3840K, reserved 1048576K
}
Event: 91.949 GC heap after
{Heap after GC invocations=13 (full 2):
 garbage-first heap   total 96256K, used 24167K [0x0000000702600000, 0x0000000800000000)
  region size 2048K, 0 young (0K), 0 survivors (0K)
 Metaspace       used 34257K, committed 34496K, reserved 1114112K
  class space    used 3709K, committed 3840K, reserved 1048576K
}

