# JRE version: OpenJDK Runtime Environment JBR-17.0.7+7-1000.5-nomod (17.0.7+7) (build 17.0.7+7-b1000.5)
# Java VM: OpenJDK 64-Bit Server VM JBR-17.0.7+7-1000.5-nomod (17.0.7+7-b1000.5, mixed mode, tiered, compressed oops, compressed class ptrs, g1 gc, windows-amd64)
GC Precious Log:
 CPUs: 4 total, 4 available
 Memory: 16224M
 Large Page Support: Disabled
 NUMA Support: Disabled
 Compressed Oops: Enabled (Zero based)
 Heap Region Size: 2M
 Heap Min Capacity: 8M
 Heap Initial Capacity: 254M
 Heap Max Capacity: 4058M
 Pre-touch: Disabled
 Parallel Workers: 4
 Concurrent Workers: 1
 Concurrent Refinement Workers: 4
 Periodic GC: Disabled
Heap:
 garbage-first heap   total 90112K, used 44470K [0x0000000702600000, 0x0000000800000000)
  region size 2048K, 11 young (22528K), 0 survivors (0K)
 Metaspace       used 45224K, committed 45504K, reserved 1114112K
  class space    used 4780K, committed 4928K, reserved 1048576K
GC Heap History (20 events):
Event: 351.974 GC heap before
{Heap before GC invocations=11 (full 0):
 garbage-first heap   total 49152K, used 32312K [0x0000000702600000, 0x0000000800000000)
  region size 2048K, 9 young (18432K), 2 survivors (4096K)
 Metaspace       used 41859K, committed 42112K, reserved 1114112K
  class space    used 4616K, committed 4736K, reserved 1048576K
}
Event: 351.981 GC heap after
{Heap after GC invocations=12 (full 0):
 garbage-first heap   total 49152K, used 20940K [0x0000000702600000, 0x0000000800000000)
  region size 2048K, 1 young (2048K), 1 survivors (2048K)
 Metaspace       used 41859K, committed 42112K, reserved 1114112K
  class space    used 4616K, committed 4736K, reserved 1048576K
}
Event: 352.009 GC heap before
{Heap before GC invocations=12 (full 0):
 garbage-first heap   total 49152K, used 20940K [0x0000000702600000, 0x0000000800000000)
  region size 2048K, 2 young (4096K), 1 survivors (2048K)
 Metaspace       used 41946K, committed 42176K, reserved 1114112K
  class space    used 4628K, committed 4736K, reserved 1048576K
}
Event: 352.014 GC heap after
{Heap after GC invocations=13 (full 0):
 garbage-first heap   total 155648K, used 21048K [0x0000000702600000, 0x0000000800000000)
  region size 2048K, 1 young (2048K), 1 survivors (2048K)
 Metaspace       used 41946K, committed 42176K, reserved 1114112K
  class space    used 4628K, committed 4736K, reserved 1048576K
}
Event: 396.435 GC heap before
{Heap before GC invocations=13 (full 0):
 garbage-first heap   total 155648K, used 119352K [0x0000000702600000, 0x0000000800000000)
  region size 2048K, 45 young (92160K), 1 survivors (2048K)
 Metaspace       used 44418K, committed 44672K, reserved 1114112K
  class space    used 4731K, committed 4864K, reserved 1048576K
}
Event: 396.446 GC heap after
{Heap after GC invocations=14 (full 0):
 garbage-first heap   total 155648K, used 31355K [0x0000000702600000, 0x0000000800000000)
  region size 2048K, 2 young (4096K), 2 survivors (4096K)
 Metaspace       used 44418K, committed 44672K, reserved 1114112K
  class space    used 4731K, committed 4864K, reserved 1048576K
}
Event: 398.104 GC heap before
{Heap before GC invocations=14 (full 0):
 garbage-first heap   total 155648K, used 35451K [0x0000000702600000, 0x0000000800000000)
  region size 2048K, 5 young (10240K), 2 survivors (4096K)
 Metaspace       used 44476K, committed 44736K, reserved 1114112K
  class space    used 4731K, committed 4864K, reserved 1048576K
}
Event: 398.141 GC heap after
{Heap after GC invocations=15 (full 1):
 garbage-first heap   total 90112K, used 24183K [0x0000000702600000, 0x0000000800000000)
  region size 2048K, 0 young (0K), 0 survivors (0K)
 Metaspace       used 44476K, committed 44736K, reserved 1114112K
  class space    used 4731K, committed 4864K, reserved 1048576K
}
Event: 416.853 GC heap before
{Heap before GC invocations=15 (full 1):
 garbage-first heap   total 90112K, used 71287K [0x0000000702600000, 0x0000000800000000)
  region size 2048K, 23 young (47104K), 0 survivors (0K)
 Metaspace       used 45030K, committed 45248K, reserved 1114112K
  class space    used 4775K, committed 4864K, reserved 1048576K
}
Event: 416.857 GC heap after
{Heap after GC invocations=16 (full 1):
 garbage-first heap   total 90112K, used 25426K [0x0000000702600000, 0x0000000800000000)
  region size 2048K, 1 young (2048K), 1 survivors (2048K)
 Metaspace       used 45030K, committed 45248K, reserved 1114112K
  class space    used 4775K, committed 4864K, reserved 1048576K
}
Event: 428.145 GC heap before
{Heap before GC invocations=16 (full 1):
 garbage-first heap   total 90112K, used 45906K [0x0000000702600000, 0x0000000800000000)
  region size 2048K, 12 young (24576K), 1 survivors (2048K)
 Metaspace       used 45088K, committed 45312K, reserved 1114112K
  class space    used 4775K, committed 4864K, reserved 1048576K
}
Event: 428.187 GC heap after
{Heap after GC invocations=17 (full 2):
 garbage-first heap   total 90112K, used 24499K [0x0000000702600000, 0x0000000800000000)
  region size 2048K, 0 young (0K), 0 survivors (0K)
 Metaspace       used 45088K, committed 45312K, reserved 1114112K
  class space    used 4775K, committed 4864K, reserved 1048576K
}
Event: 451.937 GC heap before
{Heap before GC invocations=17 (full 2):
 garbage-first heap   total 90112K, used 71603K [0x0000000702600000, 0x0000000800000000)
  region size 2048K, 23 young (47104K), 0 survivors (0K)
 Metaspace       used 45152K, committed 45376K, reserved 1114112K
  class space    used 4775K, committed 4864K, reserved 1048576K
}
Event: 451.940 GC heap after
{Heap after GC invocations=18 (full 2):
 garbage-first heap   total 90112K, used 25036K [0x0000000702600000, 0x0000000800000000)
  region size 2048K, 1 young (2048K), 1 survivors (2048K)
 Metaspace       used 45152K, committed 45376K, reserved 1114112K
  class space    used 4775K, committed 4864K, reserved 1048576K
}
Event: 458.191 GC heap before
{Heap before GC invocations=18 (full 2):
 garbage-first heap   total 90112K, used 35276K [0x0000000702600000, 0x0000000800000000)
  region size 2048K, 7 young (14336K), 1 survivors (2048K)
 Metaspace       used 45170K, committed 45376K, reserved 1114112K
  class space    used 4775K, committed 4864K, reserved 1048576K
}
Event: 458.234 GC heap after
{Heap after GC invocations=19 (full 3):
 garbage-first heap   total 90112K, used 23988K [0x0000000702600000, 0x0000000800000000)
  region size 2048K, 0 young (0K), 0 survivors (0K)
 Metaspace       used 45170K, committed 45376K, reserved 1114112K
  class space    used 4775K, committed 4864K, reserved 1048576K
}
Event: 487.640 GC heap before
{Heap before GC invocations=19 (full 3):
 garbage-first heap   total 90112K, used 73140K [0x0000000702600000, 0x0000000800000000)
  region size 2048K, 24 young (49152K), 0 survivors (0K)
 Metaspace       used 45200K, committed 45376K, reserved 1114112K
  class space    used 4776K, committed 4864K, reserved 1048576K
}
Event: 487.643 GC heap after
{Heap after GC invocations=20 (full 3):
 garbage-first heap   total 90112K, used 24161K [0x0000000702600000, 0x0000000800000000)
  region size 2048K, 1 young (2048K), 1 survivors (2048K)
 Metaspace       used 45200K, committed 45376K, reserved 1114112K
  class space    used 4776K, committed 4864K, reserved 1048576K
}
Event: 488.464 GC heap before
{Heap before GC invocations=20 (full 3):
 garbage-first heap   total 90112K, used 24161K [0x0000000702600000, 0x0000000800000000)
  region size 2048K, 2 young (4096K), 1 survivors (2048K)
 Metaspace       used 45200K, committed 45376K, reserved 1114112K
  class space    used 4776K, committed 4864K, reserved 1048576K
}
Event: 488.515 GC heap after
{Heap after GC invocations=21 (full 4):
 garbage-first heap   total 90112K, used 23990K [0x0000000702600000, 0x0000000800000000)
  region size 2048K, 0 young (0K), 0 survivors (0K)
 Metaspace       used 45200K, committed 45376K, reserved 1114112K
  class space    used 4776K, committed 4864K, reserved 1048576K
}

