# JRE version: OpenJDK Runtime Environment JBR-17.0.7+7-1000.5-nomod (17.0.7+7) (build 17.0.7+7-b1000.5)
# Java VM: OpenJDK 64-Bit Server VM JBR-17.0.7+7-1000.5-nomod (17.0.7+7-b1000.5, mixed mode, tiered, compressed oops, compressed class ptrs, g1 gc, windows-amd64)
GC Precious Log:
 CPUs: 4 total, 4 available
 Memory: 16224M
 Large Page Support: Disabled
 NUMA Support: Disabled
 Compressed Oops: Enabled (Zero based)
 Heap Region Size: 2M
 Heap Min Capacity: 8M
 Heap Initial Capacity: 254M
 Heap Max Capacity: 4058M
 Pre-touch: Disabled
 Parallel Workers: 4
 Concurrent Workers: 1
 Concurrent Refinement Workers: 4
 Periodic GC: Disabled
Heap:
 garbage-first heap   total 81920K, used 43366K [0x0000000702600000, 0x0000000800000000)
  region size 2048K, 8 young (16384K), 1 survivors (2048K)
 Metaspace       used 43203K, committed 43456K, reserved 1114112K
  class space    used 4662K, committed 4800K, reserved 1048576K
GC Heap History (20 events):
Event: 1.802 GC heap before
{Heap before GC invocations=1 (full 0):
 garbage-first heap   total 260096K, used 15731K [0x0000000702600000, 0x0000000800000000)
  region size 2048K, 6 young (12288K), 1 survivors (2048K)
 Metaspace       used 13597K, committed 13760K, reserved 1114112K
  class space    used 1190K, committed 1280K, reserved 1048576K
}
Event: 1.804 GC heap after
{Heap after GC invocations=2 (full 0):
 garbage-first heap   total 260096K, used 8152K [0x0000000702600000, 0x0000000800000000)
  region size 2048K, 1 young (2048K), 1 survivors (2048K)
 Metaspace       used 13597K, committed 13760K, reserved 1114112K
  class space    used 1190K, committed 1280K, reserved 1048576K
}
Event: 2.583 GC heap before
{Heap before GC invocations=2 (full 0):
 garbage-first heap   total 260096K, used 28632K [0x0000000702600000, 0x0000000800000000)
  region size 2048K, 13 young (26624K), 1 survivors (2048K)
 Metaspace       used 21320K, committed 21504K, reserved 1114112K
  class space    used 2153K, committed 2240K, reserved 1048576K
}
Event: 2.586 GC heap after
{Heap after GC invocations=3 (full 0):
 garbage-first heap   total 260096K, used 9416K [0x0000000702600000, 0x0000000800000000)
  region size 2048K, 1 young (2048K), 1 survivors (2048K)
 Metaspace       used 21320K, committed 21504K, reserved 1114112K
  class space    used 2153K, committed 2240K, reserved 1048576K
}
Event: 3.234 GC heap before
{Heap before GC invocations=4 (full 0):
 garbage-first heap   total 40960K, used 29896K [0x0000000702600000, 0x0000000800000000)
  region size 2048K, 12 young (24576K), 1 survivors (2048K)
 Metaspace       used 26983K, committed 27264K, reserved 1114112K
  class space    used 2845K, committed 3008K, reserved 1048576K
}
Event: 3.238 GC heap after
{Heap after GC invocations=5 (full 0):
 garbage-first heap   total 40960K, used 10359K [0x0000000702600000, 0x0000000800000000)
  region size 2048K, 2 young (4096K), 2 survivors (4096K)
 Metaspace       used 26983K, committed 27264K, reserved 1114112K
  class space    used 2845K, committed 3008K, reserved 1048576K
}
Event: 3.276 GC heap before
{Heap before GC invocations=5 (full 0):
 garbage-first heap   total 40960K, used 12407K [0x0000000702600000, 0x0000000800000000)
  region size 2048K, 3 young (6144K), 2 survivors (4096K)
 Metaspace       used 27375K, committed 27648K, reserved 1114112K
  class space    used 2890K, committed 3008K, reserved 1048576K
}
Event: 3.280 GC heap after
{Heap after GC invocations=6 (full 0):
 garbage-first heap   total 40960K, used 10464K [0x0000000702600000, 0x0000000800000000)
  region size 2048K, 1 young (2048K), 1 survivors (2048K)
 Metaspace       used 27375K, committed 27648K, reserved 1114112K
  class space    used 2890K, committed 3008K, reserved 1048576K
}
Event: 39.577 GC heap before
{Heap before GC invocations=6 (full 0):
 garbage-first heap   total 40960K, used 30944K [0x0000000702600000, 0x0000000800000000)
  region size 2048K, 8 young (16384K), 1 survivors (2048K)
 Metaspace       used 31126K, committed 31360K, reserved 1114112K
  class space    used 3287K, committed 3392K, reserved 1048576K
}
Event: 39.579 GC heap after
{Heap after GC invocations=7 (full 0):
 garbage-first heap   total 40960K, used 17322K [0x0000000702600000, 0x0000000800000000)
  region size 2048K, 1 young (2048K), 1 survivors (2048K)
 Metaspace       used 31126K, committed 31360K, reserved 1114112K
  class space    used 3287K, committed 3392K, reserved 1048576K
}
Event: 39.771 GC heap before
{Heap before GC invocations=7 (full 0):
 garbage-first heap   total 40960K, used 27562K [0x0000000702600000, 0x0000000800000000)
  region size 2048K, 6 young (12288K), 1 survivors (2048K)
 Metaspace       used 32631K, committed 32832K, reserved 1114112K
  class space    used 3494K, committed 3584K, reserved 1048576K
}
Event: 39.773 GC heap after
{Heap after GC invocations=8 (full 0):
 garbage-first heap   total 40960K, used 17712K [0x0000000702600000, 0x0000000800000000)
  region size 2048K, 1 young (2048K), 1 survivors (2048K)
 Metaspace       used 32631K, committed 32832K, reserved 1114112K
  class space    used 3494K, committed 3584K, reserved 1048576K
}
Event: 40.008 GC heap before
{Heap before GC invocations=8 (full 0):
 garbage-first heap   total 40960K, used 30000K [0x0000000702600000, 0x0000000800000000)
  region size 2048K, 7 young (14336K), 1 survivors (2048K)
 Metaspace       used 34565K, committed 34816K, reserved 1114112K
  class space    used 3738K, committed 3840K, reserved 1048576K
}
Event: 40.012 GC heap after
{Heap after GC invocations=9 (full 0):
 garbage-first heap   total 151552K, used 18818K [0x0000000702600000, 0x0000000800000000)
  region size 2048K, 1 young (2048K), 1 survivors (2048K)
 Metaspace       used 34565K, committed 34816K, reserved 1114112K
  class space    used 3738K, committed 3840K, reserved 1048576K
}
Event: 40.135 GC heap before
{Heap before GC invocations=9 (full 0):
 garbage-first heap   total 151552K, used 24962K [0x0000000702600000, 0x0000000800000000)
  region size 2048K, 5 young (10240K), 1 survivors (2048K)
 Metaspace       used 35729K, committed 35968K, reserved 1114112K
  class space    used 3898K, committed 4032K, reserved 1048576K
}
Event: 40.138 GC heap after
{Heap after GC invocations=10 (full 0):
 garbage-first heap   total 151552K, used 19532K [0x0000000702600000, 0x0000000800000000)
  region size 2048K, 2 young (4096K), 2 survivors (4096K)
 Metaspace       used 35729K, committed 35968K, reserved 1114112K
  class space    used 3898K, committed 4032K, reserved 1048576K
}
Event: 44.831 GC heap before
{Heap before GC invocations=11 (full 0):
 garbage-first heap   total 81920K, used 68684K [0x0000000702600000, 0x0000000800000000)
  region size 2048K, 23 young (47104K), 2 survivors (4096K)
 Metaspace       used 43001K, committed 43328K, reserved 1114112K
  class space    used 4658K, committed 4800K, reserved 1048576K
}
Event: 44.837 GC heap after
{Heap after GC invocations=12 (full 0):
 garbage-first heap   total 81920K, used 30727K [0x0000000702600000, 0x0000000800000000)
  region size 2048K, 3 young (6144K), 3 survivors (6144K)
 Metaspace       used 43001K, committed 43328K, reserved 1114112K
  class space    used 4658K, committed 4800K, reserved 1048576K
}
Event: 45.641 GC heap before
{Heap before GC invocations=12 (full 0):
 garbage-first heap   total 81920K, used 32775K [0x0000000702600000, 0x0000000800000000)
  region size 2048K, 4 young (8192K), 3 survivors (6144K)
 Metaspace       used 43083K, committed 43392K, reserved 1114112K
  class space    used 4658K, committed 4800K, reserved 1048576K
}
Event: 45.648 GC heap after
{Heap after GC invocations=13 (full 0):
 garbage-first heap   total 81920K, used 31078K [0x0000000702600000, 0x0000000800000000)
  region size 2048K, 1 young (2048K), 1 survivors (2048K)
 Metaspace       used 43083K, committed 43392K, reserved 1114112K
  class space    used 4658K, committed 4800K, reserved 1048576K
}

