# JRE version: OpenJDK Runtime Environment Corretto-17.0.7.7.1 (17.0.7+7) (build 17.0.7+7-LTS)
# Java VM: OpenJDK 64-Bit Server VM Corretto-17.0.7.7.1 (17.0.7+7-LTS, mixed mode, sharing, tiered, compressed oops, compressed class ptrs, g1 gc, windows-amd64)
GC Precious Log:
 CPUs: 4 total, 4 available
 Memory: 16224M
 Large Page Support: Disabled
 NUMA Support: Disabled
 Compressed Oops: Enabled (Zero based)
 Heap Region Size: 2M
 Heap Min Capacity: 8M
 Heap Initial Capacity: 254M
 Heap Max Capacity: 4058M
 Pre-touch: Disabled
 Parallel Workers: 4
 Concurrent Workers: 1
 Concurrent Refinement Workers: 4
 Periodic GC: Disabled
Heap:
 garbage-first heap   total 90112K, used 50766K [0x0000000702600000, 0x0000000800000000)
  region size 2048K, 14 young (28672K), 0 survivors (0K)
 Metaspace       used 34109K, committed 34304K, reserved 1114112K
  class space    used 3710K, committed 3840K, reserved 1048576K
GC Heap History (20 events):
Event: 6.348 GC heap before
{Heap before GC invocations=5 (full 0):
 garbage-first heap   total 55296K, used 41863K [0x0000000702600000, 0x0000000800000000)
  region size 2048K, 12 young (24576K), 2 survivors (4096K)
 Metaspace       used 24761K, committed 24960K, reserved 1114112K
  class space    used 2693K, committed 2816K, reserved 1048576K
}
Event: 6.354 GC heap after
{Heap after GC invocations=6 (full 0):
 garbage-first heap   total 55296K, used 23944K [0x0000000702600000, 0x0000000800000000)
  region size 2048K, 2 young (4096K), 2 survivors (4096K)
 Metaspace       used 24761K, committed 24960K, reserved 1114112K
  class space    used 2693K, committed 2816K, reserved 1048576K
}
Event: 6.403 GC heap before
{Heap before GC invocations=6 (full 0):
 garbage-first heap   total 55296K, used 25992K [0x0000000702600000, 0x0000000800000000)
  region size 2048K, 3 young (6144K), 2 survivors (4096K)
 Metaspace       used 25039K, committed 25280K, reserved 1114112K
  class space    used 2718K, committed 2816K, reserved 1048576K
}
Event: 6.408 GC heap after
{Heap after GC invocations=7 (full 0):
 garbage-first heap   total 55296K, used 18347K [0x0000000702600000, 0x0000000800000000)
  region size 2048K, 1 young (2048K), 1 survivors (2048K)
 Metaspace       used 25039K, committed 25280K, reserved 1114112K
  class space    used 2718K, committed 2816K, reserved 1048576K
}
Event: 6.927 GC heap before
{Heap before GC invocations=7 (full 0):
 garbage-first heap   total 55296K, used 34731K [0x0000000702600000, 0x0000000800000000)
  region size 2048K, 10 young (20480K), 1 survivors (2048K)
 Metaspace       used 28423K, committed 28608K, reserved 1114112K
  class space    used 3149K, committed 3264K, reserved 1048576K
}
Event: 6.931 GC heap after
{Heap after GC invocations=8 (full 0):
 garbage-first heap   total 55296K, used 19879K [0x0000000702600000, 0x0000000800000000)
  region size 2048K, 2 young (4096K), 2 survivors (4096K)
 Metaspace       used 28423K, committed 28608K, reserved 1114112K
  class space    used 3149K, committed 3264K, reserved 1048576K
}
Event: 7.283 GC heap before
{Heap before GC invocations=8 (full 0):
 garbage-first heap   total 55296K, used 36263K [0x0000000702600000, 0x0000000800000000)
  region size 2048K, 11 young (22528K), 2 survivors (4096K)
 Metaspace       used 31863K, committed 32064K, reserved 1114112K
  class space    used 3555K, committed 3648K, reserved 1048576K
}
Event: 7.287 GC heap after
{Heap after GC invocations=9 (full 0):
 garbage-first heap   total 55296K, used 20697K [0x0000000702600000, 0x0000000800000000)
  region size 2048K, 2 young (4096K), 2 survivors (4096K)
 Metaspace       used 31863K, committed 32064K, reserved 1114112K
  class space    used 3555K, committed 3648K, reserved 1048576K
}
Event: 7.540 GC heap before
{Heap before GC invocations=9 (full 0):
 garbage-first heap   total 55296K, used 26841K [0x0000000702600000, 0x0000000800000000)
  region size 2048K, 6 young (12288K), 2 survivors (4096K)
 Metaspace       used 32972K, committed 33152K, reserved 1114112K
  class space    used 3688K, committed 3776K, reserved 1048576K
}
Event: 7.544 GC heap after
{Heap after GC invocations=10 (full 0):
 garbage-first heap   total 157696K, used 21322K [0x0000000702600000, 0x0000000800000000)
  region size 2048K, 1 young (2048K), 1 survivors (2048K)
 Metaspace       used 32972K, committed 33152K, reserved 1114112K
  class space    used 3688K, committed 3776K, reserved 1048576K
}
Event: 32.475 GC heap before
{Heap before GC invocations=10 (full 0):
 garbage-first heap   total 157696K, used 88906K [0x0000000702600000, 0x0000000800000000)
  region size 2048K, 31 young (63488K), 1 survivors (2048K)
 Metaspace       used 34057K, committed 34304K, reserved 1114112K
  class space    used 3706K, committed 3840K, reserved 1048576K
}
Event: 32.501 GC heap after
{Heap after GC invocations=11 (full 1):
 garbage-first heap   total 90112K, used 24069K [0x0000000702600000, 0x0000000800000000)
  region size 2048K, 0 young (0K), 0 survivors (0K)
 Metaspace       used 34057K, committed 34304K, reserved 1114112K
  class space    used 3706K, committed 3840K, reserved 1048576K
}
Event: 53.833 GC heap before
{Heap before GC invocations=11 (full 1):
 garbage-first heap   total 90112K, used 67077K [0x0000000702600000, 0x0000000800000000)
  region size 2048K, 21 young (43008K), 0 survivors (0K)
 Metaspace       used 34072K, committed 34304K, reserved 1114112K
  class space    used 3707K, committed 3840K, reserved 1048576K
}
Event: 53.834 GC heap after
{Heap after GC invocations=12 (full 1):
 garbage-first heap   total 90112K, used 24382K [0x0000000702600000, 0x0000000800000000)
  region size 2048K, 1 young (2048K), 1 survivors (2048K)
 Metaspace       used 34072K, committed 34304K, reserved 1114112K
  class space    used 3707K, committed 3840K, reserved 1048576K
}
Event: 62.514 GC heap before
{Heap before GC invocations=12 (full 1):
 garbage-first heap   total 90112K, used 40766K [0x0000000702600000, 0x0000000800000000)
  region size 2048K, 10 young (20480K), 1 survivors (2048K)
 Metaspace       used 34072K, committed 34304K, reserved 1114112K
  class space    used 3707K, committed 3840K, reserved 1048576K
}
Event: 62.533 GC heap after
{Heap after GC invocations=13 (full 2):
 garbage-first heap   total 90112K, used 24141K [0x0000000702600000, 0x0000000800000000)
  region size 2048K, 0 young (0K), 0 survivors (0K)
 Metaspace       used 34072K, committed 34304K, reserved 1114112K
  class space    used 3707K, committed 3840K, reserved 1048576K
}
Event: 84.404 GC heap before
{Heap before GC invocations=13 (full 2):
 garbage-first heap   total 90112K, used 69197K [0x0000000702600000, 0x0000000800000000)
  region size 2048K, 22 young (45056K), 0 survivors (0K)
 Metaspace       used 34086K, committed 34304K, reserved 1114112K
  class space    used 3707K, committed 3840K, reserved 1048576K
}
Event: 84.405 GC heap after
{Heap after GC invocations=14 (full 2):
 garbage-first heap   total 90112K, used 24230K [0x0000000702600000, 0x0000000800000000)
  region size 2048K, 1 young (2048K), 1 survivors (2048K)
 Metaspace       used 34086K, committed 34304K, reserved 1114112K
  class space    used 3707K, committed 3840K, reserved 1048576K
}
Event: 92.544 GC heap before
{Heap before GC invocations=14 (full 2):
 garbage-first heap   total 90112K, used 38566K [0x0000000702600000, 0x0000000800000000)
  region size 2048K, 9 young (18432K), 1 survivors (2048K)
 Metaspace       used 34086K, committed 34304K, reserved 1114112K
  class space    used 3707K, committed 3840K, reserved 1048576K
}
Event: 92.568 GC heap after
{Heap after GC invocations=15 (full 3):
 garbage-first heap   total 90112K, used 24142K [0x0000000702600000, 0x0000000800000000)
  region size 2048K, 0 young (0K), 0 survivors (0K)
 Metaspace       used 34086K, committed 34304K, reserved 1114112K
  class space    used 3707K, committed 3840K, reserved 1048576K
}

