# JRE version: OpenJDK Runtime Environment Corretto-17.0.7.7.1 (17.0.7+7) (build 17.0.7+7-LTS)
# Java VM: OpenJDK 64-Bit Server VM Corretto-17.0.7.7.1 (17.0.7+7-LTS, mixed mode, sharing, tiered, compressed oops, compressed class ptrs, g1 gc, windows-amd64)
GC Precious Log:
 CPUs: 4 total, 4 available
 Memory: 16224M
 Large Page Support: Disabled
 NUMA Support: Disabled
 Compressed Oops: Enabled (Zero based)
 Heap Region Size: 2M
 Heap Min Capacity: 8M
 Heap Initial Capacity: 254M
 Heap Max Capacity: 4058M
 Pre-touch: Disabled
 Parallel Workers: 4
 Concurrent Workers: 1
 Concurrent Refinement Workers: 4
 Periodic GC: Disabled
Heap:
 garbage-first heap   total 159744K, used 34221K [0x0000000702600000, 0x0000000800000000)
  region size 2048K, 7 young (14336K), 1 survivors (2048K)
 Metaspace       used 34103K, committed 34368K, reserved 1114112K
  class space    used 3712K, committed 3840K, reserved 1048576K
GC Heap History (20 events):
Event: 6.479 GC heap before
{Heap before GC invocations=6 (full 0):
 garbage-first heap   total 49152K, used 32826K [0x0000000702600000, 0x0000000800000000)
  region size 2048K, 6 young (12288K), 2 survivors (4096K)
 Metaspace       used 25453K, committed 25664K, reserved 1114112K
  class space    used 2750K, committed 2880K, reserved 1048576K
}
Event: 6.483 GC heap after
{Heap after GC invocations=7 (full 0):
 garbage-first heap   total 49152K, used 19378K [0x0000000702600000, 0x0000000800000000)
  region size 2048K, 1 young (2048K), 1 survivors (2048K)
 Metaspace       used 25453K, committed 25664K, reserved 1114112K
  class space    used 2750K, committed 2880K, reserved 1048576K
}
Event: 6.841 GC heap before
{Heap before GC invocations=8 (full 0):
 garbage-first heap   total 49152K, used 31666K [0x0000000702600000, 0x0000000800000000)
  region size 2048K, 8 young (16384K), 1 survivors (2048K)
 Metaspace       used 27883K, committed 28096K, reserved 1114112K
  class space    used 3115K, committed 3200K, reserved 1048576K
}
Event: 6.845 GC heap after
{Heap after GC invocations=9 (full 0):
 garbage-first heap   total 49152K, used 20553K [0x0000000702600000, 0x0000000800000000)
  region size 2048K, 1 young (2048K), 1 survivors (2048K)
 Metaspace       used 27883K, committed 28096K, reserved 1114112K
  class space    used 3115K, committed 3200K, reserved 1048576K
}
Event: 7.181 GC heap before
{Heap before GC invocations=9 (full 0):
 garbage-first heap   total 49152K, used 32841K [0x0000000702600000, 0x0000000800000000)
  region size 2048K, 8 young (16384K), 1 survivors (2048K)
 Metaspace       used 31090K, committed 31360K, reserved 1114112K
  class space    used 3462K, committed 3584K, reserved 1048576K
}
Event: 7.185 GC heap after
{Heap after GC invocations=10 (full 0):
 garbage-first heap   total 49152K, used 21268K [0x0000000702600000, 0x0000000800000000)
  region size 2048K, 1 young (2048K), 1 survivors (2048K)
 Metaspace       used 31090K, committed 31360K, reserved 1114112K
  class space    used 3462K, committed 3584K, reserved 1048576K
}
Event: 7.587 GC heap before
{Heap before GC invocations=10 (full 0):
 garbage-first heap   total 49152K, used 31508K [0x0000000702600000, 0x0000000800000000)
  region size 2048K, 7 young (14336K), 1 survivors (2048K)
 Metaspace       used 33062K, committed 33344K, reserved 1114112K
  class space    used 3694K, committed 3840K, reserved 1048576K
}
Event: 7.590 GC heap after
{Heap after GC invocations=11 (full 0):
 garbage-first heap   total 49152K, used 21963K [0x0000000702600000, 0x0000000800000000)
  region size 2048K, 1 young (2048K), 1 survivors (2048K)
 Metaspace       used 33062K, committed 33344K, reserved 1114112K
  class space    used 3694K, committed 3840K, reserved 1048576K
}
Event: 11.651 GC heap before
{Heap before GC invocations=12 (full 0):
 garbage-first heap   total 59392K, used 42443K [0x0000000702600000, 0x0000000800000000)
  region size 2048K, 7 young (14336K), 1 survivors (2048K)
 Metaspace       used 33853K, committed 34112K, reserved 1114112K
  class space    used 3705K, committed 3840K, reserved 1048576K
}
Event: 11.656 GC heap after
{Heap after GC invocations=13 (full 0):
 garbage-first heap   total 59392K, used 31494K [0x0000000702600000, 0x0000000800000000)
  region size 2048K, 1 young (2048K), 1 survivors (2048K)
 Metaspace       used 33853K, committed 34112K, reserved 1114112K
  class space    used 3705K, committed 3840K, reserved 1048576K
}
Event: 17.221 GC heap before
{Heap before GC invocations=13 (full 0):
 garbage-first heap   total 59392K, used 43782K [0x0000000702600000, 0x0000000800000000)
  region size 2048K, 7 young (14336K), 1 survivors (2048K)
 Metaspace       used 33936K, committed 34176K, reserved 1114112K
  class space    used 3705K, committed 3840K, reserved 1048576K
}
Event: 17.225 GC heap after
{Heap after GC invocations=14 (full 0):
 garbage-first heap   total 59392K, used 31820K [0x0000000702600000, 0x0000000800000000)
  region size 2048K, 1 young (2048K), 1 survivors (2048K)
 Metaspace       used 33936K, committed 34176K, reserved 1114112K
  class space    used 3705K, committed 3840K, reserved 1048576K
}
Event: 22.882 GC heap before
{Heap before GC invocations=15 (full 0):
 garbage-first heap   total 59392K, used 37964K [0x0000000702600000, 0x0000000800000000)
  region size 2048K, 7 young (14336K), 1 survivors (2048K)
 Metaspace       used 33943K, committed 34176K, reserved 1114112K
  class space    used 3706K, committed 3840K, reserved 1048576K
}
Event: 22.883 GC heap after
{Heap after GC invocations=16 (full 0):
 garbage-first heap   total 59392K, used 25521K [0x0000000702600000, 0x0000000800000000)
  region size 2048K, 1 young (2048K), 1 survivors (2048K)
 Metaspace       used 33943K, committed 34176K, reserved 1114112K
  class space    used 3706K, committed 3840K, reserved 1048576K
}
Event: 31.442 GC heap before
{Heap before GC invocations=16 (full 0):
 garbage-first heap   total 59392K, used 43953K [0x0000000702600000, 0x0000000800000000)
  region size 2048K, 10 young (20480K), 1 survivors (2048K)
 Metaspace       used 33947K, committed 34176K, reserved 1114112K
  class space    used 3706K, committed 3840K, reserved 1048576K
}
Event: 31.443 GC heap after
{Heap after GC invocations=17 (full 0):
 garbage-first heap   total 59392K, used 25519K [0x0000000702600000, 0x0000000800000000)
  region size 2048K, 1 young (2048K), 1 survivors (2048K)
 Metaspace       used 33947K, committed 34176K, reserved 1114112K
  class space    used 3706K, committed 3840K, reserved 1048576K
}
Event: 31.853 GC heap before
{Heap before GC invocations=17 (full 0):
 garbage-first heap   total 59392K, used 25519K [0x0000000702600000, 0x0000000800000000)
  region size 2048K, 2 young (4096K), 1 survivors (2048K)
 Metaspace       used 33947K, committed 34176K, reserved 1114112K
  class space    used 3706K, committed 3840K, reserved 1048576K
}
Event: 31.880 GC heap after
{Heap after GC invocations=18 (full 1):
 garbage-first heap   total 59392K, used 23921K [0x0000000702600000, 0x0000000800000000)
  region size 2048K, 0 young (0K), 0 survivors (0K)
 Metaspace       used 33947K, committed 34176K, reserved 1114112K
  class space    used 3706K, committed 3840K, reserved 1048576K
}
Event: 41.678 GC heap before
{Heap before GC invocations=18 (full 1):
 garbage-first heap   total 59392K, used 44401K [0x0000000702600000, 0x0000000800000000)
  region size 2048K, 10 young (20480K), 0 survivors (0K)
 Metaspace       used 34080K, committed 34368K, reserved 1114112K
  class space    used 3709K, committed 3840K, reserved 1048576K
}
Event: 41.679 GC heap after
{Heap after GC invocations=19 (full 1):
 garbage-first heap   total 159744K, used 23981K [0x0000000702600000, 0x0000000800000000)
  region size 2048K, 1 young (2048K), 1 survivors (2048K)
 Metaspace       used 34080K, committed 34368K, reserved 1114112K
  class space    used 3709K, committed 3840K, reserved 1048576K
}

