# JRE version: OpenJDK Runtime Environment Corretto-17.0.7.7.1 (17.0.7+7) (build 17.0.7+7-LTS)
# Java VM: OpenJDK 64-Bit Server VM Corretto-17.0.7.7.1 (17.0.7+7-LTS, mixed mode, sharing, tiered, compressed oops, compressed class ptrs, g1 gc, windows-amd64)
GC Precious Log:
 CPUs: 4 total, 4 available
 Memory: 16224M
 Large Page Support: Disabled
 NUMA Support: Disabled
 Compressed Oops: Enabled (Zero based)
 Heap Region Size: 2M
 Heap Min Capacity: 8M
 Heap Initial Capacity: 254M
 Heap Max Capacity: 4058M
 Pre-touch: Disabled
 Parallel Workers: 4
 Concurrent Workers: 1
 Concurrent Refinement Workers: 4
 Periodic GC: Disabled
Heap:
 garbage-first heap   total 155648K, used 58328K [0x0000000702600000, 0x0000000800000000)
  region size 2048K, 16 young (32768K), 1 survivors (2048K)
 Metaspace       used 34154K, committed 34368K, reserved 1114112K
  class space    used 3710K, committed 3840K, reserved 1048576K
GC Heap History (20 events):
Event: 0.466 GC heap before
{Heap before GC invocations=0 (full 0):
 garbage-first heap   total 260096K, used 12288K [0x0000000702600000, 0x0000000800000000)
  region size 2048K, 6 young (12288K), 0 survivors (0K)
 Metaspace       used 1767K, committed 1856K, reserved 1114112K
  class space    used 161K, committed 192K, reserved 1048576K
}
Event: 0.473 GC heap after
{Heap after GC invocations=1 (full 0):
 garbage-first heap   total 260096K, used 7252K [0x0000000702600000, 0x0000000800000000)
  region size 2048K, 1 young (2048K), 1 survivors (2048K)
 Metaspace       used 1767K, committed 1856K, reserved 1114112K
  class space    used 161K, committed 192K, reserved 1048576K
}
Event: 0.752 GC heap before
{Heap before GC invocations=1 (full 0):
 garbage-first heap   total 260096K, used 15444K [0x0000000702600000, 0x0000000800000000)
  region size 2048K, 6 young (12288K), 1 survivors (2048K)
 Metaspace       used 5831K, committed 6016K, reserved 1114112K
  class space    used 468K, committed 576K, reserved 1048576K
}
Event: 0.754 GC heap after
{Heap after GC invocations=2 (full 0):
 garbage-first heap   total 260096K, used 7717K [0x0000000702600000, 0x0000000800000000)
  region size 2048K, 1 young (2048K), 1 survivors (2048K)
 Metaspace       used 5831K, committed 6016K, reserved 1114112K
  class space    used 468K, committed 576K, reserved 1048576K
}
Event: 2.053 GC heap before
{Heap before GC invocations=2 (full 0):
 garbage-first heap   total 260096K, used 36389K [0x0000000702600000, 0x0000000800000000)
  region size 2048K, 15 young (30720K), 1 survivors (2048K)
 Metaspace       used 15019K, committed 15168K, reserved 1114112K
  class space    used 1541K, committed 1600K, reserved 1048576K
}
Event: 2.056 GC heap after
{Heap after GC invocations=3 (full 0):
 garbage-first heap   total 260096K, used 9764K [0x0000000702600000, 0x0000000800000000)
  region size 2048K, 2 young (4096K), 2 survivors (4096K)
 Metaspace       used 15019K, committed 15168K, reserved 1114112K
  class space    used 1541K, committed 1600K, reserved 1048576K
}
Event: 3.149 GC heap before
{Heap before GC invocations=3 (full 0):
 garbage-first heap   total 260096K, used 42532K [0x0000000702600000, 0x0000000800000000)
  region size 2048K, 19 young (38912K), 2 survivors (4096K)
 Metaspace       used 21351K, committed 21504K, reserved 1114112K
  class space    used 2277K, committed 2368K, reserved 1048576K
}
Event: 3.153 GC heap after
{Heap after GC invocations=4 (full 0):
 garbage-first heap   total 260096K, used 11161K [0x0000000702600000, 0x0000000800000000)
  region size 2048K, 2 young (4096K), 2 survivors (4096K)
 Metaspace       used 21351K, committed 21504K, reserved 1114112K
  class space    used 2277K, committed 2368K, reserved 1048576K
}
Event: 5.965 GC heap before
{Heap before GC invocations=5 (full 0):
 garbage-first heap   total 49152K, used 37785K [0x0000000702600000, 0x0000000800000000)
  region size 2048K, 10 young (20480K), 2 survivors (4096K)
 Metaspace       used 24052K, committed 24320K, reserved 1114112K
  class space    used 2591K, committed 2688K, reserved 1048576K
}
Event: 5.971 GC heap after
{Heap after GC invocations=6 (full 0):
 garbage-first heap   total 49152K, used 24006K [0x0000000702600000, 0x0000000800000000)
  region size 2048K, 1 young (2048K), 1 survivors (2048K)
 Metaspace       used 24052K, committed 24320K, reserved 1114112K
  class space    used 2591K, committed 2688K, reserved 1048576K
}
Event: 6.003 GC heap before
{Heap before GC invocations=6 (full 0):
 garbage-first heap   total 49152K, used 26054K [0x0000000702600000, 0x0000000800000000)
  region size 2048K, 2 young (4096K), 1 survivors (2048K)
 Metaspace       used 24375K, committed 24640K, reserved 1114112K
  class space    used 2639K, committed 2752K, reserved 1048576K
}
Event: 6.006 GC heap after
{Heap after GC invocations=7 (full 0):
 garbage-first heap   total 49152K, used 17965K [0x0000000702600000, 0x0000000800000000)
  region size 2048K, 1 young (2048K), 1 survivors (2048K)
 Metaspace       used 24375K, committed 24640K, reserved 1114112K
  class space    used 2639K, committed 2752K, reserved 1048576K
}
Event: 6.337 GC heap before
{Heap before GC invocations=7 (full 0):
 garbage-first heap   total 49152K, used 32301K [0x0000000702600000, 0x0000000800000000)
  region size 2048K, 8 young (16384K), 1 survivors (2048K)
 Metaspace       used 26637K, committed 26816K, reserved 1114112K
  class space    used 2925K, committed 3008K, reserved 1048576K
}
Event: 6.340 GC heap after
{Heap after GC invocations=8 (full 0):
 garbage-first heap   total 49152K, used 18942K [0x0000000702600000, 0x0000000800000000)
  region size 2048K, 1 young (2048K), 1 survivors (2048K)
 Metaspace       used 26637K, committed 26816K, reserved 1114112K
  class space    used 2925K, committed 3008K, reserved 1048576K
}
Event: 6.860 GC heap before
{Heap before GC invocations=8 (full 0):
 garbage-first heap   total 49152K, used 33278K [0x0000000702600000, 0x0000000800000000)
  region size 2048K, 9 young (18432K), 1 survivors (2048K)
 Metaspace       used 29986K, committed 30272K, reserved 1114112K
  class space    used 3328K, committed 3456K, reserved 1048576K
}
Event: 6.863 GC heap after
{Heap after GC invocations=9 (full 0):
 garbage-first heap   total 49152K, used 20349K [0x0000000702600000, 0x0000000800000000)
  region size 2048K, 2 young (4096K), 2 survivors (4096K)
 Metaspace       used 29986K, committed 30272K, reserved 1114112K
  class space    used 3328K, committed 3456K, reserved 1048576K
}
Event: 7.183 GC heap before
{Heap before GC invocations=9 (full 0):
 garbage-first heap   total 49152K, used 32637K [0x0000000702600000, 0x0000000800000000)
  region size 2048K, 9 young (18432K), 2 survivors (4096K)
 Metaspace       used 32353K, committed 32576K, reserved 1114112K
  class space    used 3613K, committed 3712K, reserved 1048576K
}
Event: 7.189 GC heap after
{Heap after GC invocations=10 (full 0):
 garbage-first heap   total 49152K, used 21144K [0x0000000702600000, 0x0000000800000000)
  region size 2048K, 2 young (4096K), 2 survivors (4096K)
 Metaspace       used 32353K, committed 32576K, reserved 1114112K
  class space    used 3613K, committed 3712K, reserved 1048576K
}
Event: 7.375 GC heap before
{Heap before GC invocations=10 (full 0):
 garbage-first heap   total 49152K, used 23192K [0x0000000702600000, 0x0000000800000000)
  region size 2048K, 4 young (8192K), 2 survivors (4096K)
 Metaspace       used 33070K, committed 33280K, reserved 1114112K
  class space    used 3693K, committed 3776K, reserved 1048576K
}
Event: 7.378 GC heap after
{Heap after GC invocations=11 (full 0):
 garbage-first heap   total 155648K, used 21464K [0x0000000702600000, 0x0000000800000000)
  region size 2048K, 1 young (2048K), 1 survivors (2048K)
 Metaspace       used 33070K, committed 33280K, reserved 1114112K
  class space    used 3693K, committed 3776K, reserved 1048576K
}

