# JRE version: OpenJDK Runtime Environment JBR-17.0.7+7-1000.5-nomod (17.0.7+7) (build 17.0.7+7-b1000.5)
# Java VM: OpenJDK 64-Bit Server VM JBR-17.0.7+7-1000.5-nomod (17.0.7+7-b1000.5, mixed mode, tiered, compressed oops, compressed class ptrs, g1 gc, windows-amd64)
GC Precious Log:
 CPUs: 4 total, 4 available
 Memory: 16224M
 Large Page Support: Disabled
 NUMA Support: Disabled
 Compressed Oops: Enabled (Zero based)
 Heap Region Size: 2M
 Heap Min Capacity: 8M
 Heap Initial Capacity: 254M
 Heap Max Capacity: 4058M
 Pre-touch: Disabled
 Parallel Workers: 4
 Concurrent Workers: 1
 Concurrent Refinement Workers: 4
 Periodic GC: Disabled
Heap:
 garbage-first heap   total 55296K, used 27525K [0x0000000702600000, 0x0000000800000000)
  region size 2048K, 4 young (8192K), 1 survivors (2048K)
 Metaspace       used 43062K, committed 43392K, reserved 1114112K
  class space    used 4644K, committed 4800K, reserved 1048576K
GC Heap History (20 events):
Event: 3.057 GC heap before
{Heap before GC invocations=5 (full 0):
 garbage-first heap   total 55296K, used 12959K [0x0000000702600000, 0x0000000800000000)
  region size 2048K, 3 young (6144K), 2 survivors (4096K)
 Metaspace       used 28469K, committed 28672K, reserved 1114112K
  class space    used 3017K, committed 3136K, reserved 1048576K
}
Event: 3.061 GC heap after
{Heap after GC invocations=6 (full 0):
 garbage-first heap   total 55296K, used 11121K [0x0000000702600000, 0x0000000800000000)
  region size 2048K, 1 young (2048K), 1 survivors (2048K)
 Metaspace       used 28469K, committed 28672K, reserved 1114112K
  class space    used 3017K, committed 3136K, reserved 1048576K
}
Event: 9.729 GC heap before
{Heap before GC invocations=6 (full 0):
 garbage-first heap   total 55296K, used 41841K [0x0000000702600000, 0x0000000800000000)
  region size 2048K, 13 young (26624K), 1 survivors (2048K)
 Metaspace       used 33586K, committed 33920K, reserved 1114112K
  class space    used 3618K, committed 3776K, reserved 1048576K
}
Event: 9.734 GC heap after
{Heap after GC invocations=7 (full 0):
 garbage-first heap   total 55296K, used 18229K [0x0000000702600000, 0x0000000800000000)
  region size 2048K, 1 young (2048K), 1 survivors (2048K)
 Metaspace       used 33586K, committed 33920K, reserved 1114112K
  class space    used 3618K, committed 3776K, reserved 1048576K
}
Event: 10.009 GC heap before
{Heap before GC invocations=7 (full 0):
 garbage-first heap   total 55296K, used 30517K [0x0000000702600000, 0x0000000800000000)
  region size 2048K, 8 young (16384K), 1 survivors (2048K)
 Metaspace       used 35764K, committed 35968K, reserved 1114112K
  class space    used 3911K, committed 4032K, reserved 1048576K
}
Event: 10.012 GC heap after
{Heap after GC invocations=8 (full 0):
 garbage-first heap   total 55296K, used 19622K [0x0000000702600000, 0x0000000800000000)
  region size 2048K, 2 young (4096K), 2 survivors (4096K)
 Metaspace       used 35764K, committed 35968K, reserved 1114112K
  class space    used 3911K, committed 4032K, reserved 1048576K
}
Event: 10.341 GC heap before
{Heap before GC invocations=9 (full 0):
 garbage-first heap   total 55296K, used 36006K [0x0000000702600000, 0x0000000800000000)
  region size 2048K, 10 young (20480K), 2 survivors (4096K)
 Metaspace       used 39809K, committed 40000K, reserved 1114112K
  class space    used 4383K, committed 4480K, reserved 1048576K
}
Event: 10.345 GC heap after
{Heap after GC invocations=10 (full 0):
 garbage-first heap   total 55296K, used 20375K [0x0000000702600000, 0x0000000800000000)
  region size 2048K, 2 young (4096K), 2 survivors (4096K)
 Metaspace       used 39809K, committed 40000K, reserved 1114112K
  class space    used 4383K, committed 4480K, reserved 1048576K
}
Event: 10.690 GC heap before
{Heap before GC invocations=10 (full 0):
 garbage-first heap   total 55296K, used 30615K [0x0000000702600000, 0x0000000800000000)
  region size 2048K, 8 young (16384K), 2 survivors (4096K)
 Metaspace       used 41814K, committed 42048K, reserved 1114112K
  class space    used 4623K, committed 4736K, reserved 1048576K
}
Event: 10.693 GC heap after
{Heap after GC invocations=11 (full 0):
 garbage-first heap   total 55296K, used 21076K [0x0000000702600000, 0x0000000800000000)
  region size 2048K, 2 young (4096K), 2 survivors (4096K)
 Metaspace       used 41814K, committed 42048K, reserved 1114112K
  class space    used 4623K, committed 4736K, reserved 1048576K
}
Event: 17.917 GC heap before
{Heap before GC invocations=11 (full 0):
 garbage-first heap   total 55296K, used 45652K [0x0000000702600000, 0x0000000800000000)
  region size 2048K, 11 young (22528K), 2 survivors (4096K)
 Metaspace       used 42860K, committed 43136K, reserved 1114112K
  class space    used 4639K, committed 4736K, reserved 1048576K
}
Event: 17.922 GC heap after
{Heap after GC invocations=12 (full 0):
 garbage-first heap   total 55296K, used 30420K [0x0000000702600000, 0x0000000800000000)
  region size 2048K, 2 young (4096K), 2 survivors (4096K)
 Metaspace       used 42860K, committed 43136K, reserved 1114112K
  class space    used 4639K, committed 4736K, reserved 1048576K
}
Event: 23.702 GC heap before
{Heap before GC invocations=12 (full 0):
 garbage-first heap   total 55296K, used 42708K [0x0000000702600000, 0x0000000800000000)
  region size 2048K, 8 young (16384K), 2 survivors (4096K)
 Metaspace       used 42951K, committed 43200K, reserved 1114112K
  class space    used 4639K, committed 4736K, reserved 1048576K
}
Event: 23.706 GC heap after
{Heap after GC invocations=13 (full 0):
 garbage-first heap   total 55296K, used 30630K [0x0000000702600000, 0x0000000800000000)
  region size 2048K, 1 young (2048K), 1 survivors (2048K)
 Metaspace       used 42951K, committed 43200K, reserved 1114112K
  class space    used 4639K, committed 4736K, reserved 1048576K
}
Event: 29.225 GC heap before
{Heap before GC invocations=14 (full 0):
 garbage-first heap   total 55296K, used 36774K [0x0000000702600000, 0x0000000800000000)
  region size 2048K, 7 young (14336K), 1 survivors (2048K)
 Metaspace       used 42979K, committed 43264K, reserved 1114112K
  class space    used 4639K, committed 4736K, reserved 1048576K
}
Event: 29.229 GC heap after
{Heap after GC invocations=15 (full 0):
 garbage-first heap   total 55296K, used 24214K [0x0000000702600000, 0x0000000800000000)
  region size 2048K, 1 young (2048K), 1 survivors (2048K)
 Metaspace       used 42979K, committed 43264K, reserved 1114112K
  class space    used 4639K, committed 4736K, reserved 1048576K
}
Event: 31.932 GC heap before
{Heap before GC invocations=15 (full 0):
 garbage-first heap   total 55296K, used 28310K [0x0000000702600000, 0x0000000800000000)
  region size 2048K, 4 young (8192K), 1 survivors (2048K)
 Metaspace       used 43026K, committed 43328K, reserved 1114112K
  class space    used 4640K, committed 4800K, reserved 1048576K
}
Event: 31.961 GC heap after
{Heap after GC invocations=16 (full 1):
 garbage-first heap   total 55296K, used 23329K [0x0000000702600000, 0x0000000800000000)
  region size 2048K, 0 young (0K), 0 survivors (0K)
 Metaspace       used 43026K, committed 43328K, reserved 1114112K
  class space    used 4640K, committed 4800K, reserved 1048576K
}
Event: 42.593 GC heap before
{Heap before GC invocations=16 (full 1):
 garbage-first heap   total 55296K, used 41761K [0x0000000702600000, 0x0000000800000000)
  region size 2048K, 9 young (18432K), 0 survivors (0K)
 Metaspace       used 43038K, committed 43328K, reserved 1114112K
  class space    used 4640K, committed 4800K, reserved 1048576K
}
Event: 42.594 GC heap after
{Heap after GC invocations=17 (full 1):
 garbage-first heap   total 55296K, used 23429K [0x0000000702600000, 0x0000000800000000)
  region size 2048K, 1 young (2048K), 1 survivors (2048K)
 Metaspace       used 43038K, committed 43328K, reserved 1114112K
  class space    used 4640K, committed 4800K, reserved 1048576K
}

