# JRE version: OpenJDK Runtime Environment Corretto-17.0.7.7.1 (17.0.7+7) (build 17.0.7+7-LTS)
# Java VM: OpenJDK 64-Bit Server VM Corretto-17.0.7.7.1 (17.0.7+7-LTS, mixed mode, sharing, tiered, compressed oops, compressed class ptrs, g1 gc, windows-amd64)
GC Precious Log:
 CPUs: 4 total, 4 available
 Memory: 16224M
 Large Page Support: Disabled
 NUMA Support: Disabled
 Compressed Oops: Enabled (Zero based)
 Heap Region Size: 2M
 Heap Min Capacity: 8M
 Heap Initial Capacity: 254M
 Heap Max Capacity: 4058M
 Pre-touch: Disabled
 Parallel Workers: 4
 Concurrent Workers: 1
 Concurrent Refinement Workers: 4
 Periodic GC: Disabled
Heap:
 garbage-first heap   total 155648K, used 101068K [0x0000000702600000, 0x0000000800000000)
  region size 2048K, 37 young (75776K), 2 survivors (4096K)
 Metaspace       used 34717K, committed 34944K, reserved 1114112K
  class space    used 3736K, committed 3840K, reserved 1048576K
GC Heap History (20 events):
Event: 1.118 GC heap before
{Heap before GC invocations=1 (full 0):
 garbage-first heap   total 260096K, used 15453K [0x0000000702600000, 0x0000000800000000)
  region size 2048K, 6 young (12288K), 1 survivors (2048K)
 Metaspace       used 5877K, committed 6016K, reserved 1114112K
  class space    used 466K, committed 512K, reserved 1048576K
}
Event: 1.120 GC heap after
{Heap after GC invocations=2 (full 0):
 garbage-first heap   total 260096K, used 8247K [0x0000000702600000, 0x0000000800000000)
  region size 2048K, 1 young (2048K), 1 survivors (2048K)
 Metaspace       used 5877K, committed 6016K, reserved 1114112K
  class space    used 466K, committed 512K, reserved 1048576K
}
Event: 2.252 GC heap before
{Heap before GC invocations=2 (full 0):
 garbage-first heap   total 260096K, used 34871K [0x0000000702600000, 0x0000000800000000)
  region size 2048K, 14 young (28672K), 1 survivors (2048K)
 Metaspace       used 14293K, committed 14528K, reserved 1114112K
  class space    used 1466K, committed 1536K, reserved 1048576K
}
Event: 2.256 GC heap after
{Heap after GC invocations=3 (full 0):
 garbage-first heap   total 260096K, used 9776K [0x0000000702600000, 0x0000000800000000)
  region size 2048K, 2 young (4096K), 2 survivors (4096K)
 Metaspace       used 14293K, committed 14528K, reserved 1114112K
  class space    used 1466K, committed 1536K, reserved 1048576K
}
Event: 4.078 GC heap before
{Heap before GC invocations=3 (full 0):
 garbage-first heap   total 260096K, used 46640K [0x0000000702600000, 0x0000000800000000)
  region size 2048K, 21 young (43008K), 2 survivors (4096K)
 Metaspace       used 21336K, committed 21504K, reserved 1114112K
  class space    used 2280K, committed 2368K, reserved 1048576K
}
Event: 4.083 GC heap after
{Heap after GC invocations=4 (full 0):
 garbage-first heap   total 260096K, used 11271K [0x0000000702600000, 0x0000000800000000)
  region size 2048K, 2 young (4096K), 2 survivors (4096K)
 Metaspace       used 21336K, committed 21504K, reserved 1114112K
  class space    used 2280K, committed 2368K, reserved 1048576K
}
Event: 16.344 GC heap before
{Heap before GC invocations=5 (full 0):
 garbage-first heap   total 49152K, used 37895K [0x0000000702600000, 0x0000000800000000)
  region size 2048K, 10 young (20480K), 2 survivors (4096K)
 Metaspace       used 24121K, committed 24320K, reserved 1114112K
  class space    used 2594K, committed 2688K, reserved 1048576K
}
Event: 16.353 GC heap after
{Heap after GC invocations=6 (full 0):
 garbage-first heap   total 49152K, used 24184K [0x0000000702600000, 0x0000000800000000)
  region size 2048K, 2 young (4096K), 2 survivors (4096K)
 Metaspace       used 24121K, committed 24320K, reserved 1114112K
  class space    used 2594K, committed 2688K, reserved 1048576K
}
Event: 16.415 GC heap before
{Heap before GC invocations=6 (full 0):
 garbage-first heap   total 49152K, used 26232K [0x0000000702600000, 0x0000000800000000)
  region size 2048K, 3 young (6144K), 2 survivors (4096K)
 Metaspace       used 24440K, committed 24704K, reserved 1114112K
  class space    used 2641K, committed 2752K, reserved 1048576K
}
Event: 16.418 GC heap after
{Heap after GC invocations=7 (full 0):
 garbage-first heap   total 49152K, used 18008K [0x0000000702600000, 0x0000000800000000)
  region size 2048K, 1 young (2048K), 1 survivors (2048K)
 Metaspace       used 24440K, committed 24704K, reserved 1114112K
  class space    used 2641K, committed 2752K, reserved 1048576K
}
Event: 16.771 GC heap before
{Heap before GC invocations=7 (full 0):
 garbage-first heap   total 49152K, used 32344K [0x0000000702600000, 0x0000000800000000)
  region size 2048K, 8 young (16384K), 1 survivors (2048K)
 Metaspace       used 26680K, committed 26880K, reserved 1114112K
  class space    used 2920K, committed 3008K, reserved 1048576K
}
Event: 16.774 GC heap after
{Heap after GC invocations=8 (full 0):
 garbage-first heap   total 49152K, used 18973K [0x0000000702600000, 0x0000000800000000)
  region size 2048K, 1 young (2048K), 1 survivors (2048K)
 Metaspace       used 26680K, committed 26880K, reserved 1114112K
  class space    used 2920K, committed 3008K, reserved 1048576K
}
Event: 17.321 GC heap before
{Heap before GC invocations=8 (full 0):
 garbage-first heap   total 49152K, used 35357K [0x0000000702600000, 0x0000000800000000)
  region size 2048K, 9 young (18432K), 1 survivors (2048K)
 Metaspace       used 30021K, committed 30272K, reserved 1114112K
  class space    used 3327K, committed 3456K, reserved 1048576K
}
Event: 17.326 GC heap after
{Heap after GC invocations=9 (full 0):
 garbage-first heap   total 49152K, used 20709K [0x0000000702600000, 0x0000000800000000)
  region size 2048K, 2 young (4096K), 2 survivors (4096K)
 Metaspace       used 30021K, committed 30272K, reserved 1114112K
  class space    used 3327K, committed 3456K, reserved 1048576K
}
Event: 17.658 GC heap before
{Heap before GC invocations=9 (full 0):
 garbage-first heap   total 49152K, used 35045K [0x0000000702600000, 0x0000000800000000)
  region size 2048K, 9 young (18432K), 2 survivors (4096K)
 Metaspace       used 32449K, committed 32704K, reserved 1114112K
  class space    used 3621K, committed 3712K, reserved 1048576K
}
Event: 17.662 GC heap after
{Heap after GC invocations=10 (full 0):
 garbage-first heap   total 49152K, used 21186K [0x0000000702600000, 0x0000000800000000)
  region size 2048K, 2 young (4096K), 2 survivors (4096K)
 Metaspace       used 32449K, committed 32704K, reserved 1114112K
  class space    used 3621K, committed 3712K, reserved 1048576K
}
Event: 17.969 GC heap before
{Heap before GC invocations=10 (full 0):
 garbage-first heap   total 49152K, used 25282K [0x0000000702600000, 0x0000000800000000)
  region size 2048K, 5 young (10240K), 2 survivors (4096K)
 Metaspace       used 33338K, committed 33536K, reserved 1114112K
  class space    used 3718K, committed 3840K, reserved 1048576K
}
Event: 17.973 GC heap after
{Heap after GC invocations=11 (full 0):
 garbage-first heap   total 155648K, used 21859K [0x0000000702600000, 0x0000000800000000)
  region size 2048K, 1 young (2048K), 1 survivors (2048K)
 Metaspace       used 33338K, committed 33536K, reserved 1114112K
  class space    used 3718K, committed 3840K, reserved 1048576K
}
Event: 29.679 GC heap before
{Heap before GC invocations=11 (full 0):
 garbage-first heap   total 155648K, used 120163K [0x0000000702600000, 0x0000000800000000)
  region size 2048K, 45 young (92160K), 1 survivors (2048K)
 Metaspace       used 34642K, committed 34816K, reserved 1114112K
  class space    used 3730K, committed 3840K, reserved 1048576K
}
Event: 29.684 GC heap after
{Heap after GC invocations=12 (full 0):
 garbage-first heap   total 155648K, used 31436K [0x0000000702600000, 0x0000000800000000)
  region size 2048K, 2 young (4096K), 2 survivors (4096K)
 Metaspace       used 34642K, committed 34816K, reserved 1114112K
  class space    used 3730K, committed 3840K, reserved 1048576K
}

