# JRE version: OpenJDK Runtime Environment Corretto-17.0.7.7.1 (17.0.7+7) (build 17.0.7+7-LTS)
# Java VM: OpenJDK 64-Bit Server VM Corretto-17.0.7.7.1 (17.0.7+7-LTS, mixed mode, sharing, tiered, compressed oops, compressed class ptrs, g1 gc, windows-amd64)
GC Precious Log:
 CPUs: 4 total, 4 available
 Memory: 16224M
 Large Page Support: Disabled
 NUMA Support: Disabled
 Compressed Oops: Enabled (Zero based)
 Heap Region Size: 2M
 Heap Min Capacity: 8M
 Heap Initial Capacity: 254M
 Heap Max Capacity: 4058M
 Pre-touch: Disabled
 Parallel Workers: 4
 Concurrent Workers: 1
 Concurrent Refinement Workers: 4
 Periodic GC: Disabled
Heap:
 garbage-first heap   total 90112K, used 57330K [0x0000000702600000, 0x0000000800000000)
  region size 2048K, 17 young (34816K), 0 survivors (0K)
 Metaspace       used 38440K, committed 38656K, reserved 1114112K
  class space    used 3990K, committed 4096K, reserved 1048576K
GC Heap History (20 events):
Event: 16131.185 GC heap before
{Heap before GC invocations=39 (full 11):
 garbage-first heap   total 90112K, used 73945K [0x0000000702600000, 0x0000000800000000)
  region size 2048K, 24 young (49152K), 0 survivors (0K)
 Metaspace       used 38156K, committed 38400K, reserved 1114112K
  class space    used 3974K, committed 4096K, reserved 1048576K
}
Event: 16131.189 GC heap after
{Heap after GC invocations=40 (full 11):
 garbage-first heap   total 90112K, used 24864K [0x0000000702600000, 0x0000000800000000)
  region size 2048K, 1 young (2048K), 1 survivors (2048K)
 Metaspace       used 38156K, committed 38400K, reserved 1114112K
  class space    used 3974K, committed 4096K, reserved 1048576K
}
Event: 16138.178 GC heap before
{Heap before GC invocations=40 (full 11):
 garbage-first heap   total 90112K, used 39200K [0x0000000702600000, 0x0000000800000000)
  region size 2048K, 9 young (18432K), 1 survivors (2048K)
 Metaspace       used 38156K, committed 38400K, reserved 1114112K
  class space    used 3974K, committed 4096K, reserved 1048576K
}
Event: 16138.216 GC heap after
{Heap after GC invocations=41 (full 12):
 garbage-first heap   total 90112K, used 24792K [0x0000000702600000, 0x0000000800000000)
  region size 2048K, 0 young (0K), 0 survivors (0K)
 Metaspace       used 38156K, committed 38400K, reserved 1114112K
  class space    used 3974K, committed 4096K, reserved 1048576K
}
Event: 16161.278 GC heap before
{Heap before GC invocations=41 (full 12):
 garbage-first heap   total 90112K, used 73944K [0x0000000702600000, 0x0000000800000000)
  region size 2048K, 24 young (49152K), 0 survivors (0K)
 Metaspace       used 38156K, committed 38400K, reserved 1114112K
  class space    used 3974K, committed 4096K, reserved 1048576K
}
Event: 16161.280 GC heap after
{Heap after GC invocations=42 (full 12):
 garbage-first heap   total 90112K, used 24857K [0x0000000702600000, 0x0000000800000000)
  region size 2048K, 1 young (2048K), 1 survivors (2048K)
 Metaspace       used 38156K, committed 38400K, reserved 1114112K
  class space    used 3974K, committed 4096K, reserved 1048576K
}
Event: 16168.232 GC heap before
{Heap before GC invocations=42 (full 12):
 garbage-first heap   total 90112K, used 39193K [0x0000000702600000, 0x0000000800000000)
  region size 2048K, 9 young (18432K), 1 survivors (2048K)
 Metaspace       used 38156K, committed 38400K, reserved 1114112K
  class space    used 3974K, committed 4096K, reserved 1048576K
}
Event: 16168.281 GC heap after
{Heap after GC invocations=43 (full 13):
 garbage-first heap   total 90112K, used 24792K [0x0000000702600000, 0x0000000800000000)
  region size 2048K, 0 young (0K), 0 survivors (0K)
 Metaspace       used 38156K, committed 38400K, reserved 1114112K
  class space    used 3974K, committed 4096K, reserved 1048576K
}
Event: 16191.801 GC heap before
{Heap before GC invocations=43 (full 13):
 garbage-first heap   total 90112K, used 75992K [0x0000000702600000, 0x0000000800000000)
  region size 2048K, 25 young (51200K), 0 survivors (0K)
 Metaspace       used 38156K, committed 38400K, reserved 1114112K
  class space    used 3974K, committed 4096K, reserved 1048576K
}
Event: 16191.802 GC heap after
{Heap after GC invocations=44 (full 13):
 garbage-first heap   total 90112K, used 24862K [0x0000000702600000, 0x0000000800000000)
  region size 2048K, 1 young (2048K), 1 survivors (2048K)
 Metaspace       used 38156K, committed 38400K, reserved 1114112K
  class space    used 3974K, committed 4096K, reserved 1048576K
}
Event: 16198.285 GC heap before
{Heap before GC invocations=44 (full 13):
 garbage-first heap   total 90112K, used 37150K [0x0000000702600000, 0x0000000800000000)
  region size 2048K, 8 young (16384K), 1 survivors (2048K)
 Metaspace       used 38156K, committed 38400K, reserved 1114112K
  class space    used 3974K, committed 4096K, reserved 1048576K
}
Event: 16198.334 GC heap after
{Heap after GC invocations=45 (full 14):
 garbage-first heap   total 90112K, used 24792K [0x0000000702600000, 0x0000000800000000)
  region size 2048K, 0 young (0K), 0 survivors (0K)
 Metaspace       used 38156K, committed 38400K, reserved 1114112K
  class space    used 3974K, committed 4096K, reserved 1048576K
}
Event: 16216.116 GC heap before
{Heap before GC invocations=45 (full 14):
 garbage-first heap   total 90112K, used 73944K [0x0000000702600000, 0x0000000800000000)
  region size 2048K, 24 young (49152K), 0 survivors (0K)
 Metaspace       used 38192K, committed 38400K, reserved 1114112K
  class space    used 3975K, committed 4096K, reserved 1048576K
}
Event: 16216.119 GC heap after
{Heap after GC invocations=46 (full 14):
 garbage-first heap   total 90112K, used 25145K [0x0000000702600000, 0x0000000800000000)
  region size 2048K, 1 young (2048K), 1 survivors (2048K)
 Metaspace       used 38192K, committed 38400K, reserved 1114112K
  class space    used 3975K, committed 4096K, reserved 1048576K
}
Event: 16228.347 GC heap before
{Heap before GC invocations=46 (full 14):
 garbage-first heap   total 90112K, used 57913K [0x0000000702600000, 0x0000000800000000)
  region size 2048K, 18 young (36864K), 1 survivors (2048K)
 Metaspace       used 38250K, committed 38464K, reserved 1114112K
  class space    used 3976K, committed 4096K, reserved 1048576K
}
Event: 16228.386 GC heap after
{Heap after GC invocations=47 (full 15):
 garbage-first heap   total 90112K, used 25366K [0x0000000702600000, 0x0000000800000000)
  region size 2048K, 0 young (0K), 0 survivors (0K)
 Metaspace       used 38250K, committed 38464K, reserved 1114112K
  class space    used 3976K, committed 4096K, reserved 1048576K
}
Event: 16243.390 GC heap before
{Heap before GC invocations=47 (full 15):
 garbage-first heap   total 90112K, used 74518K [0x0000000702600000, 0x0000000800000000)
  region size 2048K, 24 young (49152K), 0 survivors (0K)
 Metaspace       used 38350K, committed 38592K, reserved 1114112K
  class space    used 3976K, committed 4096K, reserved 1048576K
}
Event: 16243.398 GC heap after
{Heap after GC invocations=48 (full 15):
 garbage-first heap   total 90112K, used 28587K [0x0000000702600000, 0x0000000800000000)
  region size 2048K, 2 young (4096K), 2 survivors (4096K)
 Metaspace       used 38350K, committed 38592K, reserved 1114112K
  class space    used 3976K, committed 4096K, reserved 1048576K
}
Event: 16258.393 GC heap before
{Heap before GC invocations=48 (full 15):
 garbage-first heap   total 90112K, used 59307K [0x0000000702600000, 0x0000000800000000)
  region size 2048K, 18 young (36864K), 2 survivors (4096K)
 Metaspace       used 38351K, committed 38592K, reserved 1114112K
  class space    used 3976K, committed 4096K, reserved 1048576K
}
Event: 16258.437 GC heap after
{Heap after GC invocations=49 (full 16):
 garbage-first heap   total 90112K, used 24562K [0x0000000702600000, 0x0000000800000000)
  region size 2048K, 0 young (0K), 0 survivors (0K)
 Metaspace       used 38351K, committed 38592K, reserved 1114112K
  class space    used 3976K, committed 4096K, reserved 1048576K
}

