# JRE version: OpenJDK Runtime Environment JBR-17.0.7+7-1000.2-nomod (17.0.7+7) (build 17.0.7+7-b1000.2)
# Java VM: OpenJDK 64-Bit Server VM JBR-17.0.7+7-1000.2-nomod (17.0.7+7-b1000.2, mixed mode, tiered, compressed oops, compressed class ptrs, g1 gc, windows-amd64)
GC Precious Log:
 CPUs: 4 total, 4 available
 Memory: 16224M
 Large Page Support: Disabled
 NUMA Support: Disabled
 Compressed Oops: Enabled (Zero based)
 Heap Region Size: 2M
 Heap Min Capacity: 8M
 Heap Initial Capacity: 254M
 Heap Max Capacity: 4058M
 Pre-touch: Disabled
 Parallel Workers: 4
 Concurrent Workers: 1
 Concurrent Refinement Workers: 4
 Periodic GC: Disabled
Heap:
 garbage-first heap   total 90112K, used 67213K [0x0000000702600000, 0x0000000800000000)
  region size 2048K, 22 young (45056K), 0 survivors (0K)
 Metaspace       used 45059K, committed 45312K, reserved 1114112K
  class space    used 4733K, committed 4864K, reserved 1048576K
GC Heap History (20 events):
Event: 1474.875 GC heap before
{Heap before GC invocations=152 (full 47):
 garbage-first heap   total 90112K, used 28106K [0x0000000702600000, 0x0000000800000000)
  region size 2048K, 4 young (8192K), 1 survivors (2048K)
 Metaspace       used 45006K, committed 45248K, reserved 1114112K
  class space    used 4729K, committed 4864K, reserved 1048576K
}
Event: 1474.902 GC heap after
{Heap after GC invocations=153 (full 48):
 garbage-first heap   total 90112K, used 23797K [0x0000000702600000, 0x0000000800000000)
  region size 2048K, 0 young (0K), 0 survivors (0K)
 Metaspace       used 45006K, committed 45248K, reserved 1114112K
  class space    used 4729K, committed 4864K, reserved 1048576K
}
Event: 1502.457 GC heap before
{Heap before GC invocations=153 (full 48):
 garbage-first heap   total 90112K, used 72949K [0x0000000702600000, 0x0000000800000000)
  region size 2048K, 24 young (49152K), 0 survivors (0K)
 Metaspace       used 45006K, committed 45248K, reserved 1114112K
  class space    used 4729K, committed 4864K, reserved 1048576K
}
Event: 1502.458 GC heap after
{Heap after GC invocations=154 (full 48):
 garbage-first heap   total 108544K, used 23985K [0x0000000702600000, 0x0000000800000000)
  region size 2048K, 1 young (2048K), 1 survivors (2048K)
 Metaspace       used 45006K, committed 45248K, reserved 1114112K
  class space    used 4729K, committed 4864K, reserved 1048576K
}
Event: 1504.917 GC heap before
{Heap before GC invocations=154 (full 48):
 garbage-first heap   total 108544K, used 28081K [0x0000000702600000, 0x0000000800000000)
  region size 2048K, 4 young (8192K), 1 survivors (2048K)
 Metaspace       used 45006K, committed 45248K, reserved 1114112K
  class space    used 4729K, committed 4864K, reserved 1048576K
}
Event: 1504.948 GC heap after
{Heap after GC invocations=155 (full 49):
 garbage-first heap   total 90112K, used 23847K [0x0000000702600000, 0x0000000800000000)
  region size 2048K, 0 young (0K), 0 survivors (0K)
 Metaspace       used 45006K, committed 45248K, reserved 1114112K
  class space    used 4729K, committed 4864K, reserved 1048576K
}
Event: 1528.293 GC heap before
{Heap before GC invocations=155 (full 49):
 garbage-first heap   total 90112K, used 72999K [0x0000000702600000, 0x0000000800000000)
  region size 2048K, 24 young (49152K), 0 survivors (0K)
 Metaspace       used 45035K, committed 45312K, reserved 1114112K
  class space    used 4729K, committed 4864K, reserved 1048576K
}
Event: 1528.294 GC heap after
{Heap after GC invocations=156 (full 49):
 garbage-first heap   total 90112K, used 24294K [0x0000000702600000, 0x0000000800000000)
  region size 2048K, 1 young (2048K), 1 survivors (2048K)
 Metaspace       used 45035K, committed 45312K, reserved 1114112K
  class space    used 4729K, committed 4864K, reserved 1048576K
}
Event: 1535.083 GC heap before
{Heap before GC invocations=157 (full 49):
 garbage-first heap   total 90112K, used 32486K [0x0000000702600000, 0x0000000800000000)
  region size 2048K, 6 young (12288K), 1 survivors (2048K)
 Metaspace       used 45035K, committed 45312K, reserved 1114112K
  class space    used 4729K, committed 4864K, reserved 1048576K
}
Event: 1535.113 GC heap after
{Heap after GC invocations=158 (full 50):
 garbage-first heap   total 90112K, used 24005K [0x0000000702600000, 0x0000000800000000)
  region size 2048K, 0 young (0K), 0 survivors (0K)
 Metaspace       used 45035K, committed 45312K, reserved 1114112K
  class space    used 4729K, committed 4864K, reserved 1048576K
}
Event: 1564.009 GC heap before
{Heap before GC invocations=158 (full 50):
 garbage-first heap   total 90112K, used 73157K [0x0000000702600000, 0x0000000800000000)
  region size 2048K, 24 young (49152K), 0 survivors (0K)
 Metaspace       used 45035K, committed 45312K, reserved 1114112K
  class space    used 4729K, committed 4864K, reserved 1048576K
}
Event: 1564.010 GC heap after
{Heap after GC invocations=159 (full 50):
 garbage-first heap   total 90112K, used 24083K [0x0000000702600000, 0x0000000800000000)
  region size 2048K, 1 young (2048K), 1 survivors (2048K)
 Metaspace       used 45035K, committed 45312K, reserved 1114112K
  class space    used 4729K, committed 4864K, reserved 1048576K
}
Event: 1565.157 GC heap before
{Heap before GC invocations=159 (full 50):
 garbage-first heap   total 90112K, used 26131K [0x0000000702600000, 0x0000000800000000)
  region size 2048K, 3 young (6144K), 1 survivors (2048K)
 Metaspace       used 45035K, committed 45312K, reserved 1114112K
  class space    used 4729K, committed 4864K, reserved 1048576K
}
Event: 1565.190 GC heap after
{Heap after GC invocations=160 (full 51):
 garbage-first heap   total 90112K, used 24004K [0x0000000702600000, 0x0000000800000000)
  region size 2048K, 0 young (0K), 0 survivors (0K)
 Metaspace       used 45035K, committed 45312K, reserved 1114112K
  class space    used 4729K, committed 4864K, reserved 1048576K
}
Event: 1593.283 GC heap before
{Heap before GC invocations=160 (full 51):
 garbage-first heap   total 90112K, used 75204K [0x0000000702600000, 0x0000000800000000)
  region size 2048K, 25 young (51200K), 0 survivors (0K)
 Metaspace       used 45035K, committed 45312K, reserved 1114112K
  class space    used 4729K, committed 4864K, reserved 1048576K
}
Event: 1593.285 GC heap after
{Heap after GC invocations=161 (full 51):
 garbage-first heap   total 90112K, used 24084K [0x0000000702600000, 0x0000000800000000)
  region size 2048K, 1 young (2048K), 1 survivors (2048K)
 Metaspace       used 45035K, committed 45312K, reserved 1114112K
  class space    used 4729K, committed 4864K, reserved 1048576K
}
Event: 1595.205 GC heap before
{Heap before GC invocations=161 (full 51):
 garbage-first heap   total 90112K, used 26132K [0x0000000702600000, 0x0000000800000000)
  region size 2048K, 3 young (6144K), 1 survivors (2048K)
 Metaspace       used 45035K, committed 45312K, reserved 1114112K
  class space    used 4729K, committed 4864K, reserved 1048576K
}
Event: 1595.239 GC heap after
{Heap after GC invocations=162 (full 52):
 garbage-first heap   total 90112K, used 24004K [0x0000000702600000, 0x0000000800000000)
  region size 2048K, 0 young (0K), 0 survivors (0K)
 Metaspace       used 45035K, committed 45312K, reserved 1114112K
  class space    used 4729K, committed 4864K, reserved 1048576K
}
Event: 1625.240 GC heap before
{Heap before GC invocations=162 (full 52):
 garbage-first heap   total 90112K, used 71108K [0x0000000702600000, 0x0000000800000000)
  region size 2048K, 24 young (49152K), 0 survivors (0K)
 Metaspace       used 45035K, committed 45312K, reserved 1114112K
  class space    used 4729K, committed 4864K, reserved 1048576K
}
Event: 1625.280 GC heap after
{Heap after GC invocations=163 (full 53):
 garbage-first heap   total 90112K, used 24205K [0x0000000702600000, 0x0000000800000000)
  region size 2048K, 0 young (0K), 0 survivors (0K)
 Metaspace       used 45035K, committed 45312K, reserved 1114112K
  class space    used 4729K, committed 4864K, reserved 1048576K
}

