# JRE version: OpenJDK Runtime Environment Corretto-17.0.7.7.1 (17.0.7+7) (build 17.0.7+7-LTS)
# Java VM: OpenJDK 64-Bit Server VM Corretto-17.0.7.7.1 (17.0.7+7-LTS, mixed mode, sharing, tiered, compressed oops, compressed class ptrs, g1 gc, windows-amd64)
GC Precious Log:
 CPUs: 4 total, 4 available
 Memory: 16224M
 Large Page Support: Disabled
 NUMA Support: Disabled
 Compressed Oops: Enabled (Zero based)
 Heap Region Size: 2M
 Heap Min Capacity: 8M
 Heap Initial Capacity: 254M
 Heap Max Capacity: 4058M
 Pre-touch: Disabled
 Parallel Workers: 4
 Concurrent Workers: 1
 Concurrent Refinement Workers: 4
 Periodic GC: Disabled
Heap:
 garbage-first heap   total 90112K, used 37126K [0x0000000702600000, 0x0000000800000000)
  region size 2048K, 8 young (16384K), 1 survivors (2048K)
 Metaspace       used 34681K, committed 34944K, reserved 1114112K
  class space    used 3738K, committed 3840K, reserved 1048576K
GC Heap History (20 events):
Event: 2.239 GC heap before
{Heap before GC invocations=2 (full 0):
 garbage-first heap   total 260096K, used 37167K [0x0000000702600000, 0x0000000800000000)
  region size 2048K, 15 young (30720K), 1 survivors (2048K)
 Metaspace       used 14803K, committed 15040K, reserved 1114112K
  class space    used 1522K, committed 1600K, reserved 1048576K
}
Event: 2.243 GC heap after
{Heap after GC invocations=3 (full 0):
 garbage-first heap   total 260096K, used 10474K [0x0000000702600000, 0x0000000800000000)
  region size 2048K, 2 young (4096K), 2 survivors (4096K)
 Metaspace       used 14803K, committed 15040K, reserved 1114112K
  class space    used 1522K, committed 1600K, reserved 1048576K
}
Event: 3.755 GC heap before
{Heap before GC invocations=3 (full 0):
 garbage-first heap   total 260096K, used 43242K [0x0000000702600000, 0x0000000800000000)
  region size 2048K, 19 young (38912K), 2 survivors (4096K)
 Metaspace       used 21325K, committed 21504K, reserved 1114112K
  class space    used 2280K, committed 2368K, reserved 1048576K
}
Event: 3.760 GC heap after
{Heap after GC invocations=4 (full 0):
 garbage-first heap   total 260096K, used 11891K [0x0000000702600000, 0x0000000800000000)
  region size 2048K, 2 young (4096K), 2 survivors (4096K)
 Metaspace       used 21325K, committed 21504K, reserved 1114112K
  class space    used 2280K, committed 2368K, reserved 1048576K
}
Event: 7.962 GC heap before
{Heap before GC invocations=5 (full 0):
 garbage-first heap   total 49152K, used 38515K [0x0000000702600000, 0x0000000800000000)
  region size 2048K, 10 young (20480K), 2 survivors (4096K)
 Metaspace       used 24319K, committed 24512K, reserved 1114112K
  class space    used 2629K, committed 2752K, reserved 1048576K
}
Event: 7.968 GC heap after
{Heap after GC invocations=6 (full 0):
 garbage-first heap   total 49152K, used 24573K [0x0000000702600000, 0x0000000800000000)
  region size 2048K, 1 young (2048K), 1 survivors (2048K)
 Metaspace       used 24319K, committed 24512K, reserved 1114112K
  class space    used 2629K, committed 2752K, reserved 1048576K
}
Event: 8.012 GC heap before
{Heap before GC invocations=6 (full 0):
 garbage-first heap   total 49152K, used 26621K [0x0000000702600000, 0x0000000800000000)
  region size 2048K, 2 young (4096K), 1 survivors (2048K)
 Metaspace       used 24682K, committed 24896K, reserved 1114112K
  class space    used 2674K, committed 2816K, reserved 1048576K
}
Event: 8.015 GC heap after
{Heap after GC invocations=7 (full 0):
 garbage-first heap   total 49152K, used 17799K [0x0000000702600000, 0x0000000800000000)
  region size 2048K, 1 young (2048K), 1 survivors (2048K)
 Metaspace       used 24682K, committed 24896K, reserved 1114112K
  class space    used 2674K, committed 2816K, reserved 1048576K
}
Event: 8.297 GC heap before
{Heap before GC invocations=7 (full 0):
 garbage-first heap   total 49152K, used 32135K [0x0000000702600000, 0x0000000800000000)
  region size 2048K, 8 young (16384K), 1 survivors (2048K)
 Metaspace       used 26835K, committed 27008K, reserved 1114112K
  class space    used 2944K, committed 3008K, reserved 1048576K
}
Event: 8.301 GC heap after
{Heap after GC invocations=8 (full 0):
 garbage-first heap   total 49152K, used 19311K [0x0000000702600000, 0x0000000800000000)
  region size 2048K, 1 young (2048K), 1 survivors (2048K)
 Metaspace       used 26835K, committed 27008K, reserved 1114112K
  class space    used 2944K, committed 3008K, reserved 1048576K
}
Event: 8.639 GC heap before
{Heap before GC invocations=8 (full 0):
 garbage-first heap   total 49152K, used 31599K [0x0000000702600000, 0x0000000800000000)
  region size 2048K, 8 young (16384K), 1 survivors (2048K)
 Metaspace       used 30024K, committed 30272K, reserved 1114112K
  class space    used 3332K, committed 3456K, reserved 1048576K
}
Event: 8.643 GC heap after
{Heap after GC invocations=9 (full 0):
 garbage-first heap   total 49152K, used 20645K [0x0000000702600000, 0x0000000800000000)
  region size 2048K, 1 young (2048K), 1 survivors (2048K)
 Metaspace       used 30024K, committed 30272K, reserved 1114112K
  class space    used 3332K, committed 3456K, reserved 1048576K
}
Event: 8.929 GC heap before
{Heap before GC invocations=9 (full 0):
 garbage-first heap   total 49152K, used 34981K [0x0000000702600000, 0x0000000800000000)
  region size 2048K, 8 young (16384K), 1 survivors (2048K)
 Metaspace       used 32417K, committed 32576K, reserved 1114112K
  class space    used 3625K, committed 3712K, reserved 1048576K
}
Event: 8.933 GC heap after
{Heap after GC invocations=10 (full 0):
 garbage-first heap   total 155648K, used 21328K [0x0000000702600000, 0x0000000800000000)
  region size 2048K, 1 young (2048K), 1 survivors (2048K)
 Metaspace       used 32417K, committed 32576K, reserved 1114112K
  class space    used 3625K, committed 3712K, reserved 1048576K
}
Event: 20.837 GC heap before
{Heap before GC invocations=10 (full 0):
 garbage-first heap   total 155648K, used 119632K [0x0000000702600000, 0x0000000800000000)
  region size 2048K, 45 young (92160K), 1 survivors (2048K)
 Metaspace       used 34601K, committed 34816K, reserved 1114112K
  class space    used 3732K, committed 3840K, reserved 1048576K
}
Event: 20.843 GC heap after
{Heap after GC invocations=11 (full 0):
 garbage-first heap   total 155648K, used 31451K [0x0000000702600000, 0x0000000800000000)
  region size 2048K, 2 young (4096K), 2 survivors (4096K)
 Metaspace       used 34601K, committed 34816K, reserved 1114112K
  class space    used 3732K, committed 3840K, reserved 1048576K
}
Event: 31.670 GC heap before
{Heap before GC invocations=11 (full 0):
 garbage-first heap   total 155648K, used 107227K [0x0000000702600000, 0x0000000800000000)
  region size 2048K, 40 young (81920K), 2 survivors (4096K)
 Metaspace       used 34652K, committed 34880K, reserved 1114112K
  class space    used 3735K, committed 3840K, reserved 1048576K
}
Event: 31.721 GC heap after
{Heap after GC invocations=12 (full 1):
 garbage-first heap   total 90112K, used 24326K [0x0000000702600000, 0x0000000800000000)
  region size 2048K, 0 young (0K), 0 survivors (0K)
 Metaspace       used 34652K, committed 34880K, reserved 1114112K
  class space    used 3735K, committed 3840K, reserved 1048576K
}
Event: 39.589 GC heap before
{Heap before GC invocations=12 (full 1):
 garbage-first heap   total 90112K, used 71430K [0x0000000702600000, 0x0000000800000000)
  region size 2048K, 23 young (47104K), 0 survivors (0K)
 Metaspace       used 34662K, committed 34944K, reserved 1114112K
  class space    used 3735K, committed 3840K, reserved 1048576K
}
Event: 39.592 GC heap after
{Heap after GC invocations=13 (full 1):
 garbage-first heap   total 90112K, used 24838K [0x0000000702600000, 0x0000000800000000)
  region size 2048K, 1 young (2048K), 1 survivors (2048K)
 Metaspace       used 34662K, committed 34944K, reserved 1114112K
  class space    used 3735K, committed 3840K, reserved 1048576K
}

