# JRE version: OpenJDK Runtime Environment Corretto-17.0.7.7.1 (17.0.7+7) (build 17.0.7+7-LTS)
# Java VM: OpenJDK 64-Bit Server VM Corretto-17.0.7.7.1 (17.0.7+7-LTS, mixed mode, sharing, tiered, compressed oops, compressed class ptrs, g1 gc, windows-amd64)
GC Precious Log:
 CPUs: 4 total, 4 available
 Memory: 16224M
 Large Page Support: Disabled
 NUMA Support: Disabled
 Compressed Oops: Enabled (Zero based)
 Heap Region Size: 2M
 Heap Min Capacity: 8M
 Heap Initial Capacity: 254M
 Heap Max Capacity: 4058M
 Pre-touch: Disabled
 Parallel Workers: 4
 Concurrent Workers: 1
 Concurrent Refinement Workers: 4
 Periodic GC: Disabled
Heap:
 garbage-first heap   total 155648K, used 77613K [0x0000000702600000, 0x0000000800000000)
  region size 2048K, 27 young (55296K), 2 survivors (4096K)
 Metaspace       used 34193K, committed 34432K, reserved 1114112K
  class space    used 3711K, committed 3840K, reserved 1048576K
GC Heap History (16 events):
Event: 0.577 GC heap before
{Heap before GC invocations=0 (full 0):
 garbage-first heap   total 260096K, used 12288K [0x0000000702600000, 0x0000000800000000)
  region size 2048K, 6 young (12288K), 0 survivors (0K)
 Metaspace       used 1762K, committed 1856K, reserved 1114112K
  class space    used 161K, committed 192K, reserved 1048576K
}
Event: 0.584 GC heap after
{Heap after GC invocations=1 (full 0):
 garbage-first heap   total 260096K, used 7209K [0x0000000702600000, 0x0000000800000000)
  region size 2048K, 1 young (2048K), 1 survivors (2048K)
 Metaspace       used 1762K, committed 1856K, reserved 1114112K
  class space    used 161K, committed 192K, reserved 1048576K
}
Event: 0.999 GC heap before
{Heap before GC invocations=1 (full 0):
 garbage-first heap   total 260096K, used 15401K [0x0000000702600000, 0x0000000800000000)
  region size 2048K, 6 young (12288K), 1 survivors (2048K)
 Metaspace       used 5834K, committed 6016K, reserved 1114112K
  class space    used 468K, committed 576K, reserved 1048576K
}
Event: 1.002 GC heap after
{Heap after GC invocations=2 (full 0):
 garbage-first heap   total 260096K, used 7711K [0x0000000702600000, 0x0000000800000000)
  region size 2048K, 1 young (2048K), 1 survivors (2048K)
 Metaspace       used 5834K, committed 6016K, reserved 1114112K
  class space    used 468K, committed 576K, reserved 1048576K
}
Event: 2.596 GC heap before
{Heap before GC invocations=2 (full 0):
 garbage-first heap   total 260096K, used 36383K [0x0000000702600000, 0x0000000800000000)
  region size 2048K, 15 young (30720K), 1 survivors (2048K)
 Metaspace       used 14833K, committed 15040K, reserved 1114112K
  class space    used 1526K, committed 1600K, reserved 1048576K
}
Event: 2.600 GC heap after
{Heap after GC invocations=3 (full 0):
 garbage-first heap   total 260096K, used 9701K [0x0000000702600000, 0x0000000800000000)
  region size 2048K, 2 young (4096K), 2 survivors (4096K)
 Metaspace       used 14833K, committed 15040K, reserved 1114112K
  class space    used 1526K, committed 1600K, reserved 1048576K
}
Event: 3.937 GC heap before
{Heap before GC invocations=3 (full 0):
 garbage-first heap   total 260096K, used 42469K [0x0000000702600000, 0x0000000800000000)
  region size 2048K, 19 young (38912K), 2 survivors (4096K)
 Metaspace       used 21336K, committed 21504K, reserved 1114112K
  class space    used 2280K, committed 2368K, reserved 1048576K
}
Event: 3.941 GC heap after
{Heap after GC invocations=4 (full 0):
 garbage-first heap   total 260096K, used 11024K [0x0000000702600000, 0x0000000800000000)
  region size 2048K, 2 young (4096K), 2 survivors (4096K)
 Metaspace       used 21336K, committed 21504K, reserved 1114112K
  class space    used 2280K, committed 2368K, reserved 1048576K
}
Event: 7.172 GC heap before
{Heap before GC invocations=5 (full 0):
 garbage-first heap   total 49152K, used 37648K [0x0000000702600000, 0x0000000800000000)
  region size 2048K, 10 young (20480K), 2 survivors (4096K)
 Metaspace       used 24118K, committed 24384K, reserved 1114112K
  class space    used 2606K, committed 2752K, reserved 1048576K
}
Event: 7.178 GC heap after
{Heap after GC invocations=6 (full 0):
 garbage-first heap   total 49152K, used 23951K [0x0000000702600000, 0x0000000800000000)
  region size 2048K, 1 young (2048K), 1 survivors (2048K)
 Metaspace       used 24118K, committed 24384K, reserved 1114112K
  class space    used 2606K, committed 2752K, reserved 1048576K
}
Event: 7.213 GC heap before
{Heap before GC invocations=6 (full 0):
 garbage-first heap   total 49152K, used 25999K [0x0000000702600000, 0x0000000800000000)
  region size 2048K, 2 young (4096K), 1 survivors (2048K)
 Metaspace       used 24449K, committed 24640K, reserved 1114112K
  class space    used 2649K, committed 2752K, reserved 1048576K
}
Event: 7.217 GC heap after
{Heap after GC invocations=7 (full 0):
 garbage-first heap   total 49152K, used 18022K [0x0000000702600000, 0x0000000800000000)
  region size 2048K, 1 young (2048K), 1 survivors (2048K)
 Metaspace       used 24449K, committed 24640K, reserved 1114112K
  class space    used 2649K, committed 2752K, reserved 1048576K
}
Event: 7.560 GC heap before
{Heap before GC invocations=7 (full 0):
 garbage-first heap   total 49152K, used 30310K [0x0000000702600000, 0x0000000800000000)
  region size 2048K, 8 young (16384K), 1 survivors (2048K)
 Metaspace       used 26752K, committed 26944K, reserved 1114112K
  class space    used 2936K, committed 3008K, reserved 1048576K
}
Event: 7.564 GC heap after
{Heap after GC invocations=8 (full 0):
 garbage-first heap   total 49152K, used 19022K [0x0000000702600000, 0x0000000800000000)
  region size 2048K, 1 young (2048K), 1 survivors (2048K)
 Metaspace       used 26752K, committed 26944K, reserved 1114112K
  class space    used 2936K, committed 3008K, reserved 1048576K
}
Event: 8.048 GC heap before
{Heap before GC invocations=8 (full 0):
 garbage-first heap   total 49152K, used 35406K [0x0000000702600000, 0x0000000800000000)
  region size 2048K, 9 young (18432K), 1 survivors (2048K)
 Metaspace       used 30169K, committed 30400K, reserved 1114112K
  class space    used 3349K, committed 3456K, reserved 1048576K
}
Event: 8.052 GC heap after
{Heap after GC invocations=9 (full 0):
 garbage-first heap   total 155648K, used 20269K [0x0000000702600000, 0x0000000800000000)
  region size 2048K, 2 young (4096K), 2 survivors (4096K)
 Metaspace       used 30169K, committed 30400K, reserved 1114112K
  class space    used 3349K, committed 3456K, reserved 1048576K
}

