# JRE version: OpenJDK Runtime Environment Corretto-17.0.7.7.1 (17.0.7+7) (build 17.0.7+7-LTS)
# Java VM: OpenJDK 64-Bit Server VM Corretto-17.0.7.7.1 (17.0.7+7-LTS, mixed mode, sharing, tiered, compressed oops, compressed class ptrs, g1 gc, windows-amd64)
GC Precious Log:
 CPUs: 4 total, 4 available
 Memory: 16224M
 Large Page Support: Disabled
 NUMA Support: Disabled
 Compressed Oops: Enabled (Zero based)
 Heap Region Size: 2M
 Heap Min Capacity: 8M
 Heap Initial Capacity: 254M
 Heap Max Capacity: 4058M
 Pre-touch: Disabled
 Parallel Workers: 4
 Concurrent Workers: 1
 Concurrent Refinement Workers: 4
 Periodic GC: Disabled
Heap:
 garbage-first heap   total 81920K, used 32342K [0x0000000702600000, 0x0000000800000000)
  region size 2048K, 5 young (10240K), 0 survivors (0K)
 Metaspace       used 34307K, committed 34560K, reserved 1114112K
  class space    used 3715K, committed 3840K, reserved 1048576K
GC Heap History (20 events):
Event: 0.854 GC heap before
{Heap before GC invocations=1 (full 0):
 garbage-first heap   total 260096K, used 15452K [0x0000000702600000, 0x0000000800000000)
  region size 2048K, 6 young (12288K), 1 survivors (2048K)
 Metaspace       used 5817K, committed 6016K, reserved 1114112K
  class space    used 468K, committed 576K, reserved 1048576K
}
Event: 0.857 GC heap after
{Heap after GC invocations=2 (full 0):
 garbage-first heap   total 260096K, used 7754K [0x0000000702600000, 0x0000000800000000)
  region size 2048K, 1 young (2048K), 1 survivors (2048K)
 Metaspace       used 5817K, committed 6016K, reserved 1114112K
  class space    used 468K, committed 576K, reserved 1048576K
}
Event: 2.285 GC heap before
{Heap before GC invocations=2 (full 0):
 garbage-first heap   total 260096K, used 36426K [0x0000000702600000, 0x0000000800000000)
  region size 2048K, 15 young (30720K), 1 survivors (2048K)
 Metaspace       used 14964K, committed 15168K, reserved 1114112K
  class space    used 1537K, committed 1600K, reserved 1048576K
}
Event: 2.288 GC heap after
{Heap after GC invocations=3 (full 0):
 garbage-first heap   total 260096K, used 9789K [0x0000000702600000, 0x0000000800000000)
  region size 2048K, 2 young (4096K), 2 survivors (4096K)
 Metaspace       used 14964K, committed 15168K, reserved 1114112K
  class space    used 1537K, committed 1600K, reserved 1048576K
}
Event: 3.602 GC heap before
{Heap before GC invocations=3 (full 0):
 garbage-first heap   total 260096K, used 42557K [0x0000000702600000, 0x0000000800000000)
  region size 2048K, 19 young (38912K), 2 survivors (4096K)
 Metaspace       used 21338K, committed 21504K, reserved 1114112K
  class space    used 2279K, committed 2368K, reserved 1048576K
}
Event: 3.606 GC heap after
{Heap after GC invocations=4 (full 0):
 garbage-first heap   total 260096K, used 11159K [0x0000000702600000, 0x0000000800000000)
  region size 2048K, 2 young (4096K), 2 survivors (4096K)
 Metaspace       used 21338K, committed 21504K, reserved 1114112K
  class space    used 2279K, committed 2368K, reserved 1048576K
}
Event: 6.288 GC heap before
{Heap before GC invocations=5 (full 0):
 garbage-first heap   total 49152K, used 37783K [0x0000000702600000, 0x0000000800000000)
  region size 2048K, 10 young (20480K), 2 survivors (4096K)
 Metaspace       used 24051K, committed 24320K, reserved 1114112K
  class space    used 2602K, committed 2752K, reserved 1048576K
}
Event: 6.294 GC heap after
{Heap after GC invocations=6 (full 0):
 garbage-first heap   total 49152K, used 24173K [0x0000000702600000, 0x0000000800000000)
  region size 2048K, 2 young (4096K), 2 survivors (4096K)
 Metaspace       used 24051K, committed 24320K, reserved 1114112K
  class space    used 2602K, committed 2752K, reserved 1048576K
}
Event: 6.368 GC heap before
{Heap before GC invocations=6 (full 0):
 garbage-first heap   total 49152K, used 26221K [0x0000000702600000, 0x0000000800000000)
  region size 2048K, 3 young (6144K), 2 survivors (4096K)
 Metaspace       used 24371K, committed 24576K, reserved 1114112K
  class space    used 2647K, committed 2752K, reserved 1048576K
}
Event: 6.371 GC heap after
{Heap after GC invocations=7 (full 0):
 garbage-first heap   total 49152K, used 17916K [0x0000000702600000, 0x0000000800000000)
  region size 2048K, 1 young (2048K), 1 survivors (2048K)
 Metaspace       used 24371K, committed 24576K, reserved 1114112K
  class space    used 2647K, committed 2752K, reserved 1048576K
}
Event: 6.765 GC heap before
{Heap before GC invocations=7 (full 0):
 garbage-first heap   total 49152K, used 30204K [0x0000000702600000, 0x0000000800000000)
  region size 2048K, 8 young (16384K), 1 survivors (2048K)
 Metaspace       used 26599K, committed 26816K, reserved 1114112K
  class space    used 2930K, committed 3008K, reserved 1048576K
}
Event: 6.769 GC heap after
{Heap after GC invocations=8 (full 0):
 garbage-first heap   total 155648K, used 18824K [0x0000000702600000, 0x0000000800000000)
  region size 2048K, 1 young (2048K), 1 survivors (2048K)
 Metaspace       used 26599K, committed 26816K, reserved 1114112K
  class space    used 2930K, committed 3008K, reserved 1048576K
}
Event: 31.698 GC heap before
{Heap before GC invocations=8 (full 0):
 garbage-first heap   total 155648K, used 117128K [0x0000000702600000, 0x0000000800000000)
  region size 2048K, 45 young (92160K), 1 survivors (2048K)
 Metaspace       used 33968K, committed 34176K, reserved 1114112K
  class space    used 3706K, committed 3840K, reserved 1048576K
}
Event: 31.706 GC heap after
{Heap after GC invocations=9 (full 0):
 garbage-first heap   total 155648K, used 30820K [0x0000000702600000, 0x0000000800000000)
  region size 2048K, 3 young (6144K), 3 survivors (6144K)
 Metaspace       used 33968K, committed 34176K, reserved 1114112K
  class space    used 3706K, committed 3840K, reserved 1048576K
}
Event: 31.707 GC heap before
{Heap before GC invocations=9 (full 0):
 garbage-first heap   total 155648K, used 30820K [0x0000000702600000, 0x0000000800000000)
  region size 2048K, 4 young (8192K), 3 survivors (6144K)
 Metaspace       used 33968K, committed 34176K, reserved 1114112K
  class space    used 3706K, committed 3840K, reserved 1048576K
}
Event: 31.732 GC heap after
{Heap after GC invocations=10 (full 1):
 garbage-first heap   total 81920K, used 24219K [0x0000000702600000, 0x0000000800000000)
  region size 2048K, 0 young (0K), 0 survivors (0K)
 Metaspace       used 33968K, committed 34176K, reserved 1114112K
  class space    used 3706K, committed 3840K, reserved 1048576K
}
Event: 49.518 GC heap before
{Heap before GC invocations=10 (full 1):
 garbage-first heap   total 81920K, used 65179K [0x0000000702600000, 0x0000000800000000)
  region size 2048K, 20 young (40960K), 0 survivors (0K)
 Metaspace       used 34268K, committed 34560K, reserved 1114112K
  class space    used 3711K, committed 3840K, reserved 1048576K
}
Event: 49.520 GC heap after
{Heap after GC invocations=11 (full 1):
 garbage-first heap   total 81920K, used 25051K [0x0000000702600000, 0x0000000800000000)
  region size 2048K, 1 young (2048K), 1 survivors (2048K)
 Metaspace       used 34268K, committed 34560K, reserved 1114112K
  class space    used 3711K, committed 3840K, reserved 1048576K
}
Event: 61.748 GC heap before
{Heap before GC invocations=11 (full 1):
 garbage-first heap   total 81920K, used 49627K [0x0000000702600000, 0x0000000800000000)
  region size 2048K, 14 young (28672K), 1 survivors (2048K)
 Metaspace       used 34271K, committed 34560K, reserved 1114112K
  class space    used 3711K, committed 3840K, reserved 1048576K
}
Event: 61.786 GC heap after
{Heap after GC invocations=12 (full 2):
 garbage-first heap   total 81920K, used 24150K [0x0000000702600000, 0x0000000800000000)
  region size 2048K, 0 young (0K), 0 survivors (0K)
 Metaspace       used 34271K, committed 34560K, reserved 1114112K
  class space    used 3711K, committed 3840K, reserved 1048576K
}

