# JRE version: OpenJDK Runtime Environment Corretto-17.0.7.7.1 (17.0.7+7) (build 17.0.7+7-LTS)
# Java VM: OpenJDK 64-Bit Server VM Corretto-17.0.7.7.1 (17.0.7+7-LTS, mixed mode, sharing, tiered, compressed oops, compressed class ptrs, g1 gc, windows-amd64)
GC Precious Log:
 CPUs: 4 total, 4 available
 Memory: 16224M
 Large Page Support: Disabled
 NUMA Support: Disabled
 Compressed Oops: Enabled (Zero based)
 Heap Region Size: 2M
 Heap Min Capacity: 8M
 Heap Initial Capacity: 254M
 Heap Max Capacity: 4058M
 Pre-touch: Disabled
 Parallel Workers: 4
 Concurrent Workers: 1
 Concurrent Refinement Workers: 4
 Periodic GC: Disabled
Heap:
 garbage-first heap   total 157696K, used 40118K [0x0000000702600000, 0x0000000800000000)
  region size 2048K, 7 young (14336K), 1 survivors (2048K)
 Metaspace       used 33819K, committed 34048K, reserved 1114112K
  class space    used 3722K, committed 3840K, reserved 1048576K
GC Heap History (18 events):
Event: 0.776 GC heap before
{Heap before GC invocations=0 (full 0):
 garbage-first heap   total 260096K, used 12288K [0x0000000702600000, 0x0000000800000000)
  region size 2048K, 6 young (12288K), 0 survivors (0K)
 Metaspace       used 1758K, committed 1856K, reserved 1114112K
  class space    used 161K, committed 192K, reserved 1048576K
}
Event: 0.802 GC heap after
{Heap after GC invocations=1 (full 0):
 garbage-first heap   total 260096K, used 7153K [0x0000000702600000, 0x0000000800000000)
  region size 2048K, 1 young (2048K), 1 survivors (2048K)
 Metaspace       used 1758K, committed 1856K, reserved 1114112K
  class space    used 161K, committed 192K, reserved 1048576K
}
Event: 1.537 GC heap before
{Heap before GC invocations=1 (full 0):
 garbage-first heap   total 260096K, used 15345K [0x0000000702600000, 0x0000000800000000)
  region size 2048K, 6 young (12288K), 1 survivors (2048K)
 Metaspace       used 5842K, committed 5952K, reserved 1114112K
  class space    used 464K, committed 512K, reserved 1048576K
}
Event: 1.540 GC heap after
{Heap after GC invocations=2 (full 0):
 garbage-first heap   total 260096K, used 8265K [0x0000000702600000, 0x0000000800000000)
  region size 2048K, 1 young (2048K), 1 survivors (2048K)
 Metaspace       used 5842K, committed 5952K, reserved 1114112K
  class space    used 464K, committed 512K, reserved 1048576K
}
Event: 2.539 GC heap before
{Heap before GC invocations=2 (full 0):
 garbage-first heap   total 260096K, used 30793K [0x0000000702600000, 0x0000000800000000)
  region size 2048K, 12 young (24576K), 1 survivors (2048K)
 Metaspace       used 12523K, committed 12736K, reserved 1114112K
  class space    used 1253K, committed 1344K, reserved 1048576K
}
Event: 2.543 GC heap after
{Heap after GC invocations=3 (full 0):
 garbage-first heap   total 260096K, used 9522K [0x0000000702600000, 0x0000000800000000)
  region size 2048K, 2 young (4096K), 2 survivors (4096K)
 Metaspace       used 12523K, committed 12736K, reserved 1114112K
  class space    used 1253K, committed 1344K, reserved 1048576K
}
Event: 4.742 GC heap before
{Heap before GC invocations=3 (full 0):
 garbage-first heap   total 260096K, used 50482K [0x0000000702600000, 0x0000000800000000)
  region size 2048K, 23 young (47104K), 2 survivors (4096K)
 Metaspace       used 21360K, committed 21504K, reserved 1114112K
  class space    used 2283K, committed 2368K, reserved 1048576K
}
Event: 4.749 GC heap after
{Heap after GC invocations=4 (full 0):
 garbage-first heap   total 260096K, used 11233K [0x0000000702600000, 0x0000000800000000)
  region size 2048K, 2 young (4096K), 2 survivors (4096K)
 Metaspace       used 21360K, committed 21504K, reserved 1114112K
  class space    used 2283K, committed 2368K, reserved 1048576K
}
Event: 6.706 GC heap before
{Heap before GC invocations=5 (full 0):
 garbage-first heap   total 55296K, used 41953K [0x0000000702600000, 0x0000000800000000)
  region size 2048K, 12 young (24576K), 2 survivors (4096K)
 Metaspace       used 24596K, committed 24832K, reserved 1114112K
  class space    used 2678K, committed 2816K, reserved 1048576K
}
Event: 6.713 GC heap after
{Heap after GC invocations=6 (full 0):
 garbage-first heap   total 55296K, used 24076K [0x0000000702600000, 0x0000000800000000)
  region size 2048K, 2 young (4096K), 2 survivors (4096K)
 Metaspace       used 24596K, committed 24832K, reserved 1114112K
  class space    used 2678K, committed 2816K, reserved 1048576K
}
Event: 6.762 GC heap before
{Heap before GC invocations=6 (full 0):
 garbage-first heap   total 55296K, used 26124K [0x0000000702600000, 0x0000000800000000)
  region size 2048K, 3 young (6144K), 2 survivors (4096K)
 Metaspace       used 24989K, committed 25216K, reserved 1114112K
  class space    used 2725K, committed 2816K, reserved 1048576K
}
Event: 6.766 GC heap after
{Heap after GC invocations=7 (full 0):
 garbage-first heap   total 55296K, used 18110K [0x0000000702600000, 0x0000000800000000)
  region size 2048K, 1 young (2048K), 1 survivors (2048K)
 Metaspace       used 24989K, committed 25216K, reserved 1114112K
  class space    used 2725K, committed 2816K, reserved 1048576K
}
Event: 7.335 GC heap before
{Heap before GC invocations=7 (full 0):
 garbage-first heap   total 55296K, used 38590K [0x0000000702600000, 0x0000000800000000)
  region size 2048K, 11 young (22528K), 1 survivors (2048K)
 Metaspace       used 28488K, committed 28800K, reserved 1114112K
  class space    used 3163K, committed 3328K, reserved 1048576K
}
Event: 7.340 GC heap after
{Heap after GC invocations=8 (full 0):
 garbage-first heap   total 55296K, used 20017K [0x0000000702600000, 0x0000000800000000)
  region size 2048K, 2 young (4096K), 2 survivors (4096K)
 Metaspace       used 28488K, committed 28800K, reserved 1114112K
  class space    used 3163K, committed 3328K, reserved 1048576K
}
Event: 7.739 GC heap before
{Heap before GC invocations=8 (full 0):
 garbage-first heap   total 55296K, used 36401K [0x0000000702600000, 0x0000000800000000)
  region size 2048K, 11 young (22528K), 2 survivors (4096K)
 Metaspace       used 31915K, committed 32128K, reserved 1114112K
  class space    used 3566K, committed 3648K, reserved 1048576K
}
Event: 7.745 GC heap after
{Heap after GC invocations=9 (full 0):
 garbage-first heap   total 55296K, used 21120K [0x0000000702600000, 0x0000000800000000)
  region size 2048K, 2 young (4096K), 2 survivors (4096K)
 Metaspace       used 31915K, committed 32128K, reserved 1114112K
  class space    used 3566K, committed 3648K, reserved 1048576K
}
Event: 8.117 GC heap before
{Heap before GC invocations=9 (full 0):
 garbage-first heap   total 55296K, used 27264K [0x0000000702600000, 0x0000000800000000)
  region size 2048K, 6 young (12288K), 2 survivors (4096K)
 Metaspace       used 33134K, committed 33408K, reserved 1114112K
  class space    used 3706K, committed 3840K, reserved 1048576K
}
Event: 8.122 GC heap after
{Heap after GC invocations=10 (full 0):
 garbage-first heap   total 157696K, used 21686K [0x0000000702600000, 0x0000000800000000)
  region size 2048K, 1 young (2048K), 1 survivors (2048K)
 Metaspace       used 33134K, committed 33408K, reserved 1114112K
  class space    used 3706K, committed 3840K, reserved 1048576K
}

