# JRE version: OpenJDK Runtime Environment Corretto-17.0.7.7.1 (17.0.7+7) (build 17.0.7+7-LTS)
# Java VM: OpenJDK 64-Bit Server VM Corretto-17.0.7.7.1 (17.0.7+7-LTS, mixed mode, sharing, tiered, compressed oops, compressed class ptrs, g1 gc, windows-amd64)
GC Precious Log:
 CPUs: 4 total, 4 available
 Memory: 16224M
 Large Page Support: Disabled
 NUMA Support: Disabled
 Compressed Oops: Enabled (Zero based)
 Heap Region Size: 2M
 Heap Min Capacity: 8M
 Heap Initial Capacity: 254M
 Heap Max Capacity: 4058M
 Pre-touch: Disabled
 Parallel Workers: 4
 Concurrent Workers: 1
 Concurrent Refinement Workers: 4
 Periodic GC: Disabled
Heap:
 garbage-first heap   total 90112K, used 51359K [0x0000000702600000, 0x0000000800000000)
  region size 2048K, 14 young (28672K), 0 survivors (0K)
 Metaspace       used 35005K, committed 35264K, reserved 1114112K
  class space    used 3772K, committed 3904K, reserved 1048576K
GC Heap History (20 events):
Event: 3.229 GC heap before
{Heap before GC invocations=3 (full 0):
 garbage-first heap   total 260096K, used 42690K [0x0000000702600000, 0x0000000800000000)
  region size 2048K, 19 young (38912K), 2 survivors (4096K)
 Metaspace       used 21322K, committed 21504K, reserved 1114112K
  class space    used 2276K, committed 2368K, reserved 1048576K
}
Event: 3.234 GC heap after
{Heap after GC invocations=4 (full 0):
 garbage-first heap   total 260096K, used 11204K [0x0000000702600000, 0x0000000800000000)
  region size 2048K, 2 young (4096K), 2 survivors (4096K)
 Metaspace       used 21322K, committed 21504K, reserved 1114112K
  class space    used 2276K, committed 2368K, reserved 1048576K
}
Event: 11.046 GC heap before
{Heap before GC invocations=5 (full 0):
 garbage-first heap   total 49152K, used 37828K [0x0000000702600000, 0x0000000800000000)
  region size 2048K, 10 young (20480K), 2 survivors (4096K)
 Metaspace       used 24168K, committed 24384K, reserved 1114112K
  class space    used 2602K, committed 2752K, reserved 1048576K
}
Event: 11.052 GC heap after
{Heap after GC invocations=6 (full 0):
 garbage-first heap   total 49152K, used 24147K [0x0000000702600000, 0x0000000800000000)
  region size 2048K, 1 young (2048K), 1 survivors (2048K)
 Metaspace       used 24168K, committed 24384K, reserved 1114112K
  class space    used 2602K, committed 2752K, reserved 1048576K
}
Event: 11.084 GC heap before
{Heap before GC invocations=6 (full 0):
 garbage-first heap   total 49152K, used 26195K [0x0000000702600000, 0x0000000800000000)
  region size 2048K, 2 young (4096K), 1 survivors (2048K)
 Metaspace       used 24493K, committed 24704K, reserved 1114112K
  class space    used 2648K, committed 2752K, reserved 1048576K
}
Event: 11.088 GC heap after
{Heap after GC invocations=7 (full 0):
 garbage-first heap   total 49152K, used 18130K [0x0000000702600000, 0x0000000800000000)
  region size 2048K, 1 young (2048K), 1 survivors (2048K)
 Metaspace       used 24493K, committed 24704K, reserved 1114112K
  class space    used 2648K, committed 2752K, reserved 1048576K
}
Event: 11.419 GC heap before
{Heap before GC invocations=7 (full 0):
 garbage-first heap   total 49152K, used 32466K [0x0000000702600000, 0x0000000800000000)
  region size 2048K, 8 young (16384K), 1 survivors (2048K)
 Metaspace       used 26851K, committed 27008K, reserved 1114112K
  class space    used 2943K, committed 3008K, reserved 1048576K
}
Event: 11.423 GC heap after
{Heap after GC invocations=8 (full 0):
 garbage-first heap   total 49152K, used 19132K [0x0000000702600000, 0x0000000800000000)
  region size 2048K, 1 young (2048K), 1 survivors (2048K)
 Metaspace       used 26851K, committed 27008K, reserved 1114112K
  class space    used 2943K, committed 3008K, reserved 1048576K
}
Event: 11.835 GC heap before
{Heap before GC invocations=8 (full 0):
 garbage-first heap   total 49152K, used 33468K [0x0000000702600000, 0x0000000800000000)
  region size 2048K, 9 young (18432K), 1 survivors (2048K)
 Metaspace       used 30254K, committed 30464K, reserved 1114112K
  class space    used 3357K, committed 3456K, reserved 1048576K
}
Event: 11.839 GC heap after
{Heap after GC invocations=9 (full 0):
 garbage-first heap   total 155648K, used 20404K [0x0000000702600000, 0x0000000800000000)
  region size 2048K, 2 young (4096K), 2 survivors (4096K)
 Metaspace       used 30254K, committed 30464K, reserved 1114112K
  class space    used 3357K, committed 3456K, reserved 1048576K
}
Event: 31.470 GC heap before
{Heap before GC invocations=9 (full 0):
 garbage-first heap   total 155648K, used 104372K [0x0000000702600000, 0x0000000800000000)
  region size 2048K, 40 young (81920K), 2 survivors (4096K)
 Metaspace       used 34928K, committed 35136K, reserved 1114112K
  class space    used 3767K, committed 3904K, reserved 1048576K
}
Event: 31.498 GC heap after
{Heap after GC invocations=10 (full 1):
 garbage-first heap   total 90112K, used 24712K [0x0000000702600000, 0x0000000800000000)
  region size 2048K, 0 young (0K), 0 survivors (0K)
 Metaspace       used 34928K, committed 35136K, reserved 1114112K
  class space    used 3767K, committed 3904K, reserved 1048576K
}
Event: 49.701 GC heap before
{Heap before GC invocations=10 (full 1):
 garbage-first heap   total 90112K, used 63624K [0x0000000702600000, 0x0000000800000000)
  region size 2048K, 19 young (38912K), 0 survivors (0K)
 Metaspace       used 34971K, committed 35264K, reserved 1114112K
  class space    used 3768K, committed 3904K, reserved 1048576K
}
Event: 49.702 GC heap after
{Heap after GC invocations=11 (full 1):
 garbage-first heap   total 90112K, used 25230K [0x0000000702600000, 0x0000000800000000)
  region size 2048K, 1 young (2048K), 1 survivors (2048K)
 Metaspace       used 34971K, committed 35264K, reserved 1114112K
  class space    used 3768K, committed 3904K, reserved 1048576K
}
Event: 61.510 GC heap before
{Heap before GC invocations=11 (full 1):
 garbage-first heap   total 90112K, used 49806K [0x0000000702600000, 0x0000000800000000)
  region size 2048K, 14 young (28672K), 1 survivors (2048K)
 Metaspace       used 34981K, committed 35264K, reserved 1114112K
  class space    used 3768K, committed 3904K, reserved 1048576K
}
Event: 61.533 GC heap after
{Heap after GC invocations=12 (full 2):
 garbage-first heap   total 90112K, used 24734K [0x0000000702600000, 0x0000000800000000)
  region size 2048K, 0 young (0K), 0 survivors (0K)
 Metaspace       used 34981K, committed 35264K, reserved 1114112K
  class space    used 3768K, committed 3904K, reserved 1048576K
}
Event: 82.006 GC heap before
{Heap before GC invocations=12 (full 2):
 garbage-first heap   total 90112K, used 65694K [0x0000000702600000, 0x0000000800000000)
  region size 2048K, 20 young (40960K), 0 survivors (0K)
 Metaspace       used 34982K, committed 35264K, reserved 1114112K
  class space    used 3768K, committed 3904K, reserved 1048576K
}
Event: 82.007 GC heap after
{Heap after GC invocations=13 (full 2):
 garbage-first heap   total 90112K, used 24883K [0x0000000702600000, 0x0000000800000000)
  region size 2048K, 1 young (2048K), 1 survivors (2048K)
 Metaspace       used 34982K, committed 35264K, reserved 1114112K
  class space    used 3768K, committed 3904K, reserved 1048576K
}
Event: 91.569 GC heap before
{Heap before GC invocations=13 (full 2):
 garbage-first heap   total 90112K, used 41267K [0x0000000702600000, 0x0000000800000000)
  region size 2048K, 10 young (20480K), 1 survivors (2048K)
 Metaspace       used 34982K, committed 35264K, reserved 1114112K
  class space    used 3768K, committed 3904K, reserved 1048576K
}
Event: 91.598 GC heap after
{Heap after GC invocations=14 (full 3):
 garbage-first heap   total 90112K, used 24735K [0x0000000702600000, 0x0000000800000000)
  region size 2048K, 0 young (0K), 0 survivors (0K)
 Metaspace       used 34982K, committed 35264K, reserved 1114112K
  class space    used 3768K, committed 3904K, reserved 1048576K
}

