# JRE version: OpenJDK Runtime Environment Corretto-17.0.7.7.1 (17.0.7+7) (build 17.0.7+7-LTS)
# Java VM: OpenJDK 64-Bit Server VM Corretto-17.0.7.7.1 (17.0.7+7-LTS, mixed mode, sharing, tiered, compressed oops, compressed class ptrs, g1 gc, windows-amd64)
GC Precious Log:
 CPUs: 4 total, 4 available
 Memory: 16224M
 Large Page Support: Disabled
 NUMA Support: Disabled
 Compressed Oops: Enabled (Zero based)
 Heap Region Size: 2M
 Heap Min Capacity: 8M
 Heap Initial Capacity: 254M
 Heap Max Capacity: 4058M
 Pre-touch: Disabled
 Parallel Workers: 4
 Concurrent Workers: 1
 Concurrent Refinement Workers: 4
 Periodic GC: Disabled
Heap:
 garbage-first heap   total 51200K, used 24132K [0x0000000702600000, 0x0000000800000000)
  region size 2048K, 1 young (2048K), 0 survivors (0K)
 Metaspace       used 35356K, committed 35584K, reserved 1114112K
  class space    used 3790K, committed 3904K, reserved 1048576K
GC Heap History (20 events):
Event: 11.380 GC heap before
{Heap before GC invocations=11 (full 0):
 garbage-first heap   total 49152K, used 41983K [0x0000000702600000, 0x0000000800000000)
  region size 2048K, 8 young (16384K), 1 survivors (2048K)
 Metaspace       used 34582K, committed 34752K, reserved 1114112K
  class space    used 3760K, committed 3840K, reserved 1048576K
}
Event: 11.384 GC heap after
{Heap after GC invocations=12 (full 0):
 garbage-first heap   total 49152K, used 30886K [0x0000000702600000, 0x0000000800000000)
  region size 2048K, 1 young (2048K), 1 survivors (2048K)
 Metaspace       used 34582K, committed 34752K, reserved 1114112K
  class space    used 3760K, committed 3840K, reserved 1048576K
}
Event: 12.601 GC heap before
{Heap before GC invocations=12 (full 0):
 garbage-first heap   total 49152K, used 37030K [0x0000000702600000, 0x0000000800000000)
  region size 2048K, 4 young (8192K), 1 survivors (2048K)
 Metaspace       used 34793K, committed 35008K, reserved 1114112K
  class space    used 3769K, committed 3904K, reserved 1048576K
}
Event: 12.605 GC heap after
{Heap after GC invocations=13 (full 0):
 garbage-first heap   total 49152K, used 31221K [0x0000000702600000, 0x0000000800000000)
  region size 2048K, 1 young (2048K), 1 survivors (2048K)
 Metaspace       used 34793K, committed 35008K, reserved 1114112K
  class space    used 3769K, committed 3904K, reserved 1048576K
}
Event: 13.829 GC heap before
{Heap before GC invocations=14 (full 0):
 garbage-first heap   total 51200K, used 31221K [0x0000000702600000, 0x0000000800000000)
  region size 2048K, 4 young (8192K), 1 survivors (2048K)
 Metaspace       used 34946K, committed 35136K, reserved 1114112K
  class space    used 3770K, committed 3904K, reserved 1048576K
}
Event: 13.830 GC heap after
{Heap after GC invocations=15 (full 0):
 garbage-first heap   total 51200K, used 24930K [0x0000000702600000, 0x0000000800000000)
  region size 2048K, 1 young (2048K), 1 survivors (2048K)
 Metaspace       used 34946K, committed 35136K, reserved 1114112K
  class space    used 3770K, committed 3904K, reserved 1048576K
}
Event: 15.744 GC heap before
{Heap before GC invocations=15 (full 0):
 garbage-first heap   total 51200K, used 37218K [0x0000000702600000, 0x0000000800000000)
  region size 2048K, 7 young (14336K), 1 survivors (2048K)
 Metaspace       used 35224K, committed 35456K, reserved 1114112K
  class space    used 3783K, committed 3904K, reserved 1048576K
}
Event: 15.746 GC heap after
{Heap after GC invocations=16 (full 0):
 garbage-first heap   total 51200K, used 25597K [0x0000000702600000, 0x0000000800000000)
  region size 2048K, 1 young (2048K), 1 survivors (2048K)
 Metaspace       used 35224K, committed 35456K, reserved 1114112K
  class space    used 3783K, committed 3904K, reserved 1048576K
}
Event: 17.789 GC heap before
{Heap before GC invocations=17 (full 0):
 garbage-first heap   total 51200K, used 37885K [0x0000000702600000, 0x0000000800000000)
  region size 2048K, 7 young (14336K), 1 survivors (2048K)
 Metaspace       used 35307K, committed 35584K, reserved 1114112K
  class space    used 3784K, committed 3904K, reserved 1048576K
}
Event: 17.792 GC heap after
{Heap after GC invocations=18 (full 0):
 garbage-first heap   total 51200K, used 25627K [0x0000000702600000, 0x0000000800000000)
  region size 2048K, 1 young (2048K), 1 survivors (2048K)
 Metaspace       used 35307K, committed 35584K, reserved 1114112K
  class space    used 3784K, committed 3904K, reserved 1048576K
}
Event: 18.424 GC heap before
{Heap before GC invocations=18 (full 0):
 garbage-first heap   total 51200K, used 27675K [0x0000000702600000, 0x0000000800000000)
  region size 2048K, 2 young (4096K), 1 survivors (2048K)
 Metaspace       used 35307K, committed 35584K, reserved 1114112K
  class space    used 3784K, committed 3904K, reserved 1048576K
}
Event: 18.428 GC heap after
{Heap after GC invocations=19 (full 0):
 garbage-first heap   total 51200K, used 24794K [0x0000000702600000, 0x0000000800000000)
  region size 2048K, 1 young (2048K), 1 survivors (2048K)
 Metaspace       used 35307K, committed 35584K, reserved 1114112K
  class space    used 3784K, committed 3904K, reserved 1048576K
}
Event: 22.780 GC heap before
{Heap before GC invocations=19 (full 0):
 garbage-first heap   total 51200K, used 39130K [0x0000000702600000, 0x0000000800000000)
  region size 2048K, 8 young (16384K), 1 survivors (2048K)
 Metaspace       used 35314K, committed 35584K, reserved 1114112K
  class space    used 3784K, committed 3904K, reserved 1048576K
}
Event: 22.782 GC heap after
{Heap after GC invocations=20 (full 0):
 garbage-first heap   total 51200K, used 24850K [0x0000000702600000, 0x0000000800000000)
  region size 2048K, 1 young (2048K), 1 survivors (2048K)
 Metaspace       used 35314K, committed 35584K, reserved 1114112K
  class space    used 3784K, committed 3904K, reserved 1048576K
}
Event: 26.614 GC heap before
{Heap before GC invocations=21 (full 0):
 garbage-first heap   total 51200K, used 39186K [0x0000000702600000, 0x0000000800000000)
  region size 2048K, 8 young (16384K), 1 survivors (2048K)
 Metaspace       used 35317K, committed 35584K, reserved 1114112K
  class space    used 3784K, committed 3904K, reserved 1048576K
}
Event: 26.617 GC heap after
{Heap after GC invocations=22 (full 0):
 garbage-first heap   total 51200K, used 24819K [0x0000000702600000, 0x0000000800000000)
  region size 2048K, 1 young (2048K), 1 survivors (2048K)
 Metaspace       used 35317K, committed 35584K, reserved 1114112K
  class space    used 3784K, committed 3904K, reserved 1048576K
}
Event: 31.526 GC heap before
{Heap before GC invocations=22 (full 0):
 garbage-first heap   total 51200K, used 41203K [0x0000000702600000, 0x0000000800000000)
  region size 2048K, 9 young (18432K), 1 survivors (2048K)
 Metaspace       used 35321K, committed 35584K, reserved 1114112K
  class space    used 3784K, committed 3904K, reserved 1048576K
}
Event: 31.528 GC heap after
{Heap after GC invocations=23 (full 0):
 garbage-first heap   total 51200K, used 24807K [0x0000000702600000, 0x0000000800000000)
  region size 2048K, 1 young (2048K), 1 survivors (2048K)
 Metaspace       used 35321K, committed 35584K, reserved 1114112K
  class space    used 3784K, committed 3904K, reserved 1048576K
}
Event: 32.087 GC heap before
{Heap before GC invocations=24 (full 0):
 garbage-first heap   total 51200K, used 26855K [0x0000000702600000, 0x0000000800000000)
  region size 2048K, 3 young (6144K), 1 survivors (2048K)
 Metaspace       used 35321K, committed 35584K, reserved 1114112K
  class space    used 3784K, committed 3904K, reserved 1048576K
}
Event: 32.129 GC heap after
{Heap after GC invocations=25 (full 1):
 garbage-first heap   total 51200K, used 24132K [0x0000000702600000, 0x0000000800000000)
  region size 2048K, 0 young (0K), 0 survivors (0K)
 Metaspace       used 35321K, committed 35584K, reserved 1114112K
  class space    used 3784K, committed 3904K, reserved 1048576K
}

