# JRE version: OpenJDK Runtime Environment Corretto-17.0.7.7.1 (17.0.7+7) (build 17.0.7+7-LTS)
# Java VM: OpenJDK 64-Bit Server VM Corretto-17.0.7.7.1 (17.0.7+7-LTS, mixed mode, sharing, tiered, compressed oops, compressed class ptrs, g1 gc, windows-amd64)
GC Precious Log:
 CPUs: 4 total, 4 available
 Memory: 16224M
 Large Page Support: Disabled
 NUMA Support: Disabled
 Compressed Oops: Enabled (Zero based)
 Heap Region Size: 2M
 Heap Min Capacity: 8M
 Heap Initial Capacity: 254M
 Heap Max Capacity: 4058M
 Pre-touch: Disabled
 Parallel Workers: 4
 Concurrent Workers: 1
 Concurrent Refinement Workers: 4
 Periodic GC: Disabled
Heap:
 garbage-first heap   total 90112K, used 42603K [0x0000000702600000, 0x0000000800000000)
  region size 2048K, 10 young (20480K), 0 survivors (0K)
 Metaspace       used 35422K, committed 35648K, reserved 1114112K
  class space    used 3775K, committed 3904K, reserved 1048576K
GC Heap History (20 events):
Event: 2.871 GC heap before
{Heap before GC invocations=2 (full 0):
 garbage-first heap   total 260096K, used 34899K [0x0000000702600000, 0x0000000800000000)
  region size 2048K, 14 young (28672K), 1 survivors (2048K)
 Metaspace       used 14322K, committed 14528K, reserved 1114112K
  class space    used 1467K, committed 1536K, reserved 1048576K
}
Event: 2.874 GC heap after
{Heap after GC invocations=3 (full 0):
 garbage-first heap   total 260096K, used 9821K [0x0000000702600000, 0x0000000800000000)
  region size 2048K, 2 young (4096K), 2 survivors (4096K)
 Metaspace       used 14322K, committed 14528K, reserved 1114112K
  class space    used 1467K, committed 1536K, reserved 1048576K
}
Event: 4.271 GC heap before
{Heap before GC invocations=3 (full 0):
 garbage-first heap   total 260096K, used 46685K [0x0000000702600000, 0x0000000800000000)
  region size 2048K, 21 young (43008K), 2 survivors (4096K)
 Metaspace       used 21349K, committed 21504K, reserved 1114112K
  class space    used 2279K, committed 2368K, reserved 1048576K
}
Event: 4.276 GC heap after
{Heap after GC invocations=4 (full 0):
 garbage-first heap   total 260096K, used 11305K [0x0000000702600000, 0x0000000800000000)
  region size 2048K, 2 young (4096K), 2 survivors (4096K)
 Metaspace       used 21349K, committed 21504K, reserved 1114112K
  class space    used 2279K, committed 2368K, reserved 1048576K
}
Event: 5.846 GC heap before
{Heap before GC invocations=5 (full 0):
 garbage-first heap   total 49152K, used 37929K [0x0000000702600000, 0x0000000800000000)
  region size 2048K, 10 young (20480K), 2 survivors (4096K)
 Metaspace       used 24167K, committed 24384K, reserved 1114112K
  class space    used 2617K, committed 2752K, reserved 1048576K
}
Event: 5.851 GC heap after
{Heap after GC invocations=6 (full 0):
 garbage-first heap   total 49152K, used 23927K [0x0000000702600000, 0x0000000800000000)
  region size 2048K, 1 young (2048K), 1 survivors (2048K)
 Metaspace       used 24167K, committed 24384K, reserved 1114112K
  class space    used 2617K, committed 2752K, reserved 1048576K
}
Event: 5.899 GC heap before
{Heap before GC invocations=6 (full 0):
 garbage-first heap   total 49152K, used 23927K [0x0000000702600000, 0x0000000800000000)
  region size 2048K, 2 young (4096K), 1 survivors (2048K)
 Metaspace       used 24481K, committed 24640K, reserved 1114112K
  class space    used 2660K, committed 2752K, reserved 1048576K
}
Event: 5.902 GC heap after
{Heap after GC invocations=7 (full 0):
 garbage-first heap   total 49152K, used 18559K [0x0000000702600000, 0x0000000800000000)
  region size 2048K, 1 young (2048K), 1 survivors (2048K)
 Metaspace       used 24481K, committed 24640K, reserved 1114112K
  class space    used 2660K, committed 2752K, reserved 1048576K
}
Event: 6.152 GC heap before
{Heap before GC invocations=7 (full 0):
 garbage-first heap   total 49152K, used 32895K [0x0000000702600000, 0x0000000800000000)
  region size 2048K, 8 young (16384K), 1 survivors (2048K)
 Metaspace       used 26721K, committed 26880K, reserved 1114112K
  class space    used 2935K, committed 3008K, reserved 1048576K
}
Event: 6.156 GC heap after
{Heap after GC invocations=8 (full 0):
 garbage-first heap   total 49152K, used 19855K [0x0000000702600000, 0x0000000800000000)
  region size 2048K, 1 young (2048K), 1 survivors (2048K)
 Metaspace       used 26721K, committed 26880K, reserved 1114112K
  class space    used 2935K, committed 3008K, reserved 1048576K
}
Event: 6.494 GC heap before
{Heap before GC invocations=8 (full 0):
 garbage-first heap   total 49152K, used 34191K [0x0000000702600000, 0x0000000800000000)
  region size 2048K, 8 young (16384K), 1 survivors (2048K)
 Metaspace       used 29862K, committed 30144K, reserved 1114112K
  class space    used 3314K, committed 3456K, reserved 1048576K
}
Event: 6.498 GC heap after
{Heap after GC invocations=9 (full 0):
 garbage-first heap   total 49152K, used 20932K [0x0000000702600000, 0x0000000800000000)
  region size 2048K, 1 young (2048K), 1 survivors (2048K)
 Metaspace       used 29862K, committed 30144K, reserved 1114112K
  class space    used 3314K, committed 3456K, reserved 1048576K
}
Event: 6.721 GC heap before
{Heap before GC invocations=9 (full 0):
 garbage-first heap   total 49152K, used 35268K [0x0000000702600000, 0x0000000800000000)
  region size 2048K, 8 young (16384K), 1 survivors (2048K)
 Metaspace       used 32246K, committed 32448K, reserved 1114112K
  class space    used 3603K, committed 3712K, reserved 1048576K
}
Event: 6.724 GC heap after
{Heap after GC invocations=10 (full 0):
 garbage-first heap   total 155648K, used 21449K [0x0000000702600000, 0x0000000800000000)
  region size 2048K, 1 young (2048K), 1 survivors (2048K)
 Metaspace       used 32246K, committed 32448K, reserved 1114112K
  class space    used 3603K, committed 3712K, reserved 1048576K
}
Event: 32.306 GC heap before
{Heap before GC invocations=10 (full 0):
 garbage-first heap   total 155648K, used 103369K [0x0000000702600000, 0x0000000800000000)
  region size 2048K, 38 young (77824K), 1 survivors (2048K)
 Metaspace       used 35278K, committed 35520K, reserved 1114112K
  class space    used 3760K, committed 3904K, reserved 1048576K
}
Event: 32.336 GC heap after
{Heap after GC invocations=11 (full 1):
 garbage-first heap   total 90112K, used 24390K [0x0000000702600000, 0x0000000800000000)
  region size 2048K, 0 young (0K), 0 survivors (0K)
 Metaspace       used 35278K, committed 35520K, reserved 1114112K
  class space    used 3760K, committed 3904K, reserved 1048576K
}
Event: 52.689 GC heap before
{Heap before GC invocations=11 (full 1):
 garbage-first heap   total 90112K, used 67398K [0x0000000702600000, 0x0000000800000000)
  region size 2048K, 21 young (43008K), 0 survivors (0K)
 Metaspace       used 35295K, committed 35520K, reserved 1114112K
  class space    used 3760K, committed 3904K, reserved 1048576K
}
Event: 52.690 GC heap after
{Heap after GC invocations=12 (full 1):
 garbage-first heap   total 90112K, used 24660K [0x0000000702600000, 0x0000000800000000)
  region size 2048K, 1 young (2048K), 1 survivors (2048K)
 Metaspace       used 35295K, committed 35520K, reserved 1114112K
  class space    used 3760K, committed 3904K, reserved 1048576K
}
Event: 62.402 GC heap before
{Heap before GC invocations=12 (full 1):
 garbage-first heap   total 90112K, used 43092K [0x0000000702600000, 0x0000000800000000)
  region size 2048K, 11 young (22528K), 1 survivors (2048K)
 Metaspace       used 35315K, committed 35520K, reserved 1114112K
  class space    used 3761K, committed 3904K, reserved 1048576K
}
Event: 62.430 GC heap after
{Heap after GC invocations=13 (full 2):
 garbage-first heap   total 90112K, used 24171K [0x0000000702600000, 0x0000000800000000)
  region size 2048K, 0 young (0K), 0 survivors (0K)
 Metaspace       used 35315K, committed 35520K, reserved 1114112K
  class space    used 3761K, committed 3904K, reserved 1048576K
}

