# JRE version: OpenJDK Runtime Environment Corretto-17.0.7.7.1 (17.0.7+7) (build 17.0.7+7-LTS)
# Java VM: OpenJDK 64-Bit Server VM Corretto-17.0.7.7.1 (17.0.7+7-LTS, mixed mode, sharing, tiered, compressed oops, compressed class ptrs, g1 gc, windows-amd64)
GC Precious Log:
 CPUs: 4 total, 4 available
 Memory: 16224M
 Large Page Support: Disabled
 NUMA Support: Disabled
 Compressed Oops: Enabled (Zero based)
 Heap Region Size: 2M
 Heap Min Capacity: 8M
 Heap Initial Capacity: 254M
 Heap Max Capacity: 4058M
 Pre-touch: Disabled
 Parallel Workers: 4
 Concurrent Workers: 1
 Concurrent Refinement Workers: 4
 Periodic GC: Disabled
Heap:
 garbage-first heap   total 155648K, used 78277K [0x0000000702600000, 0x0000000800000000)
  region size 2048K, 26 young (53248K), 1 survivors (2048K)
 Metaspace       used 34423K, committed 34624K, reserved 1114112K
  class space    used 3725K, committed 3840K, reserved 1048576K
GC Heap History (18 events):
Event: 0.469 GC heap before
{Heap before GC invocations=0 (full 0):
 garbage-first heap   total 260096K, used 12288K [0x0000000702600000, 0x0000000800000000)
  region size 2048K, 6 young (12288K), 0 survivors (0K)
 Metaspace       used 1754K, committed 1856K, reserved 1114112K
  class space    used 161K, committed 192K, reserved 1048576K
}
Event: 0.473 GC heap after
{Heap after GC invocations=1 (full 0):
 garbage-first heap   total 260096K, used 7261K [0x0000000702600000, 0x0000000800000000)
  region size 2048K, 1 young (2048K), 1 survivors (2048K)
 Metaspace       used 1754K, committed 1856K, reserved 1114112K
  class space    used 161K, committed 192K, reserved 1048576K
}
Event: 0.764 GC heap before
{Heap before GC invocations=1 (full 0):
 garbage-first heap   total 260096K, used 15453K [0x0000000702600000, 0x0000000800000000)
  region size 2048K, 6 young (12288K), 1 survivors (2048K)
 Metaspace       used 5816K, committed 6016K, reserved 1114112K
  class space    used 468K, committed 576K, reserved 1048576K
}
Event: 0.767 GC heap after
{Heap after GC invocations=2 (full 0):
 garbage-first heap   total 260096K, used 7858K [0x0000000702600000, 0x0000000800000000)
  region size 2048K, 1 young (2048K), 1 survivors (2048K)
 Metaspace       used 5816K, committed 6016K, reserved 1114112K
  class space    used 468K, committed 576K, reserved 1048576K
}
Event: 1.872 GC heap before
{Heap before GC invocations=2 (full 0):
 garbage-first heap   total 260096K, used 32434K [0x0000000702600000, 0x0000000800000000)
  region size 2048K, 14 young (28672K), 1 survivors (2048K)
 Metaspace       used 13965K, committed 14208K, reserved 1114112K
  class space    used 1433K, committed 1536K, reserved 1048576K
}
Event: 1.877 GC heap after
{Heap after GC invocations=3 (full 0):
 garbage-first heap   total 260096K, used 9749K [0x0000000702600000, 0x0000000800000000)
  region size 2048K, 2 young (4096K), 2 survivors (4096K)
 Metaspace       used 13965K, committed 14208K, reserved 1114112K
  class space    used 1433K, committed 1536K, reserved 1048576K
}
Event: 3.146 GC heap before
{Heap before GC invocations=3 (full 0):
 garbage-first heap   total 260096K, used 46613K [0x0000000702600000, 0x0000000800000000)
  region size 2048K, 21 young (43008K), 2 survivors (4096K)
 Metaspace       used 21329K, committed 21504K, reserved 1114112K
  class space    used 2278K, committed 2368K, reserved 1048576K
}
Event: 3.150 GC heap after
{Heap after GC invocations=4 (full 0):
 garbage-first heap   total 260096K, used 11262K [0x0000000702600000, 0x0000000800000000)
  region size 2048K, 2 young (4096K), 2 survivors (4096K)
 Metaspace       used 21329K, committed 21504K, reserved 1114112K
  class space    used 2278K, committed 2368K, reserved 1048576K
}
Event: 48.063 GC heap before
{Heap before GC invocations=5 (full 0):
 garbage-first heap   total 49152K, used 37886K [0x0000000702600000, 0x0000000800000000)
  region size 2048K, 10 young (20480K), 2 survivors (4096K)
 Metaspace       used 23995K, committed 24256K, reserved 1114112K
  class space    used 2584K, committed 2688K, reserved 1048576K
}
Event: 48.068 GC heap after
{Heap after GC invocations=6 (full 0):
 garbage-first heap   total 49152K, used 24156K [0x0000000702600000, 0x0000000800000000)
  region size 2048K, 2 young (4096K), 2 survivors (4096K)
 Metaspace       used 23995K, committed 24256K, reserved 1114112K
  class space    used 2584K, committed 2688K, reserved 1048576K
}
Event: 48.098 GC heap before
{Heap before GC invocations=6 (full 0):
 garbage-first heap   total 49152K, used 26204K [0x0000000702600000, 0x0000000800000000)
  region size 2048K, 3 young (6144K), 2 survivors (4096K)
 Metaspace       used 24378K, committed 24640K, reserved 1114112K
  class space    used 2631K, committed 2752K, reserved 1048576K
}
Event: 48.102 GC heap after
{Heap after GC invocations=7 (full 0):
 garbage-first heap   total 49152K, used 18056K [0x0000000702600000, 0x0000000800000000)
  region size 2048K, 1 young (2048K), 1 survivors (2048K)
 Metaspace       used 24378K, committed 24640K, reserved 1114112K
  class space    used 2631K, committed 2752K, reserved 1048576K
}
Event: 48.350 GC heap before
{Heap before GC invocations=7 (full 0):
 garbage-first heap   total 49152K, used 32392K [0x0000000702600000, 0x0000000800000000)
  region size 2048K, 8 young (16384K), 1 survivors (2048K)
 Metaspace       used 26677K, committed 26880K, reserved 1114112K
  class space    used 2922K, committed 3008K, reserved 1048576K
}
Event: 48.352 GC heap after
{Heap after GC invocations=8 (full 0):
 garbage-first heap   total 49152K, used 18977K [0x0000000702600000, 0x0000000800000000)
  region size 2048K, 1 young (2048K), 1 survivors (2048K)
 Metaspace       used 26677K, committed 26880K, reserved 1114112K
  class space    used 2922K, committed 3008K, reserved 1048576K
}
Event: 48.728 GC heap before
{Heap before GC invocations=8 (full 0):
 garbage-first heap   total 49152K, used 33313K [0x0000000702600000, 0x0000000800000000)
  region size 2048K, 8 young (16384K), 1 survivors (2048K)
 Metaspace       used 29593K, committed 29824K, reserved 1114112K
  class space    used 3280K, committed 3392K, reserved 1048576K
}
Event: 48.733 GC heap after
{Heap after GC invocations=9 (full 0):
 garbage-first heap   total 49152K, used 20422K [0x0000000702600000, 0x0000000800000000)
  region size 2048K, 1 young (2048K), 1 survivors (2048K)
 Metaspace       used 29593K, committed 29824K, reserved 1114112K
  class space    used 3280K, committed 3392K, reserved 1048576K
}
Event: 48.937 GC heap before
{Heap before GC invocations=9 (full 0):
 garbage-first heap   total 49152K, used 34758K [0x0000000702600000, 0x0000000800000000)
  region size 2048K, 8 young (16384K), 1 survivors (2048K)
 Metaspace       used 32038K, committed 32192K, reserved 1114112K
  class space    used 3561K, committed 3648K, reserved 1048576K
}
Event: 48.941 GC heap after
{Heap after GC invocations=10 (full 0):
 garbage-first heap   total 155648K, used 20933K [0x0000000702600000, 0x0000000800000000)
  region size 2048K, 1 young (2048K), 1 survivors (2048K)
 Metaspace       used 32038K, committed 32192K, reserved 1114112K
  class space    used 3561K, committed 3648K, reserved 1048576K
}

