# JRE version: OpenJDK Runtime Environment JBR-17.0.7+7-1000.5-nomod (17.0.7+7) (build 17.0.7+7-b1000.5)
# Java VM: OpenJDK 64-Bit Server VM JBR-17.0.7+7-1000.5-nomod (17.0.7+7-b1000.5, mixed mode, tiered, compressed oops, compressed class ptrs, g1 gc, windows-amd64)
GC Precious Log:
 CPUs: 4 total, 4 available
 Memory: 16224M
 Large Page Support: Disabled
 NUMA Support: Disabled
 Compressed Oops: Enabled (Zero based)
 Heap Region Size: 2M
 Heap Min Capacity: 8M
 Heap Initial Capacity: 254M
 Heap Max Capacity: 4058M
 Pre-touch: Disabled
 Parallel Workers: 4
 Concurrent Workers: 1
 Concurrent Refinement Workers: 4
 Periodic GC: Disabled
Heap:
 garbage-first heap   total 157696K, used 82399K [0x0000000702600000, 0x0000000800000000)
  region size 2048K, 28 young (57344K), 1 survivors (2048K)
 Metaspace       used 43283K, committed 43584K, reserved 1114112K
  class space    used 4658K, committed 4800K, reserved 1048576K
GC Heap History (18 events):
Event: 0.639 GC heap before
{Heap before GC invocations=0 (full 0):
 garbage-first heap   total 260096K, used 12288K [0x0000000702600000, 0x0000000800000000)
  region size 2048K, 6 young (12288K), 0 survivors (0K)
 Metaspace       used 8857K, committed 8960K, reserved 1114112K
  class space    used 794K, committed 832K, reserved 1048576K
}
Event: 0.650 GC heap after
{Heap after GC invocations=1 (full 0):
 garbage-first heap   total 260096K, used 7192K [0x0000000702600000, 0x0000000800000000)
  region size 2048K, 1 young (2048K), 1 survivors (2048K)
 Metaspace       used 8857K, committed 8960K, reserved 1114112K
  class space    used 794K, committed 832K, reserved 1048576K
}
Event: 1.101 GC heap before
{Heap before GC invocations=1 (full 0):
 garbage-first heap   total 260096K, used 15384K [0x0000000702600000, 0x0000000800000000)
  region size 2048K, 6 young (12288K), 1 survivors (2048K)
 Metaspace       used 13645K, committed 13824K, reserved 1114112K
  class space    used 1194K, committed 1280K, reserved 1048576K
}
Event: 1.104 GC heap after
{Heap after GC invocations=2 (full 0):
 garbage-first heap   total 260096K, used 8143K [0x0000000702600000, 0x0000000800000000)
  region size 2048K, 1 young (2048K), 1 survivors (2048K)
 Metaspace       used 13645K, committed 13824K, reserved 1114112K
  class space    used 1194K, committed 1280K, reserved 1048576K
}
Event: 2.087 GC heap before
{Heap before GC invocations=2 (full 0):
 garbage-first heap   total 260096K, used 30671K [0x0000000702600000, 0x0000000800000000)
  region size 2048K, 13 young (26624K), 1 survivors (2048K)
 Metaspace       used 21343K, committed 21504K, reserved 1114112K
  class space    used 2156K, committed 2240K, reserved 1048576K
}
Event: 2.090 GC heap after
{Heap after GC invocations=3 (full 0):
 garbage-first heap   total 260096K, used 9359K [0x0000000702600000, 0x0000000800000000)
  region size 2048K, 2 young (4096K), 2 survivors (4096K)
 Metaspace       used 21343K, committed 21504K, reserved 1114112K
  class space    used 2156K, committed 2240K, reserved 1048576K
}
Event: 2.768 GC heap before
{Heap before GC invocations=4 (full 0):
 garbage-first heap   total 55296K, used 38031K [0x0000000702600000, 0x0000000800000000)
  region size 2048K, 16 young (32768K), 2 survivors (4096K)
 Metaspace       used 27981K, committed 28288K, reserved 1114112K
  class space    used 2967K, committed 3136K, reserved 1048576K
}
Event: 2.773 GC heap after
{Heap after GC invocations=5 (full 0):
 garbage-first heap   total 55296K, used 10743K [0x0000000702600000, 0x0000000800000000)
  region size 2048K, 2 young (4096K), 2 survivors (4096K)
 Metaspace       used 27981K, committed 28288K, reserved 1114112K
  class space    used 2967K, committed 3136K, reserved 1048576K
}
Event: 2.810 GC heap before
{Heap before GC invocations=5 (full 0):
 garbage-first heap   total 55296K, used 10743K [0x0000000702600000, 0x0000000800000000)
  region size 2048K, 3 young (6144K), 2 survivors (4096K)
 Metaspace       used 28408K, committed 28672K, reserved 1114112K
  class space    used 3013K, committed 3136K, reserved 1048576K
}
Event: 2.813 GC heap after
{Heap after GC invocations=6 (full 0):
 garbage-first heap   total 55296K, used 11032K [0x0000000702600000, 0x0000000800000000)
  region size 2048K, 1 young (2048K), 1 survivors (2048K)
 Metaspace       used 28408K, committed 28672K, reserved 1114112K
  class space    used 3013K, committed 3136K, reserved 1048576K
}
Event: 25.129 GC heap before
{Heap before GC invocations=6 (full 0):
 garbage-first heap   total 55296K, used 41752K [0x0000000702600000, 0x0000000800000000)
  region size 2048K, 13 young (26624K), 1 survivors (2048K)
 Metaspace       used 33606K, committed 33920K, reserved 1114112K
  class space    used 3615K, committed 3776K, reserved 1048576K
}
Event: 25.132 GC heap after
{Heap after GC invocations=7 (full 0):
 garbage-first heap   total 55296K, used 17852K [0x0000000702600000, 0x0000000800000000)
  region size 2048K, 1 young (2048K), 1 survivors (2048K)
 Metaspace       used 33606K, committed 33920K, reserved 1114112K
  class space    used 3615K, committed 3776K, reserved 1048576K
}
Event: 25.425 GC heap before
{Heap before GC invocations=7 (full 0):
 garbage-first heap   total 55296K, used 30140K [0x0000000702600000, 0x0000000800000000)
  region size 2048K, 8 young (16384K), 1 survivors (2048K)
 Metaspace       used 35790K, committed 35968K, reserved 1114112K
  class space    used 3900K, committed 3968K, reserved 1048576K
}
Event: 25.430 GC heap after
{Heap after GC invocations=8 (full 0):
 garbage-first heap   total 55296K, used 19373K [0x0000000702600000, 0x0000000800000000)
  region size 2048K, 2 young (4096K), 2 survivors (4096K)
 Metaspace       used 35790K, committed 35968K, reserved 1114112K
  class space    used 3900K, committed 3968K, reserved 1048576K
}
Event: 25.815 GC heap before
{Heap before GC invocations=9 (full 0):
 garbage-first heap   total 55296K, used 35757K [0x0000000702600000, 0x0000000800000000)
  region size 2048K, 10 young (20480K), 2 survivors (4096K)
 Metaspace       used 39786K, committed 40064K, reserved 1114112K
  class space    used 4369K, committed 4480K, reserved 1048576K
}
Event: 25.819 GC heap after
{Heap after GC invocations=10 (full 0):
 garbage-first heap   total 55296K, used 20117K [0x0000000702600000, 0x0000000800000000)
  region size 2048K, 2 young (4096K), 2 survivors (4096K)
 Metaspace       used 39786K, committed 40064K, reserved 1114112K
  class space    used 4369K, committed 4480K, reserved 1048576K
}
Event: 26.187 GC heap before
{Heap before GC invocations=10 (full 0):
 garbage-first heap   total 55296K, used 30357K [0x0000000702600000, 0x0000000800000000)
  region size 2048K, 8 young (16384K), 2 survivors (4096K)
 Metaspace       used 41877K, committed 42112K, reserved 1114112K
  class space    used 4623K, committed 4736K, reserved 1048576K
}
Event: 26.191 GC heap after
{Heap after GC invocations=11 (full 0):
 garbage-first heap   total 157696K, used 20959K [0x0000000702600000, 0x0000000800000000)
  region size 2048K, 1 young (2048K), 1 survivors (2048K)
 Metaspace       used 41877K, committed 42112K, reserved 1114112K
  class space    used 4623K, committed 4736K, reserved 1048576K
}

