# JRE version: OpenJDK Runtime Environment Corretto-17.0.7.7.1 (17.0.7+7) (build 17.0.7+7-LTS)
# Java VM: OpenJDK 64-Bit Server VM Corretto-17.0.7.7.1 (17.0.7+7-LTS, mixed mode, sharing, tiered, compressed oops, compressed class ptrs, g1 gc, windows-amd64)
GC Precious Log:
 CPUs: 4 total, 4 available
 Memory: 16224M
 Large Page Support: Disabled
 NUMA Support: Disabled
 Compressed Oops: Enabled (Zero based)
 Heap Region Size: 2M
 Heap Min Capacity: 8M
 Heap Initial Capacity: 254M
 Heap Max Capacity: 4058M
 Pre-touch: Disabled
 Parallel Workers: 4
 Concurrent Workers: 1
 Concurrent Refinement Workers: 4
 Periodic GC: Disabled
Heap:
 garbage-first heap   total 81920K, used 36087K [0x0000000702600000, 0x0000000800000000)
  region size 2048K, 7 young (14336K), 0 survivors (0K)
 Metaspace       used 34989K, committed 35200K, reserved 1114112K
  class space    used 3755K, committed 3840K, reserved 1048576K
GC Heap History (20 events):
Event: 3.588 GC heap before
{Heap before GC invocations=3 (full 0):
 garbage-first heap   total 260096K, used 46411K [0x0000000702600000, 0x0000000800000000)
  region size 2048K, 20 young (40960K), 1 survivors (2048K)
 Metaspace       used 21347K, committed 21504K, reserved 1114112K
  class space    used 2284K, committed 2368K, reserved 1048576K
}
Event: 3.593 GC heap after
{Heap after GC invocations=4 (full 0):
 garbage-first heap   total 260096K, used 11114K [0x0000000702600000, 0x0000000800000000)
  region size 2048K, 2 young (4096K), 2 survivors (4096K)
 Metaspace       used 21347K, committed 21504K, reserved 1114112K
  class space    used 2284K, committed 2368K, reserved 1048576K
}
Event: 5.631 GC heap before
{Heap before GC invocations=5 (full 0):
 garbage-first heap   total 55296K, used 43882K [0x0000000702600000, 0x0000000800000000)
  region size 2048K, 13 young (26624K), 2 survivors (4096K)
 Metaspace       used 25140K, committed 25280K, reserved 1114112K
  class space    used 2727K, committed 2816K, reserved 1048576K
}
Event: 5.639 GC heap after
{Heap after GC invocations=6 (full 0):
 garbage-first heap   total 55296K, used 24650K [0x0000000702600000, 0x0000000800000000)
  region size 2048K, 2 young (4096K), 2 survivors (4096K)
 Metaspace       used 25140K, committed 25280K, reserved 1114112K
  class space    used 2727K, committed 2816K, reserved 1048576K
}
Event: 5.681 GC heap before
{Heap before GC invocations=6 (full 0):
 garbage-first heap   total 55296K, used 24650K [0x0000000702600000, 0x0000000800000000)
  region size 2048K, 3 young (6144K), 2 survivors (4096K)
 Metaspace       used 25348K, committed 25600K, reserved 1114112K
  class space    used 2742K, committed 2880K, reserved 1048576K
}
Event: 5.685 GC heap after
{Heap after GC invocations=7 (full 0):
 garbage-first heap   total 55296K, used 19070K [0x0000000702600000, 0x0000000800000000)
  region size 2048K, 1 young (2048K), 1 survivors (2048K)
 Metaspace       used 25348K, committed 25600K, reserved 1114112K
  class space    used 2742K, committed 2880K, reserved 1048576K
}
Event: 6.212 GC heap before
{Heap before GC invocations=7 (full 0):
 garbage-first heap   total 55296K, used 37502K [0x0000000702600000, 0x0000000800000000)
  region size 2048K, 10 young (20480K), 1 survivors (2048K)
 Metaspace       used 29036K, committed 29248K, reserved 1114112K
  class space    used 3224K, committed 3328K, reserved 1048576K
}
Event: 6.214 GC heap after
{Heap after GC invocations=8 (full 0):
 garbage-first heap   total 55296K, used 20133K [0x0000000702600000, 0x0000000800000000)
  region size 2048K, 1 young (2048K), 1 survivors (2048K)
 Metaspace       used 29036K, committed 29248K, reserved 1114112K
  class space    used 3224K, committed 3328K, reserved 1048576K
}
Event: 6.568 GC heap before
{Heap before GC invocations=8 (full 0):
 garbage-first heap   total 55296K, used 38565K [0x0000000702600000, 0x0000000800000000)
  region size 2048K, 11 young (22528K), 1 survivors (2048K)
 Metaspace       used 32644K, committed 32896K, reserved 1114112K
  class space    used 3648K, committed 3776K, reserved 1048576K
}
Event: 6.571 GC heap after
{Heap after GC invocations=9 (full 0):
 garbage-first heap   total 55296K, used 21232K [0x0000000702600000, 0x0000000800000000)
  region size 2048K, 2 young (4096K), 2 survivors (4096K)
 Metaspace       used 32644K, committed 32896K, reserved 1114112K
  class space    used 3648K, committed 3776K, reserved 1048576K
}
Event: 6.674 GC heap before
{Heap before GC invocations=9 (full 0):
 garbage-first heap   total 55296K, used 23280K [0x0000000702600000, 0x0000000800000000)
  region size 2048K, 4 young (8192K), 2 survivors (4096K)
 Metaspace       used 33035K, committed 33216K, reserved 1114112K
  class space    used 3694K, committed 3776K, reserved 1048576K
}
Event: 6.677 GC heap after
{Heap after GC invocations=10 (full 0):
 garbage-first heap   total 55296K, used 21370K [0x0000000702600000, 0x0000000800000000)
  region size 2048K, 1 young (2048K), 1 survivors (2048K)
 Metaspace       used 33035K, committed 33216K, reserved 1114112K
  class space    used 3694K, committed 3776K, reserved 1048576K
}
Event: 18.193 GC heap before
{Heap before GC invocations=10 (full 0):
 garbage-first heap   total 55296K, used 47994K [0x0000000702600000, 0x0000000800000000)
  region size 2048K, 11 young (22528K), 1 survivors (2048K)
 Metaspace       used 33881K, committed 34112K, reserved 1114112K
  class space    used 3707K, committed 3840K, reserved 1048576K
}
Event: 18.197 GC heap after
{Heap after GC invocations=11 (full 0):
 garbage-first heap   total 157696K, used 30367K [0x0000000702600000, 0x0000000800000000)
  region size 2048K, 2 young (4096K), 2 survivors (4096K)
 Metaspace       used 33881K, committed 34112K, reserved 1114112K
  class space    used 3707K, committed 3840K, reserved 1048576K
}
Event: 31.843 GC heap before
{Heap before GC invocations=11 (full 0):
 garbage-first heap   total 157696K, used 50847K [0x0000000702600000, 0x0000000800000000)
  region size 2048K, 13 young (26624K), 2 survivors (4096K)
 Metaspace       used 33924K, committed 34176K, reserved 1114112K
  class space    used 3708K, committed 3840K, reserved 1048576K
}
Event: 31.864 GC heap after
{Heap after GC invocations=12 (full 1):
 garbage-first heap   total 81920K, used 23586K [0x0000000702600000, 0x0000000800000000)
  region size 2048K, 0 young (0K), 0 survivors (0K)
 Metaspace       used 33924K, committed 34176K, reserved 1114112K
  class space    used 3708K, committed 3840K, reserved 1048576K
}
Event: 52.272 GC heap before
{Heap before GC invocations=12 (full 1):
 garbage-first heap   total 81920K, used 58402K [0x0000000702600000, 0x0000000800000000)
  region size 2048K, 17 young (34816K), 0 survivors (0K)
 Metaspace       used 34235K, committed 34496K, reserved 1114112K
  class space    used 3710K, committed 3840K, reserved 1048576K
}
Event: 52.273 GC heap after
{Heap after GC invocations=13 (full 1):
 garbage-first heap   total 81920K, used 23925K [0x0000000702600000, 0x0000000800000000)
  region size 2048K, 1 young (2048K), 1 survivors (2048K)
 Metaspace       used 34235K, committed 34496K, reserved 1114112K
  class space    used 3710K, committed 3840K, reserved 1048576K
}
Event: 61.867 GC heap before
{Heap before GC invocations=13 (full 1):
 garbage-first heap   total 81920K, used 34165K [0x0000000702600000, 0x0000000800000000)
  region size 2048K, 7 young (14336K), 1 survivors (2048K)
 Metaspace       used 34876K, committed 35072K, reserved 1114112K
  class space    used 3740K, committed 3840K, reserved 1048576K
}
Event: 61.896 GC heap after
{Heap after GC invocations=14 (full 2):
 garbage-first heap   total 81920K, used 23799K [0x0000000702600000, 0x0000000800000000)
  region size 2048K, 0 young (0K), 0 survivors (0K)
 Metaspace       used 34876K, committed 35072K, reserved 1114112K
  class space    used 3740K, committed 3840K, reserved 1048576K
}

