# JRE version: OpenJDK Runtime Environment Corretto-17.0.7.7.1 (17.0.7+7) (build 17.0.7+7-LTS)
# Java VM: OpenJDK 64-Bit Server VM Corretto-17.0.7.7.1 (17.0.7+7-LTS, mixed mode, sharing, tiered, compressed oops, compressed class ptrs, g1 gc, windows-amd64)
GC Precious Log:
 CPUs: 4 total, 4 available
 Memory: 16224M
 Large Page Support: Disabled
 NUMA Support: Disabled
 Compressed Oops: Enabled (Zero based)
 Heap Region Size: 2M
 Heap Min Capacity: 8M
 Heap Initial Capacity: 254M
 Heap Max Capacity: 4058M
 Pre-touch: Disabled
 Parallel Workers: 4
 Concurrent Workers: 1
 Concurrent Refinement Workers: 4
 Periodic GC: Disabled
Heap:
 garbage-first heap   total 90112K, used 42327K [0x0000000702600000, 0x0000000800000000)
  region size 2048K, 10 young (20480K), 0 survivors (0K)
 Metaspace       used 35122K, committed 35328K, reserved 1114112K
  class space    used 3751K, committed 3840K, reserved 1048576K
GC Heap History (20 events):
Event: 5.085 GC heap before
{Heap before GC invocations=6 (full 0):
 garbage-first heap   total 49152K, used 25996K [0x0000000702600000, 0x0000000800000000)
  region size 2048K, 2 young (4096K), 1 survivors (2048K)
 Metaspace       used 24667K, committed 24896K, reserved 1114112K
  class space    used 2672K, committed 2816K, reserved 1048576K
}
Event: 5.089 GC heap after
{Heap after GC invocations=7 (full 0):
 garbage-first heap   total 49152K, used 17900K [0x0000000702600000, 0x0000000800000000)
  region size 2048K, 1 young (2048K), 1 survivors (2048K)
 Metaspace       used 24667K, committed 24896K, reserved 1114112K
  class space    used 2672K, committed 2816K, reserved 1048576K
}
Event: 5.382 GC heap before
{Heap before GC invocations=7 (full 0):
 garbage-first heap   total 49152K, used 32236K [0x0000000702600000, 0x0000000800000000)
  region size 2048K, 8 young (16384K), 1 survivors (2048K)
 Metaspace       used 26800K, committed 26944K, reserved 1114112K
  class space    used 2940K, committed 3008K, reserved 1048576K
}
Event: 5.386 GC heap after
{Heap after GC invocations=8 (full 0):
 garbage-first heap   total 49152K, used 19070K [0x0000000702600000, 0x0000000800000000)
  region size 2048K, 1 young (2048K), 1 survivors (2048K)
 Metaspace       used 26800K, committed 26944K, reserved 1114112K
  class space    used 2940K, committed 3008K, reserved 1048576K
}
Event: 5.838 GC heap before
{Heap before GC invocations=8 (full 0):
 garbage-first heap   total 49152K, used 33406K [0x0000000702600000, 0x0000000800000000)
  region size 2048K, 8 young (16384K), 1 survivors (2048K)
 Metaspace       used 29881K, committed 30144K, reserved 1114112K
  class space    used 3312K, committed 3456K, reserved 1048576K
}
Event: 5.842 GC heap after
{Heap after GC invocations=9 (full 0):
 garbage-first heap   total 155648K, used 20245K [0x0000000702600000, 0x0000000800000000)
  region size 2048K, 1 young (2048K), 1 survivors (2048K)
 Metaspace       used 29881K, committed 30144K, reserved 1114112K
  class space    used 3312K, committed 3456K, reserved 1048576K
}
Event: 31.405 GC heap before
{Heap before GC invocations=9 (full 0):
 garbage-first heap   total 155648K, used 100117K [0x0000000702600000, 0x0000000800000000)
  region size 2048K, 37 young (75776K), 1 survivors (2048K)
 Metaspace       used 34714K, committed 34944K, reserved 1114112K
  class space    used 3735K, committed 3840K, reserved 1048576K
}
Event: 31.429 GC heap after
{Heap after GC invocations=10 (full 1):
 garbage-first heap   total 90112K, used 23970K [0x0000000702600000, 0x0000000800000000)
  region size 2048K, 0 young (0K), 0 survivors (0K)
 Metaspace       used 34714K, committed 34944K, reserved 1114112K
  class space    used 3735K, committed 3840K, reserved 1048576K
}
Event: 52.750 GC heap before
{Heap before GC invocations=10 (full 1):
 garbage-first heap   total 90112K, used 62882K [0x0000000702600000, 0x0000000800000000)
  region size 2048K, 19 young (38912K), 0 survivors (0K)
 Metaspace       used 34926K, committed 35136K, reserved 1114112K
  class space    used 3736K, committed 3840K, reserved 1048576K
}
Event: 52.752 GC heap after
{Heap after GC invocations=11 (full 1):
 garbage-first heap   total 90112K, used 24155K [0x0000000702600000, 0x0000000800000000)
  region size 2048K, 1 young (2048K), 1 survivors (2048K)
 Metaspace       used 34926K, committed 35136K, reserved 1114112K
  class space    used 3736K, committed 3840K, reserved 1048576K
}
Event: 61.440 GC heap before
{Heap before GC invocations=11 (full 1):
 garbage-first heap   total 90112K, used 38491K [0x0000000702600000, 0x0000000800000000)
  region size 2048K, 9 young (18432K), 1 survivors (2048K)
 Metaspace       used 34933K, committed 35136K, reserved 1114112K
  class space    used 3736K, committed 3840K, reserved 1048576K
}
Event: 61.462 GC heap after
{Heap after GC invocations=12 (full 2):
 garbage-first heap   total 90112K, used 23799K [0x0000000702600000, 0x0000000800000000)
  region size 2048K, 0 young (0K), 0 survivors (0K)
 Metaspace       used 34933K, committed 35136K, reserved 1114112K
  class space    used 3736K, committed 3840K, reserved 1048576K
}
Event: 85.056 GC heap before
{Heap before GC invocations=12 (full 2):
 garbage-first heap   total 90112K, used 66807K [0x0000000702600000, 0x0000000800000000)
  region size 2048K, 21 young (43008K), 0 survivors (0K)
 Metaspace       used 35026K, committed 35200K, reserved 1114112K
  class space    used 3736K, committed 3840K, reserved 1048576K
}
Event: 85.059 GC heap after
{Heap after GC invocations=13 (full 2):
 garbage-first heap   total 90112K, used 24071K [0x0000000702600000, 0x0000000800000000)
  region size 2048K, 1 young (2048K), 1 survivors (2048K)
 Metaspace       used 35026K, committed 35200K, reserved 1114112K
  class space    used 3736K, committed 3840K, reserved 1048576K
}
Event: 91.471 GC heap before
{Heap before GC invocations=13 (full 2):
 garbage-first heap   total 90112K, used 34311K [0x0000000702600000, 0x0000000800000000)
  region size 2048K, 7 young (14336K), 1 survivors (2048K)
 Metaspace       used 35026K, committed 35200K, reserved 1114112K
  class space    used 3736K, committed 3840K, reserved 1048576K
}
Event: 91.495 GC heap after
{Heap after GC invocations=14 (full 3):
 garbage-first heap   total 90112K, used 23813K [0x0000000702600000, 0x0000000800000000)
  region size 2048K, 0 young (0K), 0 survivors (0K)
 Metaspace       used 35026K, committed 35200K, reserved 1114112K
  class space    used 3736K, committed 3840K, reserved 1048576K
}
Event: 120.024 GC heap before
{Heap before GC invocations=14 (full 3):
 garbage-first heap   total 90112K, used 68869K [0x0000000702600000, 0x0000000800000000)
  region size 2048K, 22 young (45056K), 0 survivors (0K)
 Metaspace       used 35028K, committed 35200K, reserved 1114112K
  class space    used 3737K, committed 3840K, reserved 1048576K
}
Event: 120.025 GC heap after
{Heap after GC invocations=15 (full 3):
 garbage-first heap   total 90112K, used 24067K [0x0000000702600000, 0x0000000800000000)
  region size 2048K, 1 young (2048K), 1 survivors (2048K)
 Metaspace       used 35028K, committed 35200K, reserved 1114112K
  class space    used 3737K, committed 3840K, reserved 1048576K
}
Event: 121.510 GC heap before
{Heap before GC invocations=15 (full 3):
 garbage-first heap   total 90112K, used 26115K [0x0000000702600000, 0x0000000800000000)
  region size 2048K, 3 young (6144K), 1 survivors (2048K)
 Metaspace       used 35028K, committed 35200K, reserved 1114112K
  class space    used 3737K, committed 3840K, reserved 1048576K
}
Event: 121.542 GC heap after
{Heap after GC invocations=16 (full 4):
 garbage-first heap   total 90112K, used 23895K [0x0000000702600000, 0x0000000800000000)
  region size 2048K, 0 young (0K), 0 survivors (0K)
 Metaspace       used 35028K, committed 35200K, reserved 1114112K
  class space    used 3737K, committed 3840K, reserved 1048576K
}

