# JRE version: OpenJDK Runtime Environment Corretto-17.0.7.7.1 (17.0.7+7) (build 17.0.7+7-LTS)
# Java VM: OpenJDK 64-Bit Server VM Corretto-17.0.7.7.1 (17.0.7+7-LTS, mixed mode, sharing, tiered, compressed oops, compressed class ptrs, g1 gc, windows-amd64)
GC Precious Log:
 CPUs: 4 total, 4 available
 Memory: 16224M
 Large Page Support: Disabled
 NUMA Support: Disabled
 Compressed Oops: Enabled (Zero based)
 Heap Region Size: 2M
 Heap Min Capacity: 8M
 Heap Initial Capacity: 254M
 Heap Max Capacity: 4058M
 Pre-touch: Disabled
 Parallel Workers: 4
 Concurrent Workers: 1
 Concurrent Refinement Workers: 4
 Periodic GC: Disabled
Heap:
 garbage-first heap   total 90112K, used 30810K [0x0000000702600000, 0x0000000800000000)
  region size 2048K, 4 young (8192K), 0 survivors (0K)
 Metaspace       used 35697K, committed 35904K, reserved 1114112K
  class space    used 3806K, committed 3904K, reserved 1048576K
GC Heap History (20 events):
Event: 3.657 GC heap before
{Heap before GC invocations=3 (full 0):
 garbage-first heap   total 260096K, used 42715K [0x0000000702600000, 0x0000000800000000)
  region size 2048K, 19 young (38912K), 2 survivors (4096K)
 Metaspace       used 21338K, committed 21504K, reserved 1114112K
  class space    used 2281K, committed 2368K, reserved 1048576K
}
Event: 3.661 GC heap after
{Heap after GC invocations=4 (full 0):
 garbage-first heap   total 260096K, used 11267K [0x0000000702600000, 0x0000000800000000)
  region size 2048K, 2 young (4096K), 2 survivors (4096K)
 Metaspace       used 21338K, committed 21504K, reserved 1114112K
  class space    used 2281K, committed 2368K, reserved 1048576K
}
Event: 35.928 GC heap before
{Heap before GC invocations=5 (full 0):
 garbage-first heap   total 49152K, used 37891K [0x0000000702600000, 0x0000000800000000)
  region size 2048K, 10 young (20480K), 2 survivors (4096K)
 Metaspace       used 24051K, committed 24256K, reserved 1114112K
  class space    used 2575K, committed 2688K, reserved 1048576K
}
Event: 35.934 GC heap after
{Heap after GC invocations=6 (full 0):
 garbage-first heap   total 49152K, used 24114K [0x0000000702600000, 0x0000000800000000)
  region size 2048K, 1 young (2048K), 1 survivors (2048K)
 Metaspace       used 24051K, committed 24256K, reserved 1114112K
  class space    used 2575K, committed 2688K, reserved 1048576K
}
Event: 35.972 GC heap before
{Heap before GC invocations=6 (full 0):
 garbage-first heap   total 49152K, used 24114K [0x0000000702600000, 0x0000000800000000)
  region size 2048K, 2 young (4096K), 1 survivors (2048K)
 Metaspace       used 24431K, committed 24640K, reserved 1114112K
  class space    used 2626K, committed 2752K, reserved 1048576K
}
Event: 35.975 GC heap after
{Heap after GC invocations=7 (full 0):
 garbage-first heap   total 49152K, used 17941K [0x0000000702600000, 0x0000000800000000)
  region size 2048K, 1 young (2048K), 1 survivors (2048K)
 Metaspace       used 24431K, committed 24640K, reserved 1114112K
  class space    used 2626K, committed 2752K, reserved 1048576K
}
Event: 36.302 GC heap before
{Heap before GC invocations=7 (full 0):
 garbage-first heap   total 49152K, used 30229K [0x0000000702600000, 0x0000000800000000)
  region size 2048K, 8 young (16384K), 1 survivors (2048K)
 Metaspace       used 26634K, committed 26880K, reserved 1114112K
  class space    used 2900K, committed 3008K, reserved 1048576K
}
Event: 36.306 GC heap after
{Heap after GC invocations=8 (full 0):
 garbage-first heap   total 49152K, used 18972K [0x0000000702600000, 0x0000000800000000)
  region size 2048K, 1 young (2048K), 1 survivors (2048K)
 Metaspace       used 26634K, committed 26880K, reserved 1114112K
  class space    used 2900K, committed 3008K, reserved 1048576K
}
Event: 36.808 GC heap before
{Heap before GC invocations=8 (full 0):
 garbage-first heap   total 49152K, used 33308K [0x0000000702600000, 0x0000000800000000)
  region size 2048K, 8 young (16384K), 1 survivors (2048K)
 Metaspace       used 29524K, committed 29760K, reserved 1114112K
  class space    used 3265K, committed 3392K, reserved 1048576K
}
Event: 36.814 GC heap after
{Heap after GC invocations=9 (full 0):
 garbage-first heap   total 155648K, used 20390K [0x0000000702600000, 0x0000000800000000)
  region size 2048K, 1 young (2048K), 1 survivors (2048K)
 Metaspace       used 29524K, committed 29760K, reserved 1114112K
  class space    used 3265K, committed 3392K, reserved 1048576K
}
Event: 61.744 GC heap before
{Heap before GC invocations=9 (full 0):
 garbage-first heap   total 155648K, used 116646K [0x0000000702600000, 0x0000000800000000)
  region size 2048K, 45 young (92160K), 1 survivors (2048K)
 Metaspace       used 35663K, committed 35904K, reserved 1114112K
  class space    used 3803K, committed 3904K, reserved 1048576K
}
Event: 61.772 GC heap after
{Heap after GC invocations=10 (full 1):
 garbage-first heap   total 90112K, used 24893K [0x0000000702600000, 0x0000000800000000)
  region size 2048K, 0 young (0K), 0 survivors (0K)
 Metaspace       used 35663K, committed 35904K, reserved 1114112K
  class space    used 3803K, committed 3904K, reserved 1048576K
}
Event: 81.267 GC heap before
{Heap before GC invocations=10 (full 1):
 garbage-first heap   total 90112K, used 67901K [0x0000000702600000, 0x0000000800000000)
  region size 2048K, 21 young (43008K), 0 survivors (0K)
 Metaspace       used 35675K, committed 35904K, reserved 1114112K
  class space    used 3803K, committed 3904K, reserved 1048576K
}
Event: 81.268 GC heap after
{Heap after GC invocations=11 (full 1):
 garbage-first heap   total 90112K, used 25158K [0x0000000702600000, 0x0000000800000000)
  region size 2048K, 1 young (2048K), 1 survivors (2048K)
 Metaspace       used 35675K, committed 35904K, reserved 1114112K
  class space    used 3803K, committed 3904K, reserved 1048576K
}
Event: 91.788 GC heap before
{Heap before GC invocations=11 (full 1):
 garbage-first heap   total 90112K, used 47686K [0x0000000702600000, 0x0000000800000000)
  region size 2048K, 13 young (26624K), 1 survivors (2048K)
 Metaspace       used 35675K, committed 35904K, reserved 1114112K
  class space    used 3803K, committed 3904K, reserved 1048576K
}
Event: 91.820 GC heap after
{Heap after GC invocations=12 (full 2):
 garbage-first heap   total 90112K, used 24667K [0x0000000702600000, 0x0000000800000000)
  region size 2048K, 0 young (0K), 0 survivors (0K)
 Metaspace       used 35675K, committed 35904K, reserved 1114112K
  class space    used 3803K, committed 3904K, reserved 1048576K
}
Event: 111.788 GC heap before
{Heap before GC invocations=12 (full 2):
 garbage-first heap   total 90112K, used 67675K [0x0000000702600000, 0x0000000800000000)
  region size 2048K, 21 young (43008K), 0 survivors (0K)
 Metaspace       used 35675K, committed 35904K, reserved 1114112K
  class space    used 3803K, committed 3904K, reserved 1048576K
}
Event: 111.789 GC heap after
{Heap after GC invocations=13 (full 2):
 garbage-first heap   total 90112K, used 24750K [0x0000000702600000, 0x0000000800000000)
  region size 2048K, 1 young (2048K), 1 survivors (2048K)
 Metaspace       used 35675K, committed 35904K, reserved 1114112K
  class space    used 3803K, committed 3904K, reserved 1048576K
}
Event: 121.834 GC heap before
{Heap before GC invocations=13 (full 2):
 garbage-first heap   total 90112K, used 45230K [0x0000000702600000, 0x0000000800000000)
  region size 2048K, 12 young (24576K), 1 survivors (2048K)
 Metaspace       used 35675K, committed 35904K, reserved 1114112K
  class space    used 3803K, committed 3904K, reserved 1048576K
}
Event: 121.858 GC heap after
{Heap after GC invocations=14 (full 3):
 garbage-first heap   total 90112K, used 24666K [0x0000000702600000, 0x0000000800000000)
  region size 2048K, 0 young (0K), 0 survivors (0K)
 Metaspace       used 35675K, committed 35904K, reserved 1114112K
  class space    used 3803K, committed 3904K, reserved 1048576K
}

