# JRE version: OpenJDK Runtime Environment Corretto-17.0.7.7.1 (17.0.7+7) (build 17.0.7+7-LTS)
# Java VM: OpenJDK 64-Bit Server VM Corretto-17.0.7.7.1 (17.0.7+7-LTS, mixed mode, sharing, tiered, compressed oops, compressed class ptrs, g1 gc, windows-amd64)
GC Precious Log:
 CPUs: 4 total, 4 available
 Memory: 16224M
 Large Page Support: Disabled
 NUMA Support: Disabled
 Compressed Oops: Enabled (Zero based)
 Heap Region Size: 2M
 Heap Min Capacity: 8M
 Heap Initial Capacity: 254M
 Heap Max Capacity: 4058M
 Pre-touch: Disabled
 Parallel Workers: 4
 Concurrent Workers: 1
 Concurrent Refinement Workers: 4
 Periodic GC: Disabled
Heap:
 garbage-first heap   total 90112K, used 61209K [0x0000000702600000, 0x0000000800000000)
  region size 2048K, 19 young (38912K), 0 survivors (0K)
 Metaspace       used 34210K, committed 34432K, reserved 1114112K
  class space    used 3718K, committed 3840K, reserved 1048576K
GC Heap History (18 events):
Event: 0.652 GC heap before
{Heap before GC invocations=0 (full 0):
 garbage-first heap   total 260096K, used 12288K [0x0000000702600000, 0x0000000800000000)
  region size 2048K, 6 young (12288K), 0 survivors (0K)
 Metaspace       used 1756K, committed 1856K, reserved 1114112K
  class space    used 161K, committed 192K, reserved 1048576K
}
Event: 0.660 GC heap after
{Heap after GC invocations=1 (full 0):
 garbage-first heap   total 260096K, used 7270K [0x0000000702600000, 0x0000000800000000)
  region size 2048K, 1 young (2048K), 1 survivors (2048K)
 Metaspace       used 1756K, committed 1856K, reserved 1114112K
  class space    used 161K, committed 192K, reserved 1048576K
}
Event: 1.246 GC heap before
{Heap before GC invocations=1 (full 0):
 garbage-first heap   total 260096K, used 15462K [0x0000000702600000, 0x0000000800000000)
  region size 2048K, 6 young (12288K), 1 survivors (2048K)
 Metaspace       used 5885K, committed 6016K, reserved 1114112K
  class space    used 466K, committed 512K, reserved 1048576K
}
Event: 1.250 GC heap after
{Heap after GC invocations=2 (full 0):
 garbage-first heap   total 260096K, used 8239K [0x0000000702600000, 0x0000000800000000)
  region size 2048K, 1 young (2048K), 1 survivors (2048K)
 Metaspace       used 5885K, committed 6016K, reserved 1114112K
  class space    used 466K, committed 512K, reserved 1048576K
}
Event: 2.592 GC heap before
{Heap before GC invocations=2 (full 0):
 garbage-first heap   total 260096K, used 34863K [0x0000000702600000, 0x0000000800000000)
  region size 2048K, 14 young (28672K), 1 survivors (2048K)
 Metaspace       used 14301K, committed 14464K, reserved 1114112K
  class space    used 1468K, committed 1536K, reserved 1048576K
}
Event: 2.596 GC heap after
{Heap after GC invocations=3 (full 0):
 garbage-first heap   total 260096K, used 9795K [0x0000000702600000, 0x0000000800000000)
  region size 2048K, 2 young (4096K), 2 survivors (4096K)
 Metaspace       used 14301K, committed 14464K, reserved 1114112K
  class space    used 1468K, committed 1536K, reserved 1048576K
}
Event: 4.002 GC heap before
{Heap before GC invocations=3 (full 0):
 garbage-first heap   total 260096K, used 46659K [0x0000000702600000, 0x0000000800000000)
  region size 2048K, 21 young (43008K), 2 survivors (4096K)
 Metaspace       used 21323K, committed 21504K, reserved 1114112K
  class space    used 2280K, committed 2368K, reserved 1048576K
}
Event: 4.007 GC heap after
{Heap after GC invocations=4 (full 0):
 garbage-first heap   total 260096K, used 11266K [0x0000000702600000, 0x0000000800000000)
  region size 2048K, 2 young (4096K), 2 survivors (4096K)
 Metaspace       used 21323K, committed 21504K, reserved 1114112K
  class space    used 2280K, committed 2368K, reserved 1048576K
}
Event: 5.821 GC heap before
{Heap before GC invocations=5 (full 0):
 garbage-first heap   total 49152K, used 37890K [0x0000000702600000, 0x0000000800000000)
  region size 2048K, 10 young (20480K), 2 survivors (4096K)
 Metaspace       used 24149K, committed 24384K, reserved 1114112K
  class space    used 2619K, committed 2752K, reserved 1048576K
}
Event: 5.827 GC heap after
{Heap after GC invocations=6 (full 0):
 garbage-first heap   total 49152K, used 24015K [0x0000000702600000, 0x0000000800000000)
  region size 2048K, 1 young (2048K), 1 survivors (2048K)
 Metaspace       used 24149K, committed 24384K, reserved 1114112K
  class space    used 2619K, committed 2752K, reserved 1048576K
}
Event: 5.867 GC heap before
{Heap before GC invocations=6 (full 0):
 garbage-first heap   total 49152K, used 26063K [0x0000000702600000, 0x0000000800000000)
  region size 2048K, 2 young (4096K), 1 survivors (2048K)
 Metaspace       used 24506K, committed 24768K, reserved 1114112K
  class space    used 2663K, committed 2816K, reserved 1048576K
}
Event: 5.871 GC heap after
{Heap after GC invocations=7 (full 0):
 garbage-first heap   total 49152K, used 17894K [0x0000000702600000, 0x0000000800000000)
  region size 2048K, 1 young (2048K), 1 survivors (2048K)
 Metaspace       used 24506K, committed 24768K, reserved 1114112K
  class space    used 2663K, committed 2816K, reserved 1048576K
}
Event: 6.142 GC heap before
{Heap before GC invocations=7 (full 0):
 garbage-first heap   total 49152K, used 32230K [0x0000000702600000, 0x0000000800000000)
  region size 2048K, 8 young (16384K), 1 survivors (2048K)
 Metaspace       used 26703K, committed 26880K, reserved 1114112K
  class space    used 2936K, committed 3008K, reserved 1048576K
}
Event: 6.145 GC heap after
{Heap after GC invocations=8 (full 0):
 garbage-first heap   total 49152K, used 19303K [0x0000000702600000, 0x0000000800000000)
  region size 2048K, 1 young (2048K), 1 survivors (2048K)
 Metaspace       used 26703K, committed 26880K, reserved 1114112K
  class space    used 2936K, committed 3008K, reserved 1048576K
}
Event: 6.571 GC heap before
{Heap before GC invocations=8 (full 0):
 garbage-first heap   total 49152K, used 33639K [0x0000000702600000, 0x0000000800000000)
  region size 2048K, 8 young (16384K), 1 survivors (2048K)
 Metaspace       used 29876K, committed 30144K, reserved 1114112K
  class space    used 3320K, committed 3456K, reserved 1048576K
}
Event: 6.577 GC heap after
{Heap after GC invocations=9 (full 0):
 garbage-first heap   total 155648K, used 20558K [0x0000000702600000, 0x0000000800000000)
  region size 2048K, 1 young (2048K), 1 survivors (2048K)
 Metaspace       used 29876K, committed 30144K, reserved 1114112K
  class space    used 3320K, committed 3456K, reserved 1048576K
}
Event: 32.006 GC heap before
{Heap before GC invocations=9 (full 0):
 garbage-first heap   total 155648K, used 104526K [0x0000000702600000, 0x0000000800000000)
  region size 2048K, 39 young (79872K), 1 survivors (2048K)
 Metaspace       used 34183K, committed 34432K, reserved 1114112K
  class space    used 3715K, committed 3840K, reserved 1048576K
}
Event: 32.033 GC heap after
{Heap after GC invocations=10 (full 1):
 garbage-first heap   total 90112K, used 24345K [0x0000000702600000, 0x0000000800000000)
  region size 2048K, 0 young (0K), 0 survivors (0K)
 Metaspace       used 34183K, committed 34432K, reserved 1114112K
  class space    used 3715K, committed 3840K, reserved 1048576K
}

