# JRE version: OpenJDK Runtime Environment Corretto-17.0.7.7.1 (17.0.7+7) (build 17.0.7+7-LTS)
# Java VM: OpenJDK 64-Bit Server VM Corretto-17.0.7.7.1 (17.0.7+7-LTS, mixed mode, sharing, tiered, compressed oops, compressed class ptrs, g1 gc, windows-amd64)
GC Precious Log:
 CPUs: 4 total, 4 available
 Memory: 16224M
 Large Page Support: Disabled
 NUMA Support: Disabled
 Compressed Oops: Enabled (Zero based)
 Heap Region Size: 2M
 Heap Min Capacity: 8M
 Heap Initial Capacity: 254M
 Heap Max Capacity: 4058M
 Pre-touch: Disabled
 Parallel Workers: 4
 Concurrent Workers: 1
 Concurrent Refinement Workers: 4
 Periodic GC: Disabled
Heap:
 garbage-first heap   total 90112K, used 46744K [0x0000000702600000, 0x0000000800000000)
  region size 2048K, 12 young (24576K), 0 survivors (0K)
 Metaspace       used 34120K, committed 34368K, reserved 1114112K
  class space    used 3713K, committed 3840K, reserved 1048576K
GC Heap History (20 events):
Event: 5.536 GC heap before
{Heap before GC invocations=3 (full 0):
 garbage-first heap   total 260096K, used 46707K [0x0000000702600000, 0x0000000800000000)
  region size 2048K, 21 young (43008K), 2 survivors (4096K)
 Metaspace       used 21340K, committed 21504K, reserved 1114112K
  class space    used 2282K, committed 2368K, reserved 1048576K
}
Event: 5.541 GC heap after
{Heap after GC invocations=4 (full 0):
 garbage-first heap   total 260096K, used 11087K [0x0000000702600000, 0x0000000800000000)
  region size 2048K, 2 young (4096K), 2 survivors (4096K)
 Metaspace       used 21340K, committed 21504K, reserved 1114112K
  class space    used 2282K, committed 2368K, reserved 1048576K
}
Event: 8.644 GC heap before
{Heap before GC invocations=5 (full 0):
 garbage-first heap   total 49152K, used 37711K [0x0000000702600000, 0x0000000800000000)
  region size 2048K, 10 young (20480K), 2 survivors (4096K)
 Metaspace       used 24288K, committed 24512K, reserved 1114112K
  class space    used 2633K, committed 2752K, reserved 1048576K
}
Event: 8.650 GC heap after
{Heap after GC invocations=6 (full 0):
 garbage-first heap   total 49152K, used 24165K [0x0000000702600000, 0x0000000800000000)
  region size 2048K, 2 young (4096K), 2 survivors (4096K)
 Metaspace       used 24288K, committed 24512K, reserved 1114112K
  class space    used 2633K, committed 2752K, reserved 1048576K
}
Event: 8.696 GC heap before
{Heap before GC invocations=6 (full 0):
 garbage-first heap   total 49152K, used 26213K [0x0000000702600000, 0x0000000800000000)
  region size 2048K, 3 young (6144K), 2 survivors (4096K)
 Metaspace       used 24698K, committed 24960K, reserved 1114112K
  class space    used 2679K, committed 2816K, reserved 1048576K
}
Event: 8.700 GC heap after
{Heap after GC invocations=7 (full 0):
 garbage-first heap   total 49152K, used 17977K [0x0000000702600000, 0x0000000800000000)
  region size 2048K, 1 young (2048K), 1 survivors (2048K)
 Metaspace       used 24698K, committed 24960K, reserved 1114112K
  class space    used 2679K, committed 2816K, reserved 1048576K
}
Event: 8.995 GC heap before
{Heap before GC invocations=7 (full 0):
 garbage-first heap   total 49152K, used 32313K [0x0000000702600000, 0x0000000800000000)
  region size 2048K, 8 young (16384K), 1 survivors (2048K)
 Metaspace       used 26863K, committed 27072K, reserved 1114112K
  class space    used 2957K, committed 3072K, reserved 1048576K
}
Event: 8.998 GC heap after
{Heap after GC invocations=8 (full 0):
 garbage-first heap   total 49152K, used 19426K [0x0000000702600000, 0x0000000800000000)
  region size 2048K, 1 young (2048K), 1 survivors (2048K)
 Metaspace       used 26863K, committed 27072K, reserved 1114112K
  class space    used 2957K, committed 3072K, reserved 1048576K
}
Event: 9.363 GC heap before
{Heap before GC invocations=8 (full 0):
 garbage-first heap   total 49152K, used 33762K [0x0000000702600000, 0x0000000800000000)
  region size 2048K, 8 young (16384K), 1 survivors (2048K)
 Metaspace       used 30063K, committed 30272K, reserved 1114112K
  class space    used 3348K, committed 3456K, reserved 1048576K
}
Event: 9.367 GC heap after
{Heap after GC invocations=9 (full 0):
 garbage-first heap   total 155648K, used 20439K [0x0000000702600000, 0x0000000800000000)
  region size 2048K, 1 young (2048K), 1 survivors (2048K)
 Metaspace       used 30063K, committed 30272K, reserved 1114112K
  class space    used 3348K, committed 3456K, reserved 1048576K
}
Event: 33.035 GC heap before
{Heap before GC invocations=9 (full 0):
 garbage-first heap   total 155648K, used 100311K [0x0000000702600000, 0x0000000800000000)
  region size 2048K, 37 young (75776K), 1 survivors (2048K)
 Metaspace       used 33940K, committed 34176K, reserved 1114112K
  class space    used 3705K, committed 3840K, reserved 1048576K
}
Event: 33.058 GC heap after
{Heap after GC invocations=10 (full 1):
 garbage-first heap   total 90112K, used 24195K [0x0000000702600000, 0x0000000800000000)
  region size 2048K, 0 young (0K), 0 survivors (0K)
 Metaspace       used 33940K, committed 34176K, reserved 1114112K
  class space    used 3705K, committed 3840K, reserved 1048576K
}
Event: 52.934 GC heap before
{Heap before GC invocations=10 (full 1):
 garbage-first heap   total 90112K, used 67203K [0x0000000702600000, 0x0000000800000000)
  region size 2048K, 21 young (43008K), 0 survivors (0K)
 Metaspace       used 33955K, committed 34176K, reserved 1114112K
  class space    used 3705K, committed 3840K, reserved 1048576K
}
Event: 52.935 GC heap after
{Heap after GC invocations=11 (full 1):
 garbage-first heap   total 90112K, used 24397K [0x0000000702600000, 0x0000000800000000)
  region size 2048K, 1 young (2048K), 1 survivors (2048K)
 Metaspace       used 33955K, committed 34176K, reserved 1114112K
  class space    used 3705K, committed 3840K, reserved 1048576K
}
Event: 63.062 GC heap before
{Heap before GC invocations=11 (full 1):
 garbage-first heap   total 90112K, used 44877K [0x0000000702600000, 0x0000000800000000)
  region size 2048K, 12 young (24576K), 1 survivors (2048K)
 Metaspace       used 33958K, committed 34176K, reserved 1114112K
  class space    used 3705K, committed 3840K, reserved 1048576K
}
Event: 63.087 GC heap after
{Heap after GC invocations=12 (full 2):
 garbage-first heap   total 90112K, used 24200K [0x0000000702600000, 0x0000000800000000)
  region size 2048K, 0 young (0K), 0 survivors (0K)
 Metaspace       used 33958K, committed 34176K, reserved 1114112K
  class space    used 3705K, committed 3840K, reserved 1048576K
}
Event: 83.691 GC heap before
{Heap before GC invocations=12 (full 2):
 garbage-first heap   total 90112K, used 69256K [0x0000000702600000, 0x0000000800000000)
  region size 2048K, 22 young (45056K), 0 survivors (0K)
 Metaspace       used 34025K, committed 34304K, reserved 1114112K
  class space    used 3706K, committed 3840K, reserved 1048576K
}
Event: 83.692 GC heap after
{Heap after GC invocations=13 (full 2):
 garbage-first heap   total 90112K, used 24287K [0x0000000702600000, 0x0000000800000000)
  region size 2048K, 1 young (2048K), 1 survivors (2048K)
 Metaspace       used 34025K, committed 34304K, reserved 1114112K
  class space    used 3706K, committed 3840K, reserved 1048576K
}
Event: 93.092 GC heap before
{Heap before GC invocations=13 (full 2):
 garbage-first heap   total 90112K, used 42719K [0x0000000702600000, 0x0000000800000000)
  region size 2048K, 11 young (22528K), 1 survivors (2048K)
 Metaspace       used 34096K, committed 34368K, reserved 1114112K
  class space    used 3710K, committed 3840K, reserved 1048576K
}
Event: 93.115 GC heap after
{Heap after GC invocations=14 (full 3):
 garbage-first heap   total 90112K, used 24216K [0x0000000702600000, 0x0000000800000000)
  region size 2048K, 0 young (0K), 0 survivors (0K)
 Metaspace       used 34096K, committed 34368K, reserved 1114112K
  class space    used 3710K, committed 3840K, reserved 1048576K
}

