# JRE version: OpenJDK Runtime Environment Corretto-17.0.7.7.1 (17.0.7+7) (build 17.0.7+7-LTS)
# Java VM: OpenJDK 64-Bit Server VM Corretto-17.0.7.7.1 (17.0.7+7-LTS, mixed mode, sharing, tiered, compressed oops, compressed class ptrs, g1 gc, windows-amd64)
GC Precious Log:
 CPUs: 4 total, 4 available
 Memory: 16224M
 Large Page Support: Disabled
 NUMA Support: Disabled
 Compressed Oops: Enabled (Zero based)
 Heap Region Size: 2M
 Heap Min Capacity: 8M
 Heap Initial Capacity: 254M
 Heap Max Capacity: 4058M
 Pre-touch: Disabled
 Parallel Workers: 4
 Concurrent Workers: 1
 Concurrent Refinement Workers: 4
 Periodic GC: Disabled
Heap:
 garbage-first heap   total 59392K, used 38813K [0x0000000702600000, 0x0000000800000000)
  region size 2048K, 9 young (18432K), 0 survivors (0K)
 Metaspace       used 34707K, committed 34944K, reserved 1114112K
  class space    used 3747K, committed 3840K, reserved 1048576K
GC Heap History (20 events):
Event: 31.852 GC heap before
{Heap before GC invocations=19 (full 0):
 garbage-first heap   total 59392K, used 29014K [0x0000000702600000, 0x0000000800000000)
  region size 2048K, 4 young (8192K), 1 survivors (2048K)
 Metaspace       used 34646K, committed 34816K, reserved 1114112K
  class space    used 3743K, committed 3840K, reserved 1048576K
}
Event: 31.877 GC heap after
{Heap after GC invocations=20 (full 1):
 garbage-first heap   total 59392K, used 24413K [0x0000000702600000, 0x0000000800000000)
  region size 2048K, 0 young (0K), 0 survivors (0K)
 Metaspace       used 34646K, committed 34816K, reserved 1114112K
  class space    used 3743K, committed 3840K, reserved 1048576K
}
Event: 41.330 GC heap before
{Heap before GC invocations=20 (full 1):
 garbage-first heap   total 59392K, used 44893K [0x0000000702600000, 0x0000000800000000)
  region size 2048K, 10 young (20480K), 0 survivors (0K)
 Metaspace       used 34661K, committed 34880K, reserved 1114112K
  class space    used 3743K, committed 3840K, reserved 1048576K
}
Event: 41.330 GC heap after
{Heap after GC invocations=21 (full 1):
 garbage-first heap   total 59392K, used 24451K [0x0000000702600000, 0x0000000800000000)
  region size 2048K, 1 young (2048K), 1 survivors (2048K)
 Metaspace       used 34661K, committed 34880K, reserved 1114112K
  class space    used 3743K, committed 3840K, reserved 1048576K
}
Event: 50.722 GC heap before
{Heap before GC invocations=22 (full 1):
 garbage-first heap   total 59392K, used 44931K [0x0000000702600000, 0x0000000800000000)
  region size 2048K, 11 young (22528K), 1 survivors (2048K)
 Metaspace       used 34670K, committed 34880K, reserved 1114112K
  class space    used 3743K, committed 3840K, reserved 1048576K
}
Event: 50.723 GC heap after
{Heap after GC invocations=23 (full 1):
 garbage-first heap   total 59392K, used 24429K [0x0000000702600000, 0x0000000800000000)
  region size 2048K, 1 young (2048K), 1 survivors (2048K)
 Metaspace       used 34670K, committed 34880K, reserved 1114112K
  class space    used 3743K, committed 3840K, reserved 1048576K
}
Event: 51.654 GC heap before
{Heap before GC invocations=23 (full 1):
 garbage-first heap   total 59392K, used 26477K [0x0000000702600000, 0x0000000800000000)
  region size 2048K, 2 young (4096K), 1 survivors (2048K)
 Metaspace       used 34670K, committed 34880K, reserved 1114112K
  class space    used 3743K, committed 3840K, reserved 1048576K
}
Event: 51.656 GC heap after
{Heap after GC invocations=24 (full 1):
 garbage-first heap   total 59392K, used 24430K [0x0000000702600000, 0x0000000800000000)
  region size 2048K, 1 young (2048K), 1 survivors (2048K)
 Metaspace       used 34670K, committed 34880K, reserved 1114112K
  class space    used 3743K, committed 3840K, reserved 1048576K
}
Event: 60.979 GC heap before
{Heap before GC invocations=24 (full 1):
 garbage-first heap   total 59392K, used 44910K [0x0000000702600000, 0x0000000800000000)
  region size 2048K, 11 young (22528K), 1 survivors (2048K)
 Metaspace       used 34670K, committed 34880K, reserved 1114112K
  class space    used 3743K, committed 3840K, reserved 1048576K
}
Event: 60.980 GC heap after
{Heap after GC invocations=25 (full 1):
 garbage-first heap   total 59392K, used 24554K [0x0000000702600000, 0x0000000800000000)
  region size 2048K, 1 young (2048K), 1 survivors (2048K)
 Metaspace       used 34670K, committed 34880K, reserved 1114112K
  class space    used 3743K, committed 3840K, reserved 1048576K
}
Event: 61.890 GC heap before
{Heap before GC invocations=25 (full 1):
 garbage-first heap   total 59392K, used 24554K [0x0000000702600000, 0x0000000800000000)
  region size 2048K, 2 young (4096K), 1 survivors (2048K)
 Metaspace       used 34670K, committed 34880K, reserved 1114112K
  class space    used 3743K, committed 3840K, reserved 1048576K
}
Event: 61.913 GC heap after
{Heap after GC invocations=26 (full 2):
 garbage-first heap   total 59392K, used 24475K [0x0000000702600000, 0x0000000800000000)
  region size 2048K, 0 young (0K), 0 survivors (0K)
 Metaspace       used 34670K, committed 34880K, reserved 1114112K
  class space    used 3743K, committed 3840K, reserved 1048576K
}
Event: 73.468 GC heap before
{Heap before GC invocations=26 (full 2):
 garbage-first heap   total 59392K, used 47003K [0x0000000702600000, 0x0000000800000000)
  region size 2048K, 11 young (22528K), 0 survivors (0K)
 Metaspace       used 34680K, committed 34880K, reserved 1114112K
  class space    used 3743K, committed 3840K, reserved 1048576K
}
Event: 73.469 GC heap after
{Heap after GC invocations=27 (full 2):
 garbage-first heap   total 59392K, used 24512K [0x0000000702600000, 0x0000000800000000)
  region size 2048K, 1 young (2048K), 1 survivors (2048K)
 Metaspace       used 34680K, committed 34880K, reserved 1114112K
  class space    used 3743K, committed 3840K, reserved 1048576K
}
Event: 83.011 GC heap before
{Heap before GC invocations=28 (full 2):
 garbage-first heap   total 59392K, used 44992K [0x0000000702600000, 0x0000000800000000)
  region size 2048K, 11 young (22528K), 1 survivors (2048K)
 Metaspace       used 34684K, committed 34880K, reserved 1114112K
  class space    used 3743K, committed 3840K, reserved 1048576K
}
Event: 83.012 GC heap after
{Heap after GC invocations=29 (full 2):
 garbage-first heap   total 59392K, used 24489K [0x0000000702600000, 0x0000000800000000)
  region size 2048K, 1 young (2048K), 1 survivors (2048K)
 Metaspace       used 34684K, committed 34880K, reserved 1114112K
  class space    used 3743K, committed 3840K, reserved 1048576K
}
Event: 83.967 GC heap before
{Heap before GC invocations=29 (full 2):
 garbage-first heap   total 59392K, used 26537K [0x0000000702600000, 0x0000000800000000)
  region size 2048K, 2 young (4096K), 1 survivors (2048K)
 Metaspace       used 34684K, committed 34880K, reserved 1114112K
  class space    used 3743K, committed 3840K, reserved 1048576K
}
Event: 83.980 GC heap after
{Heap after GC invocations=30 (full 2):
 garbage-first heap   total 59392K, used 24483K [0x0000000702600000, 0x0000000800000000)
  region size 2048K, 1 young (2048K), 1 survivors (2048K)
 Metaspace       used 34684K, committed 34880K, reserved 1114112K
  class space    used 3743K, committed 3840K, reserved 1048576K
}
Event: 91.927 GC heap before
{Heap before GC invocations=30 (full 2):
 garbage-first heap   total 59392K, used 40867K [0x0000000702600000, 0x0000000800000000)
  region size 2048K, 10 young (20480K), 1 survivors (2048K)
 Metaspace       used 34684K, committed 34880K, reserved 1114112K
  class space    used 3743K, committed 3840K, reserved 1048576K
}
Event: 91.959 GC heap after
{Heap after GC invocations=31 (full 3):
 garbage-first heap   total 59392K, used 24477K [0x0000000702600000, 0x0000000800000000)
  region size 2048K, 0 young (0K), 0 survivors (0K)
 Metaspace       used 34684K, committed 34880K, reserved 1114112K
  class space    used 3743K, committed 3840K, reserved 1048576K
}

