# JRE version: OpenJDK Runtime Environment Corretto-17.0.7.7.1 (17.0.7+7) (build 17.0.7+7-LTS)
# Java VM: OpenJDK 64-Bit Server VM Corretto-17.0.7.7.1 (17.0.7+7-LTS, mixed mode, sharing, tiered, compressed oops, compressed class ptrs, g1 gc, windows-amd64)
GC Precious Log:
 CPUs: 4 total, 4 available
 Memory: 16224M
 Large Page Support: Disabled
 NUMA Support: Disabled
 Compressed Oops: Enabled (Zero based)
 Heap Region Size: 2M
 Heap Min Capacity: 8M
 Heap Initial Capacity: 254M
 Heap Max Capacity: 4058M
 Pre-touch: Disabled
 Parallel Workers: 4
 Concurrent Workers: 1
 Concurrent Refinement Workers: 4
 Periodic GC: Disabled
Heap:
 garbage-first heap   total 90112K, used 25520K [0x0000000702600000, 0x0000000800000000)
  region size 2048K, 2 young (4096K), 1 survivors (2048K)
 Metaspace       used 34526K, committed 34752K, reserved 1114112K
  class space    used 3737K, committed 3840K, reserved 1048576K
GC Heap History (20 events):
Event: 241.681 GC heap before
{Heap before GC invocations=47 (full 7):
 garbage-first heap   total 90112K, used 36854K [0x0000000702600000, 0x0000000800000000)
  region size 2048K, 8 young (16384K), 1 survivors (2048K)
 Metaspace       used 34502K, committed 34752K, reserved 1114112K
  class space    used 3733K, committed 3840K, reserved 1048576K
}
Event: 241.705 GC heap after
{Heap after GC invocations=48 (full 8):
 garbage-first heap   total 90112K, used 24497K [0x0000000702600000, 0x0000000800000000)
  region size 2048K, 0 young (0K), 0 survivors (0K)
 Metaspace       used 34502K, committed 34752K, reserved 1114112K
  class space    used 3733K, committed 3840K, reserved 1048576K
}
Event: 268.306 GC heap before
{Heap before GC invocations=48 (full 8):
 garbage-first heap   total 90112K, used 75697K [0x0000000702600000, 0x0000000800000000)
  region size 2048K, 25 young (51200K), 0 survivors (0K)
 Metaspace       used 34502K, committed 34752K, reserved 1114112K
  class space    used 3733K, committed 3840K, reserved 1048576K
}
Event: 268.307 GC heap after
{Heap after GC invocations=49 (full 8):
 garbage-first heap   total 90112K, used 24561K [0x0000000702600000, 0x0000000800000000)
  region size 2048K, 1 young (2048K), 1 survivors (2048K)
 Metaspace       used 34502K, committed 34752K, reserved 1114112K
  class space    used 3733K, committed 3840K, reserved 1048576K
}
Event: 271.708 GC heap before
{Heap before GC invocations=50 (full 8):
 garbage-first heap   total 90112K, used 30705K [0x0000000702600000, 0x0000000800000000)
  region size 2048K, 5 young (10240K), 1 survivors (2048K)
 Metaspace       used 34502K, committed 34752K, reserved 1114112K
  class space    used 3733K, committed 3840K, reserved 1048576K
}
Event: 271.731 GC heap after
{Heap after GC invocations=51 (full 9):
 garbage-first heap   total 90112K, used 24496K [0x0000000702600000, 0x0000000800000000)
  region size 2048K, 0 young (0K), 0 survivors (0K)
 Metaspace       used 34502K, committed 34752K, reserved 1114112K
  class space    used 3733K, committed 3840K, reserved 1048576K
}
Event: 294.287 GC heap before
{Heap before GC invocations=51 (full 9):
 garbage-first heap   total 90112K, used 75696K [0x0000000702600000, 0x0000000800000000)
  region size 2048K, 25 young (51200K), 0 survivors (0K)
 Metaspace       used 34502K, committed 34752K, reserved 1114112K
  class space    used 3733K, committed 3840K, reserved 1048576K
}
Event: 294.288 GC heap after
{Heap after GC invocations=52 (full 9):
 garbage-first heap   total 90112K, used 24558K [0x0000000702600000, 0x0000000800000000)
  region size 2048K, 1 young (2048K), 1 survivors (2048K)
 Metaspace       used 34502K, committed 34752K, reserved 1114112K
  class space    used 3733K, committed 3840K, reserved 1048576K
}
Event: 301.738 GC heap before
{Heap before GC invocations=53 (full 9):
 garbage-first heap   total 90112K, used 40942K [0x0000000702600000, 0x0000000800000000)
  region size 2048K, 10 young (20480K), 1 survivors (2048K)
 Metaspace       used 34502K, committed 34752K, reserved 1114112K
  class space    used 3733K, committed 3840K, reserved 1048576K
}
Event: 301.766 GC heap after
{Heap after GC invocations=54 (full 10):
 garbage-first heap   total 90112K, used 24496K [0x0000000702600000, 0x0000000800000000)
  region size 2048K, 0 young (0K), 0 survivors (0K)
 Metaspace       used 34502K, committed 34752K, reserved 1114112K
  class space    used 3733K, committed 3840K, reserved 1048576K
}
Event: 323.431 GC heap before
{Heap before GC invocations=54 (full 10):
 garbage-first heap   total 90112K, used 75696K [0x0000000702600000, 0x0000000800000000)
  region size 2048K, 25 young (51200K), 0 survivors (0K)
 Metaspace       used 34502K, committed 34752K, reserved 1114112K
  class space    used 3733K, committed 3840K, reserved 1048576K
}
Event: 323.432 GC heap after
{Heap after GC invocations=55 (full 10):
 garbage-first heap   total 90112K, used 24559K [0x0000000702600000, 0x0000000800000000)
  region size 2048K, 1 young (2048K), 1 survivors (2048K)
 Metaspace       used 34502K, committed 34752K, reserved 1114112K
  class space    used 3733K, committed 3840K, reserved 1048576K
}
Event: 331.788 GC heap before
{Heap before GC invocations=56 (full 10):
 garbage-first heap   total 90112K, used 42991K [0x0000000702600000, 0x0000000800000000)
  region size 2048K, 11 young (22528K), 1 survivors (2048K)
 Metaspace       used 34502K, committed 34752K, reserved 1114112K
  class space    used 3733K, committed 3840K, reserved 1048576K
}
Event: 331.818 GC heap after
{Heap after GC invocations=57 (full 11):
 garbage-first heap   total 90112K, used 24496K [0x0000000702600000, 0x0000000800000000)
  region size 2048K, 0 young (0K), 0 survivors (0K)
 Metaspace       used 34502K, committed 34752K, reserved 1114112K
  class space    used 3733K, committed 3840K, reserved 1048576K
}
Event: 354.714 GC heap before
{Heap before GC invocations=57 (full 11):
 garbage-first heap   total 90112K, used 75696K [0x0000000702600000, 0x0000000800000000)
  region size 2048K, 25 young (51200K), 0 survivors (0K)
 Metaspace       used 34502K, committed 34752K, reserved 1114112K
  class space    used 3733K, committed 3840K, reserved 1048576K
}
Event: 354.715 GC heap after
{Heap after GC invocations=58 (full 11):
 garbage-first heap   total 90112K, used 24569K [0x0000000702600000, 0x0000000800000000)
  region size 2048K, 1 young (2048K), 1 survivors (2048K)
 Metaspace       used 34502K, committed 34752K, reserved 1114112K
  class space    used 3733K, committed 3840K, reserved 1048576K
}
Event: 361.824 GC heap before
{Heap before GC invocations=59 (full 11):
 garbage-first heap   total 90112K, used 40953K [0x0000000702600000, 0x0000000800000000)
  region size 2048K, 10 young (20480K), 1 survivors (2048K)
 Metaspace       used 34502K, committed 34752K, reserved 1114112K
  class space    used 3733K, committed 3840K, reserved 1048576K
}
Event: 361.847 GC heap after
{Heap after GC invocations=60 (full 12):
 garbage-first heap   total 90112K, used 24497K [0x0000000702600000, 0x0000000800000000)
  region size 2048K, 0 young (0K), 0 survivors (0K)
 Metaspace       used 34502K, committed 34752K, reserved 1114112K
  class space    used 3733K, committed 3840K, reserved 1048576K
}
Event: 383.666 GC heap before
{Heap before GC invocations=60 (full 12):
 garbage-first heap   total 90112K, used 75697K [0x0000000702600000, 0x0000000800000000)
  region size 2048K, 25 young (51200K), 0 survivors (0K)
 Metaspace       used 34504K, committed 34752K, reserved 1114112K
  class space    used 3734K, committed 3840K, reserved 1048576K
}
Event: 383.667 GC heap after
{Heap after GC invocations=61 (full 12):
 garbage-first heap   total 90112K, used 25520K [0x0000000702600000, 0x0000000800000000)
  region size 2048K, 1 young (2048K), 1 survivors (2048K)
 Metaspace       used 34504K, committed 34752K, reserved 1114112K
  class space    used 3734K, committed 3840K, reserved 1048576K
}

