# JRE version: OpenJDK Runtime Environment Corretto-17.0.7.7.1 (17.0.7+7) (build 17.0.7+7-LTS)
# Java VM: OpenJDK 64-Bit Server VM Corretto-17.0.7.7.1 (17.0.7+7-LTS, mixed mode, sharing, tiered, compressed oops, compressed class ptrs, g1 gc, windows-amd64)
GC Precious Log:
 CPUs: 4 total, 4 available
 Memory: 16224M
 Large Page Support: Disabled
 NUMA Support: Disabled
 Compressed Oops: Enabled (Zero based)
 Heap Region Size: 2M
 Heap Min Capacity: 8M
 Heap Initial Capacity: 254M
 Heap Max Capacity: 4058M
 Pre-touch: Disabled
 Parallel Workers: 4
 Concurrent Workers: 1
 Concurrent Refinement Workers: 4
 Periodic GC: Disabled
Heap:
 garbage-first heap   total 96256K, used 29440K [0x0000000702600000, 0x0000000800000000)
  region size 2048K, 4 young (8192K), 1 survivors (2048K)
 Metaspace       used 37944K, committed 38144K, reserved 1114112K
  class space    used 3967K, committed 4032K, reserved 1048576K
GC Heap History (20 events):
Event: 722.860 GC heap before
{Heap before GC invocations=83 (full 14):
 garbage-first heap   total 96256K, used 76355K [0x0000000702600000, 0x0000000800000000)
  region size 2048K, 27 young (55296K), 1 survivors (2048K)
 Metaspace       used 37920K, committed 38080K, reserved 1114112K
  class space    used 3963K, committed 4032K, reserved 1048576K
}
Event: 722.891 GC heap after
{Heap after GC invocations=84 (full 15):
 garbage-first heap   total 96256K, used 24925K [0x0000000702600000, 0x0000000800000000)
  region size 2048K, 0 young (0K), 0 survivors (0K)
 Metaspace       used 37920K, committed 38080K, reserved 1114112K
  class space    used 3963K, committed 4032K, reserved 1048576K
}
Event: 738.452 GC heap before
{Heap before GC invocations=84 (full 15):
 garbage-first heap   total 96256K, used 80221K [0x0000000702600000, 0x0000000800000000)
  region size 2048K, 27 young (55296K), 0 survivors (0K)
 Metaspace       used 37920K, committed 38080K, reserved 1114112K
  class space    used 3963K, committed 4032K, reserved 1048576K
}
Event: 738.454 GC heap after
{Heap after GC invocations=85 (full 15):
 garbage-first heap   total 96256K, used 25212K [0x0000000702600000, 0x0000000800000000)
  region size 2048K, 1 young (2048K), 1 survivors (2048K)
 Metaspace       used 37920K, committed 38080K, reserved 1114112K
  class space    used 3963K, committed 4032K, reserved 1048576K
}
Event: 752.900 GC heap before
{Heap before GC invocations=86 (full 15):
 garbage-first heap   total 96256K, used 76412K [0x0000000702600000, 0x0000000800000000)
  region size 2048K, 27 young (55296K), 1 survivors (2048K)
 Metaspace       used 37920K, committed 38080K, reserved 1114112K
  class space    used 3963K, committed 4032K, reserved 1048576K
}
Event: 752.934 GC heap after
{Heap after GC invocations=87 (full 16):
 garbage-first heap   total 96256K, used 24925K [0x0000000702600000, 0x0000000800000000)
  region size 2048K, 0 young (0K), 0 survivors (0K)
 Metaspace       used 37920K, committed 38080K, reserved 1114112K
  class space    used 3963K, committed 4032K, reserved 1048576K
}
Event: 768.575 GC heap before
{Heap before GC invocations=87 (full 16):
 garbage-first heap   total 96256K, used 80221K [0x0000000702600000, 0x0000000800000000)
  region size 2048K, 27 young (55296K), 0 survivors (0K)
 Metaspace       used 37920K, committed 38080K, reserved 1114112K
  class space    used 3963K, committed 4032K, reserved 1048576K
}
Event: 768.577 GC heap after
{Heap after GC invocations=88 (full 16):
 garbage-first heap   total 96256K, used 25213K [0x0000000702600000, 0x0000000800000000)
  region size 2048K, 1 young (2048K), 1 survivors (2048K)
 Metaspace       used 37920K, committed 38080K, reserved 1114112K
  class space    used 3963K, committed 4032K, reserved 1048576K
}
Event: 782.941 GC heap before
{Heap before GC invocations=89 (full 16):
 garbage-first heap   total 96256K, used 74274K [0x0000000702600000, 0x0000000800000000)
  region size 2048K, 26 young (53248K), 1 survivors (2048K)
 Metaspace       used 37920K, committed 38080K, reserved 1114112K
  class space    used 3963K, committed 4032K, reserved 1048576K
}
Event: 782.975 GC heap after
{Heap after GC invocations=90 (full 17):
 garbage-first heap   total 96256K, used 24922K [0x0000000702600000, 0x0000000800000000)
  region size 2048K, 0 young (0K), 0 survivors (0K)
 Metaspace       used 37920K, committed 38080K, reserved 1114112K
  class space    used 3963K, committed 4032K, reserved 1048576K
}
Event: 798.466 GC heap before
{Heap before GC invocations=90 (full 17):
 garbage-first heap   total 96256K, used 80218K [0x0000000702600000, 0x0000000800000000)
  region size 2048K, 27 young (55296K), 0 survivors (0K)
 Metaspace       used 37920K, committed 38080K, reserved 1114112K
  class space    used 3963K, committed 4032K, reserved 1048576K
}
Event: 798.469 GC heap after
{Heap after GC invocations=91 (full 17):
 garbage-first heap   total 96256K, used 25211K [0x0000000702600000, 0x0000000800000000)
  region size 2048K, 1 young (2048K), 1 survivors (2048K)
 Metaspace       used 37920K, committed 38080K, reserved 1114112K
  class space    used 3963K, committed 4032K, reserved 1048576K
}
Event: 812.987 GC heap before
{Heap before GC invocations=92 (full 17):
 garbage-first heap   total 96256K, used 76411K [0x0000000702600000, 0x0000000800000000)
  region size 2048K, 27 young (55296K), 1 survivors (2048K)
 Metaspace       used 37920K, committed 38080K, reserved 1114112K
  class space    used 3963K, committed 4032K, reserved 1048576K
}
Event: 813.016 GC heap after
{Heap after GC invocations=93 (full 18):
 garbage-first heap   total 96256K, used 24925K [0x0000000702600000, 0x0000000800000000)
  region size 2048K, 0 young (0K), 0 survivors (0K)
 Metaspace       used 37920K, committed 38080K, reserved 1114112K
  class space    used 3963K, committed 4032K, reserved 1048576K
}
Event: 828.507 GC heap before
{Heap before GC invocations=93 (full 18):
 garbage-first heap   total 96256K, used 80221K [0x0000000702600000, 0x0000000800000000)
  region size 2048K, 27 young (55296K), 0 survivors (0K)
 Metaspace       used 37920K, committed 38080K, reserved 1114112K
  class space    used 3963K, committed 4032K, reserved 1048576K
}
Event: 828.509 GC heap after
{Heap after GC invocations=94 (full 18):
 garbage-first heap   total 96256K, used 25546K [0x0000000702600000, 0x0000000800000000)
  region size 2048K, 1 young (2048K), 1 survivors (2048K)
 Metaspace       used 37920K, committed 38080K, reserved 1114112K
  class space    used 3963K, committed 4032K, reserved 1048576K
}
Event: 843.018 GC heap before
{Heap before GC invocations=95 (full 18):
 garbage-first heap   total 96256K, used 68554K [0x0000000702600000, 0x0000000800000000)
  region size 2048K, 23 young (47104K), 1 survivors (2048K)
 Metaspace       used 37920K, committed 38080K, reserved 1114112K
  class space    used 3963K, committed 4032K, reserved 1048576K
}
Event: 843.054 GC heap after
{Heap after GC invocations=96 (full 19):
 garbage-first heap   total 96256K, used 25057K [0x0000000702600000, 0x0000000800000000)
  region size 2048K, 0 young (0K), 0 survivors (0K)
 Metaspace       used 37920K, committed 38080K, reserved 1114112K
  class space    used 3963K, committed 4032K, reserved 1048576K
}
Event: 860.296 GC heap before
{Heap before GC invocations=96 (full 19):
 garbage-first heap   total 96256K, used 80353K [0x0000000702600000, 0x0000000800000000)
  region size 2048K, 27 young (55296K), 0 survivors (0K)
 Metaspace       used 37920K, committed 38080K, reserved 1114112K
  class space    used 3963K, committed 4032K, reserved 1048576K
}
Event: 860.298 GC heap after
{Heap after GC invocations=97 (full 19):
 garbage-first heap   total 96256K, used 25344K [0x0000000702600000, 0x0000000800000000)
  region size 2048K, 1 young (2048K), 1 survivors (2048K)
 Metaspace       used 37920K, committed 38080K, reserved 1114112K
  class space    used 3963K, committed 4032K, reserved 1048576K
}

