# JRE version: OpenJDK Runtime Environment Corretto-17.0.7.7.1 (17.0.7+7) (build 17.0.7+7-LTS)
# Java VM: OpenJDK 64-Bit Server VM Corretto-17.0.7.7.1 (17.0.7+7-LTS, mixed mode, sharing, tiered, compressed oops, compressed class ptrs, g1 gc, windows-amd64)
GC Precious Log:
 CPUs: 4 total, 4 available
 Memory: 16224M
 Large Page Support: Disabled
 NUMA Support: Disabled
 Compressed Oops: Enabled (Zero based)
 Heap Region Size: 2M
 Heap Min Capacity: 8M
 Heap Initial Capacity: 254M
 Heap Max Capacity: 4058M
 Pre-touch: Disabled
 Parallel Workers: 4
 Concurrent Workers: 1
 Concurrent Refinement Workers: 4
 Periodic GC: Disabled
Heap:
 garbage-first heap   total 90112K, used 28260K [0x0000000702600000, 0x0000000800000000)
  region size 2048K, 3 young (6144K), 0 survivors (0K)
 Metaspace       used 34143K, committed 34368K, reserved 1114112K
  class space    used 3713K, committed 3840K, reserved 1048576K
GC Heap History (20 events):
Event: 4.630 GC heap before
{Heap before GC invocations=3 (full 0):
 garbage-first heap   total 260096K, used 46626K [0x0000000702600000, 0x0000000800000000)
  region size 2048K, 21 young (43008K), 2 survivors (4096K)
 Metaspace       used 21338K, committed 21504K, reserved 1114112K
  class space    used 2280K, committed 2368K, reserved 1048576K
}
Event: 4.636 GC heap after
{Heap after GC invocations=4 (full 0):
 garbage-first heap   total 260096K, used 11109K [0x0000000702600000, 0x0000000800000000)
  region size 2048K, 2 young (4096K), 2 survivors (4096K)
 Metaspace       used 21338K, committed 21504K, reserved 1114112K
  class space    used 2280K, committed 2368K, reserved 1048576K
}
Event: 6.087 GC heap before
{Heap before GC invocations=5 (full 0):
 garbage-first heap   total 49152K, used 37733K [0x0000000702600000, 0x0000000800000000)
  region size 2048K, 10 young (20480K), 2 survivors (4096K)
 Metaspace       used 23702K, committed 23936K, reserved 1114112K
  class space    used 2560K, committed 2688K, reserved 1048576K
}
Event: 6.092 GC heap after
{Heap after GC invocations=6 (full 0):
 garbage-first heap   total 49152K, used 23882K [0x0000000702600000, 0x0000000800000000)
  region size 2048K, 1 young (2048K), 1 survivors (2048K)
 Metaspace       used 23702K, committed 23936K, reserved 1114112K
  class space    used 2560K, committed 2688K, reserved 1048576K
}
Event: 6.137 GC heap before
{Heap before GC invocations=6 (full 0):
 garbage-first heap   total 49152K, used 25930K [0x0000000702600000, 0x0000000800000000)
  region size 2048K, 2 young (4096K), 1 survivors (2048K)
 Metaspace       used 24076K, committed 24320K, reserved 1114112K
  class space    used 2610K, committed 2752K, reserved 1048576K
}
Event: 6.141 GC heap after
{Heap after GC invocations=7 (full 0):
 garbage-first heap   total 49152K, used 17825K [0x0000000702600000, 0x0000000800000000)
  region size 2048K, 1 young (2048K), 1 survivors (2048K)
 Metaspace       used 24076K, committed 24320K, reserved 1114112K
  class space    used 2610K, committed 2752K, reserved 1048576K
}
Event: 6.505 GC heap before
{Heap before GC invocations=7 (full 0):
 garbage-first heap   total 49152K, used 32161K [0x0000000702600000, 0x0000000800000000)
  region size 2048K, 8 young (16384K), 1 survivors (2048K)
 Metaspace       used 26376K, committed 26560K, reserved 1114112K
  class space    used 2893K, committed 3008K, reserved 1048576K
}
Event: 6.508 GC heap after
{Heap after GC invocations=8 (full 0):
 garbage-first heap   total 49152K, used 18782K [0x0000000702600000, 0x0000000800000000)
  region size 2048K, 1 young (2048K), 1 survivors (2048K)
 Metaspace       used 26376K, committed 26560K, reserved 1114112K
  class space    used 2893K, committed 3008K, reserved 1048576K
}
Event: 7.008 GC heap before
{Heap before GC invocations=8 (full 0):
 garbage-first heap   total 49152K, used 33118K [0x0000000702600000, 0x0000000800000000)
  region size 2048K, 8 young (16384K), 1 survivors (2048K)
 Metaspace       used 29256K, committed 29504K, reserved 1114112K
  class space    used 3259K, committed 3392K, reserved 1048576K
}
Event: 7.012 GC heap after
{Heap after GC invocations=9 (full 0):
 garbage-first heap   total 49152K, used 20186K [0x0000000702600000, 0x0000000800000000)
  region size 2048K, 1 young (2048K), 1 survivors (2048K)
 Metaspace       used 29256K, committed 29504K, reserved 1114112K
  class space    used 3259K, committed 3392K, reserved 1048576K
}
Event: 7.247 GC heap before
{Heap before GC invocations=9 (full 0):
 garbage-first heap   total 49152K, used 34522K [0x0000000702600000, 0x0000000800000000)
  region size 2048K, 8 young (16384K), 1 survivors (2048K)
 Metaspace       used 31792K, committed 32000K, reserved 1114112K
  class space    used 3543K, committed 3648K, reserved 1048576K
}
Event: 7.249 GC heap after
{Heap after GC invocations=10 (full 0):
 garbage-first heap   total 49152K, used 20790K [0x0000000702600000, 0x0000000800000000)
  region size 2048K, 1 young (2048K), 1 survivors (2048K)
 Metaspace       used 31792K, committed 32000K, reserved 1114112K
  class space    used 3543K, committed 3648K, reserved 1048576K
}
Event: 7.516 GC heap before
{Heap before GC invocations=10 (full 0):
 garbage-first heap   total 49152K, used 26934K [0x0000000702600000, 0x0000000800000000)
  region size 2048K, 5 young (10240K), 1 survivors (2048K)
 Metaspace       used 32986K, committed 33216K, reserved 1114112K
  class space    used 3688K, committed 3776K, reserved 1048576K
}
Event: 7.519 GC heap after
{Heap after GC invocations=11 (full 0):
 garbage-first heap   total 155648K, used 21326K [0x0000000702600000, 0x0000000800000000)
  region size 2048K, 1 young (2048K), 1 survivors (2048K)
 Metaspace       used 32986K, committed 33216K, reserved 1114112K
  class space    used 3688K, committed 3776K, reserved 1048576K
}
Event: 32.118 GC heap before
{Heap before GC invocations=11 (full 0):
 garbage-first heap   total 155648K, used 86862K [0x0000000702600000, 0x0000000800000000)
  region size 2048K, 30 young (61440K), 1 survivors (2048K)
 Metaspace       used 33940K, committed 34176K, reserved 1114112K
  class space    used 3704K, committed 3840K, reserved 1048576K
}
Event: 32.144 GC heap after
{Heap after GC invocations=12 (full 1):
 garbage-first heap   total 90112K, used 24083K [0x0000000702600000, 0x0000000800000000)
  region size 2048K, 0 young (0K), 0 survivors (0K)
 Metaspace       used 33940K, committed 34176K, reserved 1114112K
  class space    used 3704K, committed 3840K, reserved 1048576K
}
Event: 54.609 GC heap before
{Heap before GC invocations=12 (full 1):
 garbage-first heap   total 90112K, used 69139K [0x0000000702600000, 0x0000000800000000)
  region size 2048K, 22 young (45056K), 0 survivors (0K)
 Metaspace       used 34119K, committed 34368K, reserved 1114112K
  class space    used 3710K, committed 3840K, reserved 1048576K
}
Event: 54.610 GC heap after
{Heap after GC invocations=13 (full 1):
 garbage-first heap   total 90112K, used 24405K [0x0000000702600000, 0x0000000800000000)
  region size 2048K, 1 young (2048K), 1 survivors (2048K)
 Metaspace       used 34119K, committed 34368K, reserved 1114112K
  class space    used 3710K, committed 3840K, reserved 1048576K
}
Event: 62.158 GC heap before
{Heap before GC invocations=13 (full 1):
 garbage-first heap   total 90112K, used 38741K [0x0000000702600000, 0x0000000800000000)
  region size 2048K, 9 young (18432K), 1 survivors (2048K)
 Metaspace       used 34119K, committed 34368K, reserved 1114112K
  class space    used 3710K, committed 3840K, reserved 1048576K
}
Event: 62.182 GC heap after
{Heap after GC invocations=14 (full 2):
 garbage-first heap   total 90112K, used 24164K [0x0000000702600000, 0x0000000800000000)
  region size 2048K, 0 young (0K), 0 survivors (0K)
 Metaspace       used 34119K, committed 34368K, reserved 1114112K
  class space    used 3710K, committed 3840K, reserved 1048576K
}

