# JRE version: OpenJDK Runtime Environment Corretto-17.0.7.7.1 (17.0.7+7) (build 17.0.7+7-LTS)
# Java VM: OpenJDK 64-Bit Server VM Corretto-17.0.7.7.1 (17.0.7+7-LTS, mixed mode, sharing, tiered, compressed oops, compressed class ptrs, g1 gc, windows-amd64)
GC Precious Log:
 CPUs: 4 total, 4 available
 Memory: 16224M
 Large Page Support: Disabled
 NUMA Support: Disabled
 Compressed Oops: Enabled (Zero based)
 Heap Region Size: 2M
 Heap Min Capacity: 8M
 Heap Initial Capacity: 254M
 Heap Max Capacity: 4058M
 Pre-touch: Disabled
 Parallel Workers: 4
 Concurrent Workers: 1
 Concurrent Refinement Workers: 4
 Periodic GC: Disabled
Heap:
 garbage-first heap   total 116736K, used 26031K [0x0000000702600000, 0x0000000800000000)
  region size 2048K, 2 young (4096K), 1 survivors (2048K)
 Metaspace       used 35499K, committed 35776K, reserved 1114112K
  class space    used 3789K, committed 3904K, reserved 1048576K
GC Heap History (20 events):
Event: 362.711 GC heap before
{Heap before GC invocations=29 (full 10):
 garbage-first heap   total 96256K, used 31701K [0x0000000702600000, 0x0000000800000000)
  region size 2048K, 5 young (10240K), 1 survivors (2048K)
 Metaspace       used 35476K, committed 35712K, reserved 1114112K
  class space    used 3786K, committed 3904K, reserved 1048576K
}
Event: 362.737 GC heap after
{Heap after GC invocations=30 (full 11):
 garbage-first heap   total 96256K, used 25479K [0x0000000702600000, 0x0000000800000000)
  region size 2048K, 0 young (0K), 0 survivors (0K)
 Metaspace       used 35476K, committed 35712K, reserved 1114112K
  class space    used 3786K, committed 3904K, reserved 1048576K
}
Event: 390.783 GC heap before
{Heap before GC invocations=30 (full 11):
 garbage-first heap   total 96256K, used 80775K [0x0000000702600000, 0x0000000800000000)
  region size 2048K, 27 young (55296K), 0 survivors (0K)
 Metaspace       used 35476K, committed 35712K, reserved 1114112K
  class space    used 3786K, committed 3904K, reserved 1048576K
}
Event: 390.785 GC heap after
{Heap after GC invocations=31 (full 11):
 garbage-first heap   total 96256K, used 25561K [0x0000000702600000, 0x0000000800000000)
  region size 2048K, 1 young (2048K), 1 survivors (2048K)
 Metaspace       used 35476K, committed 35712K, reserved 1114112K
  class space    used 3786K, committed 3904K, reserved 1048576K
}
Event: 392.745 GC heap before
{Heap before GC invocations=31 (full 11):
 garbage-first heap   total 96256K, used 29657K [0x0000000702600000, 0x0000000800000000)
  region size 2048K, 4 young (8192K), 1 survivors (2048K)
 Metaspace       used 35476K, committed 35712K, reserved 1114112K
  class space    used 3786K, committed 3904K, reserved 1048576K
}
Event: 392.767 GC heap after
{Heap after GC invocations=32 (full 12):
 garbage-first heap   total 96256K, used 25478K [0x0000000702600000, 0x0000000800000000)
  region size 2048K, 0 young (0K), 0 survivors (0K)
 Metaspace       used 35476K, committed 35712K, reserved 1114112K
  class space    used 3786K, committed 3904K, reserved 1048576K
}
Event: 421.107 GC heap before
{Heap before GC invocations=32 (full 12):
 garbage-first heap   total 96256K, used 80774K [0x0000000702600000, 0x0000000800000000)
  region size 2048K, 27 young (55296K), 0 survivors (0K)
 Metaspace       used 35476K, committed 35712K, reserved 1114112K
  class space    used 3786K, committed 3904K, reserved 1048576K
}
Event: 421.107 GC heap after
{Heap after GC invocations=33 (full 12):
 garbage-first heap   total 96256K, used 26513K [0x0000000702600000, 0x0000000800000000)
  region size 2048K, 1 young (2048K), 1 survivors (2048K)
 Metaspace       used 35476K, committed 35712K, reserved 1114112K
  class space    used 3786K, committed 3904K, reserved 1048576K
}
Event: 422.782 GC heap before
{Heap before GC invocations=33 (full 12):
 garbage-first heap   total 96256K, used 28561K [0x0000000702600000, 0x0000000800000000)
  region size 2048K, 3 young (6144K), 1 survivors (2048K)
 Metaspace       used 35476K, committed 35712K, reserved 1114112K
  class space    used 3786K, committed 3904K, reserved 1048576K
}
Event: 422.807 GC heap after
{Heap after GC invocations=34 (full 13):
 garbage-first heap   total 96256K, used 25958K [0x0000000702600000, 0x0000000800000000)
  region size 2048K, 0 young (0K), 0 survivors (0K)
 Metaspace       used 35476K, committed 35712K, reserved 1114112K
  class space    used 3786K, committed 3904K, reserved 1048576K
}
Event: 448.651 GC heap before
{Heap before GC invocations=34 (full 13):
 garbage-first heap   total 96256K, used 79206K [0x0000000702600000, 0x0000000800000000)
  region size 2048K, 26 young (53248K), 0 survivors (0K)
 Metaspace       used 35476K, committed 35712K, reserved 1114112K
  class space    used 3786K, committed 3904K, reserved 1048576K
}
Event: 448.652 GC heap after
{Heap after GC invocations=35 (full 13):
 garbage-first heap   total 96256K, used 26032K [0x0000000702600000, 0x0000000800000000)
  region size 2048K, 1 young (2048K), 1 survivors (2048K)
 Metaspace       used 35476K, committed 35712K, reserved 1114112K
  class space    used 3786K, committed 3904K, reserved 1048576K
}
Event: 452.818 GC heap before
{Heap before GC invocations=35 (full 13):
 garbage-first heap   total 96256K, used 34224K [0x0000000702600000, 0x0000000800000000)
  region size 2048K, 6 young (12288K), 1 survivors (2048K)
 Metaspace       used 35476K, committed 35712K, reserved 1114112K
  class space    used 3786K, committed 3904K, reserved 1048576K
}
Event: 452.841 GC heap after
{Heap after GC invocations=36 (full 14):
 garbage-first heap   total 96256K, used 25958K [0x0000000702600000, 0x0000000800000000)
  region size 2048K, 0 young (0K), 0 survivors (0K)
 Metaspace       used 35476K, committed 35712K, reserved 1114112K
  class space    used 3786K, committed 3904K, reserved 1048576K
}
Event: 480.228 GC heap before
{Heap before GC invocations=36 (full 14):
 garbage-first heap   total 96256K, used 81254K [0x0000000702600000, 0x0000000800000000)
  region size 2048K, 27 young (55296K), 0 survivors (0K)
 Metaspace       used 35476K, committed 35712K, reserved 1114112K
  class space    used 3786K, committed 3904K, reserved 1048576K
}
Event: 480.229 GC heap after
{Heap after GC invocations=37 (full 14):
 garbage-first heap   total 96256K, used 26031K [0x0000000702600000, 0x0000000800000000)
  region size 2048K, 1 young (2048K), 1 survivors (2048K)
 Metaspace       used 35476K, committed 35712K, reserved 1114112K
  class space    used 3786K, committed 3904K, reserved 1048576K
}
Event: 482.852 GC heap before
{Heap before GC invocations=37 (full 14):
 garbage-first heap   total 96256K, used 30127K [0x0000000702600000, 0x0000000800000000)
  region size 2048K, 4 young (8192K), 1 survivors (2048K)
 Metaspace       used 35476K, committed 35712K, reserved 1114112K
  class space    used 3786K, committed 3904K, reserved 1048576K
}
Event: 482.880 GC heap after
{Heap after GC invocations=38 (full 15):
 garbage-first heap   total 96256K, used 25959K [0x0000000702600000, 0x0000000800000000)
  region size 2048K, 0 young (0K), 0 survivors (0K)
 Metaspace       used 35476K, committed 35712K, reserved 1114112K
  class space    used 3786K, committed 3904K, reserved 1048576K
}
Event: 509.043 GC heap before
{Heap before GC invocations=38 (full 15):
 garbage-first heap   total 96256K, used 81255K [0x0000000702600000, 0x0000000800000000)
  region size 2048K, 27 young (55296K), 0 survivors (0K)
 Metaspace       used 35478K, committed 35712K, reserved 1114112K
  class space    used 3786K, committed 3904K, reserved 1048576K
}
Event: 509.044 GC heap after
{Heap after GC invocations=39 (full 15):
 garbage-first heap   total 116736K, used 26031K [0x0000000702600000, 0x0000000800000000)
  region size 2048K, 1 young (2048K), 1 survivors (2048K)
 Metaspace       used 35478K, committed 35712K, reserved 1114112K
  class space    used 3786K, committed 3904K, reserved 1048576K
}

