# JRE version: OpenJDK Runtime Environment JBR-17.0.7+7-1000.5-nomod (17.0.7+7) (build 17.0.7+7-b1000.5)
# Java VM: OpenJDK 64-Bit Server VM JBR-17.0.7+7-1000.5-nomod (17.0.7+7-b1000.5, mixed mode, tiered, compressed oops, compressed class ptrs, g1 gc, windows-amd64)
GC Precious Log:
 CPUs: 4 total, 4 available
 Memory: 16224M
 Large Page Support: Disabled
 NUMA Support: Disabled
 Compressed Oops: Enabled (Zero based)
 Heap Region Size: 2M
 Heap Min Capacity: 8M
 Heap Initial Capacity: 254M
 Heap Max Capacity: 4058M
 Pre-touch: Disabled
 Parallel Workers: 4
 Concurrent Workers: 1
 Concurrent Refinement Workers: 4
 Periodic GC: Disabled
Heap:
 garbage-first heap   total 90112K, used 25581K [0x0000000702600000, 0x0000000800000000)
  region size 2048K, 2 young (4096K), 0 survivors (0K)
 Metaspace       used 43178K, committed 43456K, reserved 1114112K
  class space    used 4651K, committed 4800K, reserved 1048576K
GC Heap History (20 events):
Event: 8.041 GC heap before
{Heap before GC invocations=6 (full 0):
 garbage-first heap   total 49152K, used 35607K [0x0000000702600000, 0x0000000800000000)
  region size 2048K, 10 young (20480K), 1 survivors (2048K)
 Metaspace       used 32015K, committed 32320K, reserved 1114112K
  class space    used 3422K, committed 3584K, reserved 1048576K
}
Event: 8.043 GC heap after
{Heap after GC invocations=7 (full 0):
 garbage-first heap   total 49152K, used 17493K [0x0000000702600000, 0x0000000800000000)
  region size 2048K, 1 young (2048K), 1 survivors (2048K)
 Metaspace       used 32015K, committed 32320K, reserved 1114112K
  class space    used 3422K, committed 3584K, reserved 1048576K
}
Event: 8.351 GC heap before
{Heap before GC invocations=7 (full 0):
 garbage-first heap   total 49152K, used 33877K [0x0000000702600000, 0x0000000800000000)
  region size 2048K, 9 young (18432K), 1 survivors (2048K)
 Metaspace       used 34599K, committed 34880K, reserved 1114112K
  class space    used 3753K, committed 3904K, reserved 1048576K
}
Event: 8.354 GC heap after
{Heap after GC invocations=8 (full 0):
 garbage-first heap   total 49152K, used 18630K [0x0000000702600000, 0x0000000800000000)
  region size 2048K, 2 young (4096K), 2 survivors (4096K)
 Metaspace       used 34599K, committed 34880K, reserved 1114112K
  class space    used 3753K, committed 3904K, reserved 1048576K
}
Event: 8.484 GC heap before
{Heap before GC invocations=8 (full 0):
 garbage-first heap   total 49152K, used 24774K [0x0000000702600000, 0x0000000800000000)
  region size 2048K, 6 young (12288K), 2 survivors (4096K)
 Metaspace       used 35743K, committed 35968K, reserved 1114112K
  class space    used 3910K, committed 3968K, reserved 1048576K
}
Event: 8.487 GC heap after
{Heap after GC invocations=9 (full 0):
 garbage-first heap   total 49152K, used 19594K [0x0000000702600000, 0x0000000800000000)
  region size 2048K, 2 young (4096K), 2 survivors (4096K)
 Metaspace       used 35743K, committed 35968K, reserved 1114112K
  class space    used 3910K, committed 3968K, reserved 1048576K
}
Event: 8.805 GC heap before
{Heap before GC invocations=10 (full 0):
 garbage-first heap   total 49152K, used 33930K [0x0000000702600000, 0x0000000800000000)
  region size 2048K, 9 young (18432K), 2 survivors (4096K)
 Metaspace       used 39401K, committed 39680K, reserved 1114112K
  class space    used 4333K, committed 4416K, reserved 1048576K
}
Event: 8.809 GC heap after
{Heap after GC invocations=11 (full 0):
 garbage-first heap   total 49152K, used 20201K [0x0000000702600000, 0x0000000800000000)
  region size 2048K, 2 young (4096K), 2 survivors (4096K)
 Metaspace       used 39401K, committed 39680K, reserved 1114112K
  class space    used 4333K, committed 4416K, reserved 1048576K
}
Event: 9.189 GC heap before
{Heap before GC invocations=11 (full 0):
 garbage-first heap   total 49152K, used 32489K [0x0000000702600000, 0x0000000800000000)
  region size 2048K, 9 young (18432K), 2 survivors (4096K)
 Metaspace       used 41808K, committed 42048K, reserved 1114112K
  class space    used 4626K, committed 4736K, reserved 1048576K
}
Event: 9.194 GC heap after
{Heap after GC invocations=12 (full 0):
 garbage-first heap   total 155648K, used 20943K [0x0000000702600000, 0x0000000800000000)
  region size 2048K, 2 young (4096K), 2 survivors (4096K)
 Metaspace       used 41808K, committed 42048K, reserved 1114112K
  class space    used 4626K, committed 4736K, reserved 1048576K
}
Event: 31.383 GC heap before
{Heap before GC invocations=12 (full 0):
 garbage-first heap   total 155648K, used 74191K [0x0000000702600000, 0x0000000800000000)
  region size 2048K, 25 young (51200K), 2 survivors (4096K)
 Metaspace       used 42714K, committed 42944K, reserved 1114112K
  class space    used 4642K, committed 4736K, reserved 1048576K
}
Event: 31.425 GC heap after
{Heap after GC invocations=13 (full 1):
 garbage-first heap   total 90112K, used 23408K [0x0000000702600000, 0x0000000800000000)
  region size 2048K, 0 young (0K), 0 survivors (0K)
 Metaspace       used 42714K, committed 42944K, reserved 1114112K
  class space    used 4642K, committed 4736K, reserved 1048576K
}
Event: 53.913 GC heap before
{Heap before GC invocations=13 (full 1):
 garbage-first heap   total 90112K, used 66416K [0x0000000702600000, 0x0000000800000000)
  region size 2048K, 21 young (43008K), 0 survivors (0K)
 Metaspace       used 42895K, committed 43136K, reserved 1114112K
  class space    used 4647K, committed 4736K, reserved 1048576K
}
Event: 53.914 GC heap after
{Heap after GC invocations=14 (full 1):
 garbage-first heap   total 90112K, used 23921K [0x0000000702600000, 0x0000000800000000)
  region size 2048K, 1 young (2048K), 1 survivors (2048K)
 Metaspace       used 42895K, committed 43136K, reserved 1114112K
  class space    used 4647K, committed 4736K, reserved 1048576K
}
Event: 61.436 GC heap before
{Heap before GC invocations=14 (full 1):
 garbage-first heap   total 90112K, used 38257K [0x0000000702600000, 0x0000000800000000)
  region size 2048K, 9 young (18432K), 1 survivors (2048K)
 Metaspace       used 42961K, committed 43136K, reserved 1114112K
  class space    used 4647K, committed 4736K, reserved 1048576K
}
Event: 61.461 GC heap after
{Heap after GC invocations=15 (full 2):
 garbage-first heap   total 90112K, used 23506K [0x0000000702600000, 0x0000000800000000)
  region size 2048K, 0 young (0K), 0 survivors (0K)
 Metaspace       used 42961K, committed 43136K, reserved 1114112K
  class space    used 4647K, committed 4736K, reserved 1048576K
}
Event: 86.658 GC heap before
{Heap before GC invocations=15 (full 2):
 garbage-first heap   total 90112K, used 70610K [0x0000000702600000, 0x0000000800000000)
  region size 2048K, 23 young (47104K), 0 survivors (0K)
 Metaspace       used 43092K, committed 43392K, reserved 1114112K
  class space    used 4648K, committed 4800K, reserved 1048576K
}
Event: 86.660 GC heap after
{Heap after GC invocations=16 (full 2):
 garbage-first heap   total 90112K, used 23635K [0x0000000702600000, 0x0000000800000000)
  region size 2048K, 1 young (2048K), 1 survivors (2048K)
 Metaspace       used 43092K, committed 43392K, reserved 1114112K
  class space    used 4648K, committed 4800K, reserved 1048576K
}
Event: 91.470 GC heap before
{Heap before GC invocations=16 (full 2):
 garbage-first heap   total 90112K, used 31827K [0x0000000702600000, 0x0000000800000000)
  region size 2048K, 6 young (12288K), 1 survivors (2048K)
 Metaspace       used 43155K, committed 43392K, reserved 1114112K
  class space    used 4648K, committed 4800K, reserved 1048576K
}
Event: 91.489 GC heap after
{Heap after GC invocations=17 (full 3):
 garbage-first heap   total 90112K, used 23533K [0x0000000702600000, 0x0000000800000000)
  region size 2048K, 0 young (0K), 0 survivors (0K)
 Metaspace       used 43155K, committed 43392K, reserved 1114112K
  class space    used 4648K, committed 4800K, reserved 1048576K
}

