# JRE version: OpenJDK Runtime Environment Corretto-17.0.7.7.1 (17.0.7+7) (build 17.0.7+7-LTS)
# Java VM: OpenJDK 64-Bit Server VM Corretto-17.0.7.7.1 (17.0.7+7-LTS, mixed mode, sharing, tiered, compressed oops, compressed class ptrs, g1 gc, windows-amd64)
GC Precious Log:
 CPUs: 4 total, 4 available
 Memory: 16224M
 Large Page Support: Disabled
 NUMA Support: Disabled
 Compressed Oops: Enabled (Zero based)
 Heap Region Size: 2M
 Heap Min Capacity: 8M
 Heap Initial Capacity: 254M
 Heap Max Capacity: 4058M
 Pre-touch: Disabled
 Parallel Workers: 4
 Concurrent Workers: 1
 Concurrent Refinement Workers: 4
 Periodic GC: Disabled
Heap:
 garbage-first heap   total 81920K, used 56337K [0x0000000702600000, 0x0000000800000000)
  region size 2048K, 17 young (34816K), 0 survivors (0K)
 Metaspace       used 34852K, committed 35072K, reserved 1114112K
  class space    used 3754K, committed 3840K, reserved 1048576K
GC Heap History (20 events):
Event: 4.914 GC heap before
{Heap before GC invocations=6 (full 0):
 garbage-first heap   total 49152K, used 26081K [0x0000000702600000, 0x0000000800000000)
  region size 2048K, 2 young (4096K), 1 survivors (2048K)
 Metaspace       used 24689K, committed 24896K, reserved 1114112K
  class space    used 2678K, committed 2816K, reserved 1048576K
}
Event: 4.918 GC heap after
{Heap after GC invocations=7 (full 0):
 garbage-first heap   total 49152K, used 18084K [0x0000000702600000, 0x0000000800000000)
  region size 2048K, 1 young (2048K), 1 survivors (2048K)
 Metaspace       used 24689K, committed 24896K, reserved 1114112K
  class space    used 2678K, committed 2816K, reserved 1048576K
}
Event: 5.182 GC heap before
{Heap before GC invocations=7 (full 0):
 garbage-first heap   total 49152K, used 32420K [0x0000000702600000, 0x0000000800000000)
  region size 2048K, 8 young (16384K), 1 survivors (2048K)
 Metaspace       used 26899K, committed 27136K, reserved 1114112K
  class space    used 2957K, committed 3072K, reserved 1048576K
}
Event: 5.186 GC heap after
{Heap after GC invocations=8 (full 0):
 garbage-first heap   total 49152K, used 19529K [0x0000000702600000, 0x0000000800000000)
  region size 2048K, 1 young (2048K), 1 survivors (2048K)
 Metaspace       used 26899K, committed 27136K, reserved 1114112K
  class space    used 2957K, committed 3072K, reserved 1048576K
}
Event: 5.549 GC heap before
{Heap before GC invocations=8 (full 0):
 garbage-first heap   total 49152K, used 33865K [0x0000000702600000, 0x0000000800000000)
  region size 2048K, 8 young (16384K), 1 survivors (2048K)
 Metaspace       used 30075K, committed 30336K, reserved 1114112K
  class space    used 3337K, committed 3456K, reserved 1048576K
}
Event: 5.554 GC heap after
{Heap after GC invocations=9 (full 0):
 garbage-first heap   total 155648K, used 20558K [0x0000000702600000, 0x0000000800000000)
  region size 2048K, 1 young (2048K), 1 survivors (2048K)
 Metaspace       used 30075K, committed 30336K, reserved 1114112K
  class space    used 3337K, committed 3456K, reserved 1048576K
}
Event: 31.310 GC heap before
{Heap before GC invocations=9 (full 0):
 garbage-first heap   total 155648K, used 90190K [0x0000000702600000, 0x0000000800000000)
  region size 2048K, 32 young (65536K), 1 survivors (2048K)
 Metaspace       used 34439K, committed 34688K, reserved 1114112K
  class space    used 3737K, committed 3840K, reserved 1048576K
}
Event: 31.340 GC heap after
{Heap after GC invocations=10 (full 1):
 garbage-first heap   total 90112K, used 23567K [0x0000000702600000, 0x0000000800000000)
  region size 2048K, 0 young (0K), 0 survivors (0K)
 Metaspace       used 34439K, committed 34688K, reserved 1114112K
  class space    used 3737K, committed 3840K, reserved 1048576K
}
Event: 61.027 GC heap before
{Heap before GC invocations=10 (full 1):
 garbage-first heap   total 90112K, used 66575K [0x0000000702600000, 0x0000000800000000)
  region size 2048K, 21 young (43008K), 0 survivors (0K)
 Metaspace       used 34455K, committed 34688K, reserved 1114112K
  class space    used 3738K, committed 3840K, reserved 1048576K
}
Event: 61.028 GC heap after
{Heap after GC invocations=11 (full 1):
 garbage-first heap   total 90112K, used 23825K [0x0000000702600000, 0x0000000800000000)
  region size 2048K, 1 young (2048K), 1 survivors (2048K)
 Metaspace       used 34455K, committed 34688K, reserved 1114112K
  class space    used 3738K, committed 3840K, reserved 1048576K
}
Event: 61.364 GC heap before
{Heap before GC invocations=11 (full 1):
 garbage-first heap   total 90112K, used 23825K [0x0000000702600000, 0x0000000800000000)
  region size 2048K, 2 young (4096K), 1 survivors (2048K)
 Metaspace       used 34455K, committed 34688K, reserved 1114112K
  class space    used 3738K, committed 3840K, reserved 1048576K
}
Event: 61.387 GC heap after
{Heap after GC invocations=12 (full 2):
 garbage-first heap   total 90112K, used 23477K [0x0000000702600000, 0x0000000800000000)
  region size 2048K, 0 young (0K), 0 survivors (0K)
 Metaspace       used 34455K, committed 34688K, reserved 1114112K
  class space    used 3738K, committed 3840K, reserved 1048576K
}
Event: 91.392 GC heap before
{Heap before GC invocations=12 (full 2):
 garbage-first heap   total 90112K, used 64437K [0x0000000702600000, 0x0000000800000000)
  region size 2048K, 21 young (43008K), 0 survivors (0K)
 Metaspace       used 34472K, committed 34688K, reserved 1114112K
  class space    used 3739K, committed 3840K, reserved 1048576K
}
Event: 91.421 GC heap after
{Heap after GC invocations=13 (full 3):
 garbage-first heap   total 81920K, used 23481K [0x0000000702600000, 0x0000000800000000)
  region size 2048K, 0 young (0K), 0 survivors (0K)
 Metaspace       used 34472K, committed 34688K, reserved 1114112K
  class space    used 3739K, committed 3840K, reserved 1048576K
}
Event: 121.425 GC heap before
{Heap before GC invocations=13 (full 3):
 garbage-first heap   total 81920K, used 64441K [0x0000000702600000, 0x0000000800000000)
  region size 2048K, 21 young (43008K), 0 survivors (0K)
 Metaspace       used 34541K, committed 34752K, reserved 1114112K
  class space    used 3739K, committed 3840K, reserved 1048576K
}
Event: 121.454 GC heap after
{Heap after GC invocations=14 (full 4):
 garbage-first heap   total 81920K, used 23569K [0x0000000702600000, 0x0000000800000000)
  region size 2048K, 0 young (0K), 0 survivors (0K)
 Metaspace       used 34541K, committed 34752K, reserved 1114112K
  class space    used 3739K, committed 3840K, reserved 1048576K
}
Event: 151.129 GC heap before
{Heap before GC invocations=14 (full 4):
 garbage-first heap   total 81920K, used 66577K [0x0000000702600000, 0x0000000800000000)
  region size 2048K, 21 young (43008K), 0 survivors (0K)
 Metaspace       used 34663K, committed 34880K, reserved 1114112K
  class space    used 3740K, committed 3840K, reserved 1048576K
}
Event: 151.130 GC heap after
{Heap after GC invocations=15 (full 4):
 garbage-first heap   total 81920K, used 23695K [0x0000000702600000, 0x0000000800000000)
  region size 2048K, 1 young (2048K), 1 survivors (2048K)
 Metaspace       used 34663K, committed 34880K, reserved 1114112K
  class space    used 3740K, committed 3840K, reserved 1048576K
}
Event: 151.457 GC heap before
{Heap before GC invocations=15 (full 4):
 garbage-first heap   total 81920K, used 23695K [0x0000000702600000, 0x0000000800000000)
  region size 2048K, 2 young (4096K), 1 survivors (2048K)
 Metaspace       used 34710K, committed 34944K, reserved 1114112K
  class space    used 3740K, committed 3840K, reserved 1048576K
}
Event: 151.485 GC heap after
{Heap after GC invocations=16 (full 5):
 garbage-first heap   total 81920K, used 23569K [0x0000000702600000, 0x0000000800000000)
  region size 2048K, 0 young (0K), 0 survivors (0K)
 Metaspace       used 34710K, committed 34944K, reserved 1114112K
  class space    used 3740K, committed 3840K, reserved 1048576K
}

