# JRE version: OpenJDK Runtime Environment Corretto-17.0.7.7.1 (17.0.7+7) (build 17.0.7+7-LTS)
# Java VM: OpenJDK 64-Bit Server VM Corretto-17.0.7.7.1 (17.0.7+7-LTS, mixed mode, sharing, tiered, compressed oops, compressed class ptrs, g1 gc, windows-amd64)
GC Precious Log:
 CPUs: 4 total, 4 available
 Memory: 16224M
 Large Page Support: Disabled
 NUMA Support: Disabled
 Compressed Oops: Enabled (Zero based)
 Heap Region Size: 2M
 Heap Min Capacity: 8M
 Heap Initial Capacity: 254M
 Heap Max Capacity: 4058M
 Pre-touch: Disabled
 Parallel Workers: 4
 Concurrent Workers: 1
 Concurrent Refinement Workers: 4
 Periodic GC: Disabled
Heap:
 garbage-first heap   total 90112K, used 33429K [0x0000000702600000, 0x0000000800000000)
  region size 2048K, 5 young (10240K), 0 survivors (0K)
 Metaspace       used 34777K, committed 35008K, reserved 1114112K
  class space    used 3738K, committed 3840K, reserved 1048576K
GC Heap History (20 events):
Event: 566.862 GC heap before
{Heap before GC invocations=106 (full 18):
 garbage-first heap   total 90112K, used 76435K [0x0000000702600000, 0x0000000800000000)
  region size 2048K, 25 young (51200K), 0 survivors (0K)
 Metaspace       used 34753K, committed 35008K, reserved 1114112K
  class space    used 3735K, committed 3840K, reserved 1048576K
}
Event: 566.863 GC heap after
{Heap after GC invocations=107 (full 18):
 garbage-first heap   total 90112K, used 25301K [0x0000000702600000, 0x0000000800000000)
  region size 2048K, 1 young (2048K), 1 survivors (2048K)
 Metaspace       used 34753K, committed 35008K, reserved 1114112K
  class space    used 3735K, committed 3840K, reserved 1048576K
}
Event: 572.358 GC heap before
{Heap before GC invocations=107 (full 18):
 garbage-first heap   total 90112K, used 35541K [0x0000000702600000, 0x0000000800000000)
  region size 2048K, 7 young (14336K), 1 survivors (2048K)
 Metaspace       used 34753K, committed 35008K, reserved 1114112K
  class space    used 3735K, committed 3840K, reserved 1048576K
}
Event: 572.390 GC heap after
{Heap after GC invocations=108 (full 19):
 garbage-first heap   total 90112K, used 25237K [0x0000000702600000, 0x0000000800000000)
  region size 2048K, 0 young (0K), 0 survivors (0K)
 Metaspace       used 34753K, committed 35008K, reserved 1114112K
  class space    used 3735K, committed 3840K, reserved 1048576K
}
Event: 597.036 GC heap before
{Heap before GC invocations=108 (full 19):
 garbage-first heap   total 90112K, used 76437K [0x0000000702600000, 0x0000000800000000)
  region size 2048K, 25 young (51200K), 0 survivors (0K)
 Metaspace       used 34753K, committed 35008K, reserved 1114112K
  class space    used 3735K, committed 3840K, reserved 1048576K
}
Event: 597.037 GC heap after
{Heap after GC invocations=109 (full 19):
 garbage-first heap   total 90112K, used 25306K [0x0000000702600000, 0x0000000800000000)
  region size 2048K, 1 young (2048K), 1 survivors (2048K)
 Metaspace       used 34753K, committed 35008K, reserved 1114112K
  class space    used 3735K, committed 3840K, reserved 1048576K
}
Event: 602.399 GC heap before
{Heap before GC invocations=109 (full 19):
 garbage-first heap   total 90112K, used 35546K [0x0000000702600000, 0x0000000800000000)
  region size 2048K, 7 young (14336K), 1 survivors (2048K)
 Metaspace       used 34753K, committed 35008K, reserved 1114112K
  class space    used 3735K, committed 3840K, reserved 1048576K
}
Event: 602.421 GC heap after
{Heap after GC invocations=110 (full 20):
 garbage-first heap   total 90112K, used 25236K [0x0000000702600000, 0x0000000800000000)
  region size 2048K, 0 young (0K), 0 survivors (0K)
 Metaspace       used 34753K, committed 35008K, reserved 1114112K
  class space    used 3735K, committed 3840K, reserved 1048576K
}
Event: 625.943 GC heap before
{Heap before GC invocations=110 (full 20):
 garbage-first heap   total 90112K, used 76436K [0x0000000702600000, 0x0000000800000000)
  region size 2048K, 25 young (51200K), 0 survivors (0K)
 Metaspace       used 34753K, committed 35008K, reserved 1114112K
  class space    used 3735K, committed 3840K, reserved 1048576K
}
Event: 625.944 GC heap after
{Heap after GC invocations=111 (full 20):
 garbage-first heap   total 90112K, used 25304K [0x0000000702600000, 0x0000000800000000)
  region size 2048K, 1 young (2048K), 1 survivors (2048K)
 Metaspace       used 34753K, committed 35008K, reserved 1114112K
  class space    used 3735K, committed 3840K, reserved 1048576K
}
Event: 632.424 GC heap before
{Heap before GC invocations=111 (full 20):
 garbage-first heap   total 90112K, used 37592K [0x0000000702600000, 0x0000000800000000)
  region size 2048K, 8 young (16384K), 1 survivors (2048K)
 Metaspace       used 34753K, committed 35008K, reserved 1114112K
  class space    used 3735K, committed 3840K, reserved 1048576K
}
Event: 632.448 GC heap after
{Heap after GC invocations=112 (full 21):
 garbage-first heap   total 90112K, used 25236K [0x0000000702600000, 0x0000000800000000)
  region size 2048K, 0 young (0K), 0 survivors (0K)
 Metaspace       used 34753K, committed 35008K, reserved 1114112K
  class space    used 3735K, committed 3840K, reserved 1048576K
}
Event: 657.650 GC heap before
{Heap before GC invocations=112 (full 21):
 garbage-first heap   total 90112K, used 76436K [0x0000000702600000, 0x0000000800000000)
  region size 2048K, 25 young (51200K), 0 survivors (0K)
 Metaspace       used 34753K, committed 35008K, reserved 1114112K
  class space    used 3735K, committed 3840K, reserved 1048576K
}
Event: 657.650 GC heap after
{Heap after GC invocations=113 (full 21):
 garbage-first heap   total 90112K, used 25305K [0x0000000702600000, 0x0000000800000000)
  region size 2048K, 1 young (2048K), 1 survivors (2048K)
 Metaspace       used 34753K, committed 35008K, reserved 1114112K
  class space    used 3735K, committed 3840K, reserved 1048576K
}
Event: 662.462 GC heap before
{Heap before GC invocations=113 (full 21):
 garbage-first heap   total 90112K, used 35545K [0x0000000702600000, 0x0000000800000000)
  region size 2048K, 7 young (14336K), 1 survivors (2048K)
 Metaspace       used 34753K, committed 35008K, reserved 1114112K
  class space    used 3735K, committed 3840K, reserved 1048576K
}
Event: 662.489 GC heap after
{Heap after GC invocations=114 (full 22):
 garbage-first heap   total 90112K, used 25237K [0x0000000702600000, 0x0000000800000000)
  region size 2048K, 0 young (0K), 0 survivors (0K)
 Metaspace       used 34753K, committed 35008K, reserved 1114112K
  class space    used 3735K, committed 3840K, reserved 1048576K
}
Event: 686.576 GC heap before
{Heap before GC invocations=114 (full 22):
 garbage-first heap   total 90112K, used 76437K [0x0000000702600000, 0x0000000800000000)
  region size 2048K, 25 young (51200K), 0 survivors (0K)
 Metaspace       used 34753K, committed 35008K, reserved 1114112K
  class space    used 3735K, committed 3840K, reserved 1048576K
}
Event: 686.578 GC heap after
{Heap after GC invocations=115 (full 22):
 garbage-first heap   total 90112K, used 25299K [0x0000000702600000, 0x0000000800000000)
  region size 2048K, 1 young (2048K), 1 survivors (2048K)
 Metaspace       used 34753K, committed 35008K, reserved 1114112K
  class space    used 3735K, committed 3840K, reserved 1048576K
}
Event: 692.503 GC heap before
{Heap before GC invocations=115 (full 22):
 garbage-first heap   total 90112K, used 37587K [0x0000000702600000, 0x0000000800000000)
  region size 2048K, 8 young (16384K), 1 survivors (2048K)
 Metaspace       used 34753K, committed 35008K, reserved 1114112K
  class space    used 3735K, committed 3840K, reserved 1048576K
}
Event: 692.528 GC heap after
{Heap after GC invocations=116 (full 23):
 garbage-first heap   total 90112K, used 25237K [0x0000000702600000, 0x0000000800000000)
  region size 2048K, 0 young (0K), 0 survivors (0K)
 Metaspace       used 34753K, committed 35008K, reserved 1114112K
  class space    used 3735K, committed 3840K, reserved 1048576K
}

