# JRE version: OpenJDK Runtime Environment Corretto-17.0.7.7.1 (17.0.7+7) (build 17.0.7+7-LTS)
# Java VM: OpenJDK 64-Bit Server VM Corretto-17.0.7.7.1 (17.0.7+7-LTS, mixed mode, sharing, tiered, compressed oops, compressed class ptrs, g1 gc, windows-amd64)
GC Precious Log:
 CPUs: 4 total, 4 available
 Memory: 16224M
 Large Page Support: Disabled
 NUMA Support: Disabled
 Compressed Oops: Enabled (Zero based)
 Heap Region Size: 2M
 Heap Min Capacity: 8M
 Heap Initial Capacity: 254M
 Heap Max Capacity: 4058M
 Pre-touch: Disabled
 Parallel Workers: 4
 Concurrent Workers: 1
 Concurrent Refinement Workers: 4
 Periodic GC: Disabled
Heap:
 garbage-first heap   total 90112K, used 32655K [0x0000000702600000, 0x0000000800000000)
  region size 2048K, 6 young (12288K), 1 survivors (2048K)
 Metaspace       used 35859K, committed 36096K, reserved 1114112K
  class space    used 3805K, committed 3904K, reserved 1048576K
GC Heap History (20 events):
Event: 42.450 GC heap before
{Heap before GC invocations=12 (full 1):
 garbage-first heap   total 90112K, used 67109K [0x0000000702600000, 0x0000000800000000)
  region size 2048K, 21 young (43008K), 0 survivors (0K)
 Metaspace       used 35624K, committed 35840K, reserved 1114112K
  class space    used 3799K, committed 3904K, reserved 1048576K
}
Event: 42.451 GC heap after
{Heap after GC invocations=13 (full 1):
 garbage-first heap   total 90112K, used 24732K [0x0000000702600000, 0x0000000800000000)
  region size 2048K, 1 young (2048K), 1 survivors (2048K)
 Metaspace       used 35624K, committed 35840K, reserved 1114112K
  class space    used 3799K, committed 3904K, reserved 1048576K
}
Event: 51.208 GC heap before
{Heap before GC invocations=13 (full 1):
 garbage-first heap   total 90112K, used 67740K [0x0000000702600000, 0x0000000800000000)
  region size 2048K, 22 young (45056K), 1 survivors (2048K)
 Metaspace       used 35631K, committed 35840K, reserved 1114112K
  class space    used 3799K, committed 3904K, reserved 1048576K
}
Event: 51.209 GC heap after
{Heap after GC invocations=14 (full 1):
 garbage-first heap   total 90112K, used 24422K [0x0000000702600000, 0x0000000800000000)
  region size 2048K, 1 young (2048K), 1 survivors (2048K)
 Metaspace       used 35631K, committed 35840K, reserved 1114112K
  class space    used 3799K, committed 3904K, reserved 1048576K
}
Event: 59.686 GC heap before
{Heap before GC invocations=14 (full 1):
 garbage-first heap   total 90112K, used 69478K [0x0000000702600000, 0x0000000800000000)
  region size 2048K, 23 young (47104K), 1 survivors (2048K)
 Metaspace       used 35729K, committed 35904K, reserved 1114112K
  class space    used 3799K, committed 3904K, reserved 1048576K
}
Event: 59.689 GC heap after
{Heap after GC invocations=15 (full 1):
 garbage-first heap   total 90112K, used 24650K [0x0000000702600000, 0x0000000800000000)
  region size 2048K, 1 young (2048K), 1 survivors (2048K)
 Metaspace       used 35729K, committed 35904K, reserved 1114112K
  class space    used 3799K, committed 3904K, reserved 1048576K
}
Event: 63.003 GC heap before
{Heap before GC invocations=15 (full 1):
 garbage-first heap   total 90112K, used 41034K [0x0000000702600000, 0x0000000800000000)
  region size 2048K, 10 young (20480K), 1 survivors (2048K)
 Metaspace       used 35730K, committed 35904K, reserved 1114112K
  class space    used 3799K, committed 3904K, reserved 1048576K
}
Event: 63.026 GC heap after
{Heap after GC invocations=16 (full 2):
 garbage-first heap   total 90112K, used 24170K [0x0000000702600000, 0x0000000800000000)
  region size 2048K, 0 young (0K), 0 survivors (0K)
 Metaspace       used 35730K, committed 35904K, reserved 1114112K
  class space    used 3799K, committed 3904K, reserved 1048576K
}
Event: 71.924 GC heap before
{Heap before GC invocations=16 (full 2):
 garbage-first heap   total 90112K, used 71274K [0x0000000702600000, 0x0000000800000000)
  region size 2048K, 23 young (47104K), 0 survivors (0K)
 Metaspace       used 35744K, committed 35968K, reserved 1114112K
  class space    used 3799K, committed 3904K, reserved 1048576K
}
Event: 71.926 GC heap after
{Heap after GC invocations=17 (full 2):
 garbage-first heap   total 90112K, used 24370K [0x0000000702600000, 0x0000000800000000)
  region size 2048K, 1 young (2048K), 1 survivors (2048K)
 Metaspace       used 35744K, committed 35968K, reserved 1114112K
  class space    used 3799K, committed 3904K, reserved 1048576K
}
Event: 80.785 GC heap before
{Heap before GC invocations=17 (full 2):
 garbage-first heap   total 90112K, used 71474K [0x0000000702600000, 0x0000000800000000)
  region size 2048K, 24 young (49152K), 1 survivors (2048K)
 Metaspace       used 35752K, committed 36032K, reserved 1114112K
  class space    used 3799K, committed 3904K, reserved 1048576K
}
Event: 80.786 GC heap after
{Heap after GC invocations=18 (full 2):
 garbage-first heap   total 90112K, used 24358K [0x0000000702600000, 0x0000000800000000)
  region size 2048K, 1 young (2048K), 1 survivors (2048K)
 Metaspace       used 35752K, committed 36032K, reserved 1114112K
  class space    used 3799K, committed 3904K, reserved 1048576K
}
Event: 89.592 GC heap before
{Heap before GC invocations=18 (full 2):
 garbage-first heap   total 90112K, used 71462K [0x0000000702600000, 0x0000000800000000)
  region size 2048K, 24 young (49152K), 1 survivors (2048K)
 Metaspace       used 35791K, committed 36032K, reserved 1114112K
  class space    used 3799K, committed 3904K, reserved 1048576K
}
Event: 89.593 GC heap after
{Heap after GC invocations=19 (full 2):
 garbage-first heap   total 90112K, used 24394K [0x0000000702600000, 0x0000000800000000)
  region size 2048K, 1 young (2048K), 1 survivors (2048K)
 Metaspace       used 35791K, committed 36032K, reserved 1114112K
  class space    used 3799K, committed 3904K, reserved 1048576K
}
Event: 93.067 GC heap before
{Heap before GC invocations=19 (full 2):
 garbage-first heap   total 90112K, used 40778K [0x0000000702600000, 0x0000000800000000)
  region size 2048K, 10 young (20480K), 1 survivors (2048K)
 Metaspace       used 35819K, committed 36032K, reserved 1114112K
  class space    used 3799K, committed 3904K, reserved 1048576K
}
Event: 93.124 GC heap after
{Heap after GC invocations=20 (full 3):
 garbage-first heap   total 90112K, used 24168K [0x0000000702600000, 0x0000000800000000)
  region size 2048K, 0 young (0K), 0 survivors (0K)
 Metaspace       used 35819K, committed 36032K, reserved 1114112K
  class space    used 3799K, committed 3904K, reserved 1048576K
}
Event: 103.828 GC heap before
{Heap before GC invocations=20 (full 3):
 garbage-first heap   total 90112K, used 71272K [0x0000000702600000, 0x0000000800000000)
  region size 2048K, 23 young (47104K), 0 survivors (0K)
 Metaspace       used 35821K, committed 36032K, reserved 1114112K
  class space    used 3800K, committed 3904K, reserved 1048576K
}
Event: 103.829 GC heap after
{Heap after GC invocations=21 (full 3):
 garbage-first heap   total 90112K, used 24440K [0x0000000702600000, 0x0000000800000000)
  region size 2048K, 1 young (2048K), 1 survivors (2048K)
 Metaspace       used 35821K, committed 36032K, reserved 1114112K
  class space    used 3800K, committed 3904K, reserved 1048576K
}
Event: 114.953 GC heap before
{Heap before GC invocations=21 (full 3):
 garbage-first heap   total 90112K, used 69496K [0x0000000702600000, 0x0000000800000000)
  region size 2048K, 23 young (47104K), 1 survivors (2048K)
 Metaspace       used 35823K, committed 36032K, reserved 1114112K
  class space    used 3801K, committed 3904K, reserved 1048576K
}
Event: 114.954 GC heap after
{Heap after GC invocations=22 (full 3):
 garbage-first heap   total 90112K, used 24463K [0x0000000702600000, 0x0000000800000000)
  region size 2048K, 1 young (2048K), 1 survivors (2048K)
 Metaspace       used 35823K, committed 36032K, reserved 1114112K
  class space    used 3801K, committed 3904K, reserved 1048576K
}

