# JRE version: OpenJDK Runtime Environment Corretto-17.0.7.7.1 (17.0.7+7) (build 17.0.7+7-LTS)
# Java VM: OpenJDK 64-Bit Server VM Corretto-17.0.7.7.1 (17.0.7+7-LTS, mixed mode, sharing, tiered, compressed oops, compressed class ptrs, g1 gc, windows-amd64)
GC Precious Log:
 CPUs: 4 total, 4 available
 Memory: 16224M
 Large Page Support: Disabled
 NUMA Support: Disabled
 Compressed Oops: Enabled (Zero based)
 Heap Region Size: 2M
 Heap Min Capacity: 8M
 Heap Initial Capacity: 254M
 Heap Max Capacity: 4058M
 Pre-touch: Disabled
 Parallel Workers: 4
 Concurrent Workers: 1
 Concurrent Refinement Workers: 4
 Periodic GC: Disabled
Heap:
 garbage-first heap   total 55296K, used 36949K [0x0000000702600000, 0x0000000800000000)
  region size 2048K, 8 young (16384K), 1 survivors (2048K)
 Metaspace       used 35001K, committed 35200K, reserved 1114112K
  class space    used 3752K, committed 3840K, reserved 1048576K
GC Heap History (20 events):
Event: 191.711 GC heap before
{Heap before GC invocations=62 (full 5):
 garbage-first heap   total 55296K, used 44756K [0x0000000702600000, 0x0000000800000000)
  region size 2048K, 11 young (22528K), 1 survivors (2048K)
 Metaspace       used 34923K, committed 35136K, reserved 1114112K
  class space    used 3748K, committed 3840K, reserved 1048576K
}
Event: 191.712 GC heap after
{Heap after GC invocations=63 (full 5):
 garbage-first heap   total 55296K, used 24432K [0x0000000702600000, 0x0000000800000000)
  region size 2048K, 1 young (2048K), 1 survivors (2048K)
 Metaspace       used 34923K, committed 35136K, reserved 1114112K
  class space    used 3748K, committed 3840K, reserved 1048576K
}
Event: 195.941 GC heap before
{Heap before GC invocations=63 (full 5):
 garbage-first heap   total 55296K, used 44912K [0x0000000702600000, 0x0000000800000000)
  region size 2048K, 11 young (22528K), 1 survivors (2048K)
 Metaspace       used 34923K, committed 35136K, reserved 1114112K
  class space    used 3748K, committed 3840K, reserved 1048576K
}
Event: 195.942 GC heap after
{Heap after GC invocations=64 (full 5):
 garbage-first heap   total 55296K, used 24445K [0x0000000702600000, 0x0000000800000000)
  region size 2048K, 1 young (2048K), 1 survivors (2048K)
 Metaspace       used 34923K, committed 35136K, reserved 1114112K
  class space    used 3748K, committed 3840K, reserved 1048576K
}
Event: 200.170 GC heap before
{Heap before GC invocations=64 (full 5):
 garbage-first heap   total 55296K, used 44925K [0x0000000702600000, 0x0000000800000000)
  region size 2048K, 11 young (22528K), 1 survivors (2048K)
 Metaspace       used 34923K, committed 35136K, reserved 1114112K
  class space    used 3748K, committed 3840K, reserved 1048576K
}
Event: 200.171 GC heap after
{Heap after GC invocations=65 (full 5):
 garbage-first heap   total 55296K, used 24450K [0x0000000702600000, 0x0000000800000000)
  region size 2048K, 1 young (2048K), 1 survivors (2048K)
 Metaspace       used 34923K, committed 35136K, reserved 1114112K
  class space    used 3748K, committed 3840K, reserved 1048576K
}
Event: 204.413 GC heap before
{Heap before GC invocations=65 (full 5):
 garbage-first heap   total 55296K, used 44930K [0x0000000702600000, 0x0000000800000000)
  region size 2048K, 11 young (22528K), 1 survivors (2048K)
 Metaspace       used 34923K, committed 35136K, reserved 1114112K
  class space    used 3748K, committed 3840K, reserved 1048576K
}
Event: 204.414 GC heap after
{Heap after GC invocations=66 (full 5):
 garbage-first heap   total 55296K, used 24461K [0x0000000702600000, 0x0000000800000000)
  region size 2048K, 1 young (2048K), 1 survivors (2048K)
 Metaspace       used 34923K, committed 35136K, reserved 1114112K
  class space    used 3748K, committed 3840K, reserved 1048576K
}
Event: 208.643 GC heap before
{Heap before GC invocations=66 (full 5):
 garbage-first heap   total 55296K, used 44941K [0x0000000702600000, 0x0000000800000000)
  region size 2048K, 11 young (22528K), 1 survivors (2048K)
 Metaspace       used 34923K, committed 35136K, reserved 1114112K
  class space    used 3748K, committed 3840K, reserved 1048576K
}
Event: 208.644 GC heap after
{Heap after GC invocations=67 (full 5):
 garbage-first heap   total 55296K, used 24471K [0x0000000702600000, 0x0000000800000000)
  region size 2048K, 1 young (2048K), 1 survivors (2048K)
 Metaspace       used 34923K, committed 35136K, reserved 1114112K
  class space    used 3748K, committed 3840K, reserved 1048576K
}
Event: 212.825 GC heap before
{Heap before GC invocations=67 (full 5):
 garbage-first heap   total 55296K, used 42903K [0x0000000702600000, 0x0000000800000000)
  region size 2048K, 11 young (22528K), 1 survivors (2048K)
 Metaspace       used 34923K, committed 35136K, reserved 1114112K
  class space    used 3748K, committed 3840K, reserved 1048576K
}
Event: 212.854 GC heap after
{Heap after GC invocations=68 (full 6):
 garbage-first heap   total 55296K, used 24316K [0x0000000702600000, 0x0000000800000000)
  region size 2048K, 0 young (0K), 0 survivors (0K)
 Metaspace       used 34923K, committed 35136K, reserved 1114112K
  class space    used 3748K, committed 3840K, reserved 1048576K
}
Event: 217.485 GC heap before
{Heap before GC invocations=68 (full 6):
 garbage-first heap   total 55296K, used 46844K [0x0000000702600000, 0x0000000800000000)
  region size 2048K, 11 young (22528K), 0 survivors (0K)
 Metaspace       used 34923K, committed 35136K, reserved 1114112K
  class space    used 3748K, committed 3840K, reserved 1048576K
}
Event: 217.486 GC heap after
{Heap after GC invocations=69 (full 6):
 garbage-first heap   total 55296K, used 24414K [0x0000000702600000, 0x0000000800000000)
  region size 2048K, 1 young (2048K), 1 survivors (2048K)
 Metaspace       used 34923K, committed 35136K, reserved 1114112K
  class space    used 3748K, committed 3840K, reserved 1048576K
}
Event: 221.715 GC heap before
{Heap before GC invocations=69 (full 6):
 garbage-first heap   total 55296K, used 44894K [0x0000000702600000, 0x0000000800000000)
  region size 2048K, 11 young (22528K), 1 survivors (2048K)
 Metaspace       used 34924K, committed 35136K, reserved 1114112K
  class space    used 3748K, committed 3840K, reserved 1048576K
}
Event: 221.716 GC heap after
{Heap after GC invocations=70 (full 6):
 garbage-first heap   total 55296K, used 24410K [0x0000000702600000, 0x0000000800000000)
  region size 2048K, 1 young (2048K), 1 survivors (2048K)
 Metaspace       used 34924K, committed 35136K, reserved 1114112K
  class space    used 3748K, committed 3840K, reserved 1048576K
}
Event: 225.931 GC heap before
{Heap before GC invocations=70 (full 6):
 garbage-first heap   total 55296K, used 44890K [0x0000000702600000, 0x0000000800000000)
  region size 2048K, 11 young (22528K), 1 survivors (2048K)
 Metaspace       used 34945K, committed 35136K, reserved 1114112K
  class space    used 3748K, committed 3840K, reserved 1048576K
}
Event: 225.934 GC heap after
{Heap after GC invocations=71 (full 6):
 garbage-first heap   total 55296K, used 24609K [0x0000000702600000, 0x0000000800000000)
  region size 2048K, 1 young (2048K), 1 survivors (2048K)
 Metaspace       used 34945K, committed 35136K, reserved 1114112K
  class space    used 3748K, committed 3840K, reserved 1048576K
}
Event: 229.758 GC heap before
{Heap before GC invocations=71 (full 6):
 garbage-first heap   total 55296K, used 45089K [0x0000000702600000, 0x0000000800000000)
  region size 2048K, 11 young (22528K), 1 survivors (2048K)
 Metaspace       used 34977K, committed 35136K, reserved 1114112K
  class space    used 3748K, committed 3840K, reserved 1048576K
}
Event: 229.760 GC heap after
{Heap after GC invocations=72 (full 6):
 garbage-first heap   total 55296K, used 24661K [0x0000000702600000, 0x0000000800000000)
  region size 2048K, 1 young (2048K), 1 survivors (2048K)
 Metaspace       used 34977K, committed 35136K, reserved 1114112K
  class space    used 3748K, committed 3840K, reserved 1048576K
}

