# JRE version: OpenJDK Runtime Environment Corretto-17.0.7.7.1 (17.0.7+7) (build 17.0.7+7-LTS)
# Java VM: OpenJDK 64-Bit Server VM Corretto-17.0.7.7.1 (17.0.7+7-LTS, mixed mode, sharing, tiered, compressed oops, compressed class ptrs, g1 gc, windows-amd64)
GC Precious Log:
 CPUs: 4 total, 4 available
 Memory: 16224M
 Large Page Support: Disabled
 NUMA Support: Disabled
 Compressed Oops: Enabled (Zero based)
 Heap Region Size: 2M
 Heap Min Capacity: 8M
 Heap Initial Capacity: 254M
 Heap Max Capacity: 4058M
 Pre-touch: Disabled
 Parallel Workers: 4
 Concurrent Workers: 1
 Concurrent Refinement Workers: 4
 Periodic GC: Disabled
Heap:
 garbage-first heap   total 90112K, used 73756K [0x0000000702600000, 0x0000000800000000)
  region size 2048K, 25 young (51200K), 0 survivors (0K)
 Metaspace       used 35223K, committed 35456K, reserved 1114112K
  class space    used 3740K, committed 3840K, reserved 1048576K
GC Heap History (20 events):
Event: 207.054 GC heap before
{Heap before GC invocations=21 (full 6):
 garbage-first heap   total 96256K, used 77611K [0x0000000702600000, 0x0000000800000000)
  region size 2048K, 26 young (53248K), 0 survivors (0K)
 Metaspace       used 35199K, committed 35392K, reserved 1114112K
  class space    used 3736K, committed 3840K, reserved 1048576K
}
Event: 207.055 GC heap after
{Heap after GC invocations=22 (full 6):
 garbage-first heap   total 96256K, used 24911K [0x0000000702600000, 0x0000000800000000)
  region size 2048K, 1 young (2048K), 1 survivors (2048K)
 Metaspace       used 35199K, committed 35392K, reserved 1114112K
  class space    used 3736K, committed 3840K, reserved 1048576K
}
Event: 211.949 GC heap before
{Heap before GC invocations=22 (full 6):
 garbage-first heap   total 96256K, used 35151K [0x0000000702600000, 0x0000000800000000)
  region size 2048K, 7 young (14336K), 1 survivors (2048K)
 Metaspace       used 35199K, committed 35392K, reserved 1114112K
  class space    used 3736K, committed 3840K, reserved 1048576K
}
Event: 211.975 GC heap after
{Heap after GC invocations=23 (full 7):
 garbage-first heap   total 96256K, used 24604K [0x0000000702600000, 0x0000000800000000)
  region size 2048K, 0 young (0K), 0 survivors (0K)
 Metaspace       used 35199K, committed 35392K, reserved 1114112K
  class space    used 3736K, committed 3840K, reserved 1048576K
}
Event: 236.828 GC heap before
{Heap before GC invocations=23 (full 7):
 garbage-first heap   total 96256K, used 77852K [0x0000000702600000, 0x0000000800000000)
  region size 2048K, 26 young (53248K), 0 survivors (0K)
 Metaspace       used 35200K, committed 35392K, reserved 1114112K
  class space    used 3736K, committed 3840K, reserved 1048576K
}
Event: 236.830 GC heap after
{Heap after GC invocations=24 (full 7):
 garbage-first heap   total 96256K, used 24672K [0x0000000702600000, 0x0000000800000000)
  region size 2048K, 1 young (2048K), 1 survivors (2048K)
 Metaspace       used 35200K, committed 35392K, reserved 1114112K
  class space    used 3736K, committed 3840K, reserved 1048576K
}
Event: 241.989 GC heap before
{Heap before GC invocations=24 (full 7):
 garbage-first heap   total 96256K, used 34912K [0x0000000702600000, 0x0000000800000000)
  region size 2048K, 7 young (14336K), 1 survivors (2048K)
 Metaspace       used 35200K, committed 35392K, reserved 1114112K
  class space    used 3736K, committed 3840K, reserved 1048576K
}
Event: 242.009 GC heap after
{Heap after GC invocations=25 (full 8):
 garbage-first heap   total 96256K, used 24604K [0x0000000702600000, 0x0000000800000000)
  region size 2048K, 0 young (0K), 0 survivors (0K)
 Metaspace       used 35200K, committed 35392K, reserved 1114112K
  class space    used 3736K, committed 3840K, reserved 1048576K
}
Event: 266.943 GC heap before
{Heap before GC invocations=25 (full 8):
 garbage-first heap   total 96256K, used 77852K [0x0000000702600000, 0x0000000800000000)
  region size 2048K, 26 young (53248K), 0 survivors (0K)
 Metaspace       used 35200K, committed 35392K, reserved 1114112K
  class space    used 3736K, committed 3840K, reserved 1048576K
}
Event: 266.944 GC heap after
{Heap after GC invocations=26 (full 8):
 garbage-first heap   total 96256K, used 24670K [0x0000000702600000, 0x0000000800000000)
  region size 2048K, 1 young (2048K), 1 survivors (2048K)
 Metaspace       used 35200K, committed 35392K, reserved 1114112K
  class space    used 3736K, committed 3840K, reserved 1048576K
}
Event: 272.012 GC heap before
{Heap before GC invocations=26 (full 8):
 garbage-first heap   total 96256K, used 34910K [0x0000000702600000, 0x0000000800000000)
  region size 2048K, 7 young (14336K), 1 survivors (2048K)
 Metaspace       used 35200K, committed 35392K, reserved 1114112K
  class space    used 3736K, committed 3840K, reserved 1048576K
}
Event: 272.033 GC heap after
{Heap after GC invocations=27 (full 9):
 garbage-first heap   total 96256K, used 24604K [0x0000000702600000, 0x0000000800000000)
  region size 2048K, 0 young (0K), 0 survivors (0K)
 Metaspace       used 35200K, committed 35392K, reserved 1114112K
  class space    used 3736K, committed 3840K, reserved 1048576K
}
Event: 297.171 GC heap before
{Heap before GC invocations=27 (full 9):
 garbage-first heap   total 96256K, used 77852K [0x0000000702600000, 0x0000000800000000)
  region size 2048K, 26 young (53248K), 0 survivors (0K)
 Metaspace       used 35200K, committed 35392K, reserved 1114112K
  class space    used 3736K, committed 3840K, reserved 1048576K
}
Event: 297.174 GC heap after
{Heap after GC invocations=28 (full 9):
 garbage-first heap   total 96256K, used 24674K [0x0000000702600000, 0x0000000800000000)
  region size 2048K, 1 young (2048K), 1 survivors (2048K)
 Metaspace       used 35200K, committed 35392K, reserved 1114112K
  class space    used 3736K, committed 3840K, reserved 1048576K
}
Event: 302.042 GC heap before
{Heap before GC invocations=28 (full 9):
 garbage-first heap   total 96256K, used 34914K [0x0000000702600000, 0x0000000800000000)
  region size 2048K, 7 young (14336K), 1 survivors (2048K)
 Metaspace       used 35200K, committed 35392K, reserved 1114112K
  class space    used 3736K, committed 3840K, reserved 1048576K
}
Event: 302.064 GC heap after
{Heap after GC invocations=29 (full 10):
 garbage-first heap   total 90112K, used 24604K [0x0000000702600000, 0x0000000800000000)
  region size 2048K, 0 young (0K), 0 survivors (0K)
 Metaspace       used 35200K, committed 35392K, reserved 1114112K
  class space    used 3736K, committed 3840K, reserved 1048576K
}
Event: 327.400 GC heap before
{Heap before GC invocations=29 (full 10):
 garbage-first heap   total 90112K, used 75804K [0x0000000702600000, 0x0000000800000000)
  region size 2048K, 25 young (51200K), 0 survivors (0K)
 Metaspace       used 35200K, committed 35392K, reserved 1114112K
  class space    used 3736K, committed 3840K, reserved 1048576K
}
Event: 327.401 GC heap after
{Heap after GC invocations=30 (full 10):
 garbage-first heap   total 90112K, used 24668K [0x0000000702600000, 0x0000000800000000)
  region size 2048K, 1 young (2048K), 1 survivors (2048K)
 Metaspace       used 35200K, committed 35392K, reserved 1114112K
  class space    used 3736K, committed 3840K, reserved 1048576K
}
Event: 332.072 GC heap before
{Heap before GC invocations=30 (full 10):
 garbage-first heap   total 90112K, used 32860K [0x0000000702600000, 0x0000000800000000)
  region size 2048K, 6 young (12288K), 1 survivors (2048K)
 Metaspace       used 35200K, committed 35392K, reserved 1114112K
  class space    used 3736K, committed 3840K, reserved 1048576K
}
Event: 332.098 GC heap after
{Heap after GC invocations=31 (full 11):
 garbage-first heap   total 90112K, used 24604K [0x0000000702600000, 0x0000000800000000)
  region size 2048K, 0 young (0K), 0 survivors (0K)
 Metaspace       used 35200K, committed 35392K, reserved 1114112K
  class space    used 3736K, committed 3840K, reserved 1048576K
}

