# JRE version: OpenJDK Runtime Environment Corretto-17.0.7.7.1 (17.0.7+7) (build 17.0.7+7-LTS)
# Java VM: OpenJDK 64-Bit Server VM Corretto-17.0.7.7.1 (17.0.7+7-LTS, mixed mode, sharing, tiered, compressed oops, compressed class ptrs, g1 gc, windows-amd64)
GC Precious Log:
 CPUs: 4 total, 4 available
 Memory: 16224M
 Large Page Support: Disabled
 NUMA Support: Disabled
 Compressed Oops: Enabled (Zero based)
 Heap Region Size: 2M
 Heap Min Capacity: 8M
 Heap Initial Capacity: 254M
 Heap Max Capacity: 4058M
 Pre-touch: Disabled
 Parallel Workers: 4
 Concurrent Workers: 1
 Concurrent Refinement Workers: 4
 Periodic GC: Disabled
Heap:
 garbage-first heap   total 90112K, used 28109K [0x0000000702600000, 0x0000000800000000)
  region size 2048K, 3 young (6144K), 0 survivors (0K)
 Metaspace       used 35334K, committed 35584K, reserved 1114112K
  class space    used 3804K, committed 3904K, reserved 1048576K
GC Heap History (18 events):
Event: 0.882 GC heap before
{Heap before GC invocations=0 (full 0):
 garbage-first heap   total 260096K, used 12288K [0x0000000702600000, 0x0000000800000000)
  region size 2048K, 6 young (12288K), 0 survivors (0K)
 Metaspace       used 1752K, committed 1856K, reserved 1114112K
  class space    used 158K, committed 192K, reserved 1048576K
}
Event: 0.912 GC heap after
{Heap after GC invocations=1 (full 0):
 garbage-first heap   total 260096K, used 7148K [0x0000000702600000, 0x0000000800000000)
  region size 2048K, 1 young (2048K), 1 survivors (2048K)
 Metaspace       used 1752K, committed 1856K, reserved 1114112K
  class space    used 158K, committed 192K, reserved 1048576K
}
Event: 1.909 GC heap before
{Heap before GC invocations=1 (full 0):
 garbage-first heap   total 260096K, used 15340K [0x0000000702600000, 0x0000000800000000)
  region size 2048K, 6 young (12288K), 1 survivors (2048K)
 Metaspace       used 5749K, committed 5888K, reserved 1114112K
  class space    used 457K, committed 512K, reserved 1048576K
}
Event: 1.912 GC heap after
{Heap after GC invocations=2 (full 0):
 garbage-first heap   total 260096K, used 8110K [0x0000000702600000, 0x0000000800000000)
  region size 2048K, 1 young (2048K), 1 survivors (2048K)
 Metaspace       used 5749K, committed 5888K, reserved 1114112K
  class space    used 457K, committed 512K, reserved 1048576K
}
Event: 3.408 GC heap before
{Heap before GC invocations=2 (full 0):
 garbage-first heap   total 260096K, used 28590K [0x0000000702600000, 0x0000000800000000)
  region size 2048K, 12 young (24576K), 1 survivors (2048K)
 Metaspace       used 12201K, committed 12416K, reserved 1114112K
  class space    used 1198K, committed 1280K, reserved 1048576K
}
Event: 3.412 GC heap after
{Heap after GC invocations=3 (full 0):
 garbage-first heap   total 260096K, used 9371K [0x0000000702600000, 0x0000000800000000)
  region size 2048K, 2 young (4096K), 2 survivors (4096K)
 Metaspace       used 12201K, committed 12416K, reserved 1114112K
  class space    used 1198K, committed 1280K, reserved 1048576K
}
Event: 5.273 GC heap before
{Heap before GC invocations=3 (full 0):
 garbage-first heap   total 260096K, used 50331K [0x0000000702600000, 0x0000000800000000)
  region size 2048K, 23 young (47104K), 2 survivors (4096K)
 Metaspace       used 21313K, committed 21504K, reserved 1114112K
  class space    used 2274K, committed 2368K, reserved 1048576K
}
Event: 5.279 GC heap after
{Heap after GC invocations=4 (full 0):
 garbage-first heap   total 260096K, used 11157K [0x0000000702600000, 0x0000000800000000)
  region size 2048K, 2 young (4096K), 2 survivors (4096K)
 Metaspace       used 21313K, committed 21504K, reserved 1114112K
  class space    used 2274K, committed 2368K, reserved 1048576K
}
Event: 9.602 GC heap before
{Heap before GC invocations=5 (full 0):
 garbage-first heap   total 55296K, used 41877K [0x0000000702600000, 0x0000000800000000)
  region size 2048K, 12 young (24576K), 2 survivors (4096K)
 Metaspace       used 24356K, committed 24576K, reserved 1114112K
  class space    used 2637K, committed 2752K, reserved 1048576K
}
Event: 9.609 GC heap after
{Heap after GC invocations=6 (full 0):
 garbage-first heap   total 55296K, used 24022K [0x0000000702600000, 0x0000000800000000)
  region size 2048K, 2 young (4096K), 2 survivors (4096K)
 Metaspace       used 24356K, committed 24576K, reserved 1114112K
  class space    used 2637K, committed 2752K, reserved 1048576K
}
Event: 9.652 GC heap before
{Heap before GC invocations=6 (full 0):
 garbage-first heap   total 55296K, used 26070K [0x0000000702600000, 0x0000000800000000)
  region size 2048K, 3 young (6144K), 2 survivors (4096K)
 Metaspace       used 24730K, committed 24960K, reserved 1114112K
  class space    used 2680K, committed 2816K, reserved 1048576K
}
Event: 9.655 GC heap after
{Heap after GC invocations=7 (full 0):
 garbage-first heap   total 55296K, used 18061K [0x0000000702600000, 0x0000000800000000)
  region size 2048K, 1 young (2048K), 1 survivors (2048K)
 Metaspace       used 24730K, committed 24960K, reserved 1114112K
  class space    used 2680K, committed 2816K, reserved 1048576K
}
Event: 10.116 GC heap before
{Heap before GC invocations=7 (full 0):
 garbage-first heap   total 55296K, used 36493K [0x0000000702600000, 0x0000000800000000)
  region size 2048K, 11 young (22528K), 1 survivors (2048K)
 Metaspace       used 27882K, committed 28096K, reserved 1114112K
  class space    used 3115K, committed 3200K, reserved 1048576K
}
Event: 10.120 GC heap after
{Heap after GC invocations=8 (full 0):
 garbage-first heap   total 55296K, used 19981K [0x0000000702600000, 0x0000000800000000)
  region size 2048K, 2 young (4096K), 2 survivors (4096K)
 Metaspace       used 27882K, committed 28096K, reserved 1114112K
  class space    used 3115K, committed 3200K, reserved 1048576K
}
Event: 10.614 GC heap before
{Heap before GC invocations=8 (full 0):
 garbage-first heap   total 55296K, used 36365K [0x0000000702600000, 0x0000000800000000)
  region size 2048K, 11 young (22528K), 2 survivors (4096K)
 Metaspace       used 31751K, committed 32000K, reserved 1114112K
  class space    used 3533K, committed 3648K, reserved 1048576K
}
Event: 10.621 GC heap after
{Heap after GC invocations=9 (full 0):
 garbage-first heap   total 157696K, used 20832K [0x0000000702600000, 0x0000000800000000)
  region size 2048K, 1 young (2048K), 1 survivors (2048K)
 Metaspace       used 31751K, committed 32000K, reserved 1114112K
  class space    used 3533K, committed 3648K, reserved 1048576K
}
Event: 33.123 GC heap before
{Heap before GC invocations=9 (full 0):
 garbage-first heap   total 157696K, used 76128K [0x0000000702600000, 0x0000000800000000)
  region size 2048K, 25 young (51200K), 1 survivors (2048K)
 Metaspace       used 35304K, committed 35520K, reserved 1114112K
  class space    used 3800K, committed 3904K, reserved 1048576K
}
Event: 33.163 GC heap after
{Heap after GC invocations=10 (full 1):
 garbage-first heap   total 90112K, used 24013K [0x0000000702600000, 0x0000000800000000)
  region size 2048K, 0 young (0K), 0 survivors (0K)
 Metaspace       used 35304K, committed 35520K, reserved 1114112K
  class space    used 3800K, committed 3904K, reserved 1048576K
}

