# JRE version: OpenJDK Runtime Environment Corretto-17.0.7.7.1 (17.0.7+7) (build 17.0.7+7-LTS)
# Java VM: OpenJDK 64-Bit Server VM Corretto-17.0.7.7.1 (17.0.7+7-LTS, mixed mode, sharing, tiered, compressed oops, compressed class ptrs, g1 gc, windows-amd64)
GC Precious Log:
 CPUs: 4 total, 4 available
 Memory: 16224M
 Large Page Support: Disabled
 NUMA Support: Disabled
 Compressed Oops: Enabled (Zero based)
 Heap Region Size: 2M
 Heap Min Capacity: 8M
 Heap Initial Capacity: 254M
 Heap Max Capacity: 4058M
 Pre-touch: Disabled
 Parallel Workers: 4
 Concurrent Workers: 1
 Concurrent Refinement Workers: 4
 Periodic GC: Disabled
Heap:
 garbage-first heap   total 96256K, used 34538K [0x0000000702600000, 0x0000000800000000)
  region size 2048K, 7 young (14336K), 1 survivors (2048K)
 Metaspace       used 34186K, committed 34432K, reserved 1114112K
  class space    used 3713K, committed 3840K, reserved 1048576K
GC Heap History (20 events):
Event: 0.579 GC heap before
{Heap before GC invocations=0 (full 0):
 garbage-first heap   total 260096K, used 12288K [0x0000000702600000, 0x0000000800000000)
  region size 2048K, 6 young (12288K), 0 survivors (0K)
 Metaspace       used 1763K, committed 1856K, reserved 1114112K
  class space    used 161K, committed 192K, reserved 1048576K
}
Event: 0.585 GC heap after
{Heap after GC invocations=1 (full 0):
 garbage-first heap   total 260096K, used 7156K [0x0000000702600000, 0x0000000800000000)
  region size 2048K, 1 young (2048K), 1 survivors (2048K)
 Metaspace       used 1763K, committed 1856K, reserved 1114112K
  class space    used 161K, committed 192K, reserved 1048576K
}
Event: 0.995 GC heap before
{Heap before GC invocations=1 (full 0):
 garbage-first heap   total 260096K, used 15348K [0x0000000702600000, 0x0000000800000000)
  region size 2048K, 6 young (12288K), 1 survivors (2048K)
 Metaspace       used 5830K, committed 6016K, reserved 1114112K
  class space    used 468K, committed 576K, reserved 1048576K
}
Event: 0.997 GC heap after
{Heap after GC invocations=2 (full 0):
 garbage-first heap   total 260096K, used 7712K [0x0000000702600000, 0x0000000800000000)
  region size 2048K, 1 young (2048K), 1 survivors (2048K)
 Metaspace       used 5830K, committed 6016K, reserved 1114112K
  class space    used 468K, committed 576K, reserved 1048576K
}
Event: 2.409 GC heap before
{Heap before GC invocations=2 (full 0):
 garbage-first heap   total 260096K, used 36384K [0x0000000702600000, 0x0000000800000000)
  region size 2048K, 15 young (30720K), 1 survivors (2048K)
 Metaspace       used 14870K, committed 15040K, reserved 1114112K
  class space    used 1534K, committed 1600K, reserved 1048576K
}
Event: 2.412 GC heap after
{Heap after GC invocations=3 (full 0):
 garbage-first heap   total 260096K, used 9740K [0x0000000702600000, 0x0000000800000000)
  region size 2048K, 2 young (4096K), 2 survivors (4096K)
 Metaspace       used 14870K, committed 15040K, reserved 1114112K
  class space    used 1534K, committed 1600K, reserved 1048576K
}
Event: 3.703 GC heap before
{Heap before GC invocations=3 (full 0):
 garbage-first heap   total 260096K, used 42508K [0x0000000702600000, 0x0000000800000000)
  region size 2048K, 19 young (38912K), 2 survivors (4096K)
 Metaspace       used 21338K, committed 21504K, reserved 1114112K
  class space    used 2280K, committed 2368K, reserved 1048576K
}
Event: 3.707 GC heap after
{Heap after GC invocations=4 (full 0):
 garbage-first heap   total 260096K, used 11118K [0x0000000702600000, 0x0000000800000000)
  region size 2048K, 2 young (4096K), 2 survivors (4096K)
 Metaspace       used 21338K, committed 21504K, reserved 1114112K
  class space    used 2280K, committed 2368K, reserved 1048576K
}
Event: 7.146 GC heap before
{Heap before GC invocations=5 (full 0):
 garbage-first heap   total 49152K, used 37742K [0x0000000702600000, 0x0000000800000000)
  region size 2048K, 10 young (20480K), 2 survivors (4096K)
 Metaspace       used 24183K, committed 24384K, reserved 1114112K
  class space    used 2620K, committed 2752K, reserved 1048576K
}
Event: 7.151 GC heap after
{Heap after GC invocations=6 (full 0):
 garbage-first heap   total 49152K, used 23930K [0x0000000702600000, 0x0000000800000000)
  region size 2048K, 1 young (2048K), 1 survivors (2048K)
 Metaspace       used 24183K, committed 24384K, reserved 1114112K
  class space    used 2620K, committed 2752K, reserved 1048576K
}
Event: 7.194 GC heap before
{Heap before GC invocations=6 (full 0):
 garbage-first heap   total 49152K, used 25978K [0x0000000702600000, 0x0000000800000000)
  region size 2048K, 2 young (4096K), 1 survivors (2048K)
 Metaspace       used 24529K, committed 24768K, reserved 1114112K
  class space    used 2663K, committed 2816K, reserved 1048576K
}
Event: 7.197 GC heap after
{Heap after GC invocations=7 (full 0):
 garbage-first heap   total 49152K, used 17891K [0x0000000702600000, 0x0000000800000000)
  region size 2048K, 1 young (2048K), 1 survivors (2048K)
 Metaspace       used 24529K, committed 24768K, reserved 1114112K
  class space    used 2663K, committed 2816K, reserved 1048576K
}
Event: 7.500 GC heap before
{Heap before GC invocations=7 (full 0):
 garbage-first heap   total 49152K, used 30179K [0x0000000702600000, 0x0000000800000000)
  region size 2048K, 8 young (16384K), 1 survivors (2048K)
 Metaspace       used 26772K, committed 26944K, reserved 1114112K
  class space    used 2940K, committed 3008K, reserved 1048576K
}
Event: 7.505 GC heap after
{Heap after GC invocations=8 (full 0):
 garbage-first heap   total 49152K, used 18985K [0x0000000702600000, 0x0000000800000000)
  region size 2048K, 1 young (2048K), 1 survivors (2048K)
 Metaspace       used 26772K, committed 26944K, reserved 1114112K
  class space    used 2940K, committed 3008K, reserved 1048576K
}
Event: 7.937 GC heap before
{Heap before GC invocations=8 (full 0):
 garbage-first heap   total 49152K, used 33321K [0x0000000702600000, 0x0000000800000000)
  region size 2048K, 8 young (16384K), 1 survivors (2048K)
 Metaspace       used 29853K, committed 30080K, reserved 1114112K
  class space    used 3314K, committed 3456K, reserved 1048576K
}
Event: 7.942 GC heap after
{Heap after GC invocations=9 (full 0):
 garbage-first heap   total 155648K, used 20186K [0x0000000702600000, 0x0000000800000000)
  region size 2048K, 1 young (2048K), 1 survivors (2048K)
 Metaspace       used 29853K, committed 30080K, reserved 1114112K
  class space    used 3314K, committed 3456K, reserved 1048576K
}
Event: 31.733 GC heap before
{Heap before GC invocations=9 (full 0):
 garbage-first heap   total 155648K, used 98010K [0x0000000702600000, 0x0000000800000000)
  region size 2048K, 36 young (73728K), 1 survivors (2048K)
 Metaspace       used 34146K, committed 34368K, reserved 1114112K
  class space    used 3709K, committed 3840K, reserved 1048576K
}
Event: 31.759 GC heap after
{Heap after GC invocations=10 (full 1):
 garbage-first heap   total 96256K, used 24058K [0x0000000702600000, 0x0000000800000000)
  region size 2048K, 0 young (0K), 0 survivors (0K)
 Metaspace       used 34146K, committed 34368K, reserved 1114112K
  class space    used 3709K, committed 3840K, reserved 1048576K
}
Event: 52.289 GC heap before
{Heap before GC invocations=10 (full 1):
 garbage-first heap   total 96256K, used 67066K [0x0000000702600000, 0x0000000800000000)
  region size 2048K, 21 young (43008K), 0 survivors (0K)
 Metaspace       used 34161K, committed 34432K, reserved 1114112K
  class space    used 3709K, committed 3840K, reserved 1048576K
}
Event: 52.291 GC heap after
{Heap after GC invocations=11 (full 1):
 garbage-first heap   total 96256K, used 24298K [0x0000000702600000, 0x0000000800000000)
  region size 2048K, 1 young (2048K), 1 survivors (2048K)
 Metaspace       used 34161K, committed 34432K, reserved 1114112K
  class space    used 3709K, committed 3840K, reserved 1048576K
}

