# JRE version: OpenJDK Runtime Environment Corretto-17.0.7.7.1 (17.0.7+7) (build 17.0.7+7-LTS)
# Java VM: OpenJDK 64-Bit Server VM Corretto-17.0.7.7.1 (17.0.7+7-LTS, mixed mode, sharing, tiered, compressed oops, compressed class ptrs, g1 gc, windows-amd64)
GC Precious Log:
 CPUs: 4 total, 4 available
 Memory: 16224M
 Large Page Support: Disabled
 NUMA Support: Disabled
 Compressed Oops: Enabled (Zero based)
 Heap Region Size: 2M
 Heap Min Capacity: 8M
 Heap Initial Capacity: 254M
 Heap Max Capacity: 4058M
 Pre-touch: Disabled
 Parallel Workers: 4
 Concurrent Workers: 1
 Concurrent Refinement Workers: 4
 Periodic GC: Disabled
Heap:
 garbage-first heap   total 90112K, used 57472K [0x0000000702600000, 0x0000000800000000)
  region size 2048K, 17 young (34816K), 0 survivors (0K)
 Metaspace       used 34791K, committed 35008K, reserved 1114112K
  class space    used 3741K, committed 3840K, reserved 1048576K
GC Heap History (20 events):
Event: 50.686 GC heap before
{Heap before GC invocations=10 (full 1):
 garbage-first heap   total 90112K, used 65307K [0x0000000702600000, 0x0000000800000000)
  region size 2048K, 20 young (40960K), 0 survivors (0K)
 Metaspace       used 34750K, committed 34944K, reserved 1114112K
  class space    used 3737K, committed 3840K, reserved 1048576K
}
Event: 50.689 GC heap after
{Heap after GC invocations=11 (full 1):
 garbage-first heap   total 90112K, used 24622K [0x0000000702600000, 0x0000000800000000)
  region size 2048K, 1 young (2048K), 1 survivors (2048K)
 Metaspace       used 34750K, committed 34944K, reserved 1114112K
  class space    used 3737K, committed 3840K, reserved 1048576K
}
Event: 61.956 GC heap before
{Heap before GC invocations=11 (full 1):
 garbage-first heap   total 90112K, used 49198K [0x0000000702600000, 0x0000000800000000)
  region size 2048K, 14 young (28672K), 1 survivors (2048K)
 Metaspace       used 34750K, committed 34944K, reserved 1114112K
  class space    used 3737K, committed 3840K, reserved 1048576K
}
Event: 61.982 GC heap after
{Heap after GC invocations=12 (full 2):
 garbage-first heap   total 90112K, used 24344K [0x0000000702600000, 0x0000000800000000)
  region size 2048K, 0 young (0K), 0 survivors (0K)
 Metaspace       used 34750K, committed 34944K, reserved 1114112K
  class space    used 3737K, committed 3840K, reserved 1048576K
}
Event: 81.686 GC heap before
{Heap before GC invocations=12 (full 2):
 garbage-first heap   total 90112K, used 67352K [0x0000000702600000, 0x0000000800000000)
  region size 2048K, 21 young (43008K), 0 survivors (0K)
 Metaspace       used 34763K, committed 34944K, reserved 1114112K
  class space    used 3737K, committed 3840K, reserved 1048576K
}
Event: 81.687 GC heap after
{Heap after GC invocations=13 (full 2):
 garbage-first heap   total 90112K, used 24439K [0x0000000702600000, 0x0000000800000000)
  region size 2048K, 1 young (2048K), 1 survivors (2048K)
 Metaspace       used 34763K, committed 34944K, reserved 1114112K
  class space    used 3737K, committed 3840K, reserved 1048576K
}
Event: 91.990 GC heap before
{Heap before GC invocations=13 (full 2):
 garbage-first heap   total 90112K, used 46967K [0x0000000702600000, 0x0000000800000000)
  region size 2048K, 13 young (26624K), 1 survivors (2048K)
 Metaspace       used 34763K, committed 34944K, reserved 1114112K
  class space    used 3737K, committed 3840K, reserved 1048576K
}
Event: 92.020 GC heap after
{Heap after GC invocations=14 (full 3):
 garbage-first heap   total 90112K, used 24342K [0x0000000702600000, 0x0000000800000000)
  region size 2048K, 0 young (0K), 0 survivors (0K)
 Metaspace       used 34763K, committed 34944K, reserved 1114112K
  class space    used 3737K, committed 3840K, reserved 1048576K
}
Event: 111.760 GC heap before
{Heap before GC invocations=14 (full 3):
 garbage-first heap   total 90112K, used 67350K [0x0000000702600000, 0x0000000800000000)
  region size 2048K, 21 young (43008K), 0 survivors (0K)
 Metaspace       used 34765K, committed 34944K, reserved 1114112K
  class space    used 3738K, committed 3840K, reserved 1048576K
}
Event: 111.761 GC heap after
{Heap after GC invocations=15 (full 3):
 garbage-first heap   total 90112K, used 24644K [0x0000000702600000, 0x0000000800000000)
  region size 2048K, 1 young (2048K), 1 survivors (2048K)
 Metaspace       used 34765K, committed 34944K, reserved 1114112K
  class space    used 3738K, committed 3840K, reserved 1048576K
}
Event: 122.029 GC heap before
{Heap before GC invocations=15 (full 3):
 garbage-first heap   total 90112K, used 45124K [0x0000000702600000, 0x0000000800000000)
  region size 2048K, 12 young (24576K), 1 survivors (2048K)
 Metaspace       used 34765K, committed 34944K, reserved 1114112K
  class space    used 3738K, committed 3840K, reserved 1048576K
}
Event: 122.053 GC heap after
{Heap after GC invocations=16 (full 4):
 garbage-first heap   total 90112K, used 24464K [0x0000000702600000, 0x0000000800000000)
  region size 2048K, 0 young (0K), 0 survivors (0K)
 Metaspace       used 34765K, committed 34944K, reserved 1114112K
  class space    used 3738K, committed 3840K, reserved 1048576K
}
Event: 144.782 GC heap before
{Heap before GC invocations=16 (full 4):
 garbage-first heap   total 90112K, used 71568K [0x0000000702600000, 0x0000000800000000)
  region size 2048K, 23 young (47104K), 0 survivors (0K)
 Metaspace       used 34768K, committed 34944K, reserved 1114112K
  class space    used 3738K, committed 3840K, reserved 1048576K
}
Event: 144.783 GC heap after
{Heap after GC invocations=17 (full 4):
 garbage-first heap   total 90112K, used 24533K [0x0000000702600000, 0x0000000800000000)
  region size 2048K, 1 young (2048K), 1 survivors (2048K)
 Metaspace       used 34768K, committed 34944K, reserved 1114112K
  class space    used 3738K, committed 3840K, reserved 1048576K
}
Event: 152.059 GC heap before
{Heap before GC invocations=17 (full 4):
 garbage-first heap   total 90112K, used 38869K [0x0000000702600000, 0x0000000800000000)
  region size 2048K, 9 young (18432K), 1 survivors (2048K)
 Metaspace       used 34768K, committed 34944K, reserved 1114112K
  class space    used 3738K, committed 3840K, reserved 1048576K
}
Event: 152.083 GC heap after
{Heap after GC invocations=18 (full 5):
 garbage-first heap   total 90112K, used 24465K [0x0000000702600000, 0x0000000800000000)
  region size 2048K, 0 young (0K), 0 survivors (0K)
 Metaspace       used 34768K, committed 34944K, reserved 1114112K
  class space    used 3738K, committed 3840K, reserved 1048576K
}
Event: 174.388 GC heap before
{Heap before GC invocations=18 (full 5):
 garbage-first heap   total 90112K, used 71569K [0x0000000702600000, 0x0000000800000000)
  region size 2048K, 23 young (47104K), 0 survivors (0K)
 Metaspace       used 34768K, committed 34944K, reserved 1114112K
  class space    used 3738K, committed 3840K, reserved 1048576K
}
Event: 174.389 GC heap after
{Heap after GC invocations=19 (full 5):
 garbage-first heap   total 90112K, used 24526K [0x0000000702600000, 0x0000000800000000)
  region size 2048K, 1 young (2048K), 1 survivors (2048K)
 Metaspace       used 34768K, committed 34944K, reserved 1114112K
  class space    used 3738K, committed 3840K, reserved 1048576K
}
Event: 182.090 GC heap before
{Heap before GC invocations=19 (full 5):
 garbage-first heap   total 90112K, used 40910K [0x0000000702600000, 0x0000000800000000)
  region size 2048K, 10 young (20480K), 1 survivors (2048K)
 Metaspace       used 34768K, committed 34944K, reserved 1114112K
  class space    used 3738K, committed 3840K, reserved 1048576K
}
Event: 182.114 GC heap after
{Heap after GC invocations=20 (full 6):
 garbage-first heap   total 90112K, used 24704K [0x0000000702600000, 0x0000000800000000)
  region size 2048K, 0 young (0K), 0 survivors (0K)
 Metaspace       used 34768K, committed 34944K, reserved 1114112K
  class space    used 3738K, committed 3840K, reserved 1048576K
}

