# JRE version: OpenJDK Runtime Environment Corretto-17.0.7.7.1 (17.0.7+7) (build 17.0.7+7-LTS)
# Java VM: OpenJDK 64-Bit Server VM Corretto-17.0.7.7.1 (17.0.7+7-LTS, mixed mode, sharing, tiered, compressed oops, compressed class ptrs, g1 gc, windows-amd64)
GC Precious Log:
 CPUs: 4 total, 4 available
 Memory: 16224M
 Large Page Support: Disabled
 NUMA Support: Disabled
 Compressed Oops: Enabled (Zero based)
 Heap Region Size: 2M
 Heap Min Capacity: 8M
 Heap Initial Capacity: 254M
 Heap Max Capacity: 4058M
 Pre-touch: Disabled
 Parallel Workers: 4
 Concurrent Workers: 1
 Concurrent Refinement Workers: 4
 Periodic GC: Disabled
Heap:
 garbage-first heap   total 90112K, used 52886K [0x0000000702600000, 0x0000000800000000)
  region size 2048K, 15 young (30720K), 0 survivors (0K)
 Metaspace       used 34244K, committed 34496K, reserved 1114112K
  class space    used 3714K, committed 3840K, reserved 1048576K
GC Heap History (20 events):
Event: 26.159 GC heap before
{Heap before GC invocations=10 (full 0):
 garbage-first heap   total 49152K, used 23513K [0x0000000702600000, 0x0000000800000000)
  region size 2048K, 4 young (8192K), 2 survivors (4096K)
 Metaspace       used 33201K, committed 33472K, reserved 1114112K
  class space    used 3697K, committed 3840K, reserved 1048576K
}
Event: 26.162 GC heap after
{Heap after GC invocations=11 (full 0):
 garbage-first heap   total 49152K, used 21841K [0x0000000702600000, 0x0000000800000000)
  region size 2048K, 1 young (2048K), 1 survivors (2048K)
 Metaspace       used 33201K, committed 33472K, reserved 1114112K
  class space    used 3697K, committed 3840K, reserved 1048576K
}
Event: 30.804 GC heap before
{Heap before GC invocations=11 (full 0):
 garbage-first heap   total 49152K, used 42321K [0x0000000702600000, 0x0000000800000000)
  region size 2048K, 8 young (16384K), 1 survivors (2048K)
 Metaspace       used 34032K, committed 34240K, reserved 1114112K
  class space    used 3706K, committed 3840K, reserved 1048576K
}
Event: 30.808 GC heap after
{Heap after GC invocations=12 (full 0):
 garbage-first heap   total 155648K, used 31262K [0x0000000702600000, 0x0000000800000000)
  region size 2048K, 1 young (2048K), 1 survivors (2048K)
 Metaspace       used 34032K, committed 34240K, reserved 1114112K
  class space    used 3706K, committed 3840K, reserved 1048576K
}
Event: 60.367 GC heap before
{Heap before GC invocations=12 (full 0):
 garbage-first heap   total 155648K, used 96798K [0x0000000702600000, 0x0000000800000000)
  region size 2048K, 33 young (67584K), 1 survivors (2048K)
 Metaspace       used 34210K, committed 34496K, reserved 1114112K
  class space    used 3710K, committed 3840K, reserved 1048576K
}
Event: 60.370 GC heap after
{Heap after GC invocations=13 (full 0):
 garbage-first heap   total 155648K, used 31403K [0x0000000702600000, 0x0000000800000000)
  region size 2048K, 1 young (2048K), 1 survivors (2048K)
 Metaspace       used 34210K, committed 34496K, reserved 1114112K
  class space    used 3710K, committed 3840K, reserved 1048576K
}
Event: 61.925 GC heap before
{Heap before GC invocations=13 (full 0):
 garbage-first heap   total 155648K, used 35499K [0x0000000702600000, 0x0000000800000000)
  region size 2048K, 4 young (8192K), 1 survivors (2048K)
 Metaspace       used 34210K, committed 34496K, reserved 1114112K
  class space    used 3710K, committed 3840K, reserved 1048576K
}
Event: 61.952 GC heap after
{Heap after GC invocations=14 (full 1):
 garbage-first heap   total 90112K, used 24030K [0x0000000702600000, 0x0000000800000000)
  region size 2048K, 0 young (0K), 0 survivors (0K)
 Metaspace       used 34210K, committed 34496K, reserved 1114112K
  class space    used 3710K, committed 3840K, reserved 1048576K
}
Event: 78.585 GC heap before
{Heap before GC invocations=14 (full 1):
 garbage-first heap   total 90112K, used 60894K [0x0000000702600000, 0x0000000800000000)
  region size 2048K, 18 young (36864K), 0 survivors (0K)
 Metaspace       used 34220K, committed 34496K, reserved 1114112K
  class space    used 3710K, committed 3840K, reserved 1048576K
}
Event: 78.585 GC heap after
{Heap after GC invocations=15 (full 1):
 garbage-first heap   total 90112K, used 24439K [0x0000000702600000, 0x0000000800000000)
  region size 2048K, 1 young (2048K), 1 survivors (2048K)
 Metaspace       used 34220K, committed 34496K, reserved 1114112K
  class space    used 3710K, committed 3840K, reserved 1048576K
}
Event: 91.959 GC heap before
{Heap before GC invocations=15 (full 1):
 garbage-first heap   total 90112K, used 53111K [0x0000000702600000, 0x0000000800000000)
  region size 2048K, 16 young (32768K), 1 survivors (2048K)
 Metaspace       used 34220K, committed 34496K, reserved 1114112K
  class space    used 3710K, committed 3840K, reserved 1048576K
}
Event: 91.995 GC heap after
{Heap after GC invocations=16 (full 2):
 garbage-first heap   total 90112K, used 24093K [0x0000000702600000, 0x0000000800000000)
  region size 2048K, 0 young (0K), 0 survivors (0K)
 Metaspace       used 34220K, committed 34496K, reserved 1114112K
  class space    used 3710K, committed 3840K, reserved 1048576K
}
Event: 109.994 GC heap before
{Heap before GC invocations=16 (full 2):
 garbage-first heap   total 90112K, used 63005K [0x0000000702600000, 0x0000000800000000)
  region size 2048K, 19 young (38912K), 0 survivors (0K)
 Metaspace       used 34220K, committed 34496K, reserved 1114112K
  class space    used 3710K, committed 3840K, reserved 1048576K
}
Event: 109.995 GC heap after
{Heap after GC invocations=17 (full 2):
 garbage-first heap   total 90112K, used 24200K [0x0000000702600000, 0x0000000800000000)
  region size 2048K, 1 young (2048K), 1 survivors (2048K)
 Metaspace       used 34220K, committed 34496K, reserved 1114112K
  class space    used 3710K, committed 3840K, reserved 1048576K
}
Event: 122.019 GC heap before
{Heap before GC invocations=17 (full 2):
 garbage-first heap   total 90112K, used 48776K [0x0000000702600000, 0x0000000800000000)
  region size 2048K, 14 young (28672K), 1 survivors (2048K)
 Metaspace       used 34220K, committed 34496K, reserved 1114112K
  class space    used 3710K, committed 3840K, reserved 1048576K
}
Event: 122.044 GC heap after
{Heap after GC invocations=18 (full 3):
 garbage-first heap   total 90112K, used 24215K [0x0000000702600000, 0x0000000800000000)
  region size 2048K, 0 young (0K), 0 survivors (0K)
 Metaspace       used 34220K, committed 34496K, reserved 1114112K
  class space    used 3710K, committed 3840K, reserved 1048576K
}
Event: 142.929 GC heap before
{Heap before GC invocations=18 (full 3):
 garbage-first heap   total 90112K, used 67223K [0x0000000702600000, 0x0000000800000000)
  region size 2048K, 21 young (43008K), 0 survivors (0K)
 Metaspace       used 34221K, committed 34496K, reserved 1114112K
  class space    used 3711K, committed 3840K, reserved 1048576K
}
Event: 142.929 GC heap after
{Heap after GC invocations=19 (full 3):
 garbage-first heap   total 90112K, used 24291K [0x0000000702600000, 0x0000000800000000)
  region size 2048K, 1 young (2048K), 1 survivors (2048K)
 Metaspace       used 34221K, committed 34496K, reserved 1114112K
  class space    used 3711K, committed 3840K, reserved 1048576K
}
Event: 152.053 GC heap before
{Heap before GC invocations=19 (full 3):
 garbage-first heap   total 90112K, used 42723K [0x0000000702600000, 0x0000000800000000)
  region size 2048K, 11 young (22528K), 1 survivors (2048K)
 Metaspace       used 34224K, committed 34496K, reserved 1114112K
  class space    used 3711K, committed 3840K, reserved 1048576K
}
Event: 152.077 GC heap after
{Heap after GC invocations=20 (full 4):
 garbage-first heap   total 90112K, used 24214K [0x0000000702600000, 0x0000000800000000)
  region size 2048K, 0 young (0K), 0 survivors (0K)
 Metaspace       used 34224K, committed 34496K, reserved 1114112K
  class space    used 3711K, committed 3840K, reserved 1048576K
}

