# JRE version: OpenJDK Runtime Environment JBR-17.0.7+7-1000.5-nomod (17.0.7+7) (build 17.0.7+7-b1000.5)
# Java VM: OpenJDK 64-Bit Server VM JBR-17.0.7+7-1000.5-nomod (17.0.7+7-b1000.5, mixed mode, tiered, compressed oops, compressed class ptrs, g1 gc, windows-amd64)
GC Precious Log:
 CPUs: 4 total, 4 available
 Memory: 16224M
 Large Page Support: Disabled
 NUMA Support: Disabled
 Compressed Oops: Enabled (Zero based)
 Heap Region Size: 2M
 Heap Min Capacity: 8M
 Heap Initial Capacity: 254M
 Heap Max Capacity: 4058M
 Pre-touch: Disabled
 Parallel Workers: 4
 Concurrent Workers: 1
 Concurrent Refinement Workers: 4
 Periodic GC: Disabled
Heap:
 garbage-first heap   total 81920K, used 48471K [0x0000000702600000, 0x0000000800000000)
  region size 2048K, 13 young (26624K), 0 survivors (0K)
 Metaspace       used 44066K, committed 44352K, reserved 1114112K
  class space    used 4722K, committed 4864K, reserved 1048576K
GC Heap History (20 events):
Event: 117.328 GC heap before
{Heap before GC invocations=18 (full 3):
 garbage-first heap   total 81920K, used 64551K [0x0000000702600000, 0x0000000800000000)
  region size 2048K, 20 young (40960K), 0 survivors (0K)
 Metaspace       used 44039K, committed 44352K, reserved 1114112K
  class space    used 4718K, committed 4864K, reserved 1048576K
}
Event: 117.329 GC heap after
{Heap after GC invocations=19 (full 3):
 garbage-first heap   total 81920K, used 23866K [0x0000000702600000, 0x0000000800000000)
  region size 2048K, 1 young (2048K), 1 survivors (2048K)
 Metaspace       used 44039K, committed 44352K, reserved 1114112K
  class space    used 4718K, committed 4864K, reserved 1048576K
}
Event: 123.723 GC heap before
{Heap before GC invocations=19 (full 3):
 garbage-first heap   total 81920K, used 34106K [0x0000000702600000, 0x0000000800000000)
  region size 2048K, 7 young (14336K), 1 survivors (2048K)
 Metaspace       used 44039K, committed 44352K, reserved 1114112K
  class space    used 4718K, committed 4864K, reserved 1048576K
}
Event: 123.757 GC heap after
{Heap after GC invocations=20 (full 4):
 garbage-first heap   total 81920K, used 23694K [0x0000000702600000, 0x0000000800000000)
  region size 2048K, 0 young (0K), 0 survivors (0K)
 Metaspace       used 44039K, committed 44352K, reserved 1114112K
  class space    used 4718K, committed 4864K, reserved 1048576K
}
Event: 147.437 GC heap before
{Heap before GC invocations=20 (full 4):
 garbage-first heap   total 81920K, used 64654K [0x0000000702600000, 0x0000000800000000)
  region size 2048K, 20 young (40960K), 0 survivors (0K)
 Metaspace       used 44042K, committed 44352K, reserved 1114112K
  class space    used 4718K, committed 4864K, reserved 1048576K
}
Event: 147.438 GC heap after
{Heap after GC invocations=21 (full 4):
 garbage-first heap   total 81920K, used 23761K [0x0000000702600000, 0x0000000800000000)
  region size 2048K, 1 young (2048K), 1 survivors (2048K)
 Metaspace       used 44042K, committed 44352K, reserved 1114112K
  class space    used 4718K, committed 4864K, reserved 1048576K
}
Event: 153.761 GC heap before
{Heap before GC invocations=21 (full 4):
 garbage-first heap   total 81920K, used 34001K [0x0000000702600000, 0x0000000800000000)
  region size 2048K, 7 young (14336K), 1 survivors (2048K)
 Metaspace       used 44042K, committed 44352K, reserved 1114112K
  class space    used 4718K, committed 4864K, reserved 1048576K
}
Event: 153.785 GC heap after
{Heap after GC invocations=22 (full 5):
 garbage-first heap   total 81920K, used 23694K [0x0000000702600000, 0x0000000800000000)
  region size 2048K, 0 young (0K), 0 survivors (0K)
 Metaspace       used 44042K, committed 44352K, reserved 1114112K
  class space    used 4718K, committed 4864K, reserved 1048576K
}
Event: 178.027 GC heap before
{Heap before GC invocations=22 (full 5):
 garbage-first heap   total 81920K, used 66702K [0x0000000702600000, 0x0000000800000000)
  region size 2048K, 21 young (43008K), 0 survivors (0K)
 Metaspace       used 44042K, committed 44352K, reserved 1114112K
  class space    used 4718K, committed 4864K, reserved 1048576K
}
Event: 178.028 GC heap after
{Heap after GC invocations=23 (full 5):
 garbage-first heap   total 81920K, used 23762K [0x0000000702600000, 0x0000000800000000)
  region size 2048K, 1 young (2048K), 1 survivors (2048K)
 Metaspace       used 44042K, committed 44352K, reserved 1114112K
  class space    used 4718K, committed 4864K, reserved 1048576K
}
Event: 183.795 GC heap before
{Heap before GC invocations=23 (full 5):
 garbage-first heap   total 81920K, used 34002K [0x0000000702600000, 0x0000000800000000)
  region size 2048K, 7 young (14336K), 1 survivors (2048K)
 Metaspace       used 44042K, committed 44352K, reserved 1114112K
  class space    used 4718K, committed 4864K, reserved 1048576K
}
Event: 183.832 GC heap after
{Heap after GC invocations=24 (full 6):
 garbage-first heap   total 81920K, used 23694K [0x0000000702600000, 0x0000000800000000)
  region size 2048K, 0 young (0K), 0 survivors (0K)
 Metaspace       used 44042K, committed 44352K, reserved 1114112K
  class space    used 4718K, committed 4864K, reserved 1048576K
}
Event: 207.968 GC heap before
{Heap before GC invocations=24 (full 6):
 garbage-first heap   total 81920K, used 66702K [0x0000000702600000, 0x0000000800000000)
  region size 2048K, 21 young (43008K), 0 survivors (0K)
 Metaspace       used 44042K, committed 44352K, reserved 1114112K
  class space    used 4718K, committed 4864K, reserved 1048576K
}
Event: 207.970 GC heap after
{Heap after GC invocations=25 (full 6):
 garbage-first heap   total 81920K, used 24160K [0x0000000702600000, 0x0000000800000000)
  region size 2048K, 1 young (2048K), 1 survivors (2048K)
 Metaspace       used 44042K, committed 44352K, reserved 1114112K
  class space    used 4718K, committed 4864K, reserved 1048576K
}
Event: 213.843 GC heap before
{Heap before GC invocations=25 (full 6):
 garbage-first heap   total 81920K, used 34400K [0x0000000702600000, 0x0000000800000000)
  region size 2048K, 7 young (14336K), 1 survivors (2048K)
 Metaspace       used 44042K, committed 44352K, reserved 1114112K
  class space    used 4718K, committed 4864K, reserved 1048576K
}
Event: 213.867 GC heap after
{Heap after GC invocations=26 (full 7):
 garbage-first heap   total 81920K, used 23895K [0x0000000702600000, 0x0000000800000000)
  region size 2048K, 0 young (0K), 0 survivors (0K)
 Metaspace       used 44042K, committed 44352K, reserved 1114112K
  class space    used 4718K, committed 4864K, reserved 1048576K
}
Event: 239.657 GC heap before
{Heap before GC invocations=26 (full 7):
 garbage-first heap   total 81920K, used 66903K [0x0000000702600000, 0x0000000800000000)
  region size 2048K, 21 young (43008K), 0 survivors (0K)
 Metaspace       used 44043K, committed 44352K, reserved 1114112K
  class space    used 4718K, committed 4864K, reserved 1048576K
}
Event: 239.658 GC heap after
{Heap after GC invocations=27 (full 7):
 garbage-first heap   total 81920K, used 23958K [0x0000000702600000, 0x0000000800000000)
  region size 2048K, 1 young (2048K), 1 survivors (2048K)
 Metaspace       used 44043K, committed 44352K, reserved 1114112K
  class space    used 4718K, committed 4864K, reserved 1048576K
}
Event: 243.878 GC heap before
{Heap before GC invocations=27 (full 7):
 garbage-first heap   total 81920K, used 30102K [0x0000000702600000, 0x0000000800000000)
  region size 2048K, 5 young (10240K), 1 survivors (2048K)
 Metaspace       used 44043K, committed 44352K, reserved 1114112K
  class space    used 4718K, committed 4864K, reserved 1048576K
}
Event: 243.916 GC heap after
{Heap after GC invocations=28 (full 8):
 garbage-first heap   total 81920K, used 23895K [0x0000000702600000, 0x0000000800000000)
  region size 2048K, 0 young (0K), 0 survivors (0K)
 Metaspace       used 44043K, committed 44352K, reserved 1114112K
  class space    used 4718K, committed 4864K, reserved 1048576K
}

