# JRE version: OpenJDK Runtime Environment Corretto-17.0.7.7.1 (17.0.7+7) (build 17.0.7+7-LTS)
# Java VM: OpenJDK 64-Bit Server VM Corretto-17.0.7.7.1 (17.0.7+7-LTS, mixed mode, sharing, tiered, compressed oops, compressed class ptrs, g1 gc, windows-amd64)
GC Precious Log:
 CPUs: 4 total, 4 available
 Memory: 16224M
 Large Page Support: Disabled
 NUMA Support: Disabled
 Compressed Oops: Enabled (Zero based)
 Heap Region Size: 2M
 Heap Min Capacity: 8M
 Heap Initial Capacity: 254M
 Heap Max Capacity: 4058M
 Pre-touch: Disabled
 Parallel Workers: 4
 Concurrent Workers: 1
 Concurrent Refinement Workers: 4
 Periodic GC: Disabled
Heap:
 garbage-first heap   total 96256K, used 30747K [0x0000000702600000, 0x0000000800000000)
  region size 2048K, 4 young (8192K), 0 survivors (0K)
 Metaspace       used 34398K, committed 34624K, reserved 1114112K
  class space    used 3732K, committed 3840K, reserved 1048576K
GC Heap History (20 events):
Event: 6.521 GC heap before
{Heap before GC invocations=8 (full 0):
 garbage-first heap   total 49152K, used 35201K [0x0000000702600000, 0x0000000800000000)
  region size 2048K, 9 young (18432K), 1 survivors (2048K)
 Metaspace       used 30126K, committed 30336K, reserved 1114112K
  class space    used 3359K, committed 3456K, reserved 1048576K
}
Event: 6.525 GC heap after
{Heap after GC invocations=9 (full 0):
 garbage-first heap   total 49152K, used 20341K [0x0000000702600000, 0x0000000800000000)
  region size 2048K, 2 young (4096K), 2 survivors (4096K)
 Metaspace       used 30126K, committed 30336K, reserved 1114112K
  class space    used 3359K, committed 3456K, reserved 1048576K
}
Event: 6.869 GC heap before
{Heap before GC invocations=9 (full 0):
 garbage-first heap   total 49152K, used 34677K [0x0000000702600000, 0x0000000800000000)
  region size 2048K, 9 young (18432K), 2 survivors (4096K)
 Metaspace       used 32476K, committed 32704K, reserved 1114112K
  class space    used 3635K, committed 3776K, reserved 1048576K
}
Event: 6.874 GC heap after
{Heap after GC invocations=10 (full 0):
 garbage-first heap   total 49152K, used 21101K [0x0000000702600000, 0x0000000800000000)
  region size 2048K, 2 young (4096K), 2 survivors (4096K)
 Metaspace       used 32476K, committed 32704K, reserved 1114112K
  class space    used 3635K, committed 3776K, reserved 1048576K
}
Event: 7.116 GC heap before
{Heap before GC invocations=10 (full 0):
 garbage-first heap   total 49152K, used 25197K [0x0000000702600000, 0x0000000800000000)
  region size 2048K, 5 young (10240K), 2 survivors (4096K)
 Metaspace       used 33213K, committed 33472K, reserved 1114112K
  class space    used 3714K, committed 3840K, reserved 1048576K
}
Event: 7.120 GC heap after
{Heap after GC invocations=11 (full 0):
 garbage-first heap   total 155648K, used 21747K [0x0000000702600000, 0x0000000800000000)
  region size 2048K, 1 young (2048K), 1 survivors (2048K)
 Metaspace       used 33213K, committed 33472K, reserved 1114112K
  class space    used 3714K, committed 3840K, reserved 1048576K
}
Event: 31.676 GC heap before
{Heap before GC invocations=11 (full 0):
 garbage-first heap   total 155648K, used 89331K [0x0000000702600000, 0x0000000800000000)
  region size 2048K, 31 young (63488K), 1 survivors (2048K)
 Metaspace       used 34251K, committed 34496K, reserved 1114112K
  class space    used 3726K, committed 3840K, reserved 1048576K
}
Event: 31.703 GC heap after
{Heap after GC invocations=12 (full 1):
 garbage-first heap   total 96256K, used 24379K [0x0000000702600000, 0x0000000800000000)
  region size 2048K, 0 young (0K), 0 survivors (0K)
 Metaspace       used 34251K, committed 34496K, reserved 1114112K
  class space    used 3726K, committed 3840K, reserved 1048576K
}
Event: 53.034 GC heap before
{Heap before GC invocations=12 (full 1):
 garbage-first heap   total 96256K, used 69435K [0x0000000702600000, 0x0000000800000000)
  region size 2048K, 22 young (45056K), 0 survivors (0K)
 Metaspace       used 34355K, committed 34560K, reserved 1114112K
  class space    used 3728K, committed 3840K, reserved 1048576K
}
Event: 53.036 GC heap after
{Heap after GC invocations=13 (full 1):
 garbage-first heap   total 96256K, used 24624K [0x0000000702600000, 0x0000000800000000)
  region size 2048K, 1 young (2048K), 1 survivors (2048K)
 Metaspace       used 34355K, committed 34560K, reserved 1114112K
  class space    used 3728K, committed 3840K, reserved 1048576K
}
Event: 61.710 GC heap before
{Heap before GC invocations=13 (full 1):
 garbage-first heap   total 96256K, used 43056K [0x0000000702600000, 0x0000000800000000)
  region size 2048K, 11 young (22528K), 1 survivors (2048K)
 Metaspace       used 34359K, committed 34560K, reserved 1114112K
  class space    used 3728K, committed 3840K, reserved 1048576K
}
Event: 61.729 GC heap after
{Heap after GC invocations=14 (full 2):
 garbage-first heap   total 96256K, used 24481K [0x0000000702600000, 0x0000000800000000)
  region size 2048K, 0 young (0K), 0 survivors (0K)
 Metaspace       used 34359K, committed 34560K, reserved 1114112K
  class space    used 3728K, committed 3840K, reserved 1048576K
}
Event: 84.639 GC heap before
{Heap before GC invocations=14 (full 2):
 garbage-first heap   total 96256K, used 73633K [0x0000000702600000, 0x0000000800000000)
  region size 2048K, 24 young (49152K), 0 survivors (0K)
 Metaspace       used 34371K, committed 34624K, reserved 1114112K
  class space    used 3728K, committed 3840K, reserved 1048576K
}
Event: 84.640 GC heap after
{Heap after GC invocations=15 (full 2):
 garbage-first heap   total 96256K, used 24596K [0x0000000702600000, 0x0000000800000000)
  region size 2048K, 1 young (2048K), 1 survivors (2048K)
 Metaspace       used 34371K, committed 34624K, reserved 1114112K
  class space    used 3728K, committed 3840K, reserved 1048576K
}
Event: 91.737 GC heap before
{Heap before GC invocations=15 (full 2):
 garbage-first heap   total 96256K, used 38932K [0x0000000702600000, 0x0000000800000000)
  region size 2048K, 9 young (18432K), 1 survivors (2048K)
 Metaspace       used 34371K, committed 34624K, reserved 1114112K
  class space    used 3728K, committed 3840K, reserved 1048576K
}
Event: 91.762 GC heap after
{Heap after GC invocations=16 (full 3):
 garbage-first heap   total 96256K, used 24481K [0x0000000702600000, 0x0000000800000000)
  region size 2048K, 0 young (0K), 0 survivors (0K)
 Metaspace       used 34371K, committed 34624K, reserved 1114112K
  class space    used 3728K, committed 3840K, reserved 1048576K
}
Event: 115.729 GC heap before
{Heap before GC invocations=16 (full 3):
 garbage-first heap   total 96256K, used 75681K [0x0000000702600000, 0x0000000800000000)
  region size 2048K, 25 young (51200K), 0 survivors (0K)
 Metaspace       used 34374K, committed 34624K, reserved 1114112K
  class space    used 3729K, committed 3840K, reserved 1048576K
}
Event: 115.730 GC heap after
{Heap after GC invocations=17 (full 3):
 garbage-first heap   total 96256K, used 24794K [0x0000000702600000, 0x0000000800000000)
  region size 2048K, 1 young (2048K), 1 survivors (2048K)
 Metaspace       used 34374K, committed 34624K, reserved 1114112K
  class space    used 3729K, committed 3840K, reserved 1048576K
}
Event: 121.773 GC heap before
{Heap before GC invocations=17 (full 3):
 garbage-first heap   total 96256K, used 37082K [0x0000000702600000, 0x0000000800000000)
  region size 2048K, 8 young (16384K), 1 survivors (2048K)
 Metaspace       used 34374K, committed 34624K, reserved 1114112K
  class space    used 3729K, committed 3840K, reserved 1048576K
}
Event: 121.795 GC heap after
{Heap after GC invocations=18 (full 4):
 garbage-first heap   total 96256K, used 24603K [0x0000000702600000, 0x0000000800000000)
  region size 2048K, 0 young (0K), 0 survivors (0K)
 Metaspace       used 34374K, committed 34624K, reserved 1114112K
  class space    used 3729K, committed 3840K, reserved 1048576K
}

