# JRE version: OpenJDK Runtime Environment JBR-17.0.7+7-1000.5-nomod (17.0.7+7) (build 17.0.7+7-b1000.5)
# Java VM: OpenJDK 64-Bit Server VM JBR-17.0.7+7-1000.5-nomod (17.0.7+7-b1000.5, mixed mode, tiered, compressed oops, compressed class ptrs, g1 gc, windows-amd64)
GC Precious Log:
 CPUs: 4 total, 4 available
 Memory: 16224M
 Large Page Support: Disabled
 NUMA Support: Disabled
 Compressed Oops: Enabled (Zero based)
 Heap Region Size: 2M
 Heap Min Capacity: 8M
 Heap Initial Capacity: 254M
 Heap Max Capacity: 4058M
 Pre-touch: Disabled
 Parallel Workers: 4
 Concurrent Workers: 1
 Concurrent Refinement Workers: 4
 Periodic GC: Disabled
Heap:
 garbage-first heap   total 81920K, used 32129K [0x0000000702600000, 0x0000000800000000)
  region size 2048K, 5 young (10240K), 0 survivors (0K)
 Metaspace       used 46691K, committed 46976K, reserved 1114112K
  class space    used 4825K, committed 4928K, reserved 1048576K
GC Heap History (20 events):
Event: 808.843 GC heap before
{Heap before GC invocations=51 (full 19):
 garbage-first heap   total 81920K, used 68836K [0x0000000702600000, 0x0000000800000000)
  region size 2048K, 22 young (45056K), 0 survivors (0K)
 Metaspace       used 46667K, committed 46912K, reserved 1114112K
  class space    used 4822K, committed 4928K, reserved 1048576K
}
Event: 808.844 GC heap after
{Heap after GC invocations=52 (full 19):
 garbage-first heap   total 81920K, used 23998K [0x0000000702600000, 0x0000000800000000)
  region size 2048K, 1 young (2048K), 1 survivors (2048K)
 Metaspace       used 46667K, committed 46912K, reserved 1114112K
  class space    used 4822K, committed 4928K, reserved 1048576K
}
Event: 813.152 GC heap before
{Heap before GC invocations=52 (full 19):
 garbage-first heap   total 81920K, used 30142K [0x0000000702600000, 0x0000000800000000)
  region size 2048K, 5 young (10240K), 1 survivors (2048K)
 Metaspace       used 46667K, committed 46912K, reserved 1114112K
  class space    used 4822K, committed 4928K, reserved 1048576K
}
Event: 813.180 GC heap after
{Heap after GC invocations=53 (full 20):
 garbage-first heap   total 81920K, used 23837K [0x0000000702600000, 0x0000000800000000)
  region size 2048K, 0 young (0K), 0 survivors (0K)
 Metaspace       used 46667K, committed 46912K, reserved 1114112K
  class space    used 4822K, committed 4928K, reserved 1048576K
}
Event: 838.420 GC heap before
{Heap before GC invocations=53 (full 20):
 garbage-first heap   total 81920K, used 68893K [0x0000000702600000, 0x0000000800000000)
  region size 2048K, 22 young (45056K), 0 survivors (0K)
 Metaspace       used 46667K, committed 46912K, reserved 1114112K
  class space    used 4822K, committed 4928K, reserved 1048576K
}
Event: 838.421 GC heap after
{Heap after GC invocations=54 (full 20):
 garbage-first heap   total 81920K, used 23934K [0x0000000702600000, 0x0000000800000000)
  region size 2048K, 1 young (2048K), 1 survivors (2048K)
 Metaspace       used 46667K, committed 46912K, reserved 1114112K
  class space    used 4822K, committed 4928K, reserved 1048576K
}
Event: 843.196 GC heap before
{Heap before GC invocations=54 (full 20):
 garbage-first heap   total 81920K, used 32126K [0x0000000702600000, 0x0000000800000000)
  region size 2048K, 6 young (12288K), 1 survivors (2048K)
 Metaspace       used 46667K, committed 46912K, reserved 1114112K
  class space    used 4822K, committed 4928K, reserved 1048576K
}
Event: 843.230 GC heap after
{Heap after GC invocations=55 (full 21):
 garbage-first heap   total 81920K, used 23843K [0x0000000702600000, 0x0000000800000000)
  region size 2048K, 0 young (0K), 0 survivors (0K)
 Metaspace       used 46667K, committed 46912K, reserved 1114112K
  class space    used 4822K, committed 4928K, reserved 1048576K
}
Event: 867.929 GC heap before
{Heap before GC invocations=55 (full 21):
 garbage-first heap   total 81920K, used 66851K [0x0000000702600000, 0x0000000800000000)
  region size 2048K, 21 young (43008K), 0 survivors (0K)
 Metaspace       used 46667K, committed 46912K, reserved 1114112K
  class space    used 4822K, committed 4928K, reserved 1048576K
}
Event: 867.930 GC heap after
{Heap after GC invocations=56 (full 21):
 garbage-first heap   total 81920K, used 24111K [0x0000000702600000, 0x0000000800000000)
  region size 2048K, 1 young (2048K), 1 survivors (2048K)
 Metaspace       used 46667K, committed 46912K, reserved 1114112K
  class space    used 4822K, committed 4928K, reserved 1048576K
}
Event: 873.237 GC heap before
{Heap before GC invocations=56 (full 21):
 garbage-first heap   total 81920K, used 32303K [0x0000000702600000, 0x0000000800000000)
  region size 2048K, 6 young (12288K), 1 survivors (2048K)
 Metaspace       used 46667K, committed 46912K, reserved 1114112K
  class space    used 4822K, committed 4928K, reserved 1048576K
}
Event: 873.272 GC heap after
{Heap after GC invocations=57 (full 22):
 garbage-first heap   total 81920K, used 23937K [0x0000000702600000, 0x0000000800000000)
  region size 2048K, 0 young (0K), 0 survivors (0K)
 Metaspace       used 46667K, committed 46912K, reserved 1114112K
  class space    used 4822K, committed 4928K, reserved 1048576K
}
Event: 899.067 GC heap before
{Heap before GC invocations=57 (full 22):
 garbage-first heap   total 81920K, used 68993K [0x0000000702600000, 0x0000000800000000)
  region size 2048K, 22 young (45056K), 0 survivors (0K)
 Metaspace       used 46667K, committed 46912K, reserved 1114112K
  class space    used 4822K, committed 4928K, reserved 1048576K
}
Event: 899.068 GC heap after
{Heap after GC invocations=58 (full 22):
 garbage-first heap   total 81920K, used 24011K [0x0000000702600000, 0x0000000800000000)
  region size 2048K, 1 young (2048K), 1 survivors (2048K)
 Metaspace       used 46667K, committed 46912K, reserved 1114112K
  class space    used 4822K, committed 4928K, reserved 1048576K
}
Event: 903.287 GC heap before
{Heap before GC invocations=58 (full 22):
 garbage-first heap   total 81920K, used 30155K [0x0000000702600000, 0x0000000800000000)
  region size 2048K, 5 young (10240K), 1 survivors (2048K)
 Metaspace       used 46667K, committed 46912K, reserved 1114112K
  class space    used 4822K, committed 4928K, reserved 1048576K
}
Event: 903.318 GC heap after
{Heap after GC invocations=59 (full 23):
 garbage-first heap   total 81920K, used 23937K [0x0000000702600000, 0x0000000800000000)
  region size 2048K, 0 young (0K), 0 survivors (0K)
 Metaspace       used 46667K, committed 46912K, reserved 1114112K
  class space    used 4822K, committed 4928K, reserved 1048576K
}
Event: 928.508 GC heap before
{Heap before GC invocations=59 (full 23):
 garbage-first heap   total 81920K, used 68993K [0x0000000702600000, 0x0000000800000000)
  region size 2048K, 22 young (45056K), 0 survivors (0K)
 Metaspace       used 46667K, committed 46912K, reserved 1114112K
  class space    used 4822K, committed 4928K, reserved 1048576K
}
Event: 928.510 GC heap after
{Heap after GC invocations=60 (full 23):
 garbage-first heap   total 81920K, used 24005K [0x0000000702600000, 0x0000000800000000)
  region size 2048K, 1 young (2048K), 1 survivors (2048K)
 Metaspace       used 46667K, committed 46912K, reserved 1114112K
  class space    used 4822K, committed 4928K, reserved 1048576K
}
Event: 933.331 GC heap before
{Heap before GC invocations=60 (full 23):
 garbage-first heap   total 81920K, used 32197K [0x0000000702600000, 0x0000000800000000)
  region size 2048K, 6 young (12288K), 1 survivors (2048K)
 Metaspace       used 46667K, committed 46912K, reserved 1114112K
  class space    used 4822K, committed 4928K, reserved 1048576K
}
Event: 933.360 GC heap after
{Heap after GC invocations=61 (full 24):
 garbage-first heap   total 81920K, used 23937K [0x0000000702600000, 0x0000000800000000)
  region size 2048K, 0 young (0K), 0 survivors (0K)
 Metaspace       used 46667K, committed 46912K, reserved 1114112K
  class space    used 4822K, committed 4928K, reserved 1048576K
}

