# JRE version: OpenJDK Runtime Environment Corretto-17.0.7.7.1 (17.0.7+7) (build 17.0.7+7-LTS)
# Java VM: OpenJDK 64-Bit Server VM Corretto-17.0.7.7.1 (17.0.7+7-LTS, mixed mode, sharing, tiered, compressed oops, compressed class ptrs, g1 gc, windows-amd64)
GC Precious Log:
 CPUs: 4 total, 4 available
 Memory: 16224M
 Large Page Support: Disabled
 NUMA Support: Disabled
 Compressed Oops: Enabled (Zero based)
 Heap Region Size: 2M
 Heap Min Capacity: 8M
 Heap Initial Capacity: 254M
 Heap Max Capacity: 4058M
 Pre-touch: Disabled
 Parallel Workers: 4
 Concurrent Workers: 1
 Concurrent Refinement Workers: 4
 Periodic GC: Disabled
Heap:
 garbage-first heap   total 96256K, used 28213K [0x0000000702600000, 0x0000000800000000)
  region size 2048K, 3 young (6144K), 0 survivors (0K)
 Metaspace       used 34880K, committed 35072K, reserved 1114112K
  class space    used 3750K, committed 3840K, reserved 1048576K
GC Heap History (20 events):
Event: 1.148 GC heap before
{Heap before GC invocations=1 (full 0):
 garbage-first heap   total 260096K, used 15369K [0x0000000702600000, 0x0000000800000000)
  region size 2048K, 6 young (12288K), 1 survivors (2048K)
 Metaspace       used 5827K, committed 6016K, reserved 1114112K
  class space    used 467K, committed 576K, reserved 1048576K
}
Event: 1.150 GC heap after
{Heap after GC invocations=2 (full 0):
 garbage-first heap   total 260096K, used 7666K [0x0000000702600000, 0x0000000800000000)
  region size 2048K, 1 young (2048K), 1 survivors (2048K)
 Metaspace       used 5827K, committed 6016K, reserved 1114112K
  class space    used 467K, committed 576K, reserved 1048576K
}
Event: 2.367 GC heap before
{Heap before GC invocations=2 (full 0):
 garbage-first heap   total 260096K, used 36338K [0x0000000702600000, 0x0000000800000000)
  region size 2048K, 15 young (30720K), 1 survivors (2048K)
 Metaspace       used 14886K, committed 15040K, reserved 1114112K
  class space    used 1536K, committed 1600K, reserved 1048576K
}
Event: 2.370 GC heap after
{Heap after GC invocations=3 (full 0):
 garbage-first heap   total 260096K, used 9730K [0x0000000702600000, 0x0000000800000000)
  region size 2048K, 2 young (4096K), 2 survivors (4096K)
 Metaspace       used 14886K, committed 15040K, reserved 1114112K
  class space    used 1536K, committed 1600K, reserved 1048576K
}
Event: 3.672 GC heap before
{Heap before GC invocations=3 (full 0):
 garbage-first heap   total 260096K, used 42498K [0x0000000702600000, 0x0000000800000000)
  region size 2048K, 19 young (38912K), 2 survivors (4096K)
 Metaspace       used 21366K, committed 21504K, reserved 1114112K
  class space    used 2282K, committed 2368K, reserved 1048576K
}
Event: 3.677 GC heap after
{Heap after GC invocations=4 (full 0):
 garbage-first heap   total 260096K, used 11110K [0x0000000702600000, 0x0000000800000000)
  region size 2048K, 2 young (4096K), 2 survivors (4096K)
 Metaspace       used 21366K, committed 21504K, reserved 1114112K
  class space    used 2282K, committed 2368K, reserved 1048576K
}
Event: 6.767 GC heap before
{Heap before GC invocations=5 (full 0):
 garbage-first heap   total 49152K, used 37734K [0x0000000702600000, 0x0000000800000000)
  region size 2048K, 10 young (20480K), 2 survivors (4096K)
 Metaspace       used 24124K, committed 24320K, reserved 1114112K
  class space    used 2615K, committed 2752K, reserved 1048576K
}
Event: 6.772 GC heap after
{Heap after GC invocations=6 (full 0):
 garbage-first heap   total 49152K, used 24127K [0x0000000702600000, 0x0000000800000000)
  region size 2048K, 2 young (4096K), 2 survivors (4096K)
 Metaspace       used 24124K, committed 24320K, reserved 1114112K
  class space    used 2615K, committed 2752K, reserved 1048576K
}
Event: 6.812 GC heap before
{Heap before GC invocations=6 (full 0):
 garbage-first heap   total 49152K, used 26175K [0x0000000702600000, 0x0000000800000000)
  region size 2048K, 3 young (6144K), 2 survivors (4096K)
 Metaspace       used 24472K, committed 24640K, reserved 1114112K
  class space    used 2659K, committed 2752K, reserved 1048576K
}
Event: 6.816 GC heap after
{Heap after GC invocations=7 (full 0):
 garbage-first heap   total 49152K, used 17994K [0x0000000702600000, 0x0000000800000000)
  region size 2048K, 1 young (2048K), 1 survivors (2048K)
 Metaspace       used 24472K, committed 24640K, reserved 1114112K
  class space    used 2659K, committed 2752K, reserved 1048576K
}
Event: 7.118 GC heap before
{Heap before GC invocations=7 (full 0):
 garbage-first heap   total 49152K, used 32330K [0x0000000702600000, 0x0000000800000000)
  region size 2048K, 8 young (16384K), 1 survivors (2048K)
 Metaspace       used 26716K, committed 26880K, reserved 1114112K
  class space    used 2937K, committed 3008K, reserved 1048576K
}
Event: 7.121 GC heap after
{Heap after GC invocations=8 (full 0):
 garbage-first heap   total 49152K, used 19079K [0x0000000702600000, 0x0000000800000000)
  region size 2048K, 1 young (2048K), 1 survivors (2048K)
 Metaspace       used 26716K, committed 26880K, reserved 1114112K
  class space    used 2937K, committed 3008K, reserved 1048576K
}
Event: 7.597 GC heap before
{Heap before GC invocations=8 (full 0):
 garbage-first heap   total 49152K, used 33415K [0x0000000702600000, 0x0000000800000000)
  region size 2048K, 8 young (16384K), 1 survivors (2048K)
 Metaspace       used 29793K, committed 30016K, reserved 1114112K
  class space    used 3316K, committed 3456K, reserved 1048576K
}
Event: 7.602 GC heap after
{Heap after GC invocations=9 (full 0):
 garbage-first heap   total 49152K, used 20406K [0x0000000702600000, 0x0000000800000000)
  region size 2048K, 1 young (2048K), 1 survivors (2048K)
 Metaspace       used 29793K, committed 30016K, reserved 1114112K
  class space    used 3316K, committed 3456K, reserved 1048576K
}
Event: 7.888 GC heap before
{Heap before GC invocations=9 (full 0):
 garbage-first heap   total 49152K, used 34742K [0x0000000702600000, 0x0000000800000000)
  region size 2048K, 8 young (16384K), 1 survivors (2048K)
 Metaspace       used 32246K, committed 32512K, reserved 1114112K
  class space    used 3603K, committed 3712K, reserved 1048576K
}
Event: 7.891 GC heap after
{Heap after GC invocations=10 (full 0):
 garbage-first heap   total 49152K, used 21000K [0x0000000702600000, 0x0000000800000000)
  region size 2048K, 1 young (2048K), 1 survivors (2048K)
 Metaspace       used 32246K, committed 32512K, reserved 1114112K
  class space    used 3603K, committed 3712K, reserved 1048576K
}
Event: 8.173 GC heap before
{Heap before GC invocations=10 (full 0):
 garbage-first heap   total 49152K, used 25096K [0x0000000702600000, 0x0000000800000000)
  region size 2048K, 4 young (8192K), 1 survivors (2048K)
 Metaspace       used 33259K, committed 33472K, reserved 1114112K
  class space    used 3714K, committed 3840K, reserved 1048576K
}
Event: 8.175 GC heap after
{Heap after GC invocations=11 (full 0):
 garbage-first heap   total 155648K, used 21547K [0x0000000702600000, 0x0000000800000000)
  region size 2048K, 1 young (2048K), 1 survivors (2048K)
 Metaspace       used 33259K, committed 33472K, reserved 1114112K
  class space    used 3714K, committed 3840K, reserved 1048576K
}
Event: 31.805 GC heap before
{Heap before GC invocations=11 (full 0):
 garbage-first heap   total 155648K, used 72747K [0x0000000702600000, 0x0000000800000000)
  region size 2048K, 23 young (47104K), 1 survivors (2048K)
 Metaspace       used 34851K, committed 35072K, reserved 1114112K
  class space    used 3747K, committed 3840K, reserved 1048576K
}
Event: 31.834 GC heap after
{Heap after GC invocations=12 (full 1):
 garbage-first heap   total 96256K, used 24117K [0x0000000702600000, 0x0000000800000000)
  region size 2048K, 0 young (0K), 0 survivors (0K)
 Metaspace       used 34851K, committed 35072K, reserved 1114112K
  class space    used 3747K, committed 3840K, reserved 1048576K
}

