# JRE version: OpenJDK Runtime Environment JBR-17.0.7+7-1000.5-nomod (17.0.7+7) (build 17.0.7+7-b1000.5)
# Java VM: OpenJDK 64-Bit Server VM JBR-17.0.7+7-1000.5-nomod (17.0.7+7-b1000.5, mixed mode, tiered, compressed oops, compressed class ptrs, g1 gc, windows-amd64)
GC Precious Log:
 CPUs: 4 total, 4 available
 Memory: 16224M
 Large Page Support: Disabled
 NUMA Support: Disabled
 Compressed Oops: Enabled (Zero based)
 Heap Region Size: 2M
 Heap Min Capacity: 8M
 Heap Initial Capacity: 254M
 Heap Max Capacity: 4058M
 Pre-touch: Disabled
 Parallel Workers: 4
 Concurrent Workers: 1
 Concurrent Refinement Workers: 4
 Periodic GC: Disabled
Heap:
 garbage-first heap   total 81920K, used 55014K [0x0000000702600000, 0x0000000800000000)
  region size 2048K, 16 young (32768K), 0 survivors (0K)
 Metaspace       used 43813K, committed 44032K, reserved 1114112K
  class space    used 4710K, committed 4800K, reserved 1048576K
GC Heap History (20 events):
Event: 177.063 GC heap before
{Heap before GC invocations=21 (full 4):
 garbage-first heap   total 81920K, used 69157K [0x0000000702600000, 0x0000000800000000)
  region size 2048K, 22 young (45056K), 0 survivors (0K)
 Metaspace       used 43669K, committed 43904K, reserved 1114112K
  class space    used 4707K, committed 4800K, reserved 1048576K
}
Event: 177.064 GC heap after
{Heap after GC invocations=22 (full 4):
 garbage-first heap   total 81920K, used 24175K [0x0000000702600000, 0x0000000800000000)
  region size 2048K, 1 young (2048K), 1 survivors (2048K)
 Metaspace       used 43669K, committed 43904K, reserved 1114112K
  class space    used 4707K, committed 4800K, reserved 1048576K
}
Event: 182.204 GC heap before
{Heap before GC invocations=22 (full 4):
 garbage-first heap   total 81920K, used 32367K [0x0000000702600000, 0x0000000800000000)
  region size 2048K, 6 young (12288K), 1 survivors (2048K)
 Metaspace       used 43669K, committed 43904K, reserved 1114112K
  class space    used 4707K, committed 4800K, reserved 1048576K
}
Event: 182.229 GC heap after
{Heap after GC invocations=23 (full 5):
 garbage-first heap   total 81920K, used 24094K [0x0000000702600000, 0x0000000800000000)
  region size 2048K, 0 young (0K), 0 survivors (0K)
 Metaspace       used 43669K, committed 43904K, reserved 1114112K
  class space    used 4707K, committed 4800K, reserved 1048576K
}
Event: 207.208 GC heap before
{Heap before GC invocations=23 (full 5):
 garbage-first heap   total 81920K, used 69150K [0x0000000702600000, 0x0000000800000000)
  region size 2048K, 22 young (45056K), 0 survivors (0K)
 Metaspace       used 43669K, committed 43904K, reserved 1114112K
  class space    used 4707K, committed 4800K, reserved 1048576K
}
Event: 207.210 GC heap after
{Heap after GC invocations=24 (full 5):
 garbage-first heap   total 81920K, used 24565K [0x0000000702600000, 0x0000000800000000)
  region size 2048K, 1 young (2048K), 1 survivors (2048K)
 Metaspace       used 43669K, committed 43904K, reserved 1114112K
  class space    used 4707K, committed 4800K, reserved 1048576K
}
Event: 212.232 GC heap before
{Heap before GC invocations=24 (full 5):
 garbage-first heap   total 81920K, used 32757K [0x0000000702600000, 0x0000000800000000)
  region size 2048K, 6 young (12288K), 1 survivors (2048K)
 Metaspace       used 43669K, committed 43904K, reserved 1114112K
  class space    used 4707K, committed 4800K, reserved 1048576K
}
Event: 212.258 GC heap after
{Heap after GC invocations=25 (full 6):
 garbage-first heap   total 81920K, used 24295K [0x0000000702600000, 0x0000000800000000)
  region size 2048K, 0 young (0K), 0 survivors (0K)
 Metaspace       used 43669K, committed 43904K, reserved 1114112K
  class space    used 4707K, committed 4800K, reserved 1048576K
}
Event: 235.877 GC heap before
{Heap before GC invocations=25 (full 6):
 garbage-first heap   total 81920K, used 67303K [0x0000000702600000, 0x0000000800000000)
  region size 2048K, 21 young (43008K), 0 survivors (0K)
 Metaspace       used 43680K, committed 43904K, reserved 1114112K
  class space    used 4707K, committed 4800K, reserved 1048576K
}
Event: 235.879 GC heap after
{Heap after GC invocations=26 (full 6):
 garbage-first heap   total 81920K, used 24370K [0x0000000702600000, 0x0000000800000000)
  region size 2048K, 1 young (2048K), 1 survivors (2048K)
 Metaspace       used 43680K, committed 43904K, reserved 1114112K
  class space    used 4707K, committed 4800K, reserved 1048576K
}
Event: 242.260 GC heap before
{Heap before GC invocations=26 (full 6):
 garbage-first heap   total 81920K, used 34610K [0x0000000702600000, 0x0000000800000000)
  region size 2048K, 7 young (14336K), 1 survivors (2048K)
 Metaspace       used 43680K, committed 43904K, reserved 1114112K
  class space    used 4707K, committed 4800K, reserved 1048576K
}
Event: 242.281 GC heap after
{Heap after GC invocations=27 (full 7):
 garbage-first heap   total 81920K, used 24294K [0x0000000702600000, 0x0000000800000000)
  region size 2048K, 0 young (0K), 0 survivors (0K)
 Metaspace       used 43680K, committed 43904K, reserved 1114112K
  class space    used 4707K, committed 4800K, reserved 1048576K
}
Event: 265.918 GC heap before
{Heap before GC invocations=27 (full 7):
 garbage-first heap   total 81920K, used 67302K [0x0000000702600000, 0x0000000800000000)
  region size 2048K, 21 young (43008K), 0 survivors (0K)
 Metaspace       used 43681K, committed 43904K, reserved 1114112K
  class space    used 4707K, committed 4800K, reserved 1048576K
}
Event: 265.918 GC heap after
{Heap after GC invocations=28 (full 7):
 garbage-first heap   total 81920K, used 24362K [0x0000000702600000, 0x0000000800000000)
  region size 2048K, 1 young (2048K), 1 survivors (2048K)
 Metaspace       used 43681K, committed 43904K, reserved 1114112K
  class space    used 4707K, committed 4800K, reserved 1048576K
}
Event: 272.290 GC heap before
{Heap before GC invocations=28 (full 7):
 garbage-first heap   total 81920K, used 34602K [0x0000000702600000, 0x0000000800000000)
  region size 2048K, 7 young (14336K), 1 survivors (2048K)
 Metaspace       used 43681K, committed 43904K, reserved 1114112K
  class space    used 4707K, committed 4800K, reserved 1048576K
}
Event: 272.323 GC heap after
{Heap after GC invocations=29 (full 8):
 garbage-first heap   total 81920K, used 24293K [0x0000000702600000, 0x0000000800000000)
  region size 2048K, 0 young (0K), 0 survivors (0K)
 Metaspace       used 43681K, committed 43904K, reserved 1114112K
  class space    used 4707K, committed 4800K, reserved 1048576K
}
Event: 295.793 GC heap before
{Heap before GC invocations=29 (full 8):
 garbage-first heap   total 81920K, used 69349K [0x0000000702600000, 0x0000000800000000)
  region size 2048K, 22 young (45056K), 0 survivors (0K)
 Metaspace       used 43788K, committed 44032K, reserved 1114112K
  class space    used 4707K, committed 4800K, reserved 1048576K
}
Event: 295.794 GC heap after
{Heap after GC invocations=30 (full 8):
 garbage-first heap   total 81920K, used 24380K [0x0000000702600000, 0x0000000800000000)
  region size 2048K, 1 young (2048K), 1 survivors (2048K)
 Metaspace       used 43788K, committed 44032K, reserved 1114112K
  class space    used 4707K, committed 4800K, reserved 1048576K
}
Event: 302.325 GC heap before
{Heap before GC invocations=30 (full 8):
 garbage-first heap   total 81920K, used 34620K [0x0000000702600000, 0x0000000800000000)
  region size 2048K, 7 young (14336K), 1 survivors (2048K)
 Metaspace       used 43788K, committed 44032K, reserved 1114112K
  class space    used 4707K, committed 4800K, reserved 1048576K
}
Event: 302.346 GC heap after
{Heap after GC invocations=31 (full 9):
 garbage-first heap   total 81920K, used 24294K [0x0000000702600000, 0x0000000800000000)
  region size 2048K, 0 young (0K), 0 survivors (0K)
 Metaspace       used 43788K, committed 44032K, reserved 1114112K
  class space    used 4707K, committed 4800K, reserved 1048576K
}

