# JRE version: OpenJDK Runtime Environment JBR-17.0.7+7-1000.5-nomod (17.0.7+7) (build 17.0.7+7-b1000.5)
# Java VM: OpenJDK 64-Bit Server VM JBR-17.0.7+7-1000.5-nomod (17.0.7+7-b1000.5, mixed mode, tiered, compressed oops, compressed class ptrs, g1 gc, windows-amd64)
GC Precious Log:
 CPUs: 4 total, 4 available
 Memory: 16224M
 Large Page Support: Disabled
 NUMA Support: Disabled
 Compressed Oops: Enabled (Zero based)
 Heap Region Size: 2M
 Heap Min Capacity: 8M
 Heap Initial Capacity: 254M
 Heap Max Capacity: 4058M
 Pre-touch: Disabled
 Parallel Workers: 4
 Concurrent Workers: 1
 Concurrent Refinement Workers: 4
 Periodic GC: Disabled
Heap:
 garbage-first heap   total 90112K, used 58965K [0x0000000702600000, 0x0000000800000000)
  region size 2048K, 18 young (36864K), 0 survivors (0K)
 Metaspace       used 44389K, committed 44736K, reserved 1114112K
  class space    used 4752K, committed 4928K, reserved 1048576K
GC Heap History (20 events):
Event: 15.511 GC heap before
{Heap before GC invocations=7 (full 0):
 garbage-first heap   total 49152K, used 33862K [0x0000000702600000, 0x0000000800000000)
  region size 2048K, 9 young (18432K), 1 survivors (2048K)
 Metaspace       used 35401K, committed 35648K, reserved 1114112K
  class space    used 3856K, committed 3968K, reserved 1048576K
}
Event: 15.514 GC heap after
{Heap after GC invocations=8 (full 0):
 garbage-first heap   total 49152K, used 18643K [0x0000000702600000, 0x0000000800000000)
  region size 2048K, 2 young (4096K), 2 survivors (4096K)
 Metaspace       used 35401K, committed 35648K, reserved 1114112K
  class space    used 3856K, committed 3968K, reserved 1048576K
}
Event: 15.598 GC heap before
{Heap before GC invocations=8 (full 0):
 garbage-first heap   total 49152K, used 20691K [0x0000000702600000, 0x0000000800000000)
  region size 2048K, 4 young (8192K), 2 survivors (4096K)
 Metaspace       used 35817K, committed 35968K, reserved 1114112K
  class space    used 3910K, committed 3968K, reserved 1048576K
}
Event: 15.602 GC heap after
{Heap after GC invocations=9 (full 0):
 garbage-first heap   total 49152K, used 19322K [0x0000000702600000, 0x0000000800000000)
  region size 2048K, 2 young (4096K), 2 survivors (4096K)
 Metaspace       used 35817K, committed 35968K, reserved 1114112K
  class space    used 3910K, committed 3968K, reserved 1048576K
}
Event: 15.942 GC heap before
{Heap before GC invocations=10 (full 0):
 garbage-first heap   total 49152K, used 31610K [0x0000000702600000, 0x0000000800000000)
  region size 2048K, 8 young (16384K), 2 survivors (4096K)
 Metaspace       used 38904K, committed 39104K, reserved 1114112K
  class space    used 4280K, committed 4352K, reserved 1048576K
}
Event: 15.946 GC heap after
{Heap after GC invocations=11 (full 0):
 garbage-first heap   total 49152K, used 19878K [0x0000000702600000, 0x0000000800000000)
  region size 2048K, 1 young (2048K), 1 survivors (2048K)
 Metaspace       used 38904K, committed 39104K, reserved 1114112K
  class space    used 4280K, committed 4352K, reserved 1048576K
}
Event: 16.243 GC heap before
{Heap before GC invocations=11 (full 0):
 garbage-first heap   total 49152K, used 32166K [0x0000000702600000, 0x0000000800000000)
  region size 2048K, 7 young (14336K), 1 survivors (2048K)
 Metaspace       used 40906K, committed 41152K, reserved 1114112K
  class space    used 4504K, committed 4608K, reserved 1048576K
}
Event: 16.249 GC heap after
{Heap after GC invocations=12 (full 0):
 garbage-first heap   total 155648K, used 21227K [0x0000000702600000, 0x0000000800000000)
  region size 2048K, 1 young (2048K), 1 survivors (2048K)
 Metaspace       used 40906K, committed 41152K, reserved 1114112K
  class space    used 4504K, committed 4608K, reserved 1048576K
}
Event: 52.941 GC heap before
{Heap before GC invocations=12 (full 0):
 garbage-first heap   total 155648K, used 123627K [0x0000000702600000, 0x0000000800000000)
  region size 2048K, 44 young (90112K), 1 survivors (2048K)
 Metaspace       used 44276K, committed 44480K, reserved 1114112K
  class space    used 4746K, committed 4800K, reserved 1048576K
}
Event: 52.948 GC heap after
{Heap after GC invocations=13 (full 0):
 garbage-first heap   total 155648K, used 39031K [0x0000000702600000, 0x0000000800000000)
  region size 2048K, 3 young (6144K), 3 survivors (6144K)
 Metaspace       used 44276K, committed 44480K, reserved 1114112K
  class space    used 4746K, committed 4800K, reserved 1048576K
}
Event: 61.254 GC heap before
{Heap before GC invocations=13 (full 0):
 garbage-first heap   total 155648K, used 57463K [0x0000000702600000, 0x0000000800000000)
  region size 2048K, 13 young (26624K), 3 survivors (6144K)
 Metaspace       used 44356K, committed 44672K, reserved 1114112K
  class space    used 4748K, committed 4928K, reserved 1048576K
}
Event: 61.286 GC heap after
{Heap after GC invocations=14 (full 1):
 garbage-first heap   total 90112K, used 23965K [0x0000000702600000, 0x0000000800000000)
  region size 2048K, 0 young (0K), 0 survivors (0K)
 Metaspace       used 44356K, committed 44672K, reserved 1114112K
  class space    used 4748K, committed 4928K, reserved 1048576K
}
Event: 85.411 GC heap before
{Heap before GC invocations=14 (full 1):
 garbage-first heap   total 90112K, used 69021K [0x0000000702600000, 0x0000000800000000)
  region size 2048K, 22 young (45056K), 0 survivors (0K)
 Metaspace       used 44363K, committed 44736K, reserved 1114112K
  class space    used 4748K, committed 4928K, reserved 1048576K
}
Event: 85.412 GC heap after
{Heap after GC invocations=15 (full 1):
 garbage-first heap   total 90112K, used 24762K [0x0000000702600000, 0x0000000800000000)
  region size 2048K, 1 young (2048K), 1 survivors (2048K)
 Metaspace       used 44363K, committed 44736K, reserved 1114112K
  class space    used 4748K, committed 4928K, reserved 1048576K
}
Event: 91.297 GC heap before
{Heap before GC invocations=15 (full 1):
 garbage-first heap   total 90112K, used 35002K [0x0000000702600000, 0x0000000800000000)
  region size 2048K, 7 young (14336K), 1 survivors (2048K)
 Metaspace       used 44363K, committed 44736K, reserved 1114112K
  class space    used 4748K, committed 4928K, reserved 1048576K
}
Event: 91.318 GC heap after
{Heap after GC invocations=16 (full 2):
 garbage-first heap   total 90112K, used 24046K [0x0000000702600000, 0x0000000800000000)
  region size 2048K, 0 young (0K), 0 survivors (0K)
 Metaspace       used 44363K, committed 44736K, reserved 1114112K
  class space    used 4748K, committed 4928K, reserved 1048576K
}
Event: 115.802 GC heap before
{Heap before GC invocations=16 (full 2):
 garbage-first heap   total 90112K, used 69102K [0x0000000702600000, 0x0000000800000000)
  region size 2048K, 22 young (45056K), 0 survivors (0K)
 Metaspace       used 44364K, committed 44736K, reserved 1114112K
  class space    used 4749K, committed 4928K, reserved 1048576K
}
Event: 115.803 GC heap after
{Heap after GC invocations=17 (full 2):
 garbage-first heap   total 90112K, used 24446K [0x0000000702600000, 0x0000000800000000)
  region size 2048K, 1 young (2048K), 1 survivors (2048K)
 Metaspace       used 44364K, committed 44736K, reserved 1114112K
  class space    used 4749K, committed 4928K, reserved 1048576K
}
Event: 121.328 GC heap before
{Heap before GC invocations=17 (full 2):
 garbage-first heap   total 90112K, used 32638K [0x0000000702600000, 0x0000000800000000)
  region size 2048K, 6 young (12288K), 1 survivors (2048K)
 Metaspace       used 44364K, committed 44736K, reserved 1114112K
  class space    used 4749K, committed 4928K, reserved 1048576K
}
Event: 121.365 GC heap after
{Heap after GC invocations=18 (full 3):
 garbage-first heap   total 90112K, used 24149K [0x0000000702600000, 0x0000000800000000)
  region size 2048K, 0 young (0K), 0 survivors (0K)
 Metaspace       used 44364K, committed 44736K, reserved 1114112K
  class space    used 4749K, committed 4928K, reserved 1048576K
}

