# JRE version: OpenJDK Runtime Environment JBR-17.0.7+7-1000.2-nomod (17.0.7+7) (build 17.0.7+7-b1000.2)
# Java VM: OpenJDK 64-Bit Server VM JBR-17.0.7+7-1000.2-nomod (17.0.7+7-b1000.2, mixed mode, tiered, compressed oops, compressed class ptrs, g1 gc, windows-amd64)
GC Precious Log:
 CPUs: 4 total, 4 available
 Memory: 16224M
 Large Page Support: Disabled
 NUMA Support: Disabled
 Compressed Oops: Enabled (Zero based)
 Heap Region Size: 2M
 Heap Min Capacity: 8M
 Heap Initial Capacity: 254M
 Heap Max Capacity: 4058M
 Pre-touch: Disabled
 Parallel Workers: 4
 Concurrent Workers: 1
 Concurrent Refinement Workers: 4
 Periodic GC: Disabled
Heap:
 garbage-first heap   total 75776K, used 33038K [0x0000000702600000, 0x0000000800000000)
  region size 2048K, 5 young (10240K), 0 survivors (0K)
 Metaspace       used 45075K, committed 45376K, reserved 1114112K
  class space    used 4814K, committed 4992K, reserved 1048576K
GC Heap History (20 events):
Event: 684.045 GC heap before
{Heap before GC invocations=45 (full 16):
 garbage-first heap   total 75776K, used 63758K [0x0000000702600000, 0x0000000800000000)
  region size 2048K, 19 young (38912K), 0 survivors (0K)
 Metaspace       used 45051K, committed 45248K, reserved 1114112K
  class space    used 4810K, committed 4928K, reserved 1048576K
}
Event: 684.046 GC heap after
{Heap after GC invocations=46 (full 16):
 garbage-first heap   total 75776K, used 24904K [0x0000000702600000, 0x0000000800000000)
  region size 2048K, 1 young (2048K), 1 survivors (2048K)
 Metaspace       used 45051K, committed 45248K, reserved 1114112K
  class space    used 4810K, committed 4928K, reserved 1048576K
}
Event: 692.212 GC heap before
{Heap before GC invocations=46 (full 16):
 garbage-first heap   total 75776K, used 39240K [0x0000000702600000, 0x0000000800000000)
  region size 2048K, 9 young (18432K), 1 survivors (2048K)
 Metaspace       used 45051K, committed 45248K, reserved 1114112K
  class space    used 4810K, committed 4928K, reserved 1048576K
}
Event: 692.243 GC heap after
{Heap after GC invocations=47 (full 17):
 garbage-first heap   total 75776K, used 24846K [0x0000000702600000, 0x0000000800000000)
  region size 2048K, 0 young (0K), 0 survivors (0K)
 Metaspace       used 45051K, committed 45248K, reserved 1114112K
  class space    used 4810K, committed 4928K, reserved 1048576K
}
Event: 714.242 GC heap before
{Heap before GC invocations=47 (full 17):
 garbage-first heap   total 75776K, used 63758K [0x0000000702600000, 0x0000000800000000)
  region size 2048K, 19 young (38912K), 0 survivors (0K)
 Metaspace       used 45051K, committed 45248K, reserved 1114112K
  class space    used 4810K, committed 4928K, reserved 1048576K
}
Event: 714.243 GC heap after
{Heap after GC invocations=48 (full 17):
 garbage-first heap   total 75776K, used 24906K [0x0000000702600000, 0x0000000800000000)
  region size 2048K, 1 young (2048K), 1 survivors (2048K)
 Metaspace       used 45051K, committed 45248K, reserved 1114112K
  class space    used 4810K, committed 4928K, reserved 1048576K
}
Event: 722.252 GC heap before
{Heap before GC invocations=48 (full 17):
 garbage-first heap   total 75776K, used 39242K [0x0000000702600000, 0x0000000800000000)
  region size 2048K, 9 young (18432K), 1 survivors (2048K)
 Metaspace       used 45051K, committed 45248K, reserved 1114112K
  class space    used 4810K, committed 4928K, reserved 1048576K
}
Event: 722.281 GC heap after
{Heap after GC invocations=49 (full 18):
 garbage-first heap   total 75776K, used 24846K [0x0000000702600000, 0x0000000800000000)
  region size 2048K, 0 young (0K), 0 survivors (0K)
 Metaspace       used 45051K, committed 45248K, reserved 1114112K
  class space    used 4810K, committed 4928K, reserved 1048576K
}
Event: 743.887 GC heap before
{Heap before GC invocations=49 (full 18):
 garbage-first heap   total 75776K, used 63758K [0x0000000702600000, 0x0000000800000000)
  region size 2048K, 19 young (38912K), 0 survivors (0K)
 Metaspace       used 45051K, committed 45248K, reserved 1114112K
  class space    used 4810K, committed 4928K, reserved 1048576K
}
Event: 743.889 GC heap after
{Heap after GC invocations=50 (full 18):
 garbage-first heap   total 75776K, used 24904K [0x0000000702600000, 0x0000000800000000)
  region size 2048K, 1 young (2048K), 1 survivors (2048K)
 Metaspace       used 45051K, committed 45248K, reserved 1114112K
  class space    used 4810K, committed 4928K, reserved 1048576K
}
Event: 752.284 GC heap before
{Heap before GC invocations=50 (full 18):
 garbage-first heap   total 75776K, used 39240K [0x0000000702600000, 0x0000000800000000)
  region size 2048K, 9 young (18432K), 1 survivors (2048K)
 Metaspace       used 45051K, committed 45248K, reserved 1114112K
  class space    used 4810K, committed 4928K, reserved 1048576K
}
Event: 752.317 GC heap after
{Heap after GC invocations=51 (full 19):
 garbage-first heap   total 75776K, used 24846K [0x0000000702600000, 0x0000000800000000)
  region size 2048K, 0 young (0K), 0 survivors (0K)
 Metaspace       used 45051K, committed 45248K, reserved 1114112K
  class space    used 4810K, committed 4928K, reserved 1048576K
}
Event: 774.168 GC heap before
{Heap before GC invocations=51 (full 19):
 garbage-first heap   total 75776K, used 63758K [0x0000000702600000, 0x0000000800000000)
  region size 2048K, 19 young (38912K), 0 survivors (0K)
 Metaspace       used 45051K, committed 45248K, reserved 1114112K
  class space    used 4810K, committed 4928K, reserved 1048576K
}
Event: 774.169 GC heap after
{Heap after GC invocations=52 (full 19):
 garbage-first heap   total 75776K, used 24911K [0x0000000702600000, 0x0000000800000000)
  region size 2048K, 1 young (2048K), 1 survivors (2048K)
 Metaspace       used 45051K, committed 45248K, reserved 1114112K
  class space    used 4810K, committed 4928K, reserved 1048576K
}
Event: 782.325 GC heap before
{Heap before GC invocations=52 (full 19):
 garbage-first heap   total 75776K, used 39247K [0x0000000702600000, 0x0000000800000000)
  region size 2048K, 9 young (18432K), 1 survivors (2048K)
 Metaspace       used 45051K, committed 45248K, reserved 1114112K
  class space    used 4810K, committed 4928K, reserved 1048576K
}
Event: 782.354 GC heap after
{Heap after GC invocations=53 (full 20):
 garbage-first heap   total 75776K, used 24846K [0x0000000702600000, 0x0000000800000000)
  region size 2048K, 0 young (0K), 0 survivors (0K)
 Metaspace       used 45051K, committed 45248K, reserved 1114112K
  class space    used 4810K, committed 4928K, reserved 1048576K
}
Event: 804.291 GC heap before
{Heap before GC invocations=53 (full 20):
 garbage-first heap   total 75776K, used 63758K [0x0000000702600000, 0x0000000800000000)
  region size 2048K, 19 young (38912K), 0 survivors (0K)
 Metaspace       used 45051K, committed 45248K, reserved 1114112K
  class space    used 4810K, committed 4928K, reserved 1048576K
}
Event: 804.292 GC heap after
{Heap after GC invocations=54 (full 20):
 garbage-first heap   total 75776K, used 24906K [0x0000000702600000, 0x0000000800000000)
  region size 2048K, 1 young (2048K), 1 survivors (2048K)
 Metaspace       used 45051K, committed 45248K, reserved 1114112K
  class space    used 4810K, committed 4928K, reserved 1048576K
}
Event: 812.367 GC heap before
{Heap before GC invocations=54 (full 20):
 garbage-first heap   total 75776K, used 39242K [0x0000000702600000, 0x0000000800000000)
  region size 2048K, 9 young (18432K), 1 survivors (2048K)
 Metaspace       used 45051K, committed 45248K, reserved 1114112K
  class space    used 4810K, committed 4928K, reserved 1048576K
}
Event: 812.398 GC heap after
{Heap after GC invocations=55 (full 21):
 garbage-first heap   total 75776K, used 24846K [0x0000000702600000, 0x0000000800000000)
  region size 2048K, 0 young (0K), 0 survivors (0K)
 Metaspace       used 45051K, committed 45248K, reserved 1114112K
  class space    used 4810K, committed 4928K, reserved 1048576K
}

