# JRE version: OpenJDK Runtime Environment JBR-17.0.7+7-1000.5-nomod (17.0.7+7) (build 17.0.7+7-b1000.5)
# Java VM: OpenJDK 64-Bit Server VM JBR-17.0.7+7-1000.5-nomod (17.0.7+7-b1000.5, mixed mode, tiered, compressed oops, compressed class ptrs, g1 gc, windows-amd64)
GC Precious Log:
 CPUs: 4 total, 4 available
 Memory: 16224M
 Large Page Support: Disabled
 NUMA Support: Disabled
 Compressed Oops: Enabled (Zero based)
 Heap Region Size: 2M
 Heap Min Capacity: 8M
 Heap Initial Capacity: 254M
 Heap Max Capacity: 4058M
 Pre-touch: Disabled
 Parallel Workers: 4
 Concurrent Workers: 1
 Concurrent Refinement Workers: 4
 Periodic GC: Disabled
Heap:
 garbage-first heap   total 157696K, used 67898K [0x0000000702600000, 0x0000000800000000)
  region size 2048K, 22 young (45056K), 2 survivors (4096K)
 Metaspace       used 43212K, committed 43392K, reserved 1114112K
  class space    used 4664K, committed 4736K, reserved 1048576K
GC Heap History (18 events):
Event: 0.882 GC heap before
{Heap before GC invocations=0 (full 0):
 garbage-first heap   total 260096K, used 12288K [0x0000000702600000, 0x0000000800000000)
  region size 2048K, 6 young (12288K), 0 survivors (0K)
 Metaspace       used 8863K, committed 8960K, reserved 1114112K
  class space    used 794K, committed 832K, reserved 1048576K
}
Event: 0.984 GC heap after
{Heap after GC invocations=1 (full 0):
 garbage-first heap   total 260096K, used 7191K [0x0000000702600000, 0x0000000800000000)
  region size 2048K, 1 young (2048K), 1 survivors (2048K)
 Metaspace       used 8863K, committed 8960K, reserved 1114112K
  class space    used 794K, committed 832K, reserved 1048576K
}
Event: 1.583 GC heap before
{Heap before GC invocations=1 (full 0):
 garbage-first heap   total 260096K, used 15383K [0x0000000702600000, 0x0000000800000000)
  region size 2048K, 6 young (12288K), 1 survivors (2048K)
 Metaspace       used 13629K, committed 13760K, reserved 1114112K
  class space    used 1193K, committed 1216K, reserved 1048576K
}
Event: 1.586 GC heap after
{Heap after GC invocations=2 (full 0):
 garbage-first heap   total 260096K, used 8122K [0x0000000702600000, 0x0000000800000000)
  region size 2048K, 1 young (2048K), 1 survivors (2048K)
 Metaspace       used 13629K, committed 13760K, reserved 1114112K
  class space    used 1193K, committed 1216K, reserved 1048576K
}
Event: 2.349 GC heap before
{Heap before GC invocations=2 (full 0):
 garbage-first heap   total 260096K, used 30650K [0x0000000702600000, 0x0000000800000000)
  region size 2048K, 13 young (26624K), 1 survivors (2048K)
 Metaspace       used 21312K, committed 21504K, reserved 1114112K
  class space    used 2148K, committed 2240K, reserved 1048576K
}
Event: 2.353 GC heap after
{Heap after GC invocations=3 (full 0):
 garbage-first heap   total 260096K, used 9380K [0x0000000702600000, 0x0000000800000000)
  region size 2048K, 2 young (4096K), 2 survivors (4096K)
 Metaspace       used 21312K, committed 21504K, reserved 1114112K
  class space    used 2148K, committed 2240K, reserved 1048576K
}
Event: 3.073 GC heap before
{Heap before GC invocations=4 (full 0):
 garbage-first heap   total 55296K, used 38052K [0x0000000702600000, 0x0000000800000000)
  region size 2048K, 16 young (32768K), 2 survivors (4096K)
 Metaspace       used 28021K, committed 28224K, reserved 1114112K
  class space    used 2978K, committed 3072K, reserved 1048576K
}
Event: 3.077 GC heap after
{Heap after GC invocations=5 (full 0):
 garbage-first heap   total 55296K, used 10799K [0x0000000702600000, 0x0000000800000000)
  region size 2048K, 2 young (4096K), 2 survivors (4096K)
 Metaspace       used 28021K, committed 28224K, reserved 1114112K
  class space    used 2978K, committed 3072K, reserved 1048576K
}
Event: 3.122 GC heap before
{Heap before GC invocations=5 (full 0):
 garbage-first heap   total 55296K, used 12847K [0x0000000702600000, 0x0000000800000000)
  region size 2048K, 3 young (6144K), 2 survivors (4096K)
 Metaspace       used 28478K, committed 28736K, reserved 1114112K
  class space    used 3028K, committed 3136K, reserved 1048576K
}
Event: 3.125 GC heap after
{Heap after GC invocations=6 (full 0):
 garbage-first heap   total 55296K, used 11027K [0x0000000702600000, 0x0000000800000000)
  region size 2048K, 1 young (2048K), 1 survivors (2048K)
 Metaspace       used 28478K, committed 28736K, reserved 1114112K
  class space    used 3028K, committed 3136K, reserved 1048576K
}
Event: 5.685 GC heap before
{Heap before GC invocations=6 (full 0):
 garbage-first heap   total 55296K, used 41747K [0x0000000702600000, 0x0000000800000000)
  region size 2048K, 13 young (26624K), 1 survivors (2048K)
 Metaspace       used 33560K, committed 33856K, reserved 1114112K
  class space    used 3628K, committed 3776K, reserved 1048576K
}
Event: 5.690 GC heap after
{Heap after GC invocations=7 (full 0):
 garbage-first heap   total 55296K, used 18018K [0x0000000702600000, 0x0000000800000000)
  region size 2048K, 1 young (2048K), 1 survivors (2048K)
 Metaspace       used 33560K, committed 33856K, reserved 1114112K
  class space    used 3628K, committed 3776K, reserved 1048576K
}
Event: 5.962 GC heap before
{Heap before GC invocations=7 (full 0):
 garbage-first heap   total 55296K, used 30306K [0x0000000702600000, 0x0000000800000000)
  region size 2048K, 8 young (16384K), 1 survivors (2048K)
 Metaspace       used 35748K, committed 35968K, reserved 1114112K
  class space    used 3922K, committed 4032K, reserved 1048576K
}
Event: 5.966 GC heap after
{Heap after GC invocations=8 (full 0):
 garbage-first heap   total 55296K, used 19358K [0x0000000702600000, 0x0000000800000000)
  region size 2048K, 2 young (4096K), 2 survivors (4096K)
 Metaspace       used 35748K, committed 35968K, reserved 1114112K
  class space    used 3922K, committed 4032K, reserved 1048576K
}
Event: 6.304 GC heap before
{Heap before GC invocations=9 (full 0):
 garbage-first heap   total 55296K, used 35742K [0x0000000702600000, 0x0000000800000000)
  region size 2048K, 10 young (20480K), 2 survivors (4096K)
 Metaspace       used 39762K, committed 40000K, reserved 1114112K
  class space    used 4391K, committed 4480K, reserved 1048576K
}
Event: 6.308 GC heap after
{Heap after GC invocations=10 (full 0):
 garbage-first heap   total 55296K, used 20164K [0x0000000702600000, 0x0000000800000000)
  region size 2048K, 2 young (4096K), 2 survivors (4096K)
 Metaspace       used 39762K, committed 40000K, reserved 1114112K
  class space    used 4391K, committed 4480K, reserved 1048576K
}
Event: 6.681 GC heap before
{Heap before GC invocations=10 (full 0):
 garbage-first heap   total 55296K, used 30404K [0x0000000702600000, 0x0000000800000000)
  region size 2048K, 8 young (16384K), 2 survivors (4096K)
 Metaspace       used 41783K, committed 42048K, reserved 1114112K
  class space    used 4629K, committed 4736K, reserved 1048576K
}
Event: 6.685 GC heap after
{Heap after GC invocations=11 (full 0):
 garbage-first heap   total 157696K, used 20794K [0x0000000702600000, 0x0000000800000000)
  region size 2048K, 2 young (4096K), 2 survivors (4096K)
 Metaspace       used 41783K, committed 42048K, reserved 1114112K
  class space    used 4629K, committed 4736K, reserved 1048576K
}

