# JRE version: OpenJDK Runtime Environment Corretto-17.0.7.7.1 (17.0.7+7) (build 17.0.7+7-LTS)
# Java VM: OpenJDK 64-Bit Server VM Corretto-17.0.7.7.1 (17.0.7+7-LTS, mixed mode, sharing, tiered, compressed oops, compressed class ptrs, g1 gc, windows-amd64)
GC Precious Log:
 CPUs: 4 total, 4 available
 Memory: 16224M
 Large Page Support: Disabled
 NUMA Support: Disabled
 Compressed Oops: Enabled (Zero based)
 Heap Region Size: 2M
 Heap Min Capacity: 8M
 Heap Initial Capacity: 254M
 Heap Max Capacity: 4058M
 Pre-touch: Disabled
 Parallel Workers: 4
 Concurrent Workers: 1
 Concurrent Refinement Workers: 4
 Periodic GC: Disabled
Heap:
 garbage-first heap   total 90112K, used 36836K [0x0000000702600000, 0x0000000800000000)
  region size 2048K, 8 young (16384K), 1 survivors (2048K)
 Metaspace       used 35306K, committed 35584K, reserved 1114112K
  class space    used 3774K, committed 3904K, reserved 1048576K
GC Heap History (20 events):
Event: 1.537 GC heap before
{Heap before GC invocations=1 (full 0):
 garbage-first heap   total 260096K, used 15357K [0x0000000702600000, 0x0000000800000000)
  region size 2048K, 6 young (12288K), 1 survivors (2048K)
 Metaspace       used 5877K, committed 6016K, reserved 1114112K
  class space    used 465K, committed 512K, reserved 1048576K
}
Event: 1.540 GC heap after
{Heap after GC invocations=2 (full 0):
 garbage-first heap   total 260096K, used 8212K [0x0000000702600000, 0x0000000800000000)
  region size 2048K, 1 young (2048K), 1 survivors (2048K)
 Metaspace       used 5877K, committed 6016K, reserved 1114112K
  class space    used 465K, committed 512K, reserved 1048576K
}
Event: 3.111 GC heap before
{Heap before GC invocations=2 (full 0):
 garbage-first heap   total 260096K, used 30740K [0x0000000702600000, 0x0000000800000000)
  region size 2048K, 12 young (24576K), 1 survivors (2048K)
 Metaspace       used 12368K, committed 12608K, reserved 1114112K
  class space    used 1223K, committed 1344K, reserved 1048576K
}
Event: 3.115 GC heap after
{Heap after GC invocations=3 (full 0):
 garbage-first heap   total 260096K, used 9354K [0x0000000702600000, 0x0000000800000000)
  region size 2048K, 1 young (2048K), 1 survivors (2048K)
 Metaspace       used 12368K, committed 12608K, reserved 1114112K
  class space    used 1223K, committed 1344K, reserved 1048576K
}
Event: 4.688 GC heap before
{Heap before GC invocations=3 (full 0):
 garbage-first heap   total 260096K, used 48266K [0x0000000702600000, 0x0000000800000000)
  region size 2048K, 21 young (43008K), 1 survivors (2048K)
 Metaspace       used 21305K, committed 21504K, reserved 1114112K
  class space    used 2272K, committed 2368K, reserved 1048576K
}
Event: 4.692 GC heap after
{Heap after GC invocations=4 (full 0):
 garbage-first heap   total 260096K, used 11232K [0x0000000702600000, 0x0000000800000000)
  region size 2048K, 2 young (4096K), 2 survivors (4096K)
 Metaspace       used 21305K, committed 21504K, reserved 1114112K
  class space    used 2272K, committed 2368K, reserved 1048576K
}
Event: 7.485 GC heap before
{Heap before GC invocations=5 (full 0):
 garbage-first heap   total 55296K, used 44000K [0x0000000702600000, 0x0000000800000000)
  region size 2048K, 13 young (26624K), 2 survivors (4096K)
 Metaspace       used 24842K, committed 25088K, reserved 1114112K
  class space    used 2677K, committed 2816K, reserved 1048576K
}
Event: 7.491 GC heap after
{Heap after GC invocations=6 (full 0):
 garbage-first heap   total 55296K, used 24108K [0x0000000702600000, 0x0000000800000000)
  region size 2048K, 2 young (4096K), 2 survivors (4096K)
 Metaspace       used 24842K, committed 25088K, reserved 1114112K
  class space    used 2677K, committed 2816K, reserved 1048576K
}
Event: 7.541 GC heap before
{Heap before GC invocations=6 (full 0):
 garbage-first heap   total 55296K, used 26156K [0x0000000702600000, 0x0000000800000000)
  region size 2048K, 3 young (6144K), 2 survivors (4096K)
 Metaspace       used 25193K, committed 25408K, reserved 1114112K
  class space    used 2719K, committed 2816K, reserved 1048576K
}
Event: 7.544 GC heap after
{Heap after GC invocations=7 (full 0):
 garbage-first heap   total 55296K, used 18033K [0x0000000702600000, 0x0000000800000000)
  region size 2048K, 1 young (2048K), 1 survivors (2048K)
 Metaspace       used 25193K, committed 25408K, reserved 1114112K
  class space    used 2719K, committed 2816K, reserved 1048576K
}
Event: 8.189 GC heap before
{Heap before GC invocations=7 (full 0):
 garbage-first heap   total 55296K, used 36465K [0x0000000702600000, 0x0000000800000000)
  region size 2048K, 11 young (22528K), 1 survivors (2048K)
 Metaspace       used 28788K, committed 29056K, reserved 1114112K
  class space    used 3176K, committed 3328K, reserved 1048576K
}
Event: 8.192 GC heap after
{Heap after GC invocations=8 (full 0):
 garbage-first heap   total 55296K, used 19939K [0x0000000702600000, 0x0000000800000000)
  region size 2048K, 2 young (4096K), 2 survivors (4096K)
 Metaspace       used 28788K, committed 29056K, reserved 1114112K
  class space    used 3176K, committed 3328K, reserved 1048576K
}
Event: 8.501 GC heap before
{Heap before GC invocations=8 (full 0):
 garbage-first heap   total 55296K, used 38371K [0x0000000702600000, 0x0000000800000000)
  region size 2048K, 11 young (22528K), 2 survivors (4096K)
 Metaspace       used 32194K, committed 32384K, reserved 1114112K
  class space    used 3577K, committed 3712K, reserved 1048576K
}
Event: 8.505 GC heap after
{Heap after GC invocations=9 (full 0):
 garbage-first heap   total 55296K, used 20804K [0x0000000702600000, 0x0000000800000000)
  region size 2048K, 2 young (4096K), 2 survivors (4096K)
 Metaspace       used 32194K, committed 32384K, reserved 1114112K
  class space    used 3577K, committed 3712K, reserved 1048576K
}
Event: 8.716 GC heap before
{Heap before GC invocations=9 (full 0):
 garbage-first heap   total 55296K, used 24900K [0x0000000702600000, 0x0000000800000000)
  region size 2048K, 5 young (10240K), 2 survivors (4096K)
 Metaspace       used 33130K, committed 33344K, reserved 1114112K
  class space    used 3690K, committed 3776K, reserved 1048576K
}
Event: 8.720 GC heap after
{Heap after GC invocations=10 (full 0):
 garbage-first heap   total 157696K, used 21358K [0x0000000702600000, 0x0000000800000000)
  region size 2048K, 1 young (2048K), 1 survivors (2048K)
 Metaspace       used 33130K, committed 33344K, reserved 1114112K
  class space    used 3690K, committed 3776K, reserved 1048576K
}
Event: 32.753 GC heap before
{Heap before GC invocations=10 (full 0):
 garbage-first heap   total 157696K, used 86894K [0x0000000702600000, 0x0000000800000000)
  region size 2048K, 30 young (61440K), 1 survivors (2048K)
 Metaspace       used 35188K, committed 35456K, reserved 1114112K
  class space    used 3759K, committed 3904K, reserved 1048576K
}
Event: 32.785 GC heap after
{Heap after GC invocations=11 (full 1):
 garbage-first heap   total 90112K, used 24267K [0x0000000702600000, 0x0000000800000000)
  region size 2048K, 0 young (0K), 0 survivors (0K)
 Metaspace       used 35188K, committed 35456K, reserved 1114112K
  class space    used 3759K, committed 3904K, reserved 1048576K
}
Event: 52.780 GC heap before
{Heap before GC invocations=11 (full 1):
 garbage-first heap   total 90112K, used 63179K [0x0000000702600000, 0x0000000800000000)
  region size 2048K, 19 young (38912K), 0 survivors (0K)
 Metaspace       used 35205K, committed 35456K, reserved 1114112K
  class space    used 3759K, committed 3904K, reserved 1048576K
}
Event: 52.781 GC heap after
{Heap after GC invocations=12 (full 1):
 garbage-first heap   total 90112K, used 24548K [0x0000000702600000, 0x0000000800000000)
  region size 2048K, 1 young (2048K), 1 survivors (2048K)
 Metaspace       used 35205K, committed 35456K, reserved 1114112K
  class space    used 3759K, committed 3904K, reserved 1048576K
}

