# JRE version: OpenJDK Runtime Environment Corretto-17.0.7.7.1 (17.0.7+7) (build 17.0.7+7-LTS)
# Java VM: OpenJDK 64-Bit Server VM Corretto-17.0.7.7.1 (17.0.7+7-LTS, mixed mode, sharing, tiered, compressed oops, compressed class ptrs, g1 gc, windows-amd64)
GC Precious Log:
 CPUs: 4 total, 4 available
 Memory: 16224M
 Large Page Support: Disabled
 NUMA Support: Disabled
 Compressed Oops: Enabled (Zero based)
 Heap Region Size: 2M
 Heap Min Capacity: 8M
 Heap Initial Capacity: 254M
 Heap Max Capacity: 4058M
 Pre-touch: Disabled
 Parallel Workers: 4
 Concurrent Workers: 1
 Concurrent Refinement Workers: 4
 Periodic GC: Disabled
Heap:
 garbage-first heap   total 90112K, used 61007K [0x0000000702600000, 0x0000000800000000)
  region size 2048K, 19 young (38912K), 0 survivors (0K)
 Metaspace       used 34952K, committed 35136K, reserved 1114112K
  class space    used 3752K, committed 3840K, reserved 1048576K
GC Heap History (20 events):
Event: 1.724 GC heap before
{Heap before GC invocations=1 (full 0):
 garbage-first heap   total 260096K, used 15364K [0x0000000702600000, 0x0000000800000000)
  region size 2048K, 6 young (12288K), 1 survivors (2048K)
 Metaspace       used 5861K, committed 6016K, reserved 1114112K
  class space    used 461K, committed 512K, reserved 1048576K
}
Event: 1.727 GC heap after
{Heap after GC invocations=2 (full 0):
 garbage-first heap   total 260096K, used 8111K [0x0000000702600000, 0x0000000800000000)
  region size 2048K, 1 young (2048K), 1 survivors (2048K)
 Metaspace       used 5861K, committed 6016K, reserved 1114112K
  class space    used 461K, committed 512K, reserved 1048576K
}
Event: 2.819 GC heap before
{Heap before GC invocations=2 (full 0):
 garbage-first heap   total 260096K, used 30639K [0x0000000702600000, 0x0000000800000000)
  region size 2048K, 12 young (24576K), 1 survivors (2048K)
 Metaspace       used 12464K, committed 12672K, reserved 1114112K
  class space    used 1243K, committed 1344K, reserved 1048576K
}
Event: 2.822 GC heap after
{Heap after GC invocations=3 (full 0):
 garbage-first heap   total 260096K, used 9389K [0x0000000702600000, 0x0000000800000000)
  region size 2048K, 2 young (4096K), 2 survivors (4096K)
 Metaspace       used 12464K, committed 12672K, reserved 1114112K
  class space    used 1243K, committed 1344K, reserved 1048576K
}
Event: 4.486 GC heap before
{Heap before GC invocations=3 (full 0):
 garbage-first heap   total 260096K, used 48301K [0x0000000702600000, 0x0000000800000000)
  region size 2048K, 22 young (45056K), 2 survivors (4096K)
 Metaspace       used 21366K, committed 21504K, reserved 1114112K
  class space    used 2284K, committed 2368K, reserved 1048576K
}
Event: 4.490 GC heap after
{Heap after GC invocations=4 (full 0):
 garbage-first heap   total 260096K, used 11177K [0x0000000702600000, 0x0000000800000000)
  region size 2048K, 2 young (4096K), 2 survivors (4096K)
 Metaspace       used 21366K, committed 21504K, reserved 1114112K
  class space    used 2284K, committed 2368K, reserved 1048576K
}
Event: 33.241 GC heap before
{Heap before GC invocations=5 (full 0):
 garbage-first heap   total 55296K, used 41897K [0x0000000702600000, 0x0000000800000000)
  region size 2048K, 12 young (24576K), 2 survivors (4096K)
 Metaspace       used 24525K, committed 24704K, reserved 1114112K
  class space    used 2643K, committed 2752K, reserved 1048576K
}
Event: 33.247 GC heap after
{Heap after GC invocations=6 (full 0):
 garbage-first heap   total 55296K, used 24058K [0x0000000702600000, 0x0000000800000000)
  region size 2048K, 2 young (4096K), 2 survivors (4096K)
 Metaspace       used 24525K, committed 24704K, reserved 1114112K
  class space    used 2643K, committed 2752K, reserved 1048576K
}
Event: 33.285 GC heap before
{Heap before GC invocations=6 (full 0):
 garbage-first heap   total 55296K, used 26106K [0x0000000702600000, 0x0000000800000000)
  region size 2048K, 3 young (6144K), 2 survivors (4096K)
 Metaspace       used 24934K, committed 25152K, reserved 1114112K
  class space    used 2687K, committed 2816K, reserved 1048576K
}
Event: 33.289 GC heap after
{Heap after GC invocations=7 (full 0):
 garbage-first heap   total 55296K, used 17851K [0x0000000702600000, 0x0000000800000000)
  region size 2048K, 1 young (2048K), 1 survivors (2048K)
 Metaspace       used 24934K, committed 25152K, reserved 1114112K
  class space    used 2687K, committed 2816K, reserved 1048576K
}
Event: 33.731 GC heap before
{Heap before GC invocations=7 (full 0):
 garbage-first heap   total 55296K, used 36283K [0x0000000702600000, 0x0000000800000000)
  region size 2048K, 11 young (22528K), 1 survivors (2048K)
 Metaspace       used 28029K, committed 28224K, reserved 1114112K
  class space    used 3117K, committed 3200K, reserved 1048576K
}
Event: 33.736 GC heap after
{Heap after GC invocations=8 (full 0):
 garbage-first heap   total 55296K, used 19943K [0x0000000702600000, 0x0000000800000000)
  region size 2048K, 2 young (4096K), 2 survivors (4096K)
 Metaspace       used 28029K, committed 28224K, reserved 1114112K
  class space    used 3117K, committed 3200K, reserved 1048576K
}
Event: 34.136 GC heap before
{Heap before GC invocations=8 (full 0):
 garbage-first heap   total 55296K, used 38375K [0x0000000702600000, 0x0000000800000000)
  region size 2048K, 11 young (22528K), 2 survivors (4096K)
 Metaspace       used 31887K, committed 32064K, reserved 1114112K
  class space    used 3541K, committed 3648K, reserved 1048576K
}
Event: 34.140 GC heap after
{Heap after GC invocations=9 (full 0):
 garbage-first heap   total 55296K, used 20717K [0x0000000702600000, 0x0000000800000000)
  region size 2048K, 1 young (2048K), 1 survivors (2048K)
 Metaspace       used 31887K, committed 32064K, reserved 1114112K
  class space    used 3541K, committed 3648K, reserved 1048576K
}
Event: 34.483 GC heap before
{Heap before GC invocations=9 (full 0):
 garbage-first heap   total 55296K, used 28909K [0x0000000702600000, 0x0000000800000000)
  region size 2048K, 6 young (12288K), 1 survivors (2048K)
 Metaspace       used 33409K, committed 33664K, reserved 1114112K
  class space    used 3722K, committed 3840K, reserved 1048576K
}
Event: 34.486 GC heap after
{Heap after GC invocations=10 (full 0):
 garbage-first heap   total 157696K, used 21388K [0x0000000702600000, 0x0000000800000000)
  region size 2048K, 1 young (2048K), 1 survivors (2048K)
 Metaspace       used 33409K, committed 33664K, reserved 1114112K
  class space    used 3722K, committed 3840K, reserved 1048576K
}
Event: 52.300 GC heap before
{Heap before GC invocations=10 (full 0):
 garbage-first heap   total 157696K, used 121740K [0x0000000702600000, 0x0000000800000000)
  region size 2048K, 46 young (94208K), 1 survivors (2048K)
 Metaspace       used 34921K, committed 35136K, reserved 1114112K
  class space    used 3749K, committed 3840K, reserved 1048576K
}
Event: 52.306 GC heap after
{Heap after GC invocations=11 (full 0):
 garbage-first heap   total 157696K, used 31274K [0x0000000702600000, 0x0000000800000000)
  region size 2048K, 2 young (4096K), 2 survivors (4096K)
 Metaspace       used 34921K, committed 35136K, reserved 1114112K
  class space    used 3749K, committed 3840K, reserved 1048576K
}
Event: 62.475 GC heap before
{Heap before GC invocations=11 (full 0):
 garbage-first heap   total 157696K, used 74282K [0x0000000702600000, 0x0000000800000000)
  region size 2048K, 24 young (49152K), 2 survivors (4096K)
 Metaspace       used 34921K, committed 35136K, reserved 1114112K
  class space    used 3749K, committed 3840K, reserved 1048576K
}
Event: 62.504 GC heap after
{Heap after GC invocations=12 (full 1):
 garbage-first heap   total 90112K, used 24143K [0x0000000702600000, 0x0000000800000000)
  region size 2048K, 0 young (0K), 0 survivors (0K)
 Metaspace       used 34921K, committed 35136K, reserved 1114112K
  class space    used 3749K, committed 3840K, reserved 1048576K
}

