# JRE version: OpenJDK Runtime Environment JBR-17.0.7+7-1000.5-nomod (17.0.7+7) (build 17.0.7+7-b1000.5)
# Java VM: OpenJDK 64-Bit Server VM JBR-17.0.7+7-1000.5-nomod (17.0.7+7-b1000.5, mixed mode, tiered, compressed oops, compressed class ptrs, g1 gc, windows-amd64)
GC Precious Log:
 CPUs: 4 total, 4 available
 Memory: 16224M
 Large Page Support: Disabled
 NUMA Support: Disabled
 Compressed Oops: Enabled (Zero based)
 Heap Region Size: 2M
 Heap Min Capacity: 8M
 Heap Initial Capacity: 254M
 Heap Max Capacity: 4058M
 Pre-touch: Disabled
 Parallel Workers: 4
 Concurrent Workers: 1
 Concurrent Refinement Workers: 4
 Periodic GC: Disabled
Heap:
 garbage-first heap   total 81920K, used 45508K [0x0000000702600000, 0x0000000800000000)
  region size 2048K, 12 young (24576K), 1 survivors (2048K)
 Metaspace       used 43352K, committed 43648K, reserved 1114112K
  class space    used 4645K, committed 4800K, reserved 1048576K
GC Heap History (20 events):
Event: 1.897 GC heap before
{Heap before GC invocations=2 (full 0):
 garbage-first heap   total 260096K, used 28587K [0x0000000702600000, 0x0000000800000000)
  region size 2048K, 13 young (26624K), 1 survivors (2048K)
 Metaspace       used 21341K, committed 21504K, reserved 1114112K
  class space    used 2156K, committed 2240K, reserved 1048576K
}
Event: 1.901 GC heap after
{Heap after GC invocations=3 (full 0):
 garbage-first heap   total 260096K, used 9374K [0x0000000702600000, 0x0000000800000000)
  region size 2048K, 2 young (4096K), 2 survivors (4096K)
 Metaspace       used 21341K, committed 21504K, reserved 1114112K
  class space    used 2156K, committed 2240K, reserved 1048576K
}
Event: 2.634 GC heap before
{Heap before GC invocations=4 (full 0):
 garbage-first heap   total 49152K, used 33950K [0x0000000702600000, 0x0000000800000000)
  region size 2048K, 14 young (28672K), 2 survivors (4096K)
 Metaspace       used 27307K, committed 27520K, reserved 1114112K
  class space    used 2878K, committed 2944K, reserved 1048576K
}
Event: 2.638 GC heap after
{Heap after GC invocations=5 (full 0):
 garbage-first heap   total 49152K, used 10337K [0x0000000702600000, 0x0000000800000000)
  region size 2048K, 2 young (4096K), 2 survivors (4096K)
 Metaspace       used 27307K, committed 27520K, reserved 1114112K
  class space    used 2878K, committed 2944K, reserved 1048576K
}
Event: 2.713 GC heap before
{Heap before GC invocations=5 (full 0):
 garbage-first heap   total 49152K, used 12385K [0x0000000702600000, 0x0000000800000000)
  region size 2048K, 3 young (6144K), 2 survivors (4096K)
 Metaspace       used 27646K, committed 27840K, reserved 1114112K
  class space    used 2921K, committed 3008K, reserved 1048576K
}
Event: 2.716 GC heap after
{Heap after GC invocations=6 (full 0):
 garbage-first heap   total 49152K, used 10772K [0x0000000702600000, 0x0000000800000000)
  region size 2048K, 1 young (2048K), 1 survivors (2048K)
 Metaspace       used 27646K, committed 27840K, reserved 1114112K
  class space    used 2921K, committed 3008K, reserved 1048576K
}
Event: 22.976 GC heap before
{Heap before GC invocations=6 (full 0):
 garbage-first heap   total 49152K, used 37396K [0x0000000702600000, 0x0000000800000000)
  region size 2048K, 11 young (22528K), 1 survivors (2048K)
 Metaspace       used 32264K, committed 32576K, reserved 1114112K
  class space    used 3448K, committed 3584K, reserved 1048576K
}
Event: 22.980 GC heap after
{Heap after GC invocations=7 (full 0):
 garbage-first heap   total 49152K, used 17465K [0x0000000702600000, 0x0000000800000000)
  region size 2048K, 1 young (2048K), 1 survivors (2048K)
 Metaspace       used 32264K, committed 32576K, reserved 1114112K
  class space    used 3448K, committed 3584K, reserved 1048576K
}
Event: 23.298 GC heap before
{Heap before GC invocations=7 (full 0):
 garbage-first heap   total 49152K, used 33849K [0x0000000702600000, 0x0000000800000000)
  region size 2048K, 9 young (18432K), 1 survivors (2048K)
 Metaspace       used 35198K, committed 35392K, reserved 1114112K
  class space    used 3818K, committed 3904K, reserved 1048576K
}
Event: 23.302 GC heap after
{Heap after GC invocations=8 (full 0):
 garbage-first heap   total 49152K, used 18716K [0x0000000702600000, 0x0000000800000000)
  region size 2048K, 2 young (4096K), 2 survivors (4096K)
 Metaspace       used 35198K, committed 35392K, reserved 1114112K
  class space    used 3818K, committed 3904K, reserved 1048576K
}
Event: 23.392 GC heap before
{Heap before GC invocations=8 (full 0):
 garbage-first heap   total 49152K, used 22812K [0x0000000702600000, 0x0000000800000000)
  region size 2048K, 5 young (10240K), 2 survivors (4096K)
 Metaspace       used 35784K, committed 35968K, reserved 1114112K
  class space    used 3903K, committed 3968K, reserved 1048576K
}
Event: 23.397 GC heap after
{Heap after GC invocations=9 (full 0):
 garbage-first heap   total 155648K, used 19640K [0x0000000702600000, 0x0000000800000000)
  region size 2048K, 2 young (4096K), 2 survivors (4096K)
 Metaspace       used 35784K, committed 35968K, reserved 1114112K
  class space    used 3903K, committed 3968K, reserved 1048576K
}
Event: 26.032 GC heap before
{Heap before GC invocations=10 (full 0):
 garbage-first heap   total 81920K, used 66744K [0x0000000702600000, 0x0000000800000000)
  region size 2048K, 22 young (45056K), 2 survivors (4096K)
 Metaspace       used 42828K, committed 43072K, reserved 1114112K
  class space    used 4637K, committed 4736K, reserved 1048576K
}
Event: 26.039 GC heap after
{Heap after GC invocations=11 (full 0):
 garbage-first heap   total 81920K, used 30270K [0x0000000702600000, 0x0000000800000000)
  region size 2048K, 3 young (6144K), 3 survivors (6144K)
 Metaspace       used 42828K, committed 43072K, reserved 1114112K
  class space    used 4637K, committed 4736K, reserved 1048576K
}
Event: 26.298 GC heap before
{Heap before GC invocations=11 (full 0):
 garbage-first heap   total 81920K, used 32318K [0x0000000702600000, 0x0000000800000000)
  region size 2048K, 4 young (8192K), 3 survivors (6144K)
 Metaspace       used 42914K, committed 43200K, reserved 1114112K
  class space    used 4637K, committed 4736K, reserved 1048576K
}
Event: 26.303 GC heap after
{Heap after GC invocations=12 (full 0):
 garbage-first heap   total 81920K, used 24253K [0x0000000702600000, 0x0000000800000000)
  region size 2048K, 1 young (2048K), 1 survivors (2048K)
 Metaspace       used 42914K, committed 43200K, reserved 1114112K
  class space    used 4637K, committed 4736K, reserved 1048576K
}
Event: 32.277 GC heap before
{Heap before GC invocations=12 (full 0):
 garbage-first heap   total 81920K, used 61117K [0x0000000702600000, 0x0000000800000000)
  region size 2048K, 19 young (38912K), 1 survivors (2048K)
 Metaspace       used 43277K, committed 43520K, reserved 1114112K
  class space    used 4641K, committed 4736K, reserved 1048576K
}
Event: 32.281 GC heap after
{Heap after GC invocations=13 (full 0):
 garbage-first heap   total 81920K, used 24959K [0x0000000702600000, 0x0000000800000000)
  region size 2048K, 1 young (2048K), 1 survivors (2048K)
 Metaspace       used 43277K, committed 43520K, reserved 1114112K
  class space    used 4641K, committed 4736K, reserved 1048576K
}
Event: 38.154 GC heap before
{Heap before GC invocations=13 (full 0):
 garbage-first heap   total 81920K, used 61823K [0x0000000702600000, 0x0000000800000000)
  region size 2048K, 19 young (38912K), 1 survivors (2048K)
 Metaspace       used 43329K, committed 43520K, reserved 1114112K
  class space    used 4642K, committed 4736K, reserved 1048576K
}
Event: 38.158 GC heap after
{Heap after GC invocations=14 (full 0):
 garbage-first heap   total 81920K, used 25028K [0x0000000702600000, 0x0000000800000000)
  region size 2048K, 1 young (2048K), 1 survivors (2048K)
 Metaspace       used 43329K, committed 43520K, reserved 1114112K
  class space    used 4642K, committed 4736K, reserved 1048576K
}

