# JRE version: OpenJDK Runtime Environment Corretto-17.0.7.7.1 (17.0.7+7) (build 17.0.7+7-LTS)
# Java VM: OpenJDK 64-Bit Server VM Corretto-17.0.7.7.1 (17.0.7+7-LTS, mixed mode, sharing, tiered, compressed oops, compressed class ptrs, g1 gc, windows-amd64)
GC Precious Log:
 CPUs: 4 total, 4 available
 Memory: 16224M
 Large Page Support: Disabled
 NUMA Support: Disabled
 Compressed Oops: Enabled (Zero based)
 Heap Region Size: 2M
 Heap Min Capacity: 8M
 Heap Initial Capacity: 254M
 Heap Max Capacity: 4058M
 Pre-touch: Disabled
 Parallel Workers: 4
 Concurrent Workers: 1
 Concurrent Refinement Workers: 4
 Periodic GC: Disabled
Heap:
 garbage-first heap   total 81920K, used 65165K [0x0000000702600000, 0x0000000800000000)
  region size 2048K, 21 young (43008K), 0 survivors (0K)
 Metaspace       used 34606K, committed 34816K, reserved 1114112K
  class space    used 3737K, committed 3840K, reserved 1048576K
GC Heap History (20 events):
Event: 0.815 GC heap before
{Heap before GC invocations=1 (full 0):
 garbage-first heap   total 260096K, used 15444K [0x0000000702600000, 0x0000000800000000)
  region size 2048K, 6 young (12288K), 1 survivors (2048K)
 Metaspace       used 5829K, committed 6016K, reserved 1114112K
  class space    used 468K, committed 576K, reserved 1048576K
}
Event: 0.817 GC heap after
{Heap after GC invocations=2 (full 0):
 garbage-first heap   total 260096K, used 8402K [0x0000000702600000, 0x0000000800000000)
  region size 2048K, 1 young (2048K), 1 survivors (2048K)
 Metaspace       used 5829K, committed 6016K, reserved 1114112K
  class space    used 468K, committed 576K, reserved 1048576K
}
Event: 2.127 GC heap before
{Heap before GC invocations=2 (full 0):
 garbage-first heap   total 260096K, used 32978K [0x0000000702600000, 0x0000000800000000)
  region size 2048K, 14 young (28672K), 1 survivors (2048K)
 Metaspace       used 14014K, committed 14208K, reserved 1114112K
  class space    used 1440K, committed 1536K, reserved 1048576K
}
Event: 2.132 GC heap after
{Heap after GC invocations=3 (full 0):
 garbage-first heap   total 260096K, used 10332K [0x0000000702600000, 0x0000000800000000)
  region size 2048K, 2 young (4096K), 2 survivors (4096K)
 Metaspace       used 14014K, committed 14208K, reserved 1114112K
  class space    used 1440K, committed 1536K, reserved 1048576K
}
Event: 3.594 GC heap before
{Heap before GC invocations=3 (full 0):
 garbage-first heap   total 260096K, used 45148K [0x0000000702600000, 0x0000000800000000)
  region size 2048K, 20 young (40960K), 2 survivors (4096K)
 Metaspace       used 21347K, committed 21504K, reserved 1114112K
  class space    used 2280K, committed 2368K, reserved 1048576K
}
Event: 3.600 GC heap after
{Heap after GC invocations=4 (full 0):
 garbage-first heap   total 260096K, used 11753K [0x0000000702600000, 0x0000000800000000)
  region size 2048K, 2 young (4096K), 2 survivors (4096K)
 Metaspace       used 21347K, committed 21504K, reserved 1114112K
  class space    used 2280K, committed 2368K, reserved 1048576K
}
Event: 5.851 GC heap before
{Heap before GC invocations=5 (full 0):
 garbage-first heap   total 49152K, used 38377K [0x0000000702600000, 0x0000000800000000)
  region size 2048K, 10 young (20480K), 2 survivors (4096K)
 Metaspace       used 24324K, committed 24512K, reserved 1114112K
  class space    used 2624K, committed 2752K, reserved 1048576K
}
Event: 5.857 GC heap after
{Heap after GC invocations=6 (full 0):
 garbage-first heap   total 49152K, used 24660K [0x0000000702600000, 0x0000000800000000)
  region size 2048K, 3 young (6144K), 3 survivors (6144K)
 Metaspace       used 24324K, committed 24512K, reserved 1114112K
  class space    used 2624K, committed 2752K, reserved 1048576K
}
Event: 6.042 GC heap before
{Heap before GC invocations=6 (full 0):
 garbage-first heap   total 49152K, used 32852K [0x0000000702600000, 0x0000000800000000)
  region size 2048K, 7 young (14336K), 3 survivors (6144K)
 Metaspace       used 25548K, committed 25792K, reserved 1114112K
  class space    used 2757K, committed 2880K, reserved 1048576K
}
Event: 6.049 GC heap after
{Heap after GC invocations=7 (full 0):
 garbage-first heap   total 49152K, used 19626K [0x0000000702600000, 0x0000000800000000)
  region size 2048K, 1 young (2048K), 1 survivors (2048K)
 Metaspace       used 25548K, committed 25792K, reserved 1114112K
  class space    used 2757K, committed 2880K, reserved 1048576K
}
Event: 6.399 GC heap before
{Heap before GC invocations=7 (full 0):
 garbage-first heap   total 49152K, used 33962K [0x0000000702600000, 0x0000000800000000)
  region size 2048K, 8 young (16384K), 1 survivors (2048K)
 Metaspace       used 28055K, committed 28288K, reserved 1114112K
  class space    used 3118K, committed 3200K, reserved 1048576K
}
Event: 6.402 GC heap after
{Heap after GC invocations=8 (full 0):
 garbage-first heap   total 49152K, used 20612K [0x0000000702600000, 0x0000000800000000)
  region size 2048K, 1 young (2048K), 1 survivors (2048K)
 Metaspace       used 28055K, committed 28288K, reserved 1114112K
  class space    used 3118K, committed 3200K, reserved 1048576K
}
Event: 6.726 GC heap before
{Heap before GC invocations=8 (full 0):
 garbage-first heap   total 49152K, used 34948K [0x0000000702600000, 0x0000000800000000)
  region size 2048K, 8 young (16384K), 1 survivors (2048K)
 Metaspace       used 31194K, committed 31424K, reserved 1114112K
  class space    used 3470K, committed 3584K, reserved 1048576K
}
Event: 6.731 GC heap after
{Heap after GC invocations=9 (full 0):
 garbage-first heap   total 49152K, used 21754K [0x0000000702600000, 0x0000000800000000)
  region size 2048K, 1 young (2048K), 1 survivors (2048K)
 Metaspace       used 31194K, committed 31424K, reserved 1114112K
  class space    used 3470K, committed 3584K, reserved 1048576K
}
Event: 7.161 GC heap before
{Heap before GC invocations=9 (full 0):
 garbage-first heap   total 49152K, used 34042K [0x0000000702600000, 0x0000000800000000)
  region size 2048K, 7 young (14336K), 1 survivors (2048K)
 Metaspace       used 33252K, committed 33472K, reserved 1114112K
  class space    used 3709K, committed 3840K, reserved 1048576K
}
Event: 7.163 GC heap after
{Heap after GC invocations=10 (full 0):
 garbage-first heap   total 155648K, used 22347K [0x0000000702600000, 0x0000000800000000)
  region size 2048K, 1 young (2048K), 1 survivors (2048K)
 Metaspace       used 33252K, committed 33472K, reserved 1114112K
  class space    used 3709K, committed 3840K, reserved 1048576K
}
Event: 31.609 GC heap before
{Heap before GC invocations=11 (full 0):
 garbage-first heap   total 116736K, used 98123K [0x0000000702600000, 0x0000000800000000)
  region size 2048K, 34 young (69632K), 1 survivors (2048K)
 Metaspace       used 34556K, committed 34752K, reserved 1114112K
  class space    used 3733K, committed 3840K, reserved 1048576K
}
Event: 31.614 GC heap after
{Heap after GC invocations=12 (full 0):
 garbage-first heap   total 116736K, used 31859K [0x0000000702600000, 0x0000000800000000)
  region size 2048K, 2 young (4096K), 2 survivors (4096K)
 Metaspace       used 34556K, committed 34752K, reserved 1114112K
  class space    used 3733K, committed 3840K, reserved 1048576K
}
Event: 31.614 GC heap before
{Heap before GC invocations=12 (full 0):
 garbage-first heap   total 116736K, used 31859K [0x0000000702600000, 0x0000000800000000)
  region size 2048K, 3 young (6144K), 2 survivors (4096K)
 Metaspace       used 34557K, committed 34752K, reserved 1114112K
  class space    used 3733K, committed 3840K, reserved 1048576K
}
Event: 31.641 GC heap after
{Heap after GC invocations=13 (full 1):
 garbage-first heap   total 81920K, used 24205K [0x0000000702600000, 0x0000000800000000)
  region size 2048K, 0 young (0K), 0 survivors (0K)
 Metaspace       used 34557K, committed 34752K, reserved 1114112K
  class space    used 3733K, committed 3840K, reserved 1048576K
}

