# JRE version: OpenJDK Runtime Environment Corretto-17.0.7.7.1 (17.0.7+7) (build 17.0.7+7-LTS)
# Java VM: OpenJDK 64-Bit Server VM Corretto-17.0.7.7.1 (17.0.7+7-LTS, mixed mode, sharing, tiered, compressed oops, compressed class ptrs, g1 gc, windows-amd64)
GC Precious Log:
 CPUs: 4 total, 4 available
 Memory: 16224M
 Large Page Support: Disabled
 NUMA Support: Disabled
 Compressed Oops: Enabled (Zero based)
 Heap Region Size: 2M
 Heap Min Capacity: 8M
 Heap Initial Capacity: 254M
 Heap Max Capacity: 4058M
 Pre-touch: Disabled
 Parallel Workers: 4
 Concurrent Workers: 1
 Concurrent Refinement Workers: 4
 Periodic GC: Disabled
Heap:
 garbage-first heap   total 90112K, used 35518K [0x0000000702600000, 0x0000000800000000)
  region size 2048K, 7 young (14336K), 1 survivors (2048K)
 Metaspace       used 34570K, committed 34816K, reserved 1114112K
  class space    used 3732K, committed 3840K, reserved 1048576K
GC Heap History (20 events):
Event: 361.848 GC heap before
{Heap before GC invocations=31 (full 11):
 garbage-first heap   total 90112K, used 39130K [0x0000000702600000, 0x0000000800000000)
  region size 2048K, 9 young (18432K), 1 survivors (2048K)
 Metaspace       used 34545K, committed 34816K, reserved 1114112K
  class space    used 3729K, committed 3840K, reserved 1048576K
}
Event: 361.871 GC heap after
{Heap after GC invocations=32 (full 12):
 garbage-first heap   total 90112K, used 25215K [0x0000000702600000, 0x0000000800000000)
  region size 2048K, 0 young (0K), 0 survivors (0K)
 Metaspace       used 34545K, committed 34816K, reserved 1114112K
  class space    used 3729K, committed 3840K, reserved 1048576K
}
Event: 386.554 GC heap before
{Heap before GC invocations=32 (full 12):
 garbage-first heap   total 90112K, used 76415K [0x0000000702600000, 0x0000000800000000)
  region size 2048K, 25 young (51200K), 0 survivors (0K)
 Metaspace       used 34545K, committed 34816K, reserved 1114112K
  class space    used 3729K, committed 3840K, reserved 1048576K
}
Event: 386.554 GC heap after
{Heap after GC invocations=33 (full 12):
 garbage-first heap   total 90112K, used 25281K [0x0000000702600000, 0x0000000800000000)
  region size 2048K, 1 young (2048K), 1 survivors (2048K)
 Metaspace       used 34545K, committed 34816K, reserved 1114112K
  class space    used 3729K, committed 3840K, reserved 1048576K
}
Event: 391.878 GC heap before
{Heap before GC invocations=33 (full 12):
 garbage-first heap   total 90112K, used 35521K [0x0000000702600000, 0x0000000800000000)
  region size 2048K, 7 young (14336K), 1 survivors (2048K)
 Metaspace       used 34545K, committed 34816K, reserved 1114112K
  class space    used 3729K, committed 3840K, reserved 1048576K
}
Event: 391.902 GC heap after
{Heap after GC invocations=34 (full 13):
 garbage-first heap   total 90112K, used 25214K [0x0000000702600000, 0x0000000800000000)
  region size 2048K, 0 young (0K), 0 survivors (0K)
 Metaspace       used 34545K, committed 34816K, reserved 1114112K
  class space    used 3729K, committed 3840K, reserved 1048576K
}
Event: 416.261 GC heap before
{Heap before GC invocations=34 (full 13):
 garbage-first heap   total 90112K, used 76414K [0x0000000702600000, 0x0000000800000000)
  region size 2048K, 25 young (51200K), 0 survivors (0K)
 Metaspace       used 34545K, committed 34816K, reserved 1114112K
  class space    used 3729K, committed 3840K, reserved 1048576K
}
Event: 416.262 GC heap after
{Heap after GC invocations=35 (full 13):
 garbage-first heap   total 90112K, used 25277K [0x0000000702600000, 0x0000000800000000)
  region size 2048K, 1 young (2048K), 1 survivors (2048K)
 Metaspace       used 34545K, committed 34816K, reserved 1114112K
  class space    used 3729K, committed 3840K, reserved 1048576K
}
Event: 421.904 GC heap before
{Heap before GC invocations=35 (full 13):
 garbage-first heap   total 90112K, used 35517K [0x0000000702600000, 0x0000000800000000)
  region size 2048K, 7 young (14336K), 1 survivors (2048K)
 Metaspace       used 34545K, committed 34816K, reserved 1114112K
  class space    used 3729K, committed 3840K, reserved 1048576K
}
Event: 421.928 GC heap after
{Heap after GC invocations=36 (full 14):
 garbage-first heap   total 90112K, used 25214K [0x0000000702600000, 0x0000000800000000)
  region size 2048K, 0 young (0K), 0 survivors (0K)
 Metaspace       used 34545K, committed 34816K, reserved 1114112K
  class space    used 3729K, committed 3840K, reserved 1048576K
}
Event: 446.072 GC heap before
{Heap before GC invocations=36 (full 14):
 garbage-first heap   total 90112K, used 76414K [0x0000000702600000, 0x0000000800000000)
  region size 2048K, 25 young (51200K), 0 survivors (0K)
 Metaspace       used 34545K, committed 34816K, reserved 1114112K
  class space    used 3729K, committed 3840K, reserved 1048576K
}
Event: 446.073 GC heap after
{Heap after GC invocations=37 (full 14):
 garbage-first heap   total 90112K, used 25284K [0x0000000702600000, 0x0000000800000000)
  region size 2048K, 1 young (2048K), 1 survivors (2048K)
 Metaspace       used 34545K, committed 34816K, reserved 1114112K
  class space    used 3729K, committed 3840K, reserved 1048576K
}
Event: 451.934 GC heap before
{Heap before GC invocations=37 (full 14):
 garbage-first heap   total 90112K, used 35524K [0x0000000702600000, 0x0000000800000000)
  region size 2048K, 7 young (14336K), 1 survivors (2048K)
 Metaspace       used 34545K, committed 34816K, reserved 1114112K
  class space    used 3729K, committed 3840K, reserved 1048576K
}
Event: 451.956 GC heap after
{Heap after GC invocations=38 (full 15):
 garbage-first heap   total 90112K, used 25214K [0x0000000702600000, 0x0000000800000000)
  region size 2048K, 0 young (0K), 0 survivors (0K)
 Metaspace       used 34545K, committed 34816K, reserved 1114112K
  class space    used 3729K, committed 3840K, reserved 1048576K
}
Event: 475.979 GC heap before
{Heap before GC invocations=38 (full 15):
 garbage-first heap   total 90112K, used 76414K [0x0000000702600000, 0x0000000800000000)
  region size 2048K, 25 young (51200K), 0 survivors (0K)
 Metaspace       used 34545K, committed 34816K, reserved 1114112K
  class space    used 3729K, committed 3840K, reserved 1048576K
}
Event: 475.980 GC heap after
{Heap after GC invocations=39 (full 15):
 garbage-first heap   total 90112K, used 25283K [0x0000000702600000, 0x0000000800000000)
  region size 2048K, 1 young (2048K), 1 survivors (2048K)
 Metaspace       used 34545K, committed 34816K, reserved 1114112K
  class space    used 3729K, committed 3840K, reserved 1048576K
}
Event: 481.965 GC heap before
{Heap before GC invocations=39 (full 15):
 garbage-first heap   total 90112K, used 35523K [0x0000000702600000, 0x0000000800000000)
  region size 2048K, 7 young (14336K), 1 survivors (2048K)
 Metaspace       used 34545K, committed 34816K, reserved 1114112K
  class space    used 3729K, committed 3840K, reserved 1048576K
}
Event: 481.988 GC heap after
{Heap after GC invocations=40 (full 16):
 garbage-first heap   total 90112K, used 25214K [0x0000000702600000, 0x0000000800000000)
  region size 2048K, 0 young (0K), 0 survivors (0K)
 Metaspace       used 34545K, committed 34816K, reserved 1114112K
  class space    used 3729K, committed 3840K, reserved 1048576K
}
Event: 505.983 GC heap before
{Heap before GC invocations=40 (full 16):
 garbage-first heap   total 90112K, used 76414K [0x0000000702600000, 0x0000000800000000)
  region size 2048K, 25 young (51200K), 0 survivors (0K)
 Metaspace       used 34545K, committed 34816K, reserved 1114112K
  class space    used 3729K, committed 3840K, reserved 1048576K
}
Event: 505.984 GC heap after
{Heap after GC invocations=41 (full 16):
 garbage-first heap   total 90112K, used 25278K [0x0000000702600000, 0x0000000800000000)
  region size 2048K, 1 young (2048K), 1 survivors (2048K)
 Metaspace       used 34545K, committed 34816K, reserved 1114112K
  class space    used 3729K, committed 3840K, reserved 1048576K
}

