# JRE version: OpenJDK Runtime Environment Corretto-17.0.7.7.1 (17.0.7+7) (build 17.0.7+7-LTS)
# Java VM: OpenJDK 64-Bit Server VM Corretto-17.0.7.7.1 (17.0.7+7-LTS, mixed mode, sharing, tiered, compressed oops, compressed class ptrs, g1 gc, windows-amd64)
GC Precious Log:
 CPUs: 4 total, 4 available
 Memory: 16224M
 Large Page Support: Disabled
 NUMA Support: Disabled
 Compressed Oops: Enabled (Zero based)
 Heap Region Size: 2M
 Heap Min Capacity: 8M
 Heap Initial Capacity: 254M
 Heap Max Capacity: 4058M
 Pre-touch: Disabled
 Parallel Workers: 4
 Concurrent Workers: 1
 Concurrent Refinement Workers: 4
 Periodic GC: Disabled
Heap:
 garbage-first heap   total 81920K, used 33923K [0x0000000702600000, 0x0000000800000000)
  region size 2048K, 6 young (12288K), 0 survivors (0K)
 Metaspace       used 34941K, committed 35200K, reserved 1114112K
  class space    used 3750K, committed 3840K, reserved 1048576K
GC Heap History (20 events):
Event: 0.819 GC heap before
{Heap before GC invocations=1 (full 0):
 garbage-first heap   total 260096K, used 15352K [0x0000000702600000, 0x0000000800000000)
  region size 2048K, 6 young (12288K), 1 survivors (2048K)
 Metaspace       used 5814K, committed 6016K, reserved 1114112K
  class space    used 467K, committed 576K, reserved 1048576K
}
Event: 0.821 GC heap after
{Heap after GC invocations=2 (full 0):
 garbage-first heap   total 260096K, used 7677K [0x0000000702600000, 0x0000000800000000)
  region size 2048K, 1 young (2048K), 1 survivors (2048K)
 Metaspace       used 5814K, committed 6016K, reserved 1114112K
  class space    used 467K, committed 576K, reserved 1048576K
}
Event: 2.633 GC heap before
{Heap before GC invocations=2 (full 0):
 garbage-first heap   total 260096K, used 36349K [0x0000000702600000, 0x0000000800000000)
  region size 2048K, 15 young (30720K), 1 survivors (2048K)
 Metaspace       used 14754K, committed 14912K, reserved 1114112K
  class space    used 1513K, committed 1600K, reserved 1048576K
}
Event: 2.636 GC heap after
{Heap after GC invocations=3 (full 0):
 garbage-first heap   total 260096K, used 9736K [0x0000000702600000, 0x0000000800000000)
  region size 2048K, 2 young (4096K), 2 survivors (4096K)
 Metaspace       used 14754K, committed 14912K, reserved 1114112K
  class space    used 1513K, committed 1600K, reserved 1048576K
}
Event: 4.119 GC heap before
{Heap before GC invocations=3 (full 0):
 garbage-first heap   total 260096K, used 44552K [0x0000000702600000, 0x0000000800000000)
  region size 2048K, 20 young (40960K), 2 survivors (4096K)
 Metaspace       used 21310K, committed 21504K, reserved 1114112K
  class space    used 2275K, committed 2368K, reserved 1048576K
}
Event: 4.124 GC heap after
{Heap after GC invocations=4 (full 0):
 garbage-first heap   total 260096K, used 11121K [0x0000000702600000, 0x0000000800000000)
  region size 2048K, 2 young (4096K), 2 survivors (4096K)
 Metaspace       used 21310K, committed 21504K, reserved 1114112K
  class space    used 2275K, committed 2368K, reserved 1048576K
}
Event: 6.844 GC heap before
{Heap before GC invocations=5 (full 0):
 garbage-first heap   total 49152K, used 37745K [0x0000000702600000, 0x0000000800000000)
  region size 2048K, 10 young (20480K), 2 survivors (4096K)
 Metaspace       used 24076K, committed 24256K, reserved 1114112K
  class space    used 2595K, committed 2688K, reserved 1048576K
}
Event: 6.850 GC heap after
{Heap after GC invocations=6 (full 0):
 garbage-first heap   total 49152K, used 23915K [0x0000000702600000, 0x0000000800000000)
  region size 2048K, 1 young (2048K), 1 survivors (2048K)
 Metaspace       used 24076K, committed 24256K, reserved 1114112K
  class space    used 2595K, committed 2688K, reserved 1048576K
}
Event: 6.883 GC heap before
{Heap before GC invocations=6 (full 0):
 garbage-first heap   total 49152K, used 25963K [0x0000000702600000, 0x0000000800000000)
  region size 2048K, 2 young (4096K), 1 survivors (2048K)
 Metaspace       used 24385K, committed 24640K, reserved 1114112K
  class space    used 2640K, committed 2752K, reserved 1048576K
}
Event: 6.887 GC heap after
{Heap after GC invocations=7 (full 0):
 garbage-first heap   total 49152K, used 17838K [0x0000000702600000, 0x0000000800000000)
  region size 2048K, 1 young (2048K), 1 survivors (2048K)
 Metaspace       used 24385K, committed 24640K, reserved 1114112K
  class space    used 2640K, committed 2752K, reserved 1048576K
}
Event: 7.219 GC heap before
{Heap before GC invocations=7 (full 0):
 garbage-first heap   total 49152K, used 30126K [0x0000000702600000, 0x0000000800000000)
  region size 2048K, 8 young (16384K), 1 survivors (2048K)
 Metaspace       used 26793K, committed 27008K, reserved 1114112K
  class space    used 2941K, committed 3008K, reserved 1048576K
}
Event: 7.223 GC heap after
{Heap after GC invocations=8 (full 0):
 garbage-first heap   total 49152K, used 18910K [0x0000000702600000, 0x0000000800000000)
  region size 2048K, 1 young (2048K), 1 survivors (2048K)
 Metaspace       used 26793K, committed 27008K, reserved 1114112K
  class space    used 2941K, committed 3008K, reserved 1048576K
}
Event: 7.644 GC heap before
{Heap before GC invocations=8 (full 0):
 garbage-first heap   total 49152K, used 33246K [0x0000000702600000, 0x0000000800000000)
  region size 2048K, 8 young (16384K), 1 survivors (2048K)
 Metaspace       used 29762K, committed 29952K, reserved 1114112K
  class space    used 3305K, committed 3392K, reserved 1048576K
}
Event: 7.648 GC heap after
{Heap after GC invocations=9 (full 0):
 garbage-first heap   total 49152K, used 20380K [0x0000000702600000, 0x0000000800000000)
  region size 2048K, 1 young (2048K), 1 survivors (2048K)
 Metaspace       used 29762K, committed 29952K, reserved 1114112K
  class space    used 3305K, committed 3392K, reserved 1048576K
}
Event: 7.882 GC heap before
{Heap before GC invocations=9 (full 0):
 garbage-first heap   total 49152K, used 32668K [0x0000000702600000, 0x0000000800000000)
  region size 2048K, 7 young (14336K), 1 survivors (2048K)
 Metaspace       used 31900K, committed 32128K, reserved 1114112K
  class space    used 3555K, committed 3648K, reserved 1048576K
}
Event: 7.885 GC heap after
{Heap after GC invocations=10 (full 0):
 garbage-first heap   total 155648K, used 20883K [0x0000000702600000, 0x0000000800000000)
  region size 2048K, 1 young (2048K), 1 survivors (2048K)
 Metaspace       used 31900K, committed 32128K, reserved 1114112K
  class space    used 3555K, committed 3648K, reserved 1048576K
}
Event: 27.490 GC heap before
{Heap before GC invocations=10 (full 0):
 garbage-first heap   total 155648K, used 119187K [0x0000000702600000, 0x0000000800000000)
  region size 2048K, 45 young (92160K), 1 survivors (2048K)
 Metaspace       used 34918K, committed 35072K, reserved 1114112K
  class space    used 3747K, committed 3840K, reserved 1048576K
}
Event: 27.496 GC heap after
{Heap after GC invocations=11 (full 0):
 garbage-first heap   total 155648K, used 31219K [0x0000000702600000, 0x0000000800000000)
  region size 2048K, 2 young (4096K), 2 survivors (4096K)
 Metaspace       used 34918K, committed 35072K, reserved 1114112K
  class space    used 3747K, committed 3840K, reserved 1048576K
}
Event: 32.175 GC heap before
{Heap before GC invocations=11 (full 0):
 garbage-first heap   total 155648K, used 47603K [0x0000000702600000, 0x0000000800000000)
  region size 2048K, 11 young (22528K), 2 survivors (4096K)
 Metaspace       used 34921K, committed 35136K, reserved 1114112K
  class space    used 3747K, committed 3840K, reserved 1048576K
}
Event: 32.217 GC heap after
{Heap after GC invocations=12 (full 1):
 garbage-first heap   total 81920K, used 23683K [0x0000000702600000, 0x0000000800000000)
  region size 2048K, 0 young (0K), 0 survivors (0K)
 Metaspace       used 34921K, committed 35136K, reserved 1114112K
  class space    used 3747K, committed 3840K, reserved 1048576K
}

