# JRE version: OpenJDK Runtime Environment JBR-17.0.7+7-1000.2-nomod (17.0.7+7) (build 17.0.7+7-b1000.2)
# Java VM: OpenJDK 64-Bit Server VM JBR-17.0.7+7-1000.2-nomod (17.0.7+7-b1000.2, mixed mode, tiered, compressed oops, compressed class ptrs, g1 gc, windows-amd64)
GC Precious Log:
 CPUs: 4 total, 4 available
 Memory: 16224M
 Large Page Support: Disabled
 NUMA Support: Disabled
 Compressed Oops: Enabled (Zero based)
 Heap Region Size: 2M
 Heap Min Capacity: 8M
 Heap Initial Capacity: 254M
 Heap Max Capacity: 4058M
 Pre-touch: Disabled
 Parallel Workers: 4
 Concurrent Workers: 1
 Concurrent Refinement Workers: 4
 Periodic GC: Disabled
Heap:
 garbage-first heap   total 51200K, used 31124K [0x0000000702600000, 0x0000000800000000)
  region size 2048K, 7 young (14336K), 1 survivors (2048K)
 Metaspace       used 36272K, committed 36480K, reserved 1114112K
  class space    used 3724K, committed 3840K, reserved 1048576K
GC Heap History (20 events):
Event: 229.490 GC heap before
{Heap before GC invocations=125 (full 7):
 garbage-first heap   total 51200K, used 39354K [0x0000000702600000, 0x0000000800000000)
  region size 2048K, 10 young (20480K), 1 survivors (2048K)
 Metaspace       used 36269K, committed 36480K, reserved 1114112K
  class space    used 3724K, committed 3840K, reserved 1048576K
}
Event: 229.491 GC heap after
{Heap after GC invocations=126 (full 7):
 garbage-first heap   total 51200K, used 20931K [0x0000000702600000, 0x0000000800000000)
  region size 2048K, 1 young (2048K), 1 survivors (2048K)
 Metaspace       used 36269K, committed 36480K, reserved 1114112K
  class space    used 3724K, committed 3840K, reserved 1048576K
}
Event: 231.439 GC heap before
{Heap before GC invocations=126 (full 7):
 garbage-first heap   total 51200K, used 39363K [0x0000000702600000, 0x0000000800000000)
  region size 2048K, 10 young (20480K), 1 survivors (2048K)
 Metaspace       used 36269K, committed 36480K, reserved 1114112K
  class space    used 3724K, committed 3840K, reserved 1048576K
}
Event: 231.440 GC heap after
{Heap after GC invocations=127 (full 7):
 garbage-first heap   total 51200K, used 20929K [0x0000000702600000, 0x0000000800000000)
  region size 2048K, 1 young (2048K), 1 survivors (2048K)
 Metaspace       used 36269K, committed 36480K, reserved 1114112K
  class space    used 3724K, committed 3840K, reserved 1048576K
}
Event: 233.453 GC heap before
{Heap before GC invocations=127 (full 7):
 garbage-first heap   total 51200K, used 39361K [0x0000000702600000, 0x0000000800000000)
  region size 2048K, 10 young (20480K), 1 survivors (2048K)
 Metaspace       used 36269K, committed 36480K, reserved 1114112K
  class space    used 3724K, committed 3840K, reserved 1048576K
}
Event: 233.454 GC heap after
{Heap after GC invocations=128 (full 7):
 garbage-first heap   total 51200K, used 20933K [0x0000000702600000, 0x0000000800000000)
  region size 2048K, 1 young (2048K), 1 survivors (2048K)
 Metaspace       used 36269K, committed 36480K, reserved 1114112K
  class space    used 3724K, committed 3840K, reserved 1048576K
}
Event: 235.535 GC heap before
{Heap before GC invocations=128 (full 7):
 garbage-first heap   total 51200K, used 39365K [0x0000000702600000, 0x0000000800000000)
  region size 2048K, 10 young (20480K), 1 survivors (2048K)
 Metaspace       used 36269K, committed 36480K, reserved 1114112K
  class space    used 3724K, committed 3840K, reserved 1048576K
}
Event: 235.536 GC heap after
{Heap after GC invocations=129 (full 7):
 garbage-first heap   total 51200K, used 20936K [0x0000000702600000, 0x0000000800000000)
  region size 2048K, 1 young (2048K), 1 survivors (2048K)
 Metaspace       used 36269K, committed 36480K, reserved 1114112K
  class space    used 3724K, committed 3840K, reserved 1048576K
}
Event: 237.483 GC heap before
{Heap before GC invocations=129 (full 7):
 garbage-first heap   total 51200K, used 39368K [0x0000000702600000, 0x0000000800000000)
  region size 2048K, 10 young (20480K), 1 survivors (2048K)
 Metaspace       used 36269K, committed 36480K, reserved 1114112K
  class space    used 3724K, committed 3840K, reserved 1048576K
}
Event: 237.484 GC heap after
{Heap after GC invocations=130 (full 7):
 garbage-first heap   total 51200K, used 20939K [0x0000000702600000, 0x0000000800000000)
  region size 2048K, 1 young (2048K), 1 survivors (2048K)
 Metaspace       used 36269K, committed 36480K, reserved 1114112K
  class space    used 3724K, committed 3840K, reserved 1048576K
}
Event: 239.417 GC heap before
{Heap before GC invocations=130 (full 7):
 garbage-first heap   total 51200K, used 39371K [0x0000000702600000, 0x0000000800000000)
  region size 2048K, 10 young (20480K), 1 survivors (2048K)
 Metaspace       used 36269K, committed 36480K, reserved 1114112K
  class space    used 3724K, committed 3840K, reserved 1048576K
}
Event: 239.418 GC heap after
{Heap after GC invocations=131 (full 7):
 garbage-first heap   total 51200K, used 20946K [0x0000000702600000, 0x0000000800000000)
  region size 2048K, 1 young (2048K), 1 survivors (2048K)
 Metaspace       used 36269K, committed 36480K, reserved 1114112K
  class space    used 3724K, committed 3840K, reserved 1048576K
}
Event: 241.432 GC heap before
{Heap before GC invocations=131 (full 7):
 garbage-first heap   total 51200K, used 39378K [0x0000000702600000, 0x0000000800000000)
  region size 2048K, 10 young (20480K), 1 survivors (2048K)
 Metaspace       used 36269K, committed 36480K, reserved 1114112K
  class space    used 3724K, committed 3840K, reserved 1048576K
}
Event: 241.433 GC heap after
{Heap after GC invocations=132 (full 7):
 garbage-first heap   total 51200K, used 20945K [0x0000000702600000, 0x0000000800000000)
  region size 2048K, 1 young (2048K), 1 survivors (2048K)
 Metaspace       used 36269K, committed 36480K, reserved 1114112K
  class space    used 3724K, committed 3840K, reserved 1048576K
}
Event: 241.541 GC heap before
{Heap before GC invocations=132 (full 7):
 garbage-first heap   total 51200K, used 20945K [0x0000000702600000, 0x0000000800000000)
  region size 2048K, 2 young (4096K), 1 survivors (2048K)
 Metaspace       used 36269K, committed 36480K, reserved 1114112K
  class space    used 3724K, committed 3840K, reserved 1048576K
}
Event: 241.570 GC heap after
{Heap after GC invocations=133 (full 8):
 garbage-first heap   total 51200K, used 20831K [0x0000000702600000, 0x0000000800000000)
  region size 2048K, 0 young (0K), 0 survivors (0K)
 Metaspace       used 36269K, committed 36480K, reserved 1114112K
  class space    used 3724K, committed 3840K, reserved 1048576K
}
Event: 243.795 GC heap before
{Heap before GC invocations=133 (full 8):
 garbage-first heap   total 51200K, used 41311K [0x0000000702600000, 0x0000000800000000)
  region size 2048K, 10 young (20480K), 0 survivors (0K)
 Metaspace       used 36269K, committed 36480K, reserved 1114112K
  class space    used 3724K, committed 3840K, reserved 1048576K
}
Event: 243.796 GC heap after
{Heap after GC invocations=134 (full 8):
 garbage-first heap   total 51200K, used 20886K [0x0000000702600000, 0x0000000800000000)
  region size 2048K, 1 young (2048K), 1 survivors (2048K)
 Metaspace       used 36269K, committed 36480K, reserved 1114112K
  class space    used 3724K, committed 3840K, reserved 1048576K
}
Event: 245.844 GC heap before
{Heap before GC invocations=134 (full 8):
 garbage-first heap   total 51200K, used 39318K [0x0000000702600000, 0x0000000800000000)
  region size 2048K, 10 young (20480K), 1 survivors (2048K)
 Metaspace       used 36269K, committed 36480K, reserved 1114112K
  class space    used 3724K, committed 3840K, reserved 1048576K
}
Event: 245.845 GC heap after
{Heap after GC invocations=135 (full 8):
 garbage-first heap   total 51200K, used 20884K [0x0000000702600000, 0x0000000800000000)
  region size 2048K, 1 young (2048K), 1 survivors (2048K)
 Metaspace       used 36269K, committed 36480K, reserved 1114112K
  class space    used 3724K, committed 3840K, reserved 1048576K
}

