# JRE version: OpenJDK Runtime Environment Corretto-17.0.7.7.1 (17.0.7+7) (build 17.0.7+7-LTS)
# Java VM: OpenJDK 64-Bit Server VM Corretto-17.0.7.7.1 (17.0.7+7-LTS, mixed mode, sharing, tiered, compressed oops, compressed class ptrs, g1 gc, windows-amd64)
GC Precious Log:
 CPUs: 4 total, 4 available
 Memory: 16224M
 Large Page Support: Disabled
 NUMA Support: Disabled
 Compressed Oops: Enabled (Zero based)
 Heap Region Size: 2M
 Heap Min Capacity: 8M
 Heap Initial Capacity: 254M
 Heap Max Capacity: 4058M
 Pre-touch: Disabled
 Parallel Workers: 4
 Concurrent Workers: 1
 Concurrent Refinement Workers: 4
 Periodic GC: Disabled
Heap:
 garbage-first heap   total 90112K, used 34522K [0x0000000702600000, 0x0000000800000000)
  region size 2048K, 6 young (12288K), 0 survivors (0K)
 Metaspace       used 34774K, committed 35008K, reserved 1114112K
  class space    used 3741K, committed 3840K, reserved 1048576K
GC Heap History (20 events):
Event: 0.835 GC heap before
{Heap before GC invocations=0 (full 0):
 garbage-first heap   total 260096K, used 12288K [0x0000000702600000, 0x0000000800000000)
  region size 2048K, 6 young (12288K), 0 survivors (0K)
 Metaspace       used 1773K, committed 1856K, reserved 1114112K
  class space    used 161K, committed 192K, reserved 1048576K
}
Event: 0.847 GC heap after
{Heap after GC invocations=1 (full 0):
 garbage-first heap   total 260096K, used 7166K [0x0000000702600000, 0x0000000800000000)
  region size 2048K, 1 young (2048K), 1 survivors (2048K)
 Metaspace       used 1773K, committed 1856K, reserved 1114112K
  class space    used 161K, committed 192K, reserved 1048576K
}
Event: 1.970 GC heap before
{Heap before GC invocations=1 (full 0):
 garbage-first heap   total 260096K, used 15358K [0x0000000702600000, 0x0000000800000000)
  region size 2048K, 6 young (12288K), 1 survivors (2048K)
 Metaspace       used 5877K, committed 6016K, reserved 1114112K
  class space    used 465K, committed 512K, reserved 1048576K
}
Event: 1.972 GC heap after
{Heap after GC invocations=2 (full 0):
 garbage-first heap   total 260096K, used 8198K [0x0000000702600000, 0x0000000800000000)
  region size 2048K, 1 young (2048K), 1 survivors (2048K)
 Metaspace       used 5877K, committed 6016K, reserved 1114112K
  class space    used 465K, committed 512K, reserved 1048576K
}
Event: 2.884 GC heap before
{Heap before GC invocations=2 (full 0):
 garbage-first heap   total 260096K, used 28678K [0x0000000702600000, 0x0000000800000000)
  region size 2048K, 12 young (24576K), 1 survivors (2048K)
 Metaspace       used 12570K, committed 12800K, reserved 1114112K
  class space    used 1260K, committed 1344K, reserved 1048576K
}
Event: 2.888 GC heap after
{Heap after GC invocations=3 (full 0):
 garbage-first heap   total 260096K, used 9497K [0x0000000702600000, 0x0000000800000000)
  region size 2048K, 2 young (4096K), 2 survivors (4096K)
 Metaspace       used 12570K, committed 12800K, reserved 1114112K
  class space    used 1260K, committed 1344K, reserved 1048576K
}
Event: 4.384 GC heap before
{Heap before GC invocations=3 (full 0):
 garbage-first heap   total 260096K, used 48409K [0x0000000702600000, 0x0000000800000000)
  region size 2048K, 22 young (45056K), 2 survivors (4096K)
 Metaspace       used 21347K, committed 21504K, reserved 1114112K
  class space    used 2283K, committed 2368K, reserved 1048576K
}
Event: 4.389 GC heap after
{Heap after GC invocations=4 (full 0):
 garbage-first heap   total 260096K, used 11178K [0x0000000702600000, 0x0000000800000000)
  region size 2048K, 2 young (4096K), 2 survivors (4096K)
 Metaspace       used 21347K, committed 21504K, reserved 1114112K
  class space    used 2283K, committed 2368K, reserved 1048576K
}
Event: 6.341 GC heap before
{Heap before GC invocations=5 (full 0):
 garbage-first heap   total 55296K, used 41898K [0x0000000702600000, 0x0000000800000000)
  region size 2048K, 12 young (24576K), 2 survivors (4096K)
 Metaspace       used 24776K, committed 24960K, reserved 1114112K
  class space    used 2689K, committed 2816K, reserved 1048576K
}
Event: 6.347 GC heap after
{Heap after GC invocations=6 (full 0):
 garbage-first heap   total 55296K, used 24131K [0x0000000702600000, 0x0000000800000000)
  region size 2048K, 2 young (4096K), 2 survivors (4096K)
 Metaspace       used 24776K, committed 24960K, reserved 1114112K
  class space    used 2689K, committed 2816K, reserved 1048576K
}
Event: 6.396 GC heap before
{Heap before GC invocations=6 (full 0):
 garbage-first heap   total 55296K, used 26179K [0x0000000702600000, 0x0000000800000000)
  region size 2048K, 3 young (6144K), 2 survivors (4096K)
 Metaspace       used 25080K, committed 25280K, reserved 1114112K
  class space    used 2723K, committed 2816K, reserved 1048576K
}
Event: 6.400 GC heap after
{Heap after GC invocations=7 (full 0):
 garbage-first heap   total 55296K, used 18222K [0x0000000702600000, 0x0000000800000000)
  region size 2048K, 1 young (2048K), 1 survivors (2048K)
 Metaspace       used 25080K, committed 25280K, reserved 1114112K
  class space    used 2723K, committed 2816K, reserved 1048576K
}
Event: 6.860 GC heap before
{Heap before GC invocations=7 (full 0):
 garbage-first heap   total 55296K, used 38702K [0x0000000702600000, 0x0000000800000000)
  region size 2048K, 11 young (22528K), 1 survivors (2048K)
 Metaspace       used 28848K, committed 29120K, reserved 1114112K
  class space    used 3200K, committed 3328K, reserved 1048576K
}
Event: 6.864 GC heap after
{Heap after GC invocations=8 (full 0):
 garbage-first heap   total 55296K, used 20009K [0x0000000702600000, 0x0000000800000000)
  region size 2048K, 2 young (4096K), 2 survivors (4096K)
 Metaspace       used 28848K, committed 29120K, reserved 1114112K
  class space    used 3200K, committed 3328K, reserved 1048576K
}
Event: 7.179 GC heap before
{Heap before GC invocations=8 (full 0):
 garbage-first heap   total 55296K, used 38441K [0x0000000702600000, 0x0000000800000000)
  region size 2048K, 11 young (22528K), 2 survivors (4096K)
 Metaspace       used 32146K, committed 32384K, reserved 1114112K
  class space    used 3590K, committed 3712K, reserved 1048576K
}
Event: 7.184 GC heap after
{Heap after GC invocations=9 (full 0):
 garbage-first heap   total 55296K, used 21115K [0x0000000702600000, 0x0000000800000000)
  region size 2048K, 2 young (4096K), 2 survivors (4096K)
 Metaspace       used 32146K, committed 32384K, reserved 1114112K
  class space    used 3590K, committed 3712K, reserved 1048576K
}
Event: 7.492 GC heap before
{Heap before GC invocations=9 (full 0):
 garbage-first heap   total 55296K, used 27259K [0x0000000702600000, 0x0000000800000000)
  region size 2048K, 6 young (12288K), 2 survivors (4096K)
 Metaspace       used 33298K, committed 33536K, reserved 1114112K
  class space    used 3721K, committed 3840K, reserved 1048576K
}
Event: 7.497 GC heap after
{Heap after GC invocations=10 (full 0):
 garbage-first heap   total 157696K, used 22047K [0x0000000702600000, 0x0000000800000000)
  region size 2048K, 1 young (2048K), 1 survivors (2048K)
 Metaspace       used 33298K, committed 33536K, reserved 1114112K
  class space    used 3721K, committed 3840K, reserved 1048576K
}
Event: 32.589 GC heap before
{Heap before GC invocations=10 (full 0):
 garbage-first heap   total 157696K, used 101919K [0x0000000702600000, 0x0000000800000000)
  region size 2048K, 37 young (75776K), 1 survivors (2048K)
 Metaspace       used 34718K, committed 34880K, reserved 1114112K
  class space    used 3735K, committed 3840K, reserved 1048576K
}
Event: 32.618 GC heap after
{Heap after GC invocations=11 (full 1):
 garbage-first heap   total 90112K, used 24282K [0x0000000702600000, 0x0000000800000000)
  region size 2048K, 0 young (0K), 0 survivors (0K)
 Metaspace       used 34718K, committed 34880K, reserved 1114112K
  class space    used 3735K, committed 3840K, reserved 1048576K
}

