# JRE version: OpenJDK Runtime Environment Corretto-17.0.7.7.1 (17.0.7+7) (build 17.0.7+7-LTS)
# Java VM: OpenJDK 64-Bit Server VM Corretto-17.0.7.7.1 (17.0.7+7-LTS, mixed mode, sharing, tiered, compressed oops, compressed class ptrs, g1 gc, windows-amd64)
GC Precious Log:
 CPUs: 4 total, 4 available
 Memory: 16224M
 Large Page Support: Disabled
 NUMA Support: Disabled
 Compressed Oops: Enabled (Zero based)
 Heap Region Size: 2M
 Heap Min Capacity: 8M
 Heap Initial Capacity: 254M
 Heap Max Capacity: 4058M
 Pre-touch: Disabled
 Parallel Workers: 4
 Concurrent Workers: 1
 Concurrent Refinement Workers: 4
 Periodic GC: Disabled
Heap:
 garbage-first heap   total 90112K, used 61236K [0x0000000702600000, 0x0000000800000000)
  region size 2048K, 19 young (38912K), 0 survivors (0K)
 Metaspace       used 35754K, committed 35904K, reserved 1114112K
  class space    used 3819K, committed 3904K, reserved 1048576K
GC Heap History (20 events):
Event: 2.713 GC heap before
{Heap before GC invocations=2 (full 0):
 garbage-first heap   total 260096K, used 32824K [0x0000000702600000, 0x0000000800000000)
  region size 2048K, 14 young (28672K), 1 survivors (2048K)
 Metaspace       used 14250K, committed 14464K, reserved 1114112K
  class space    used 1464K, committed 1536K, reserved 1048576K
}
Event: 2.717 GC heap after
{Heap after GC invocations=3 (full 0):
 garbage-first heap   total 260096K, used 9743K [0x0000000702600000, 0x0000000800000000)
  region size 2048K, 2 young (4096K), 2 survivors (4096K)
 Metaspace       used 14250K, committed 14464K, reserved 1114112K
  class space    used 1464K, committed 1536K, reserved 1048576K
}
Event: 4.213 GC heap before
{Heap before GC invocations=3 (full 0):
 garbage-first heap   total 260096K, used 46607K [0x0000000702600000, 0x0000000800000000)
  region size 2048K, 21 young (43008K), 2 survivors (4096K)
 Metaspace       used 21351K, committed 21504K, reserved 1114112K
  class space    used 2282K, committed 2368K, reserved 1048576K
}
Event: 4.218 GC heap after
{Heap after GC invocations=4 (full 0):
 garbage-first heap   total 260096K, used 11134K [0x0000000702600000, 0x0000000800000000)
  region size 2048K, 2 young (4096K), 2 survivors (4096K)
 Metaspace       used 21351K, committed 21504K, reserved 1114112K
  class space    used 2282K, committed 2368K, reserved 1048576K
}
Event: 6.424 GC heap before
{Heap before GC invocations=5 (full 0):
 garbage-first heap   total 49152K, used 37758K [0x0000000702600000, 0x0000000800000000)
  region size 2048K, 10 young (20480K), 2 survivors (4096K)
 Metaspace       used 24175K, committed 24320K, reserved 1114112K
  class space    used 2598K, committed 2688K, reserved 1048576K
}
Event: 6.430 GC heap after
{Heap after GC invocations=6 (full 0):
 garbage-first heap   total 49152K, used 24159K [0x0000000702600000, 0x0000000800000000)
  region size 2048K, 2 young (4096K), 2 survivors (4096K)
 Metaspace       used 24175K, committed 24320K, reserved 1114112K
  class space    used 2598K, committed 2688K, reserved 1048576K
}
Event: 6.468 GC heap before
{Heap before GC invocations=6 (full 0):
 garbage-first heap   total 49152K, used 26207K [0x0000000702600000, 0x0000000800000000)
  region size 2048K, 3 young (6144K), 2 survivors (4096K)
 Metaspace       used 24486K, committed 24704K, reserved 1114112K
  class space    used 2644K, committed 2752K, reserved 1048576K
}
Event: 6.471 GC heap after
{Heap after GC invocations=7 (full 0):
 garbage-first heap   total 49152K, used 17772K [0x0000000702600000, 0x0000000800000000)
  region size 2048K, 1 young (2048K), 1 survivors (2048K)
 Metaspace       used 24486K, committed 24704K, reserved 1114112K
  class space    used 2644K, committed 2752K, reserved 1048576K
}
Event: 6.749 GC heap before
{Heap before GC invocations=7 (full 0):
 garbage-first heap   total 49152K, used 30060K [0x0000000702600000, 0x0000000800000000)
  region size 2048K, 8 young (16384K), 1 survivors (2048K)
 Metaspace       used 26848K, committed 27008K, reserved 1114112K
  class space    used 2941K, committed 3008K, reserved 1048576K
}
Event: 6.751 GC heap after
{Heap after GC invocations=8 (full 0):
 garbage-first heap   total 49152K, used 18782K [0x0000000702600000, 0x0000000800000000)
  region size 2048K, 1 young (2048K), 1 survivors (2048K)
 Metaspace       used 26848K, committed 27008K, reserved 1114112K
  class space    used 2941K, committed 3008K, reserved 1048576K
}
Event: 7.174 GC heap before
{Heap before GC invocations=8 (full 0):
 garbage-first heap   total 49152K, used 33118K [0x0000000702600000, 0x0000000800000000)
  region size 2048K, 8 young (16384K), 1 survivors (2048K)
 Metaspace       used 29784K, committed 29952K, reserved 1114112K
  class space    used 3301K, committed 3392K, reserved 1048576K
}
Event: 7.179 GC heap after
{Heap after GC invocations=9 (full 0):
 garbage-first heap   total 49152K, used 20384K [0x0000000702600000, 0x0000000800000000)
  region size 2048K, 1 young (2048K), 1 survivors (2048K)
 Metaspace       used 29784K, committed 29952K, reserved 1114112K
  class space    used 3301K, committed 3392K, reserved 1048576K
}
Event: 7.384 GC heap before
{Heap before GC invocations=9 (full 0):
 garbage-first heap   total 49152K, used 32672K [0x0000000702600000, 0x0000000800000000)
  region size 2048K, 7 young (14336K), 1 survivors (2048K)
 Metaspace       used 31929K, committed 32128K, reserved 1114112K
  class space    used 3553K, committed 3648K, reserved 1048576K
}
Event: 7.387 GC heap after
{Heap after GC invocations=10 (full 0):
 garbage-first heap   total 49152K, used 20775K [0x0000000702600000, 0x0000000800000000)
  region size 2048K, 1 young (2048K), 1 survivors (2048K)
 Metaspace       used 31929K, committed 32128K, reserved 1114112K
  class space    used 3553K, committed 3648K, reserved 1048576K
}
Event: 7.752 GC heap before
{Heap before GC invocations=10 (full 0):
 garbage-first heap   total 49152K, used 28967K [0x0000000702600000, 0x0000000800000000)
  region size 2048K, 6 young (12288K), 1 survivors (2048K)
 Metaspace       used 33363K, committed 33600K, reserved 1114112K
  class space    used 3722K, committed 3840K, reserved 1048576K
}
Event: 7.755 GC heap after
{Heap after GC invocations=11 (full 0):
 garbage-first heap   total 155648K, used 21494K [0x0000000702600000, 0x0000000800000000)
  region size 2048K, 1 young (2048K), 1 survivors (2048K)
 Metaspace       used 33363K, committed 33600K, reserved 1114112K
  class space    used 3722K, committed 3840K, reserved 1048576K
}
Event: 22.645 GC heap before
{Heap before GC invocations=11 (full 0):
 garbage-first heap   total 155648K, used 119798K [0x0000000702600000, 0x0000000800000000)
  region size 2048K, 45 young (92160K), 1 survivors (2048K)
 Metaspace       used 35645K, committed 35840K, reserved 1114112K
  class space    used 3814K, committed 3904K, reserved 1048576K
}
Event: 22.652 GC heap after
{Heap after GC invocations=12 (full 0):
 garbage-first heap   total 155648K, used 31454K [0x0000000702600000, 0x0000000800000000)
  region size 2048K, 2 young (4096K), 2 survivors (4096K)
 Metaspace       used 35645K, committed 35840K, reserved 1114112K
  class space    used 3814K, committed 3904K, reserved 1048576K
}
Event: 32.242 GC heap before
{Heap before GC invocations=12 (full 0):
 garbage-first heap   total 155648K, used 72414K [0x0000000702600000, 0x0000000800000000)
  region size 2048K, 23 young (47104K), 2 survivors (4096K)
 Metaspace       used 35724K, committed 35904K, reserved 1114112K
  class space    used 3815K, committed 3904K, reserved 1048576K
}
Event: 32.280 GC heap after
{Heap after GC invocations=13 (full 1):
 garbage-first heap   total 90112K, used 24372K [0x0000000702600000, 0x0000000800000000)
  region size 2048K, 0 young (0K), 0 survivors (0K)
 Metaspace       used 35724K, committed 35904K, reserved 1114112K
  class space    used 3815K, committed 3904K, reserved 1048576K
}

