# JRE version: OpenJDK Runtime Environment JBR-17.0.7+7-1000.5-nomod (17.0.7+7) (build 17.0.7+7-b1000.5)
# Java VM: OpenJDK 64-Bit Server VM JBR-17.0.7+7-1000.5-nomod (17.0.7+7-b1000.5, mixed mode, tiered, compressed oops, compressed class ptrs, g1 gc, windows-amd64)
GC Precious Log:
 CPUs: 4 total, 4 available
 Memory: 16224M
 Large Page Support: Disabled
 NUMA Support: Disabled
 Compressed Oops: Enabled (Zero based)
 Heap Region Size: 2M
 Heap Min Capacity: 8M
 Heap Initial Capacity: 254M
 Heap Max Capacity: 4058M
 Pre-touch: Disabled
 Parallel Workers: 4
 Concurrent Workers: 1
 Concurrent Refinement Workers: 4
 Periodic GC: Disabled
Heap:
 garbage-first heap   total 49152K, used 30405K [0x0000000702600000, 0x0000000800000000)
  region size 2048K, 5 young (10240K), 1 survivors (2048K)
 Metaspace       used 42878K, committed 43136K, reserved 1114112K
  class space    used 4647K, committed 4800K, reserved 1048576K
GC Heap History (20 events):
Event: 2.406 GC heap before
{Heap before GC invocations=4 (full 0):
 garbage-first heap   total 49152K, used 32021K [0x0000000702600000, 0x0000000800000000)
  region size 2048K, 14 young (28672K), 2 survivors (4096K)
 Metaspace       used 27414K, committed 27648K, reserved 1114112K
  class space    used 2893K, committed 3008K, reserved 1048576K
}
Event: 2.411 GC heap after
{Heap after GC invocations=5 (full 0):
 garbage-first heap   total 49152K, used 10643K [0x0000000702600000, 0x0000000800000000)
  region size 2048K, 2 young (4096K), 2 survivors (4096K)
 Metaspace       used 27414K, committed 27648K, reserved 1114112K
  class space    used 2893K, committed 3008K, reserved 1048576K
}
Event: 2.484 GC heap before
{Heap before GC invocations=5 (full 0):
 garbage-first heap   total 49152K, used 12691K [0x0000000702600000, 0x0000000800000000)
  region size 2048K, 3 young (6144K), 2 survivors (4096K)
 Metaspace       used 27839K, committed 28096K, reserved 1114112K
  class space    used 2943K, committed 3072K, reserved 1048576K
}
Event: 2.488 GC heap after
{Heap after GC invocations=6 (full 0):
 garbage-first heap   total 49152K, used 11137K [0x0000000702600000, 0x0000000800000000)
  region size 2048K, 1 young (2048K), 1 survivors (2048K)
 Metaspace       used 27839K, committed 28096K, reserved 1114112K
  class space    used 2943K, committed 3072K, reserved 1048576K
}
Event: 5.550 GC heap before
{Heap before GC invocations=6 (full 0):
 garbage-first heap   total 49152K, used 35713K [0x0000000702600000, 0x0000000800000000)
  region size 2048K, 10 young (20480K), 1 survivors (2048K)
 Metaspace       used 32164K, committed 32448K, reserved 1114112K
  class space    used 3434K, committed 3584K, reserved 1048576K
}
Event: 5.553 GC heap after
{Heap after GC invocations=7 (full 0):
 garbage-first heap   total 49152K, used 17784K [0x0000000702600000, 0x0000000800000000)
  region size 2048K, 1 young (2048K), 1 survivors (2048K)
 Metaspace       used 32164K, committed 32448K, reserved 1114112K
  class space    used 3434K, committed 3584K, reserved 1048576K
}
Event: 5.799 GC heap before
{Heap before GC invocations=7 (full 0):
 garbage-first heap   total 49152K, used 32120K [0x0000000702600000, 0x0000000800000000)
  region size 2048K, 8 young (16384K), 1 survivors (2048K)
 Metaspace       used 34451K, committed 34688K, reserved 1114112K
  class space    used 3723K, committed 3840K, reserved 1048576K
}
Event: 5.802 GC heap after
{Heap after GC invocations=8 (full 0):
 garbage-first heap   total 49152K, used 18833K [0x0000000702600000, 0x0000000800000000)
  region size 2048K, 1 young (2048K), 1 survivors (2048K)
 Metaspace       used 34451K, committed 34688K, reserved 1114112K
  class space    used 3723K, committed 3840K, reserved 1048576K
}
Event: 5.981 GC heap before
{Heap before GC invocations=8 (full 0):
 garbage-first heap   total 49152K, used 27025K [0x0000000702600000, 0x0000000800000000)
  region size 2048K, 6 young (12288K), 1 survivors (2048K)
 Metaspace       used 35908K, committed 36096K, reserved 1114112K
  class space    used 3924K, committed 4032K, reserved 1048576K
}
Event: 5.985 GC heap after
{Heap after GC invocations=9 (full 0):
 garbage-first heap   total 49152K, used 19718K [0x0000000702600000, 0x0000000800000000)
  region size 2048K, 1 young (2048K), 1 survivors (2048K)
 Metaspace       used 35908K, committed 36096K, reserved 1114112K
  class space    used 3924K, committed 4032K, reserved 1048576K
}
Event: 6.312 GC heap before
{Heap before GC invocations=10 (full 0):
 garbage-first heap   total 49152K, used 32006K [0x0000000702600000, 0x0000000800000000)
  region size 2048K, 8 young (16384K), 1 survivors (2048K)
 Metaspace       used 39604K, committed 39808K, reserved 1114112K
  class space    used 4348K, committed 4416K, reserved 1048576K
}
Event: 6.315 GC heap after
{Heap after GC invocations=11 (full 0):
 garbage-first heap   total 49152K, used 20271K [0x0000000702600000, 0x0000000800000000)
  region size 2048K, 1 young (2048K), 1 survivors (2048K)
 Metaspace       used 39604K, committed 39808K, reserved 1114112K
  class space    used 4348K, committed 4416K, reserved 1048576K
}
Event: 6.657 GC heap before
{Heap before GC invocations=11 (full 0):
 garbage-first heap   total 49152K, used 32559K [0x0000000702600000, 0x0000000800000000)
  region size 2048K, 8 young (16384K), 1 survivors (2048K)
 Metaspace       used 41863K, committed 42112K, reserved 1114112K
  class space    used 4626K, committed 4736K, reserved 1048576K
}
Event: 6.659 GC heap after
{Heap after GC invocations=12 (full 0):
 garbage-first heap   total 49152K, used 21101K [0x0000000702600000, 0x0000000800000000)
  region size 2048K, 1 young (2048K), 1 survivors (2048K)
 Metaspace       used 41863K, committed 42112K, reserved 1114112K
  class space    used 4626K, committed 4736K, reserved 1048576K
}
Event: 12.545 GC heap before
{Heap before GC invocations=12 (full 0):
 garbage-first heap   total 49152K, used 41581K [0x0000000702600000, 0x0000000800000000)
  region size 2048K, 8 young (16384K), 1 survivors (2048K)
 Metaspace       used 42777K, committed 43008K, reserved 1114112K
  class space    used 4642K, committed 4736K, reserved 1048576K
}
Event: 12.549 GC heap after
{Heap after GC invocations=13 (full 0):
 garbage-first heap   total 49152K, used 30435K [0x0000000702600000, 0x0000000800000000)
  region size 2048K, 1 young (2048K), 1 survivors (2048K)
 Metaspace       used 42777K, committed 43008K, reserved 1114112K
  class space    used 4642K, committed 4736K, reserved 1048576K
}
Event: 16.794 GC heap before
{Heap before GC invocations=13 (full 0):
 garbage-first heap   total 49152K, used 38627K [0x0000000702600000, 0x0000000800000000)
  region size 2048K, 5 young (10240K), 1 survivors (2048K)
 Metaspace       used 42855K, committed 43072K, reserved 1114112K
  class space    used 4643K, committed 4736K, reserved 1048576K
}
Event: 16.798 GC heap after
{Heap after GC invocations=14 (full 0):
 garbage-first heap   total 49152K, used 30519K [0x0000000702600000, 0x0000000800000000)
  region size 2048K, 1 young (2048K), 1 survivors (2048K)
 Metaspace       used 42855K, committed 43072K, reserved 1114112K
  class space    used 4643K, committed 4736K, reserved 1048576K
}
Event: 21.403 GC heap before
{Heap before GC invocations=15 (full 0):
 garbage-first heap   total 49152K, used 32567K [0x0000000702600000, 0x0000000800000000)
  region size 2048K, 5 young (10240K), 1 survivors (2048K)
 Metaspace       used 42855K, committed 43136K, reserved 1114112K
  class space    used 4643K, committed 4800K, reserved 1048576K
}
Event: 21.404 GC heap after
{Heap after GC invocations=16 (full 0):
 garbage-first heap   total 49152K, used 24261K [0x0000000702600000, 0x0000000800000000)
  region size 2048K, 1 young (2048K), 1 survivors (2048K)
 Metaspace       used 42855K, committed 43136K, reserved 1114112K
  class space    used 4643K, committed 4800K, reserved 1048576K
}

