# JRE version: OpenJDK Runtime Environment Corretto-17.0.7.7.1 (17.0.7+7) (build 17.0.7+7-LTS)
# Java VM: OpenJDK 64-Bit Server VM Corretto-17.0.7.7.1 (17.0.7+7-LTS, mixed mode, sharing, tiered, compressed oops, compressed class ptrs, g1 gc, windows-amd64)
GC Precious Log:
 CPUs: 4 total, 4 available
 Memory: 16224M
 Large Page Support: Disabled
 NUMA Support: Disabled
 Compressed Oops: Enabled (Zero based)
 Heap Region Size: 2M
 Heap Min Capacity: 8M
 Heap Initial Capacity: 254M
 Heap Max Capacity: 4058M
 Pre-touch: Disabled
 Parallel Workers: 4
 Concurrent Workers: 1
 Concurrent Refinement Workers: 4
 Periodic GC: Disabled
Heap:
 garbage-first heap   total 155648K, used 52076K [0x0000000702600000, 0x0000000800000000)
  region size 2048K, 14 young (28672K), 2 survivors (4096K)
 Metaspace       used 34243K, committed 34432K, reserved 1114112K
  class space    used 3739K, committed 3840K, reserved 1048576K
GC Heap History (18 events):
Event: 0.787 GC heap before
{Heap before GC invocations=0 (full 0):
 garbage-first heap   total 260096K, used 12288K [0x0000000702600000, 0x0000000800000000)
  region size 2048K, 6 young (12288K), 0 survivors (0K)
 Metaspace       used 1761K, committed 1856K, reserved 1114112K
  class space    used 158K, committed 192K, reserved 1048576K
}
Event: 0.797 GC heap after
{Heap after GC invocations=1 (full 0):
 garbage-first heap   total 260096K, used 7177K [0x0000000702600000, 0x0000000800000000)
  region size 2048K, 1 young (2048K), 1 survivors (2048K)
 Metaspace       used 1761K, committed 1856K, reserved 1114112K
  class space    used 158K, committed 192K, reserved 1048576K
}
Event: 1.564 GC heap before
{Heap before GC invocations=1 (full 0):
 garbage-first heap   total 260096K, used 15369K [0x0000000702600000, 0x0000000800000000)
  region size 2048K, 6 young (12288K), 1 survivors (2048K)
 Metaspace       used 5865K, committed 6016K, reserved 1114112K
  class space    used 462K, committed 512K, reserved 1048576K
}
Event: 1.567 GC heap after
{Heap after GC invocations=2 (full 0):
 garbage-first heap   total 260096K, used 8139K [0x0000000702600000, 0x0000000800000000)
  region size 2048K, 1 young (2048K), 1 survivors (2048K)
 Metaspace       used 5865K, committed 6016K, reserved 1114112K
  class space    used 462K, committed 512K, reserved 1048576K
}
Event: 3.234 GC heap before
{Heap before GC invocations=2 (full 0):
 garbage-first heap   total 260096K, used 34763K [0x0000000702600000, 0x0000000800000000)
  region size 2048K, 14 young (28672K), 1 survivors (2048K)
 Metaspace       used 14065K, committed 14272K, reserved 1114112K
  class space    used 1445K, committed 1536K, reserved 1048576K
}
Event: 3.239 GC heap after
{Heap after GC invocations=3 (full 0):
 garbage-first heap   total 260096K, used 9676K [0x0000000702600000, 0x0000000800000000)
  region size 2048K, 2 young (4096K), 2 survivors (4096K)
 Metaspace       used 14065K, committed 14272K, reserved 1114112K
  class space    used 1445K, committed 1536K, reserved 1048576K
}
Event: 5.084 GC heap before
{Heap before GC invocations=3 (full 0):
 garbage-first heap   total 260096K, used 46540K [0x0000000702600000, 0x0000000800000000)
  region size 2048K, 21 young (43008K), 2 survivors (4096K)
 Metaspace       used 21304K, committed 21504K, reserved 1114112K
  class space    used 2274K, committed 2368K, reserved 1048576K
}
Event: 5.091 GC heap after
{Heap after GC invocations=4 (full 0):
 garbage-first heap   total 260096K, used 11247K [0x0000000702600000, 0x0000000800000000)
  region size 2048K, 2 young (4096K), 2 survivors (4096K)
 Metaspace       used 21304K, committed 21504K, reserved 1114112K
  class space    used 2274K, committed 2368K, reserved 1048576K
}
Event: 7.202 GC heap before
{Heap before GC invocations=5 (full 0):
 garbage-first heap   total 49152K, used 37871K [0x0000000702600000, 0x0000000800000000)
  region size 2048K, 10 young (20480K), 2 survivors (4096K)
 Metaspace       used 24068K, committed 24320K, reserved 1114112K
  class space    used 2599K, committed 2752K, reserved 1048576K
}
Event: 7.210 GC heap after
{Heap after GC invocations=6 (full 0):
 garbage-first heap   total 49152K, used 23901K [0x0000000702600000, 0x0000000800000000)
  region size 2048K, 1 young (2048K), 1 survivors (2048K)
 Metaspace       used 24068K, committed 24320K, reserved 1114112K
  class space    used 2599K, committed 2752K, reserved 1048576K
}
Event: 7.251 GC heap before
{Heap before GC invocations=6 (full 0):
 garbage-first heap   total 49152K, used 25949K [0x0000000702600000, 0x0000000800000000)
  region size 2048K, 2 young (4096K), 1 survivors (2048K)
 Metaspace       used 24380K, committed 24576K, reserved 1114112K
  class space    used 2645K, committed 2752K, reserved 1048576K
}
Event: 7.255 GC heap after
{Heap after GC invocations=7 (full 0):
 garbage-first heap   total 49152K, used 17987K [0x0000000702600000, 0x0000000800000000)
  region size 2048K, 1 young (2048K), 1 survivors (2048K)
 Metaspace       used 24380K, committed 24576K, reserved 1114112K
  class space    used 2645K, committed 2752K, reserved 1048576K
}
Event: 7.549 GC heap before
{Heap before GC invocations=7 (full 0):
 garbage-first heap   total 49152K, used 32323K [0x0000000702600000, 0x0000000800000000)
  region size 2048K, 8 young (16384K), 1 survivors (2048K)
 Metaspace       used 26732K, committed 26880K, reserved 1114112K
  class space    used 2940K, committed 3008K, reserved 1048576K
}
Event: 7.552 GC heap after
{Heap after GC invocations=8 (full 0):
 garbage-first heap   total 49152K, used 18927K [0x0000000702600000, 0x0000000800000000)
  region size 2048K, 1 young (2048K), 1 survivors (2048K)
 Metaspace       used 26732K, committed 26880K, reserved 1114112K
  class space    used 2940K, committed 3008K, reserved 1048576K
}
Event: 7.994 GC heap before
{Heap before GC invocations=8 (full 0):
 garbage-first heap   total 49152K, used 35311K [0x0000000702600000, 0x0000000800000000)
  region size 2048K, 9 young (18432K), 1 survivors (2048K)
 Metaspace       used 30026K, committed 30272K, reserved 1114112K
  class space    used 3337K, committed 3456K, reserved 1048576K
}
Event: 8.000 GC heap after
{Heap after GC invocations=9 (full 0):
 garbage-first heap   total 49152K, used 20359K [0x0000000702600000, 0x0000000800000000)
  region size 2048K, 2 young (4096K), 2 survivors (4096K)
 Metaspace       used 30026K, committed 30272K, reserved 1114112K
  class space    used 3337K, committed 3456K, reserved 1048576K
}
Event: 8.409 GC heap before
{Heap before GC invocations=9 (full 0):
 garbage-first heap   total 49152K, used 34695K [0x0000000702600000, 0x0000000800000000)
  region size 2048K, 9 young (18432K), 2 survivors (4096K)
 Metaspace       used 32440K, committed 32640K, reserved 1114112K
  class space    used 3626K, committed 3712K, reserved 1048576K
}
Event: 8.415 GC heap after
{Heap after GC invocations=10 (full 0):
 garbage-first heap   total 155648K, used 21356K [0x0000000702600000, 0x0000000800000000)
  region size 2048K, 2 young (4096K), 2 survivors (4096K)
 Metaspace       used 32440K, committed 32640K, reserved 1114112K
  class space    used 3626K, committed 3712K, reserved 1048576K
}

