# JRE version: OpenJDK Runtime Environment Corretto-17.0.7.7.1 (17.0.7+7) (build 17.0.7+7-LTS)
# Java VM: OpenJDK 64-Bit Server VM Corretto-17.0.7.7.1 (17.0.7+7-LTS, mixed mode, sharing, tiered, compressed oops, compressed class ptrs, g1 gc, windows-amd64)
GC Precious Log:
 CPUs: 4 total, 4 available
 Memory: 16224M
 Large Page Support: Disabled
 NUMA Support: Disabled
 Compressed Oops: Enabled (Zero based)
 Heap Region Size: 2M
 Heap Min Capacity: 8M
 Heap Initial Capacity: 254M
 Heap Max Capacity: 4058M
 Pre-touch: Disabled
 Parallel Workers: 4
 Concurrent Workers: 1
 Concurrent Refinement Workers: 4
 Periodic GC: Disabled
Heap:
 garbage-first heap   total 90112K, used 48645K [0x0000000702600000, 0x0000000800000000)
  region size 2048K, 13 young (26624K), 0 survivors (0K)
 Metaspace       used 35321K, committed 35584K, reserved 1114112K
  class space    used 3767K, committed 3904K, reserved 1048576K
GC Heap History (20 events):
Event: 6.638 GC heap before
{Heap before GC invocations=10 (full 0):
 garbage-first heap   total 49152K, used 24965K [0x0000000702600000, 0x0000000800000000)
  region size 2048K, 4 young (8192K), 1 survivors (2048K)
 Metaspace       used 33112K, committed 33280K, reserved 1114112K
  class space    used 3693K, committed 3776K, reserved 1048576K
}
Event: 6.640 GC heap after
{Heap after GC invocations=11 (full 0):
 garbage-first heap   total 49152K, used 21282K [0x0000000702600000, 0x0000000800000000)
  region size 2048K, 1 young (2048K), 1 survivors (2048K)
 Metaspace       used 33112K, committed 33280K, reserved 1114112K
  class space    used 3693K, committed 3776K, reserved 1048576K
}
Event: 11.499 GC heap before
{Heap before GC invocations=11 (full 0):
 garbage-first heap   total 49152K, used 41762K [0x0000000702600000, 0x0000000800000000)
  region size 2048K, 8 young (16384K), 1 survivors (2048K)
 Metaspace       used 33975K, committed 34240K, reserved 1114112K
  class space    used 3705K, committed 3840K, reserved 1048576K
}
Event: 11.504 GC heap after
{Heap after GC invocations=12 (full 0):
 garbage-first heap   total 49152K, used 30915K [0x0000000702600000, 0x0000000800000000)
  region size 2048K, 1 young (2048K), 1 survivors (2048K)
 Metaspace       used 33975K, committed 34240K, reserved 1114112K
  class space    used 3705K, committed 3840K, reserved 1048576K
}
Event: 14.097 GC heap before
{Heap before GC invocations=12 (full 0):
 garbage-first heap   total 49152K, used 37059K [0x0000000702600000, 0x0000000800000000)
  region size 2048K, 4 young (8192K), 1 survivors (2048K)
 Metaspace       used 34038K, committed 34304K, reserved 1114112K
  class space    used 3705K, committed 3840K, reserved 1048576K
}
Event: 14.101 GC heap after
{Heap after GC invocations=13 (full 0):
 garbage-first heap   total 49152K, used 31150K [0x0000000702600000, 0x0000000800000000)
  region size 2048K, 1 young (2048K), 1 survivors (2048K)
 Metaspace       used 34038K, committed 34304K, reserved 1114112K
  class space    used 3705K, committed 3840K, reserved 1048576K
}
Event: 16.560 GC heap before
{Heap before GC invocations=14 (full 0):
 garbage-first heap   total 51200K, used 31150K [0x0000000702600000, 0x0000000800000000)
  region size 2048K, 4 young (8192K), 1 survivors (2048K)
 Metaspace       used 34498K, committed 34688K, reserved 1114112K
  class space    used 3733K, committed 3840K, reserved 1048576K
}
Event: 16.569 GC heap after
{Heap after GC invocations=15 (full 0):
 garbage-first heap   total 51200K, used 25852K [0x0000000702600000, 0x0000000800000000)
  region size 2048K, 1 young (2048K), 1 survivors (2048K)
 Metaspace       used 34498K, committed 34688K, reserved 1114112K
  class space    used 3733K, committed 3840K, reserved 1048576K
}
Event: 21.866 GC heap before
{Heap before GC invocations=15 (full 0):
 garbage-first heap   total 51200K, used 36092K [0x0000000702600000, 0x0000000800000000)
  region size 2048K, 6 young (12288K), 1 survivors (2048K)
 Metaspace       used 35077K, committed 35328K, reserved 1114112K
  class space    used 3760K, committed 3904K, reserved 1048576K
}
Event: 21.871 GC heap after
{Heap after GC invocations=16 (full 0):
 garbage-first heap   total 51200K, used 27308K [0x0000000702600000, 0x0000000800000000)
  region size 2048K, 1 young (2048K), 1 survivors (2048K)
 Metaspace       used 35077K, committed 35328K, reserved 1114112K
  class space    used 3760K, committed 3904K, reserved 1048576K
}
Event: 26.320 GC heap before
{Heap before GC invocations=17 (full 0):
 garbage-first heap   total 51200K, used 37548K [0x0000000702600000, 0x0000000800000000)
  region size 2048K, 6 young (12288K), 1 survivors (2048K)
 Metaspace       used 35097K, committed 35392K, reserved 1114112K
  class space    used 3760K, committed 3904K, reserved 1048576K
}
Event: 26.324 GC heap after
{Heap after GC invocations=18 (full 0):
 garbage-first heap   total 155648K, used 27442K [0x0000000702600000, 0x0000000800000000)
  region size 2048K, 1 young (2048K), 1 survivors (2048K)
 Metaspace       used 35097K, committed 35392K, reserved 1114112K
  class space    used 3760K, committed 3904K, reserved 1048576K
}
Event: 28.195 GC heap before
{Heap before GC invocations=18 (full 0):
 garbage-first heap   total 155648K, used 31538K [0x0000000702600000, 0x0000000800000000)
  region size 2048K, 3 young (6144K), 1 survivors (2048K)
 Metaspace       used 35103K, committed 35392K, reserved 1114112K
  class space    used 3760K, committed 3904K, reserved 1048576K
}
Event: 28.199 GC heap after
{Heap after GC invocations=19 (full 0):
 garbage-first heap   total 155648K, used 26754K [0x0000000702600000, 0x0000000800000000)
  region size 2048K, 1 young (2048K), 1 survivors (2048K)
 Metaspace       used 35103K, committed 35392K, reserved 1114112K
  class space    used 3760K, committed 3904K, reserved 1048576K
}
Event: 31.437 GC heap before
{Heap before GC invocations=19 (full 0):
 garbage-first heap   total 155648K, used 34946K [0x0000000702600000, 0x0000000800000000)
  region size 2048K, 6 young (12288K), 1 survivors (2048K)
 Metaspace       used 35205K, committed 35456K, reserved 1114112K
  class space    used 3761K, committed 3904K, reserved 1048576K
}
Event: 31.464 GC heap after
{Heap after GC invocations=20 (full 1):
 garbage-first heap   total 90112K, used 24033K [0x0000000702600000, 0x0000000800000000)
  region size 2048K, 0 young (0K), 0 survivors (0K)
 Metaspace       used 35205K, committed 35456K, reserved 1114112K
  class space    used 3761K, committed 3904K, reserved 1048576K
}
Event: 51.631 GC heap before
{Heap before GC invocations=20 (full 1):
 garbage-first heap   total 90112K, used 62945K [0x0000000702600000, 0x0000000800000000)
  region size 2048K, 19 young (38912K), 0 survivors (0K)
 Metaspace       used 35251K, committed 35456K, reserved 1114112K
  class space    used 3761K, committed 3904K, reserved 1048576K
}
Event: 51.633 GC heap after
{Heap after GC invocations=21 (full 1):
 garbage-first heap   total 90112K, used 24315K [0x0000000702600000, 0x0000000800000000)
  region size 2048K, 1 young (2048K), 1 survivors (2048K)
 Metaspace       used 35251K, committed 35456K, reserved 1114112K
  class space    used 3761K, committed 3904K, reserved 1048576K
}
Event: 61.472 GC heap before
{Heap before GC invocations=21 (full 1):
 garbage-first heap   total 90112K, used 44795K [0x0000000702600000, 0x0000000800000000)
  region size 2048K, 12 young (24576K), 1 survivors (2048K)
 Metaspace       used 35273K, committed 35520K, reserved 1114112K
  class space    used 3762K, committed 3904K, reserved 1048576K
}
Event: 61.500 GC heap after
{Heap after GC invocations=22 (full 2):
 garbage-first heap   total 90112K, used 24069K [0x0000000702600000, 0x0000000800000000)
  region size 2048K, 0 young (0K), 0 survivors (0K)
 Metaspace       used 35273K, committed 35520K, reserved 1114112K
  class space    used 3762K, committed 3904K, reserved 1048576K
}

