# JRE version: OpenJDK Runtime Environment Corretto-17.0.7.7.1 (17.0.7+7) (build 17.0.7+7-LTS)
# Java VM: OpenJDK 64-Bit Server VM Corretto-17.0.7.7.1 (17.0.7+7-LTS, mixed mode, sharing, tiered, compressed oops, compressed class ptrs, g1 gc, windows-amd64)
GC Precious Log:
 CPUs: 4 total, 4 available
 Memory: 16224M
 Large Page Support: Disabled
 NUMA Support: Disabled
 Compressed Oops: Enabled (Zero based)
 Heap Region Size: 2M
 Heap Min Capacity: 8M
 Heap Initial Capacity: 254M
 Heap Max Capacity: 4058M
 Pre-touch: Disabled
 Parallel Workers: 4
 Concurrent Workers: 1
 Concurrent Refinement Workers: 4
 Periodic GC: Disabled
Heap:
 garbage-first heap   total 59392K, used 31495K [0x0000000702600000, 0x0000000800000000)
  region size 2048K, 5 young (10240K), 1 survivors (2048K)
 Metaspace       used 34995K, committed 35200K, reserved 1114112K
  class space    used 3740K, committed 3840K, reserved 1048576K
GC Heap History (20 events):
Event: 462.901 GC heap before
{Heap before GC invocations=153 (full 15):
 garbage-first heap   total 59392K, used 47816K [0x0000000702600000, 0x0000000800000000)
  region size 2048K, 12 young (24576K), 1 survivors (2048K)
 Metaspace       used 34972K, committed 35200K, reserved 1114112K
  class space    used 3737K, committed 3840K, reserved 1048576K
}
Event: 462.902 GC heap after
{Heap after GC invocations=154 (full 15):
 garbage-first heap   total 59392K, used 25296K [0x0000000702600000, 0x0000000800000000)
  region size 2048K, 1 young (2048K), 1 survivors (2048K)
 Metaspace       used 34972K, committed 35200K, reserved 1114112K
  class space    used 3737K, committed 3840K, reserved 1048576K
}
Event: 466.280 GC heap before
{Heap before GC invocations=154 (full 15):
 garbage-first heap   total 59392K, used 47824K [0x0000000702600000, 0x0000000800000000)
  region size 2048K, 12 young (24576K), 1 survivors (2048K)
 Metaspace       used 34972K, committed 35200K, reserved 1114112K
  class space    used 3737K, committed 3840K, reserved 1048576K
}
Event: 466.281 GC heap after
{Heap after GC invocations=155 (full 15):
 garbage-first heap   total 59392K, used 25295K [0x0000000702600000, 0x0000000800000000)
  region size 2048K, 1 young (2048K), 1 survivors (2048K)
 Metaspace       used 34972K, committed 35200K, reserved 1114112K
  class space    used 3737K, committed 3840K, reserved 1048576K
}
Event: 469.795 GC heap before
{Heap before GC invocations=155 (full 15):
 garbage-first heap   total 59392K, used 47823K [0x0000000702600000, 0x0000000800000000)
  region size 2048K, 12 young (24576K), 1 survivors (2048K)
 Metaspace       used 34972K, committed 35200K, reserved 1114112K
  class space    used 3737K, committed 3840K, reserved 1048576K
}
Event: 469.796 GC heap after
{Heap after GC invocations=156 (full 15):
 garbage-first heap   total 59392K, used 25302K [0x0000000702600000, 0x0000000800000000)
  region size 2048K, 1 young (2048K), 1 survivors (2048K)
 Metaspace       used 34972K, committed 35200K, reserved 1114112K
  class space    used 3737K, committed 3840K, reserved 1048576K
}
Event: 473.158 GC heap before
{Heap before GC invocations=156 (full 15):
 garbage-first heap   total 59392K, used 47830K [0x0000000702600000, 0x0000000800000000)
  region size 2048K, 12 young (24576K), 1 survivors (2048K)
 Metaspace       used 34972K, committed 35200K, reserved 1114112K
  class space    used 3737K, committed 3840K, reserved 1048576K
}
Event: 473.159 GC heap after
{Heap after GC invocations=157 (full 15):
 garbage-first heap   total 59392K, used 25319K [0x0000000702600000, 0x0000000800000000)
  region size 2048K, 1 young (2048K), 1 survivors (2048K)
 Metaspace       used 34972K, committed 35200K, reserved 1114112K
  class space    used 3737K, committed 3840K, reserved 1048576K
}
Event: 476.505 GC heap before
{Heap before GC invocations=157 (full 15):
 garbage-first heap   total 59392K, used 47847K [0x0000000702600000, 0x0000000800000000)
  region size 2048K, 12 young (24576K), 1 survivors (2048K)
 Metaspace       used 34972K, committed 35200K, reserved 1114112K
  class space    used 3737K, committed 3840K, reserved 1048576K
}
Event: 476.506 GC heap after
{Heap after GC invocations=158 (full 15):
 garbage-first heap   total 59392K, used 25327K [0x0000000702600000, 0x0000000800000000)
  region size 2048K, 1 young (2048K), 1 survivors (2048K)
 Metaspace       used 34972K, committed 35200K, reserved 1114112K
  class space    used 3737K, committed 3840K, reserved 1048576K
}
Event: 479.854 GC heap before
{Heap before GC invocations=158 (full 15):
 garbage-first heap   total 59392K, used 47855K [0x0000000702600000, 0x0000000800000000)
  region size 2048K, 12 young (24576K), 1 survivors (2048K)
 Metaspace       used 34972K, committed 35200K, reserved 1114112K
  class space    used 3737K, committed 3840K, reserved 1048576K
}
Event: 479.857 GC heap after
{Heap after GC invocations=159 (full 15):
 garbage-first heap   total 59392K, used 25327K [0x0000000702600000, 0x0000000800000000)
  region size 2048K, 1 young (2048K), 1 survivors (2048K)
 Metaspace       used 34972K, committed 35200K, reserved 1114112K
  class space    used 3737K, committed 3840K, reserved 1048576K
}
Event: 482.030 GC heap before
{Heap before GC invocations=159 (full 15):
 garbage-first heap   total 59392K, used 39663K [0x0000000702600000, 0x0000000800000000)
  region size 2048K, 9 young (18432K), 1 survivors (2048K)
 Metaspace       used 34972K, committed 35200K, reserved 1114112K
  class space    used 3737K, committed 3840K, reserved 1048576K
}
Event: 482.064 GC heap after
{Heap after GC invocations=160 (full 16):
 garbage-first heap   total 59392K, used 25187K [0x0000000702600000, 0x0000000800000000)
  region size 2048K, 0 young (0K), 0 survivors (0K)
 Metaspace       used 34972K, committed 35200K, reserved 1114112K
  class space    used 3737K, committed 3840K, reserved 1048576K
}
Event: 485.731 GC heap before
{Heap before GC invocations=160 (full 16):
 garbage-first heap   total 59392K, used 49763K [0x0000000702600000, 0x0000000800000000)
  region size 2048K, 12 young (24576K), 0 survivors (0K)
 Metaspace       used 34972K, committed 35200K, reserved 1114112K
  class space    used 3737K, committed 3840K, reserved 1048576K
}
Event: 485.732 GC heap after
{Heap after GC invocations=161 (full 16):
 garbage-first heap   total 59392K, used 25355K [0x0000000702600000, 0x0000000800000000)
  region size 2048K, 1 young (2048K), 1 survivors (2048K)
 Metaspace       used 34972K, committed 35200K, reserved 1114112K
  class space    used 3737K, committed 3840K, reserved 1048576K
}
Event: 489.711 GC heap before
{Heap before GC invocations=161 (full 16):
 garbage-first heap   total 59392K, used 47883K [0x0000000702600000, 0x0000000800000000)
  region size 2048K, 12 young (24576K), 1 survivors (2048K)
 Metaspace       used 34972K, committed 35200K, reserved 1114112K
  class space    used 3737K, committed 3840K, reserved 1048576K
}
Event: 489.712 GC heap after
{Heap after GC invocations=162 (full 16):
 garbage-first heap   total 59392K, used 25343K [0x0000000702600000, 0x0000000800000000)
  region size 2048K, 1 young (2048K), 1 survivors (2048K)
 Metaspace       used 34972K, committed 35200K, reserved 1114112K
  class space    used 3737K, committed 3840K, reserved 1048576K
}
Event: 493.107 GC heap before
{Heap before GC invocations=162 (full 16):
 garbage-first heap   total 59392K, used 47871K [0x0000000702600000, 0x0000000800000000)
  region size 2048K, 12 young (24576K), 1 survivors (2048K)
 Metaspace       used 34972K, committed 35200K, reserved 1114112K
  class space    used 3737K, committed 3840K, reserved 1048576K
}
Event: 493.108 GC heap after
{Heap after GC invocations=163 (full 16):
 garbage-first heap   total 59392K, used 25351K [0x0000000702600000, 0x0000000800000000)
  region size 2048K, 1 young (2048K), 1 survivors (2048K)
 Metaspace       used 34972K, committed 35200K, reserved 1114112K
  class space    used 3737K, committed 3840K, reserved 1048576K
}

