# JRE version: OpenJDK Runtime Environment Corretto-17.0.7.7.1 (17.0.7+7) (build 17.0.7+7-LTS)
# Java VM: OpenJDK 64-Bit Server VM Corretto-17.0.7.7.1 (17.0.7+7-LTS, mixed mode, sharing, tiered, compressed oops, compressed class ptrs, g1 gc, windows-amd64)
GC Precious Log:
 CPUs: 4 total, 4 available
 Memory: 16224M
 Large Page Support: Disabled
 NUMA Support: Disabled
 Compressed Oops: Enabled (Zero based)
 Heap Region Size: 2M
 Heap Min Capacity: 8M
 Heap Initial Capacity: 254M
 Heap Max Capacity: 4058M
 Pre-touch: Disabled
 Parallel Workers: 4
 Concurrent Workers: 1
 Concurrent Refinement Workers: 4
 Periodic GC: Disabled
Heap:
 garbage-first heap   total 81920K, used 63275K [0x0000000702600000, 0x0000000800000000)
  region size 2048K, 21 young (43008K), 1 survivors (2048K)
 Metaspace       used 35008K, committed 35200K, reserved 1114112K
  class space    used 3750K, committed 3840K, reserved 1048576K
GC Heap History (20 events):
Event: 32.048 GC heap before
{Heap before GC invocations=12 (full 0):
 garbage-first heap   total 155648K, used 41617K [0x0000000702600000, 0x0000000800000000)
  region size 2048K, 8 young (16384K), 2 survivors (4096K)
 Metaspace       used 34951K, committed 35136K, reserved 1114112K
  class space    used 3745K, committed 3840K, reserved 1048576K
}
Event: 32.076 GC heap after
{Heap after GC invocations=13 (full 1):
 garbage-first heap   total 81920K, used 24147K [0x0000000702600000, 0x0000000800000000)
  region size 2048K, 0 young (0K), 0 survivors (0K)
 Metaspace       used 34951K, committed 35136K, reserved 1114112K
  class space    used 3745K, committed 3840K, reserved 1048576K
}
Event: 41.151 GC heap before
{Heap before GC invocations=13 (full 1):
 garbage-first heap   total 81920K, used 63059K [0x0000000702600000, 0x0000000800000000)
  region size 2048K, 19 young (38912K), 0 survivors (0K)
 Metaspace       used 34961K, committed 35136K, reserved 1114112K
  class space    used 3745K, committed 3840K, reserved 1048576K
}
Event: 41.152 GC heap after
{Heap after GC invocations=14 (full 1):
 garbage-first heap   total 81920K, used 24573K [0x0000000702600000, 0x0000000800000000)
  region size 2048K, 1 young (2048K), 1 survivors (2048K)
 Metaspace       used 34961K, committed 35136K, reserved 1114112K
  class space    used 3745K, committed 3840K, reserved 1048576K
}
Event: 49.061 GC heap before
{Heap before GC invocations=14 (full 1):
 garbage-first heap   total 81920K, used 63485K [0x0000000702600000, 0x0000000800000000)
  region size 2048K, 20 young (40960K), 1 survivors (2048K)
 Metaspace       used 34963K, committed 35136K, reserved 1114112K
  class space    used 3745K, committed 3840K, reserved 1048576K
}
Event: 49.062 GC heap after
{Heap after GC invocations=15 (full 1):
 garbage-first heap   total 81920K, used 24408K [0x0000000702600000, 0x0000000800000000)
  region size 2048K, 1 young (2048K), 1 survivors (2048K)
 Metaspace       used 34963K, committed 35136K, reserved 1114112K
  class space    used 3745K, committed 3840K, reserved 1048576K
}
Event: 57.403 GC heap before
{Heap before GC invocations=15 (full 1):
 garbage-first heap   total 81920K, used 65368K [0x0000000702600000, 0x0000000800000000)
  region size 2048K, 21 young (43008K), 1 survivors (2048K)
 Metaspace       used 34969K, committed 35136K, reserved 1114112K
  class space    used 3745K, committed 3840K, reserved 1048576K
}
Event: 57.404 GC heap after
{Heap after GC invocations=16 (full 1):
 garbage-first heap   total 81920K, used 24373K [0x0000000702600000, 0x0000000800000000)
  region size 2048K, 1 young (2048K), 1 survivors (2048K)
 Metaspace       used 34969K, committed 35136K, reserved 1114112K
  class space    used 3745K, committed 3840K, reserved 1048576K
}
Event: 62.088 GC heap before
{Heap before GC invocations=16 (full 1):
 garbage-first heap   total 81920K, used 46901K [0x0000000702600000, 0x0000000800000000)
  region size 2048K, 13 young (26624K), 1 survivors (2048K)
 Metaspace       used 34969K, committed 35136K, reserved 1114112K
  class space    used 3745K, committed 3840K, reserved 1048576K
}
Event: 62.117 GC heap after
{Heap after GC invocations=17 (full 2):
 garbage-first heap   total 81920K, used 24220K [0x0000000702600000, 0x0000000800000000)
  region size 2048K, 0 young (0K), 0 survivors (0K)
 Metaspace       used 34969K, committed 35136K, reserved 1114112K
  class space    used 3745K, committed 3840K, reserved 1048576K
}
Event: 71.325 GC heap before
{Heap before GC invocations=17 (full 2):
 garbage-first heap   total 81920K, used 67228K [0x0000000702600000, 0x0000000800000000)
  region size 2048K, 21 young (43008K), 0 survivors (0K)
 Metaspace       used 34979K, committed 35200K, reserved 1114112K
  class space    used 3745K, committed 3840K, reserved 1048576K
}
Event: 71.327 GC heap after
{Heap after GC invocations=18 (full 2):
 garbage-first heap   total 81920K, used 24395K [0x0000000702600000, 0x0000000800000000)
  region size 2048K, 1 young (2048K), 1 survivors (2048K)
 Metaspace       used 34979K, committed 35200K, reserved 1114112K
  class space    used 3745K, committed 3840K, reserved 1048576K
}
Event: 80.521 GC heap before
{Heap before GC invocations=18 (full 2):
 garbage-first heap   total 81920K, used 67403K [0x0000000702600000, 0x0000000800000000)
  region size 2048K, 22 young (45056K), 1 survivors (2048K)
 Metaspace       used 34981K, committed 35200K, reserved 1114112K
  class space    used 3745K, committed 3840K, reserved 1048576K
}
Event: 80.522 GC heap after
{Heap after GC invocations=19 (full 2):
 garbage-first heap   total 81920K, used 24402K [0x0000000702600000, 0x0000000800000000)
  region size 2048K, 1 young (2048K), 1 survivors (2048K)
 Metaspace       used 34981K, committed 35200K, reserved 1114112K
  class space    used 3745K, committed 3840K, reserved 1048576K
}
Event: 89.842 GC heap before
{Heap before GC invocations=19 (full 2):
 garbage-first heap   total 81920K, used 67410K [0x0000000702600000, 0x0000000800000000)
  region size 2048K, 22 young (45056K), 1 survivors (2048K)
 Metaspace       used 34981K, committed 35200K, reserved 1114112K
  class space    used 3745K, committed 3840K, reserved 1048576K
}
Event: 89.843 GC heap after
{Heap after GC invocations=20 (full 2):
 garbage-first heap   total 81920K, used 24436K [0x0000000702600000, 0x0000000800000000)
  region size 2048K, 1 young (2048K), 1 survivors (2048K)
 Metaspace       used 34981K, committed 35200K, reserved 1114112K
  class space    used 3745K, committed 3840K, reserved 1048576K
}
Event: 92.127 GC heap before
{Heap before GC invocations=20 (full 2):
 garbage-first heap   total 81920K, used 34676K [0x0000000702600000, 0x0000000800000000)
  region size 2048K, 7 young (14336K), 1 survivors (2048K)
 Metaspace       used 34981K, committed 35200K, reserved 1114112K
  class space    used 3745K, committed 3840K, reserved 1048576K
}
Event: 92.156 GC heap after
{Heap after GC invocations=21 (full 3):
 garbage-first heap   total 81920K, used 24193K [0x0000000702600000, 0x0000000800000000)
  region size 2048K, 0 young (0K), 0 survivors (0K)
 Metaspace       used 34981K, committed 35200K, reserved 1114112K
  class space    used 3745K, committed 3840K, reserved 1048576K
}
Event: 101.718 GC heap before
{Heap before GC invocations=21 (full 3):
 garbage-first heap   total 81920K, used 69249K [0x0000000702600000, 0x0000000800000000)
  region size 2048K, 22 young (45056K), 0 survivors (0K)
 Metaspace       used 34981K, committed 35200K, reserved 1114112K
  class space    used 3745K, committed 3840K, reserved 1048576K
}
Event: 101.719 GC heap after
{Heap after GC invocations=22 (full 3):
 garbage-first heap   total 81920K, used 24363K [0x0000000702600000, 0x0000000800000000)
  region size 2048K, 1 young (2048K), 1 survivors (2048K)
 Metaspace       used 34981K, committed 35200K, reserved 1114112K
  class space    used 3745K, committed 3840K, reserved 1048576K
}

