# JRE version: OpenJDK Runtime Environment Corretto-17.0.7.7.1 (17.0.7+7) (build 17.0.7+7-LTS)
# Java VM: OpenJDK 64-Bit Server VM Corretto-17.0.7.7.1 (17.0.7+7-LTS, mixed mode, sharing, tiered, compressed oops, compressed class ptrs, g1 gc, windows-amd64)
GC Precious Log:
 CPUs: 4 total, 4 available
 Memory: 16224M
 Large Page Support: Disabled
 NUMA Support: Disabled
 Compressed Oops: Enabled (Zero based)
 Heap Region Size: 2M
 Heap Min Capacity: 8M
 Heap Initial Capacity: 254M
 Heap Max Capacity: 4058M
 Pre-touch: Disabled
 Parallel Workers: 4
 Concurrent Workers: 1
 Concurrent Refinement Workers: 4
 Periodic GC: Disabled
Heap:
 garbage-first heap   total 155648K, used 71442K [0x0000000702600000, 0x0000000800000000)
  region size 2048K, 24 young (49152K), 2 survivors (4096K)
 Metaspace       used 34329K, committed 34560K, reserved 1114112K
  class space    used 3739K, committed 3840K, reserved 1048576K
GC Heap History (16 events):
Event: 0.472 GC heap before
{Heap before GC invocations=0 (full 0):
 garbage-first heap   total 260096K, used 12288K [0x0000000702600000, 0x0000000800000000)
  region size 2048K, 6 young (12288K), 0 survivors (0K)
 Metaspace       used 1750K, committed 1856K, reserved 1114112K
  class space    used 158K, committed 192K, reserved 1048576K
}
Event: 0.482 GC heap after
{Heap after GC invocations=1 (full 0):
 garbage-first heap   total 260096K, used 7178K [0x0000000702600000, 0x0000000800000000)
  region size 2048K, 1 young (2048K), 1 survivors (2048K)
 Metaspace       used 1750K, committed 1856K, reserved 1114112K
  class space    used 158K, committed 192K, reserved 1048576K
}
Event: 0.800 GC heap before
{Heap before GC invocations=1 (full 0):
 garbage-first heap   total 260096K, used 15370K [0x0000000702600000, 0x0000000800000000)
  region size 2048K, 6 young (12288K), 1 survivors (2048K)
 Metaspace       used 5826K, committed 6016K, reserved 1114112K
  class space    used 467K, committed 576K, reserved 1048576K
}
Event: 0.802 GC heap after
{Heap after GC invocations=2 (full 0):
 garbage-first heap   total 260096K, used 7682K [0x0000000702600000, 0x0000000800000000)
  region size 2048K, 1 young (2048K), 1 survivors (2048K)
 Metaspace       used 5826K, committed 6016K, reserved 1114112K
  class space    used 467K, committed 576K, reserved 1048576K
}
Event: 2.297 GC heap before
{Heap before GC invocations=2 (full 0):
 garbage-first heap   total 260096K, used 36354K [0x0000000702600000, 0x0000000800000000)
  region size 2048K, 15 young (30720K), 1 survivors (2048K)
 Metaspace       used 14778K, committed 14976K, reserved 1114112K
  class space    used 1516K, committed 1600K, reserved 1048576K
}
Event: 2.301 GC heap after
{Heap after GC invocations=3 (full 0):
 garbage-first heap   total 260096K, used 9719K [0x0000000702600000, 0x0000000800000000)
  region size 2048K, 2 young (4096K), 2 survivors (4096K)
 Metaspace       used 14778K, committed 14976K, reserved 1114112K
  class space    used 1516K, committed 1600K, reserved 1048576K
}
Event: 3.493 GC heap before
{Heap before GC invocations=3 (full 0):
 garbage-first heap   total 260096K, used 44535K [0x0000000702600000, 0x0000000800000000)
  region size 2048K, 20 young (40960K), 2 survivors (4096K)
 Metaspace       used 21368K, committed 21504K, reserved 1114112K
  class space    used 2282K, committed 2368K, reserved 1048576K
}
Event: 3.498 GC heap after
{Heap after GC invocations=4 (full 0):
 garbage-first heap   total 260096K, used 11110K [0x0000000702600000, 0x0000000800000000)
  region size 2048K, 2 young (4096K), 2 survivors (4096K)
 Metaspace       used 21368K, committed 21504K, reserved 1114112K
  class space    used 2282K, committed 2368K, reserved 1048576K
}
Event: 5.695 GC heap before
{Heap before GC invocations=5 (full 0):
 garbage-first heap   total 49152K, used 37734K [0x0000000702600000, 0x0000000800000000)
  region size 2048K, 10 young (20480K), 2 survivors (4096K)
 Metaspace       used 24193K, committed 24448K, reserved 1114112K
  class space    used 2618K, committed 2752K, reserved 1048576K
}
Event: 5.701 GC heap after
{Heap after GC invocations=6 (full 0):
 garbage-first heap   total 49152K, used 23958K [0x0000000702600000, 0x0000000800000000)
  region size 2048K, 1 young (2048K), 1 survivors (2048K)
 Metaspace       used 24193K, committed 24448K, reserved 1114112K
  class space    used 2618K, committed 2752K, reserved 1048576K
}
Event: 5.736 GC heap before
{Heap before GC invocations=6 (full 0):
 garbage-first heap   total 49152K, used 26006K [0x0000000702600000, 0x0000000800000000)
  region size 2048K, 2 young (4096K), 1 survivors (2048K)
 Metaspace       used 24540K, committed 24768K, reserved 1114112K
  class space    used 2661K, committed 2752K, reserved 1048576K
}
Event: 5.740 GC heap after
{Heap after GC invocations=7 (full 0):
 garbage-first heap   total 49152K, used 17736K [0x0000000702600000, 0x0000000800000000)
  region size 2048K, 1 young (2048K), 1 survivors (2048K)
 Metaspace       used 24540K, committed 24768K, reserved 1114112K
  class space    used 2661K, committed 2752K, reserved 1048576K
}
Event: 5.968 GC heap before
{Heap before GC invocations=7 (full 0):
 garbage-first heap   total 49152K, used 32072K [0x0000000702600000, 0x0000000800000000)
  region size 2048K, 8 young (16384K), 1 survivors (2048K)
 Metaspace       used 26740K, committed 26880K, reserved 1114112K
  class space    used 2936K, committed 3008K, reserved 1048576K
}
Event: 5.971 GC heap after
{Heap after GC invocations=8 (full 0):
 garbage-first heap   total 49152K, used 18763K [0x0000000702600000, 0x0000000800000000)
  region size 2048K, 1 young (2048K), 1 survivors (2048K)
 Metaspace       used 26740K, committed 26880K, reserved 1114112K
  class space    used 2936K, committed 3008K, reserved 1048576K
}
Event: 6.358 GC heap before
{Heap before GC invocations=8 (full 0):
 garbage-first heap   total 49152K, used 35147K [0x0000000702600000, 0x0000000800000000)
  region size 2048K, 9 young (18432K), 1 survivors (2048K)
 Metaspace       used 30075K, committed 30272K, reserved 1114112K
  class space    used 3338K, committed 3456K, reserved 1048576K
}
Event: 6.363 GC heap after
{Heap after GC invocations=9 (full 0):
 garbage-first heap   total 155648K, used 20242K [0x0000000702600000, 0x0000000800000000)
  region size 2048K, 2 young (4096K), 2 survivors (4096K)
 Metaspace       used 30075K, committed 30272K, reserved 1114112K
  class space    used 3338K, committed 3456K, reserved 1048576K
}

