# JRE version: OpenJDK Runtime Environment Corretto-17.0.7.7.1 (17.0.7+7) (build 17.0.7+7-LTS)
# Java VM: OpenJDK 64-Bit Server VM Corretto-17.0.7.7.1 (17.0.7+7-LTS, mixed mode, sharing, tiered, compressed oops, compressed class ptrs, g1 gc, windows-amd64)
GC Precious Log:
 CPUs: 4 total, 4 available
 Memory: 16224M
 Large Page Support: Disabled
 NUMA Support: Disabled
 Compressed Oops: Enabled (Zero based)
 Heap Region Size: 2M
 Heap Min Capacity: 8M
 Heap Initial Capacity: 254M
 Heap Max Capacity: 4058M
 Pre-touch: Disabled
 Parallel Workers: 4
 Concurrent Workers: 1
 Concurrent Refinement Workers: 4
 Periodic GC: Disabled
Heap:
 garbage-first heap   total 59392K, used 29250K [0x0000000702600000, 0x0000000800000000)
  region size 2048K, 4 young (8192K), 1 survivors (2048K)
 Metaspace       used 35139K, committed 35328K, reserved 1114112K
  class space    used 3753K, committed 3840K, reserved 1048576K
GC Heap History (20 events):
Event: 157.330 GC heap before
{Heap before GC invocations=72 (full 5):
 garbage-first heap   total 59392K, used 47754K [0x0000000702600000, 0x0000000800000000)
  region size 2048K, 12 young (24576K), 1 survivors (2048K)
 Metaspace       used 35113K, committed 35328K, reserved 1114112K
  class space    used 3750K, committed 3840K, reserved 1048576K
}
Event: 157.333 GC heap after
{Heap after GC invocations=73 (full 5):
 garbage-first heap   total 59392K, used 25222K [0x0000000702600000, 0x0000000800000000)
  region size 2048K, 1 young (2048K), 1 survivors (2048K)
 Metaspace       used 35113K, committed 35328K, reserved 1114112K
  class space    used 3750K, committed 3840K, reserved 1048576K
}
Event: 160.111 GC heap before
{Heap before GC invocations=73 (full 5):
 garbage-first heap   total 59392K, used 47750K [0x0000000702600000, 0x0000000800000000)
  region size 2048K, 12 young (24576K), 1 survivors (2048K)
 Metaspace       used 35113K, committed 35328K, reserved 1114112K
  class space    used 3750K, committed 3840K, reserved 1048576K
}
Event: 160.112 GC heap after
{Heap after GC invocations=74 (full 5):
 garbage-first heap   total 59392K, used 25239K [0x0000000702600000, 0x0000000800000000)
  region size 2048K, 1 young (2048K), 1 survivors (2048K)
 Metaspace       used 35113K, committed 35328K, reserved 1114112K
  class space    used 3750K, committed 3840K, reserved 1048576K
}
Event: 162.858 GC heap before
{Heap before GC invocations=74 (full 5):
 garbage-first heap   total 59392K, used 47767K [0x0000000702600000, 0x0000000800000000)
  region size 2048K, 12 young (24576K), 1 survivors (2048K)
 Metaspace       used 35113K, committed 35328K, reserved 1114112K
  class space    used 3750K, committed 3840K, reserved 1048576K
}
Event: 162.860 GC heap after
{Heap after GC invocations=75 (full 5):
 garbage-first heap   total 59392K, used 25251K [0x0000000702600000, 0x0000000800000000)
  region size 2048K, 1 young (2048K), 1 survivors (2048K)
 Metaspace       used 35113K, committed 35328K, reserved 1114112K
  class space    used 3750K, committed 3840K, reserved 1048576K
}
Event: 165.689 GC heap before
{Heap before GC invocations=75 (full 5):
 garbage-first heap   total 59392K, used 47779K [0x0000000702600000, 0x0000000800000000)
  region size 2048K, 12 young (24576K), 1 survivors (2048K)
 Metaspace       used 35113K, committed 35328K, reserved 1114112K
  class space    used 3750K, committed 3840K, reserved 1048576K
}
Event: 165.690 GC heap after
{Heap after GC invocations=76 (full 5):
 garbage-first heap   total 59392K, used 25256K [0x0000000702600000, 0x0000000800000000)
  region size 2048K, 1 young (2048K), 1 survivors (2048K)
 Metaspace       used 35113K, committed 35328K, reserved 1114112K
  class space    used 3750K, committed 3840K, reserved 1048576K
}
Event: 168.470 GC heap before
{Heap before GC invocations=76 (full 5):
 garbage-first heap   total 59392K, used 47784K [0x0000000702600000, 0x0000000800000000)
  region size 2048K, 12 young (24576K), 1 survivors (2048K)
 Metaspace       used 35113K, committed 35328K, reserved 1114112K
  class space    used 3750K, committed 3840K, reserved 1048576K
}
Event: 168.471 GC heap after
{Heap after GC invocations=77 (full 5):
 garbage-first heap   total 59392K, used 25266K [0x0000000702600000, 0x0000000800000000)
  region size 2048K, 1 young (2048K), 1 survivors (2048K)
 Metaspace       used 35113K, committed 35328K, reserved 1114112K
  class space    used 3750K, committed 3840K, reserved 1048576K
}
Event: 171.584 GC heap before
{Heap before GC invocations=77 (full 5):
 garbage-first heap   total 59392K, used 47794K [0x0000000702600000, 0x0000000800000000)
  region size 2048K, 12 young (24576K), 1 survivors (2048K)
 Metaspace       used 35113K, committed 35328K, reserved 1114112K
  class space    used 3750K, committed 3840K, reserved 1048576K
}
Event: 171.586 GC heap after
{Heap after GC invocations=78 (full 5):
 garbage-first heap   total 59392K, used 25267K [0x0000000702600000, 0x0000000800000000)
  region size 2048K, 1 young (2048K), 1 survivors (2048K)
 Metaspace       used 35113K, committed 35328K, reserved 1114112K
  class space    used 3750K, committed 3840K, reserved 1048576K
}
Event: 175.397 GC heap before
{Heap before GC invocations=78 (full 5):
 garbage-first heap   total 59392K, used 47795K [0x0000000702600000, 0x0000000800000000)
  region size 2048K, 12 young (24576K), 1 survivors (2048K)
 Metaspace       used 35113K, committed 35328K, reserved 1114112K
  class space    used 3750K, committed 3840K, reserved 1048576K
}
Event: 175.398 GC heap after
{Heap after GC invocations=79 (full 5):
 garbage-first heap   total 59392K, used 25260K [0x0000000702600000, 0x0000000800000000)
  region size 2048K, 1 young (2048K), 1 survivors (2048K)
 Metaspace       used 35113K, committed 35328K, reserved 1114112K
  class space    used 3750K, committed 3840K, reserved 1048576K
}
Event: 178.727 GC heap before
{Heap before GC invocations=79 (full 5):
 garbage-first heap   total 59392K, used 47788K [0x0000000702600000, 0x0000000800000000)
  region size 2048K, 12 young (24576K), 1 survivors (2048K)
 Metaspace       used 35113K, committed 35328K, reserved 1114112K
  class space    used 3750K, committed 3840K, reserved 1048576K
}
Event: 178.729 GC heap after
{Heap after GC invocations=80 (full 5):
 garbage-first heap   total 59392K, used 25301K [0x0000000702600000, 0x0000000800000000)
  region size 2048K, 1 young (2048K), 1 survivors (2048K)
 Metaspace       used 35113K, committed 35328K, reserved 1114112K
  class space    used 3750K, committed 3840K, reserved 1048576K
}
Event: 181.889 GC heap before
{Heap before GC invocations=80 (full 5):
 garbage-first heap   total 59392K, used 45781K [0x0000000702600000, 0x0000000800000000)
  region size 2048K, 12 young (24576K), 1 survivors (2048K)
 Metaspace       used 35113K, committed 35328K, reserved 1114112K
  class space    used 3750K, committed 3840K, reserved 1048576K
}
Event: 181.916 GC heap after
{Heap after GC invocations=81 (full 6):
 garbage-first heap   total 59392K, used 24992K [0x0000000702600000, 0x0000000800000000)
  region size 2048K, 0 young (0K), 0 survivors (0K)
 Metaspace       used 35113K, committed 35328K, reserved 1114112K
  class space    used 3750K, committed 3840K, reserved 1048576K
}
Event: 185.040 GC heap before
{Heap before GC invocations=81 (full 6):
 garbage-first heap   total 59392K, used 49568K [0x0000000702600000, 0x0000000800000000)
  region size 2048K, 12 young (24576K), 0 survivors (0K)
 Metaspace       used 35114K, committed 35328K, reserved 1114112K
  class space    used 3750K, committed 3840K, reserved 1048576K
}
Event: 185.041 GC heap after
{Heap after GC invocations=82 (full 6):
 garbage-first heap   total 59392K, used 25154K [0x0000000702600000, 0x0000000800000000)
  region size 2048K, 1 young (2048K), 1 survivors (2048K)
 Metaspace       used 35114K, committed 35328K, reserved 1114112K
  class space    used 3750K, committed 3840K, reserved 1048576K
}

