# JRE version: OpenJDK Runtime Environment Corretto-17.0.7.7.1 (17.0.7+7) (build 17.0.7+7-LTS)
# Java VM: OpenJDK 64-Bit Server VM Corretto-17.0.7.7.1 (17.0.7+7-LTS, mixed mode, sharing, tiered, compressed oops, compressed class ptrs, g1 gc, windows-amd64)
GC Precious Log:
 CPUs: 4 total, 4 available
 Memory: 16224M
 Large Page Support: Disabled
 NUMA Support: Disabled
 Compressed Oops: Enabled (Zero based)
 Heap Region Size: 2M
 Heap Min Capacity: 8M
 Heap Initial Capacity: 254M
 Heap Max Capacity: 4058M
 Pre-touch: Disabled
 Parallel Workers: 4
 Concurrent Workers: 1
 Concurrent Refinement Workers: 4
 Periodic GC: Disabled
Heap:
 garbage-first heap   total 96256K, used 34960K [0x0000000702600000, 0x0000000800000000)
  region size 2048K, 7 young (14336K), 1 survivors (2048K)
 Metaspace       used 34600K, committed 34816K, reserved 1114112K
  class space    used 3744K, committed 3840K, reserved 1048576K
GC Heap History (20 events):
Event: 0.691 GC heap before
{Heap before GC invocations=0 (full 0):
 garbage-first heap   total 260096K, used 12288K [0x0000000702600000, 0x0000000800000000)
  region size 2048K, 6 young (12288K), 0 survivors (0K)
 Metaspace       used 1767K, committed 1856K, reserved 1114112K
  class space    used 161K, committed 192K, reserved 1048576K
}
Event: 0.700 GC heap after
{Heap after GC invocations=1 (full 0):
 garbage-first heap   total 260096K, used 7271K [0x0000000702600000, 0x0000000800000000)
  region size 2048K, 1 young (2048K), 1 survivors (2048K)
 Metaspace       used 1767K, committed 1856K, reserved 1114112K
  class space    used 161K, committed 192K, reserved 1048576K
}
Event: 1.282 GC heap before
{Heap before GC invocations=1 (full 0):
 garbage-first heap   total 260096K, used 17511K [0x0000000702600000, 0x0000000800000000)
  region size 2048K, 6 young (12288K), 1 survivors (2048K)
 Metaspace       used 5782K, committed 6016K, reserved 1114112K
  class space    used 462K, committed 576K, reserved 1048576K
}
Event: 1.284 GC heap after
{Heap after GC invocations=2 (full 0):
 garbage-first heap   total 260096K, used 7935K [0x0000000702600000, 0x0000000800000000)
  region size 2048K, 1 young (2048K), 1 survivors (2048K)
 Metaspace       used 5782K, committed 6016K, reserved 1114112K
  class space    used 462K, committed 576K, reserved 1048576K
}
Event: 2.891 GC heap before
{Heap before GC invocations=2 (full 0):
 garbage-first heap   total 260096K, used 34559K [0x0000000702600000, 0x0000000800000000)
  region size 2048K, 14 young (28672K), 1 survivors (2048K)
 Metaspace       used 14119K, committed 14336K, reserved 1114112K
  class space    used 1451K, committed 1536K, reserved 1048576K
}
Event: 2.894 GC heap after
{Heap after GC invocations=3 (full 0):
 garbage-first heap   total 260096K, used 9695K [0x0000000702600000, 0x0000000800000000)
  region size 2048K, 2 young (4096K), 2 survivors (4096K)
 Metaspace       used 14119K, committed 14336K, reserved 1114112K
  class space    used 1451K, committed 1536K, reserved 1048576K
}
Event: 4.369 GC heap before
{Heap before GC invocations=3 (full 0):
 garbage-first heap   total 260096K, used 44511K [0x0000000702600000, 0x0000000800000000)
  region size 2048K, 20 young (40960K), 2 survivors (4096K)
 Metaspace       used 21351K, committed 21504K, reserved 1114112K
  class space    used 2280K, committed 2368K, reserved 1048576K
}
Event: 4.374 GC heap after
{Heap after GC invocations=4 (full 0):
 garbage-first heap   total 260096K, used 11123K [0x0000000702600000, 0x0000000800000000)
  region size 2048K, 2 young (4096K), 2 survivors (4096K)
 Metaspace       used 21351K, committed 21504K, reserved 1114112K
  class space    used 2280K, committed 2368K, reserved 1048576K
}
Event: 6.403 GC heap before
{Heap before GC invocations=5 (full 0):
 garbage-first heap   total 49152K, used 37747K [0x0000000702600000, 0x0000000800000000)
  region size 2048K, 10 young (20480K), 2 survivors (4096K)
 Metaspace       used 24281K, committed 24512K, reserved 1114112K
  class space    used 2634K, committed 2752K, reserved 1048576K
}
Event: 6.409 GC heap after
{Heap after GC invocations=6 (full 0):
 garbage-first heap   total 49152K, used 23907K [0x0000000702600000, 0x0000000800000000)
  region size 2048K, 1 young (2048K), 1 survivors (2048K)
 Metaspace       used 24281K, committed 24512K, reserved 1114112K
  class space    used 2634K, committed 2752K, reserved 1048576K
}
Event: 6.458 GC heap before
{Heap before GC invocations=6 (full 0):
 garbage-first heap   total 49152K, used 25955K [0x0000000702600000, 0x0000000800000000)
  region size 2048K, 2 young (4096K), 1 survivors (2048K)
 Metaspace       used 24696K, committed 24960K, reserved 1114112K
  class space    used 2678K, committed 2816K, reserved 1048576K
}
Event: 6.460 GC heap after
{Heap after GC invocations=7 (full 0):
 garbage-first heap   total 49152K, used 17907K [0x0000000702600000, 0x0000000800000000)
  region size 2048K, 1 young (2048K), 1 survivors (2048K)
 Metaspace       used 24696K, committed 24960K, reserved 1114112K
  class space    used 2678K, committed 2816K, reserved 1048576K
}
Event: 6.825 GC heap before
{Heap before GC invocations=7 (full 0):
 garbage-first heap   total 49152K, used 32243K [0x0000000702600000, 0x0000000800000000)
  region size 2048K, 8 young (16384K), 1 survivors (2048K)
 Metaspace       used 26857K, committed 27072K, reserved 1114112K
  class space    used 2956K, committed 3072K, reserved 1048576K
}
Event: 6.829 GC heap after
{Heap after GC invocations=8 (full 0):
 garbage-first heap   total 49152K, used 19484K [0x0000000702600000, 0x0000000800000000)
  region size 2048K, 1 young (2048K), 1 survivors (2048K)
 Metaspace       used 26857K, committed 27072K, reserved 1114112K
  class space    used 2956K, committed 3072K, reserved 1048576K
}
Event: 7.376 GC heap before
{Heap before GC invocations=8 (full 0):
 garbage-first heap   total 49152K, used 31772K [0x0000000702600000, 0x0000000800000000)
  region size 2048K, 8 young (16384K), 1 survivors (2048K)
 Metaspace       used 30101K, committed 30336K, reserved 1114112K
  class space    used 3348K, committed 3456K, reserved 1048576K
}
Event: 7.380 GC heap after
{Heap after GC invocations=9 (full 0):
 garbage-first heap   total 155648K, used 20656K [0x0000000702600000, 0x0000000800000000)
  region size 2048K, 1 young (2048K), 1 survivors (2048K)
 Metaspace       used 30101K, committed 30336K, reserved 1114112K
  class space    used 3348K, committed 3456K, reserved 1048576K
}
Event: 32.283 GC heap before
{Heap before GC invocations=9 (full 0):
 garbage-first heap   total 155648K, used 114864K [0x0000000702600000, 0x0000000800000000)
  region size 2048K, 44 young (90112K), 1 survivors (2048K)
 Metaspace       used 34527K, committed 34688K, reserved 1114112K
  class space    used 3740K, committed 3840K, reserved 1048576K
}
Event: 32.313 GC heap after
{Heap after GC invocations=10 (full 1):
 garbage-first heap   total 96256K, used 24446K [0x0000000702600000, 0x0000000800000000)
  region size 2048K, 0 young (0K), 0 survivors (0K)
 Metaspace       used 34527K, committed 34688K, reserved 1114112K
  class space    used 3740K, committed 3840K, reserved 1048576K
}
Event: 54.164 GC heap before
{Heap before GC invocations=10 (full 1):
 garbage-first heap   total 96256K, used 71550K [0x0000000702600000, 0x0000000800000000)
  region size 2048K, 23 young (47104K), 0 survivors (0K)
 Metaspace       used 34577K, committed 34816K, reserved 1114112K
  class space    used 3741K, committed 3840K, reserved 1048576K
}
Event: 54.165 GC heap after
{Heap after GC invocations=11 (full 1):
 garbage-first heap   total 96256K, used 24720K [0x0000000702600000, 0x0000000800000000)
  region size 2048K, 1 young (2048K), 1 survivors (2048K)
 Metaspace       used 34577K, committed 34816K, reserved 1114112K
  class space    used 3741K, committed 3840K, reserved 1048576K
}

