# JRE version: OpenJDK Runtime Environment Corretto-17.0.7.7.1 (17.0.7+7) (build 17.0.7+7-LTS)
# Java VM: OpenJDK 64-Bit Server VM Corretto-17.0.7.7.1 (17.0.7+7-LTS, mixed mode, sharing, tiered, compressed oops, compressed class ptrs, g1 gc, windows-amd64)
GC Precious Log:
 CPUs: 4 total, 4 available
 Memory: 16224M
 Large Page Support: Disabled
 NUMA Support: Disabled
 Compressed Oops: Enabled (Zero based)
 Heap Region Size: 2M
 Heap Min Capacity: 8M
 Heap Initial Capacity: 254M
 Heap Max Capacity: 4058M
 Pre-touch: Disabled
 Parallel Workers: 4
 Concurrent Workers: 1
 Concurrent Refinement Workers: 4
 Periodic GC: Disabled
Heap:
 garbage-first heap   total 55296K, used 38680K [0x0000000702600000, 0x0000000800000000)
  region size 2048K, 7 young (14336K), 2 survivors (4096K)
 Metaspace       used 33848K, committed 34048K, reserved 1114112K
  class space    used 3722K, committed 3840K, reserved 1048576K
GC Heap History (16 events):
Event: 0.639 GC heap before
{Heap before GC invocations=0 (full 0):
 garbage-first heap   total 260096K, used 12288K [0x0000000702600000, 0x0000000800000000)
  region size 2048K, 6 young (12288K), 0 survivors (0K)
 Metaspace       used 1758K, committed 1856K, reserved 1114112K
  class space    used 158K, committed 192K, reserved 1048576K
}
Event: 0.646 GC heap after
{Heap after GC invocations=1 (full 0):
 garbage-first heap   total 260096K, used 7224K [0x0000000702600000, 0x0000000800000000)
  region size 2048K, 1 young (2048K), 1 survivors (2048K)
 Metaspace       used 1758K, committed 1856K, reserved 1114112K
  class space    used 158K, committed 192K, reserved 1048576K
}
Event: 1.510 GC heap before
{Heap before GC invocations=1 (full 0):
 garbage-first heap   total 260096K, used 15416K [0x0000000702600000, 0x0000000800000000)
  region size 2048K, 6 young (12288K), 1 survivors (2048K)
 Metaspace       used 5866K, committed 6016K, reserved 1114112K
  class space    used 464K, committed 512K, reserved 1048576K
}
Event: 1.514 GC heap after
{Heap after GC invocations=2 (full 0):
 garbage-first heap   total 260096K, used 8905K [0x0000000702600000, 0x0000000800000000)
  region size 2048K, 1 young (2048K), 1 survivors (2048K)
 Metaspace       used 5866K, committed 6016K, reserved 1114112K
  class space    used 464K, committed 512K, reserved 1048576K
}
Event: 2.422 GC heap before
{Heap before GC invocations=2 (full 0):
 garbage-first heap   total 260096K, used 31433K [0x0000000702600000, 0x0000000800000000)
  region size 2048K, 13 young (26624K), 1 survivors (2048K)
 Metaspace       used 12730K, committed 12864K, reserved 1114112K
  class space    used 1279K, committed 1344K, reserved 1048576K
}
Event: 2.426 GC heap after
{Heap after GC invocations=3 (full 0):
 garbage-first heap   total 260096K, used 10086K [0x0000000702600000, 0x0000000800000000)
  region size 2048K, 2 young (4096K), 2 survivors (4096K)
 Metaspace       used 12730K, committed 12864K, reserved 1114112K
  class space    used 1279K, committed 1344K, reserved 1048576K
}
Event: 4.356 GC heap before
{Heap before GC invocations=3 (full 0):
 garbage-first heap   total 260096K, used 46950K [0x0000000702600000, 0x0000000800000000)
  region size 2048K, 22 young (45056K), 2 survivors (4096K)
 Metaspace       used 21357K, committed 21504K, reserved 1114112K
  class space    used 2283K, committed 2368K, reserved 1048576K
}
Event: 4.363 GC heap after
{Heap after GC invocations=4 (full 0):
 garbage-first heap   total 260096K, used 11939K [0x0000000702600000, 0x0000000800000000)
  region size 2048K, 2 young (4096K), 2 survivors (4096K)
 Metaspace       used 21357K, committed 21504K, reserved 1114112K
  class space    used 2283K, committed 2368K, reserved 1048576K
}
Event: 7.178 GC heap before
{Heap before GC invocations=5 (full 0):
 garbage-first heap   total 55296K, used 42659K [0x0000000702600000, 0x0000000800000000)
  region size 2048K, 12 young (24576K), 2 survivors (4096K)
 Metaspace       used 24770K, committed 24960K, reserved 1114112K
  class space    used 2700K, committed 2816K, reserved 1048576K
}
Event: 7.184 GC heap after
{Heap after GC invocations=6 (full 0):
 garbage-first heap   total 55296K, used 24852K [0x0000000702600000, 0x0000000800000000)
  region size 2048K, 2 young (4096K), 2 survivors (4096K)
 Metaspace       used 24770K, committed 24960K, reserved 1114112K
  class space    used 2700K, committed 2816K, reserved 1048576K
}
Event: 7.525 GC heap before
{Heap before GC invocations=6 (full 0):
 garbage-first heap   total 55296K, used 37140K [0x0000000702600000, 0x0000000800000000)
  region size 2048K, 9 young (18432K), 2 survivors (4096K)
 Metaspace       used 26829K, committed 27008K, reserved 1114112K
  class space    used 2962K, committed 3072K, reserved 1048576K
}
Event: 7.530 GC heap after
{Heap after GC invocations=7 (full 0):
 garbage-first heap   total 55296K, used 20299K [0x0000000702600000, 0x0000000800000000)
  region size 2048K, 2 young (4096K), 2 survivors (4096K)
 Metaspace       used 26829K, committed 27008K, reserved 1114112K
  class space    used 2962K, committed 3072K, reserved 1048576K
}
Event: 8.093 GC heap before
{Heap before GC invocations=7 (full 0):
 garbage-first heap   total 55296K, used 38731K [0x0000000702600000, 0x0000000800000000)
  region size 2048K, 11 young (22528K), 2 survivors (4096K)
 Metaspace       used 30840K, committed 31104K, reserved 1114112K
  class space    used 3445K, committed 3584K, reserved 1048576K
}
Event: 8.098 GC heap after
{Heap after GC invocations=8 (full 0):
 garbage-first heap   total 55296K, used 21356K [0x0000000702600000, 0x0000000800000000)
  region size 2048K, 2 young (4096K), 2 survivors (4096K)
 Metaspace       used 30840K, committed 31104K, reserved 1114112K
  class space    used 3445K, committed 3584K, reserved 1048576K
}
Event: 8.826 GC heap before
{Heap before GC invocations=8 (full 0):
 garbage-first heap   total 55296K, used 31596K [0x0000000702600000, 0x0000000800000000)
  region size 2048K, 9 young (18432K), 2 survivors (4096K)
 Metaspace       used 33106K, committed 33344K, reserved 1114112K
  class space    used 3706K, committed 3840K, reserved 1048576K
}
Event: 8.835 GC heap after
{Heap after GC invocations=9 (full 0):
 garbage-first heap   total 55296K, used 22296K [0x0000000702600000, 0x0000000800000000)
  region size 2048K, 2 young (4096K), 2 survivors (4096K)
 Metaspace       used 33106K, committed 33344K, reserved 1114112K
  class space    used 3706K, committed 3840K, reserved 1048576K
}

