# JRE version: OpenJDK Runtime Environment Corretto-17.0.7.7.1 (17.0.7+7) (build 17.0.7+7-LTS)
# Java VM: OpenJDK 64-Bit Server VM Corretto-17.0.7.7.1 (17.0.7+7-LTS, mixed mode, sharing, tiered, compressed oops, compressed class ptrs, g1 gc, windows-amd64)
GC Precious Log:
 CPUs: 4 total, 4 available
 Memory: 16224M
 Large Page Support: Disabled
 NUMA Support: Disabled
 Compressed Oops: Enabled (Zero based)
 Heap Region Size: 2M
 Heap Min Capacity: 8M
 Heap Initial Capacity: 254M
 Heap Max Capacity: 4058M
 Pre-touch: Disabled
 Parallel Workers: 4
 Concurrent Workers: 1
 Concurrent Refinement Workers: 4
 Periodic GC: Disabled
Heap:
 garbage-first heap   total 90112K, used 28713K [0x0000000702600000, 0x0000000800000000)
  region size 2048K, 4 young (8192K), 1 survivors (2048K)
 Metaspace       used 36431K, committed 36672K, reserved 1114112K
  class space    used 3849K, committed 3968K, reserved 1048576K
GC Heap History (20 events):
Event: 32.237 GC heap before
{Heap before GC invocations=9 (full 0):
 garbage-first heap   total 155648K, used 114749K [0x0000000702600000, 0x0000000800000000)
  region size 2048K, 44 young (90112K), 1 survivors (2048K)
 Metaspace       used 34599K, committed 34880K, reserved 1114112K
  class space    used 3726K, committed 3840K, reserved 1048576K
}
Event: 32.265 GC heap after
{Heap after GC invocations=10 (full 1):
 garbage-first heap   total 96256K, used 24289K [0x0000000702600000, 0x0000000800000000)
  region size 2048K, 0 young (0K), 0 survivors (0K)
 Metaspace       used 34599K, committed 34880K, reserved 1114112K
  class space    used 3726K, committed 3840K, reserved 1048576K
}
Event: 45.887 GC heap before
{Heap before GC invocations=10 (full 1):
 garbage-first heap   total 96256K, used 71393K [0x0000000702600000, 0x0000000800000000)
  region size 2048K, 23 young (47104K), 0 survivors (0K)
 Metaspace       used 36052K, committed 36352K, reserved 1114112K
  class space    used 3833K, committed 3968K, reserved 1048576K
}
Event: 45.895 GC heap after
{Heap after GC invocations=11 (full 1):
 garbage-first heap   total 96256K, used 29536K [0x0000000702600000, 0x0000000800000000)
  region size 2048K, 3 young (6144K), 3 survivors (6144K)
 Metaspace       used 36052K, committed 36352K, reserved 1114112K
  class space    used 3833K, committed 3968K, reserved 1048576K
}
Event: 62.277 GC heap before
{Heap before GC invocations=11 (full 1):
 garbage-first heap   total 96256K, used 64352K [0x0000000702600000, 0x0000000800000000)
  region size 2048K, 21 young (43008K), 3 survivors (6144K)
 Metaspace       used 36098K, committed 36352K, reserved 1114112K
  class space    used 3834K, committed 3968K, reserved 1048576K
}
Event: 62.314 GC heap after
{Heap after GC invocations=12 (full 2):
 garbage-first heap   total 96256K, used 24449K [0x0000000702600000, 0x0000000800000000)
  region size 2048K, 0 young (0K), 0 survivors (0K)
 Metaspace       used 36098K, committed 36352K, reserved 1114112K
  class space    used 3834K, committed 3968K, reserved 1048576K
}
Event: 83.260 GC heap before
{Heap before GC invocations=12 (full 2):
 garbage-first heap   total 96256K, used 69505K [0x0000000702600000, 0x0000000800000000)
  region size 2048K, 22 young (45056K), 0 survivors (0K)
 Metaspace       used 36142K, committed 36416K, reserved 1114112K
  class space    used 3834K, committed 3968K, reserved 1048576K
}
Event: 83.262 GC heap after
{Heap after GC invocations=13 (full 2):
 garbage-first heap   total 96256K, used 25212K [0x0000000702600000, 0x0000000800000000)
  region size 2048K, 1 young (2048K), 1 survivors (2048K)
 Metaspace       used 36142K, committed 36416K, reserved 1114112K
  class space    used 3834K, committed 3968K, reserved 1048576K
}
Event: 92.328 GC heap before
{Heap before GC invocations=13 (full 2):
 garbage-first heap   total 96256K, used 49788K [0x0000000702600000, 0x0000000800000000)
  region size 2048K, 14 young (28672K), 1 survivors (2048K)
 Metaspace       used 36304K, committed 36544K, reserved 1114112K
  class space    used 3834K, committed 3968K, reserved 1048576K
}
Event: 92.353 GC heap after
{Heap after GC invocations=14 (full 3):
 garbage-first heap   total 90112K, used 24598K [0x0000000702600000, 0x0000000800000000)
  region size 2048K, 0 young (0K), 0 survivors (0K)
 Metaspace       used 36304K, committed 36544K, reserved 1114112K
  class space    used 3834K, committed 3968K, reserved 1048576K
}
Event: 112.534 GC heap before
{Heap before GC invocations=14 (full 3):
 garbage-first heap   total 90112K, used 67606K [0x0000000702600000, 0x0000000800000000)
  region size 2048K, 21 young (43008K), 0 survivors (0K)
 Metaspace       used 36306K, committed 36544K, reserved 1114112K
  class space    used 3834K, committed 3968K, reserved 1048576K
}
Event: 112.535 GC heap after
{Heap after GC invocations=15 (full 3):
 garbage-first heap   total 90112K, used 24830K [0x0000000702600000, 0x0000000800000000)
  region size 2048K, 1 young (2048K), 1 survivors (2048K)
 Metaspace       used 36306K, committed 36544K, reserved 1114112K
  class space    used 3834K, committed 3968K, reserved 1048576K
}
Event: 122.368 GC heap before
{Heap before GC invocations=15 (full 3):
 garbage-first heap   total 90112K, used 47358K [0x0000000702600000, 0x0000000800000000)
  region size 2048K, 13 young (26624K), 1 survivors (2048K)
 Metaspace       used 36343K, committed 36544K, reserved 1114112K
  class space    used 3835K, committed 3968K, reserved 1048576K
}
Event: 122.398 GC heap after
{Heap after GC invocations=16 (full 4):
 garbage-first heap   total 90112K, used 24505K [0x0000000702600000, 0x0000000800000000)
  region size 2048K, 0 young (0K), 0 survivors (0K)
 Metaspace       used 36343K, committed 36544K, reserved 1114112K
  class space    used 3835K, committed 3968K, reserved 1048576K
}
Event: 144.622 GC heap before
{Heap before GC invocations=16 (full 4):
 garbage-first heap   total 90112K, used 69561K [0x0000000702600000, 0x0000000800000000)
  region size 2048K, 22 young (45056K), 0 survivors (0K)
 Metaspace       used 36346K, committed 36544K, reserved 1114112K
  class space    used 3835K, committed 3968K, reserved 1048576K
}
Event: 144.623 GC heap after
{Heap after GC invocations=17 (full 4):
 garbage-first heap   total 90112K, used 24720K [0x0000000702600000, 0x0000000800000000)
  region size 2048K, 1 young (2048K), 1 survivors (2048K)
 Metaspace       used 36346K, committed 36544K, reserved 1114112K
  class space    used 3835K, committed 3968K, reserved 1048576K
}
Event: 152.439 GC heap before
{Heap before GC invocations=17 (full 4):
 garbage-first heap   total 90112K, used 39056K [0x0000000702600000, 0x0000000800000000)
  region size 2048K, 9 young (18432K), 1 survivors (2048K)
 Metaspace       used 36346K, committed 36544K, reserved 1114112K
  class space    used 3835K, committed 3968K, reserved 1048576K
}
Event: 152.477 GC heap after
{Heap after GC invocations=18 (full 5):
 garbage-first heap   total 90112K, used 24553K [0x0000000702600000, 0x0000000800000000)
  region size 2048K, 0 young (0K), 0 survivors (0K)
 Metaspace       used 36346K, committed 36544K, reserved 1114112K
  class space    used 3835K, committed 3968K, reserved 1048576K
}
Event: 177.178 GC heap before
{Heap before GC invocations=18 (full 5):
 garbage-first heap   total 90112K, used 71657K [0x0000000702600000, 0x0000000800000000)
  region size 2048K, 23 young (47104K), 0 survivors (0K)
 Metaspace       used 36346K, committed 36544K, reserved 1114112K
  class space    used 3835K, committed 3968K, reserved 1048576K
}
Event: 177.180 GC heap after
{Heap after GC invocations=19 (full 5):
 garbage-first heap   total 90112K, used 24617K [0x0000000702600000, 0x0000000800000000)
  region size 2048K, 1 young (2048K), 1 survivors (2048K)
 Metaspace       used 36346K, committed 36544K, reserved 1114112K
  class space    used 3835K, committed 3968K, reserved 1048576K
}

