# JRE version: OpenJDK Runtime Environment JBR-17.0.7+7-1000.5-nomod (17.0.7+7) (build 17.0.7+7-b1000.5)
# Java VM: OpenJDK 64-Bit Server VM JBR-17.0.7+7-1000.5-nomod (17.0.7+7-b1000.5, mixed mode, tiered, compressed oops, compressed class ptrs, g1 gc, windows-amd64)
GC Precious Log:
 CPUs: 4 total, 4 available
 Memory: 16224M
 Large Page Support: Disabled
 NUMA Support: Disabled
 Compressed Oops: Enabled (Zero based)
 Heap Region Size: 2M
 Heap Min Capacity: 8M
 Heap Initial Capacity: 254M
 Heap Max Capacity: 4058M
 Pre-touch: Disabled
 Parallel Workers: 4
 Concurrent Workers: 1
 Concurrent Refinement Workers: 4
 Periodic GC: Disabled
Heap:
 garbage-first heap   total 81920K, used 27627K [0x0000000702600000, 0x0000000800000000)
  region size 2048K, 3 young (6144K), 0 survivors (0K)
 Metaspace       used 42907K, committed 43200K, reserved 1114112K
  class space    used 4649K, committed 4800K, reserved 1048576K
GC Heap History (20 events):
Event: 10.618 GC heap before
{Heap before GC invocations=12 (full 0):
 garbage-first heap   total 49152K, used 37529K [0x0000000702600000, 0x0000000800000000)
  region size 2048K, 7 young (14336K), 2 survivors (4096K)
 Metaspace       used 42644K, committed 42944K, reserved 1114112K
  class space    used 4643K, committed 4800K, reserved 1048576K
}
Event: 10.626 GC heap after
{Heap after GC invocations=13 (full 0):
 garbage-first heap   total 49152K, used 30334K [0x0000000702600000, 0x0000000800000000)
  region size 2048K, 1 young (2048K), 1 survivors (2048K)
 Metaspace       used 42644K, committed 42944K, reserved 1114112K
  class space    used 4643K, committed 4800K, reserved 1048576K
}
Event: 15.030 GC heap before
{Heap before GC invocations=13 (full 0):
 garbage-first heap   total 49152K, used 38526K [0x0000000702600000, 0x0000000800000000)
  region size 2048K, 5 young (10240K), 1 survivors (2048K)
 Metaspace       used 42735K, committed 43072K, reserved 1114112K
  class space    used 4643K, committed 4800K, reserved 1048576K
}
Event: 15.034 GC heap after
{Heap after GC invocations=14 (full 0):
 garbage-first heap   total 49152K, used 30549K [0x0000000702600000, 0x0000000800000000)
  region size 2048K, 1 young (2048K), 1 survivors (2048K)
 Metaspace       used 42735K, committed 43072K, reserved 1114112K
  class space    used 4643K, committed 4800K, reserved 1048576K
}
Event: 18.360 GC heap before
{Heap before GC invocations=15 (full 0):
 garbage-first heap   total 49152K, used 30549K [0x0000000702600000, 0x0000000800000000)
  region size 2048K, 4 young (8192K), 1 survivors (2048K)
 Metaspace       used 42743K, committed 43072K, reserved 1114112K
  class space    used 4644K, committed 4800K, reserved 1048576K
}
Event: 18.362 GC heap after
{Heap after GC invocations=16 (full 0):
 garbage-first heap   total 155648K, used 24183K [0x0000000702600000, 0x0000000800000000)
  region size 2048K, 1 young (2048K), 1 survivors (2048K)
 Metaspace       used 42743K, committed 43072K, reserved 1114112K
  class space    used 4644K, committed 4800K, reserved 1048576K
}
Event: 31.390 GC heap before
{Heap before GC invocations=16 (full 0):
 garbage-first heap   total 155648K, used 48759K [0x0000000702600000, 0x0000000800000000)
  region size 2048K, 14 young (28672K), 1 survivors (2048K)
 Metaspace       used 42843K, committed 43136K, reserved 1114112K
  class space    used 4645K, committed 4800K, reserved 1048576K
}
Event: 31.412 GC heap after
{Heap after GC invocations=17 (full 1):
 garbage-first heap   total 81920K, used 23382K [0x0000000702600000, 0x0000000800000000)
  region size 2048K, 0 young (0K), 0 survivors (0K)
 Metaspace       used 42843K, committed 43136K, reserved 1114112K
  class space    used 4645K, committed 4800K, reserved 1048576K
}
Event: 52.631 GC heap before
{Heap before GC invocations=17 (full 1):
 garbage-first heap   total 81920K, used 60246K [0x0000000702600000, 0x0000000800000000)
  region size 2048K, 18 young (36864K), 0 survivors (0K)
 Metaspace       used 42868K, committed 43136K, reserved 1114112K
  class space    used 4645K, committed 4800K, reserved 1048576K
}
Event: 52.632 GC heap after
{Heap after GC invocations=18 (full 1):
 garbage-first heap   total 81920K, used 23544K [0x0000000702600000, 0x0000000800000000)
  region size 2048K, 1 young (2048K), 1 survivors (2048K)
 Metaspace       used 42868K, committed 43136K, reserved 1114112K
  class space    used 4645K, committed 4800K, reserved 1048576K
}
Event: 61.417 GC heap before
{Heap before GC invocations=18 (full 1):
 garbage-first heap   total 81920K, used 37880K [0x0000000702600000, 0x0000000800000000)
  region size 2048K, 9 young (18432K), 1 survivors (2048K)
 Metaspace       used 42868K, committed 43136K, reserved 1114112K
  class space    used 4645K, committed 4800K, reserved 1048576K
}
Event: 61.455 GC heap after
{Heap after GC invocations=19 (full 2):
 garbage-first heap   total 81920K, used 23430K [0x0000000702600000, 0x0000000800000000)
  region size 2048K, 0 young (0K), 0 survivors (0K)
 Metaspace       used 42868K, committed 43136K, reserved 1114112K
  class space    used 4645K, committed 4800K, reserved 1048576K
}
Event: 85.203 GC heap before
{Heap before GC invocations=19 (full 2):
 garbage-first heap   total 81920K, used 66438K [0x0000000702600000, 0x0000000800000000)
  region size 2048K, 21 young (43008K), 0 survivors (0K)
 Metaspace       used 42881K, committed 43200K, reserved 1114112K
  class space    used 4645K, committed 4800K, reserved 1048576K
}
Event: 85.204 GC heap after
{Heap after GC invocations=20 (full 2):
 garbage-first heap   total 81920K, used 23494K [0x0000000702600000, 0x0000000800000000)
  region size 2048K, 1 young (2048K), 1 survivors (2048K)
 Metaspace       used 42881K, committed 43200K, reserved 1114112K
  class space    used 4645K, committed 4800K, reserved 1048576K
}
Event: 91.464 GC heap before
{Heap before GC invocations=20 (full 2):
 garbage-first heap   total 81920K, used 33734K [0x0000000702600000, 0x0000000800000000)
  region size 2048K, 7 young (14336K), 1 survivors (2048K)
 Metaspace       used 42881K, committed 43200K, reserved 1114112K
  class space    used 4645K, committed 4800K, reserved 1048576K
}
Event: 91.485 GC heap after
{Heap after GC invocations=21 (full 3):
 garbage-first heap   total 81920K, used 23439K [0x0000000702600000, 0x0000000800000000)
  region size 2048K, 0 young (0K), 0 survivors (0K)
 Metaspace       used 42881K, committed 43200K, reserved 1114112K
  class space    used 4645K, committed 4800K, reserved 1048576K
}
Event: 115.793 GC heap before
{Heap before GC invocations=21 (full 3):
 garbage-first heap   total 81920K, used 66447K [0x0000000702600000, 0x0000000800000000)
  region size 2048K, 21 young (43008K), 0 survivors (0K)
 Metaspace       used 42884K, committed 43200K, reserved 1114112K
  class space    used 4646K, committed 4800K, reserved 1048576K
}
Event: 115.795 GC heap after
{Heap after GC invocations=22 (full 3):
 garbage-first heap   total 81920K, used 23715K [0x0000000702600000, 0x0000000800000000)
  region size 2048K, 1 young (2048K), 1 survivors (2048K)
 Metaspace       used 42884K, committed 43200K, reserved 1114112K
  class space    used 4646K, committed 4800K, reserved 1048576K
}
Event: 121.486 GC heap before
{Heap before GC invocations=22 (full 3):
 garbage-first heap   total 81920K, used 33955K [0x0000000702600000, 0x0000000800000000)
  region size 2048K, 7 young (14336K), 1 survivors (2048K)
 Metaspace       used 42884K, committed 43200K, reserved 1114112K
  class space    used 4646K, committed 4800K, reserved 1048576K
}
Event: 121.511 GC heap after
{Heap after GC invocations=23 (full 4):
 garbage-first heap   total 81920K, used 23531K [0x0000000702600000, 0x0000000800000000)
  region size 2048K, 0 young (0K), 0 survivors (0K)
 Metaspace       used 42884K, committed 43200K, reserved 1114112K
  class space    used 4646K, committed 4800K, reserved 1048576K
}

