# JRE version: OpenJDK Runtime Environment JBR-17.0.7+7-1000.5-nomod (17.0.7+7) (build 17.0.7+7-b1000.5)
# Java VM: OpenJDK 64-Bit Server VM JBR-17.0.7+7-1000.5-nomod (17.0.7+7-b1000.5, mixed mode, tiered, compressed oops, compressed class ptrs, g1 gc, windows-amd64)
GC Precious Log:
 CPUs: 4 total, 4 available
 Memory: 16224M
 Large Page Support: Disabled
 NUMA Support: Disabled
 Compressed Oops: Enabled (Zero based)
 Heap Region Size: 2M
 Heap Min Capacity: 8M
 Heap Initial Capacity: 254M
 Heap Max Capacity: 4058M
 Pre-touch: Disabled
 Parallel Workers: 4
 Concurrent Workers: 1
 Concurrent Refinement Workers: 4
 Periodic GC: Disabled
Heap:
 garbage-first heap   total 81920K, used 40050K [0x0000000702600000, 0x0000000800000000)
  region size 2048K, 10 young (20480K), 1 survivors (2048K)
 Metaspace       used 42934K, committed 43136K, reserved 1114112K
  class space    used 4651K, committed 4736K, reserved 1048576K
GC Heap History (20 events):
Event: 1.520 GC heap before
{Heap before GC invocations=1 (full 0):
 garbage-first heap   total 260096K, used 15386K [0x0000000702600000, 0x0000000800000000)
  region size 2048K, 6 young (12288K), 1 survivors (2048K)
 Metaspace       used 13621K, committed 13760K, reserved 1114112K
  class space    used 1191K, committed 1216K, reserved 1048576K
}
Event: 1.522 GC heap after
{Heap after GC invocations=2 (full 0):
 garbage-first heap   total 260096K, used 8216K [0x0000000702600000, 0x0000000800000000)
  region size 2048K, 1 young (2048K), 1 survivors (2048K)
 Metaspace       used 13621K, committed 13760K, reserved 1114112K
  class space    used 1191K, committed 1216K, reserved 1048576K
}
Event: 2.428 GC heap before
{Heap before GC invocations=2 (full 0):
 garbage-first heap   total 260096K, used 30744K [0x0000000702600000, 0x0000000800000000)
  region size 2048K, 13 young (26624K), 1 survivors (2048K)
 Metaspace       used 21383K, committed 21504K, reserved 1114112K
  class space    used 2163K, committed 2240K, reserved 1048576K
}
Event: 2.431 GC heap after
{Heap after GC invocations=3 (full 0):
 garbage-first heap   total 260096K, used 9497K [0x0000000702600000, 0x0000000800000000)
  region size 2048K, 2 young (4096K), 2 survivors (4096K)
 Metaspace       used 21383K, committed 21504K, reserved 1114112K
  class space    used 2163K, committed 2240K, reserved 1048576K
}
Event: 3.040 GC heap before
{Heap before GC invocations=4 (full 0):
 garbage-first heap   total 49152K, used 34073K [0x0000000702600000, 0x0000000800000000)
  region size 2048K, 14 young (28672K), 2 survivors (4096K)
 Metaspace       used 27331K, committed 27584K, reserved 1114112K
  class space    used 2887K, committed 3008K, reserved 1048576K
}
Event: 3.044 GC heap after
{Heap after GC invocations=5 (full 0):
 garbage-first heap   total 49152K, used 10565K [0x0000000702600000, 0x0000000800000000)
  region size 2048K, 2 young (4096K), 2 survivors (4096K)
 Metaspace       used 27331K, committed 27584K, reserved 1114112K
  class space    used 2887K, committed 3008K, reserved 1048576K
}
Event: 3.107 GC heap before
{Heap before GC invocations=5 (full 0):
 garbage-first heap   total 49152K, used 12613K [0x0000000702600000, 0x0000000800000000)
  region size 2048K, 3 young (6144K), 2 survivors (4096K)
 Metaspace       used 27757K, committed 27968K, reserved 1114112K
  class space    used 2939K, committed 3008K, reserved 1048576K
}
Event: 3.110 GC heap after
{Heap after GC invocations=6 (full 0):
 garbage-first heap   total 49152K, used 10945K [0x0000000702600000, 0x0000000800000000)
  region size 2048K, 1 young (2048K), 1 survivors (2048K)
 Metaspace       used 27757K, committed 27968K, reserved 1114112K
  class space    used 2939K, committed 3008K, reserved 1048576K
}
Event: 14.797 GC heap before
{Heap before GC invocations=6 (full 0):
 garbage-first heap   total 49152K, used 37569K [0x0000000702600000, 0x0000000800000000)
  region size 2048K, 11 young (22528K), 1 survivors (2048K)
 Metaspace       used 32292K, committed 32576K, reserved 1114112K
  class space    used 3456K, committed 3584K, reserved 1048576K
}
Event: 14.802 GC heap after
{Heap after GC invocations=7 (full 0):
 garbage-first heap   total 49152K, used 17596K [0x0000000702600000, 0x0000000800000000)
  region size 2048K, 1 young (2048K), 1 survivors (2048K)
 Metaspace       used 32292K, committed 32576K, reserved 1114112K
  class space    used 3456K, committed 3584K, reserved 1048576K
}
Event: 15.166 GC heap before
{Heap before GC invocations=7 (full 0):
 garbage-first heap   total 49152K, used 33980K [0x0000000702600000, 0x0000000800000000)
  region size 2048K, 9 young (18432K), 1 survivors (2048K)
 Metaspace       used 35214K, committed 35392K, reserved 1114112K
  class space    used 3827K, committed 3904K, reserved 1048576K
}
Event: 15.170 GC heap after
{Heap after GC invocations=8 (full 0):
 garbage-first heap   total 49152K, used 18714K [0x0000000702600000, 0x0000000800000000)
  region size 2048K, 2 young (4096K), 2 survivors (4096K)
 Metaspace       used 35214K, committed 35392K, reserved 1114112K
  class space    used 3827K, committed 3904K, reserved 1048576K
}
Event: 15.276 GC heap before
{Heap before GC invocations=8 (full 0):
 garbage-first heap   total 49152K, used 22810K [0x0000000702600000, 0x0000000800000000)
  region size 2048K, 5 young (10240K), 2 survivors (4096K)
 Metaspace       used 35863K, committed 36096K, reserved 1114112K
  class space    used 3921K, committed 4032K, reserved 1048576K
}
Event: 15.280 GC heap after
{Heap after GC invocations=9 (full 0):
 garbage-first heap   total 155648K, used 19582K [0x0000000702600000, 0x0000000800000000)
  region size 2048K, 2 young (4096K), 2 survivors (4096K)
 Metaspace       used 35863K, committed 36096K, reserved 1114112K
  class space    used 3921K, committed 4032K, reserved 1048576K
}
Event: 19.434 GC heap before
{Heap before GC invocations=10 (full 0):
 garbage-first heap   total 81920K, used 66686K [0x0000000702600000, 0x0000000800000000)
  region size 2048K, 22 young (45056K), 2 survivors (4096K)
 Metaspace       used 42734K, committed 42944K, reserved 1114112K
  class space    used 4646K, committed 4736K, reserved 1048576K
}
Event: 19.440 GC heap after
{Heap after GC invocations=11 (full 0):
 garbage-first heap   total 81920K, used 30068K [0x0000000702600000, 0x0000000800000000)
  region size 2048K, 3 young (6144K), 3 survivors (6144K)
 Metaspace       used 42734K, committed 42944K, reserved 1114112K
  class space    used 4646K, committed 4736K, reserved 1048576K
}
Event: 20.604 GC heap before
{Heap before GC invocations=11 (full 0):
 garbage-first heap   total 81920K, used 32116K [0x0000000702600000, 0x0000000800000000)
  region size 2048K, 4 young (8192K), 3 survivors (6144K)
 Metaspace       used 42804K, committed 43008K, reserved 1114112K
  class space    used 4647K, committed 4736K, reserved 1048576K
}
Event: 20.611 GC heap after
{Heap after GC invocations=12 (full 0):
 garbage-first heap   total 81920K, used 24075K [0x0000000702600000, 0x0000000800000000)
  region size 2048K, 1 young (2048K), 1 survivors (2048K)
 Metaspace       used 42804K, committed 43008K, reserved 1114112K
  class space    used 4647K, committed 4736K, reserved 1048576K
}
Event: 41.531 GC heap before
{Heap before GC invocations=12 (full 0):
 garbage-first heap   total 81920K, used 60939K [0x0000000702600000, 0x0000000800000000)
  region size 2048K, 19 young (38912K), 1 survivors (2048K)
 Metaspace       used 42891K, committed 43136K, reserved 1114112K
  class space    used 4648K, committed 4736K, reserved 1048576K
}
Event: 41.533 GC heap after
{Heap after GC invocations=13 (full 0):
 garbage-first heap   total 81920K, used 23666K [0x0000000702600000, 0x0000000800000000)
  region size 2048K, 1 young (2048K), 1 survivors (2048K)
 Metaspace       used 42891K, committed 43136K, reserved 1114112K
  class space    used 4648K, committed 4736K, reserved 1048576K
}

