# JRE version: OpenJDK Runtime Environment Corretto-17.0.7.7.1 (17.0.7+7) (build 17.0.7+7-LTS)
# Java VM: OpenJDK 64-Bit Server VM Corretto-17.0.7.7.1 (17.0.7+7-LTS, mixed mode, sharing, tiered, compressed oops, compressed class ptrs, g1 gc, windows-amd64)
GC Precious Log:
 CPUs: 4 total, 4 available
 Memory: 16224M
 Large Page Support: Disabled
 NUMA Support: Disabled
 Compressed Oops: Enabled (Zero based)
 Heap Region Size: 2M
 Heap Min Capacity: 8M
 Heap Initial Capacity: 254M
 Heap Max Capacity: 4058M
 Pre-touch: Disabled
 Parallel Workers: 4
 Concurrent Workers: 1
 Concurrent Refinement Workers: 4
 Periodic GC: Disabled
Heap:
 garbage-first heap   total 90112K, used 55000K [0x0000000702600000, 0x0000000800000000)
  region size 2048K, 16 young (32768K), 0 survivors (0K)
 Metaspace       used 34712K, committed 34944K, reserved 1114112K
  class space    used 3739K, committed 3840K, reserved 1048576K
GC Heap History (20 events):
Event: 4.536 GC heap before
{Heap before GC invocations=3 (full 0):
 garbage-first heap   total 260096K, used 46568K [0x0000000702600000, 0x0000000800000000)
  region size 2048K, 21 young (43008K), 2 survivors (4096K)
 Metaspace       used 21348K, committed 21504K, reserved 1114112K
  class space    used 2280K, committed 2368K, reserved 1048576K
}
Event: 4.541 GC heap after
{Heap after GC invocations=4 (full 0):
 garbage-first heap   total 260096K, used 11084K [0x0000000702600000, 0x0000000800000000)
  region size 2048K, 2 young (4096K), 2 survivors (4096K)
 Metaspace       used 21348K, committed 21504K, reserved 1114112K
  class space    used 2280K, committed 2368K, reserved 1048576K
}
Event: 6.312 GC heap before
{Heap before GC invocations=5 (full 0):
 garbage-first heap   total 49152K, used 37708K [0x0000000702600000, 0x0000000800000000)
  region size 2048K, 10 young (20480K), 2 survivors (4096K)
 Metaspace       used 24203K, committed 24448K, reserved 1114112K
  class space    used 2623K, committed 2752K, reserved 1048576K
}
Event: 6.317 GC heap after
{Heap after GC invocations=6 (full 0):
 garbage-first heap   total 49152K, used 23902K [0x0000000702600000, 0x0000000800000000)
  region size 2048K, 1 young (2048K), 1 survivors (2048K)
 Metaspace       used 24203K, committed 24448K, reserved 1114112K
  class space    used 2623K, committed 2752K, reserved 1048576K
}
Event: 6.359 GC heap before
{Heap before GC invocations=6 (full 0):
 garbage-first heap   total 49152K, used 23902K [0x0000000702600000, 0x0000000800000000)
  region size 2048K, 2 young (4096K), 1 survivors (2048K)
 Metaspace       used 24553K, committed 24832K, reserved 1114112K
  class space    used 2668K, committed 2816K, reserved 1048576K
}
Event: 6.362 GC heap after
{Heap after GC invocations=7 (full 0):
 garbage-first heap   total 49152K, used 18027K [0x0000000702600000, 0x0000000800000000)
  region size 2048K, 1 young (2048K), 1 survivors (2048K)
 Metaspace       used 24553K, committed 24832K, reserved 1114112K
  class space    used 2668K, committed 2816K, reserved 1048576K
}
Event: 6.648 GC heap before
{Heap before GC invocations=7 (full 0):
 garbage-first heap   total 49152K, used 30315K [0x0000000702600000, 0x0000000800000000)
  region size 2048K, 8 young (16384K), 1 survivors (2048K)
 Metaspace       used 26683K, committed 26880K, reserved 1114112K
  class space    used 2935K, committed 3008K, reserved 1048576K
}
Event: 6.652 GC heap after
{Heap after GC invocations=8 (full 0):
 garbage-first heap   total 49152K, used 19543K [0x0000000702600000, 0x0000000800000000)
  region size 2048K, 1 young (2048K), 1 survivors (2048K)
 Metaspace       used 26683K, committed 26880K, reserved 1114112K
  class space    used 2935K, committed 3008K, reserved 1048576K
}
Event: 7.071 GC heap before
{Heap before GC invocations=8 (full 0):
 garbage-first heap   total 49152K, used 31831K [0x0000000702600000, 0x0000000800000000)
  region size 2048K, 8 young (16384K), 1 survivors (2048K)
 Metaspace       used 29828K, committed 30080K, reserved 1114112K
  class space    used 3320K, committed 3456K, reserved 1048576K
}
Event: 7.075 GC heap after
{Heap after GC invocations=9 (full 0):
 garbage-first heap   total 155648K, used 20771K [0x0000000702600000, 0x0000000800000000)
  region size 2048K, 1 young (2048K), 1 survivors (2048K)
 Metaspace       used 29828K, committed 30080K, reserved 1114112K
  class space    used 3320K, committed 3456K, reserved 1048576K
}
Event: 32.512 GC heap before
{Heap before GC invocations=9 (full 0):
 garbage-first heap   total 155648K, used 114979K [0x0000000702600000, 0x0000000800000000)
  region size 2048K, 44 young (90112K), 1 survivors (2048K)
 Metaspace       used 34657K, committed 34880K, reserved 1114112K
  class space    used 3735K, committed 3840K, reserved 1048576K
}
Event: 32.539 GC heap after
{Heap after GC invocations=10 (full 1):
 garbage-first heap   total 90112K, used 24334K [0x0000000702600000, 0x0000000800000000)
  region size 2048K, 0 young (0K), 0 survivors (0K)
 Metaspace       used 34657K, committed 34880K, reserved 1114112K
  class space    used 3735K, committed 3840K, reserved 1048576K
}
Event: 51.978 GC heap before
{Heap before GC invocations=10 (full 1):
 garbage-first heap   total 90112K, used 67342K [0x0000000702600000, 0x0000000800000000)
  region size 2048K, 21 young (43008K), 0 survivors (0K)
 Metaspace       used 34673K, committed 34944K, reserved 1114112K
  class space    used 3736K, committed 3840K, reserved 1048576K
}
Event: 51.979 GC heap after
{Heap after GC invocations=11 (full 1):
 garbage-first heap   total 90112K, used 24668K [0x0000000702600000, 0x0000000800000000)
  region size 2048K, 1 young (2048K), 1 survivors (2048K)
 Metaspace       used 34673K, committed 34944K, reserved 1114112K
  class space    used 3736K, committed 3840K, reserved 1048576K
}
Event: 62.549 GC heap before
{Heap before GC invocations=11 (full 1):
 garbage-first heap   total 90112K, used 47196K [0x0000000702600000, 0x0000000800000000)
  region size 2048K, 13 young (26624K), 1 survivors (2048K)
 Metaspace       used 34673K, committed 34944K, reserved 1114112K
  class space    used 3736K, committed 3840K, reserved 1048576K
}
Event: 62.576 GC heap after
{Heap after GC invocations=12 (full 2):
 garbage-first heap   total 90112K, used 24278K [0x0000000702600000, 0x0000000800000000)
  region size 2048K, 0 young (0K), 0 survivors (0K)
 Metaspace       used 34673K, committed 34944K, reserved 1114112K
  class space    used 3736K, committed 3840K, reserved 1048576K
}
Event: 83.303 GC heap before
{Heap before GC invocations=12 (full 2):
 garbage-first heap   total 90112K, used 69334K [0x0000000702600000, 0x0000000800000000)
  region size 2048K, 22 young (45056K), 0 survivors (0K)
 Metaspace       used 34687K, committed 34944K, reserved 1114112K
  class space    used 3736K, committed 3840K, reserved 1048576K
}
Event: 83.306 GC heap after
{Heap after GC invocations=13 (full 2):
 garbage-first heap   total 90112K, used 24364K [0x0000000702600000, 0x0000000800000000)
  region size 2048K, 1 young (2048K), 1 survivors (2048K)
 Metaspace       used 34687K, committed 34944K, reserved 1114112K
  class space    used 3736K, committed 3840K, reserved 1048576K
}
Event: 92.581 GC heap before
{Heap before GC invocations=13 (full 2):
 garbage-first heap   total 90112K, used 42796K [0x0000000702600000, 0x0000000800000000)
  region size 2048K, 11 young (22528K), 1 survivors (2048K)
 Metaspace       used 34687K, committed 34944K, reserved 1114112K
  class space    used 3736K, committed 3840K, reserved 1048576K
}
Event: 92.608 GC heap after
{Heap after GC invocations=14 (full 3):
 garbage-first heap   total 90112K, used 24280K [0x0000000702600000, 0x0000000800000000)
  region size 2048K, 0 young (0K), 0 survivors (0K)
 Metaspace       used 34687K, committed 34944K, reserved 1114112K
  class space    used 3736K, committed 3840K, reserved 1048576K
}

