# JRE version: OpenJDK Runtime Environment Corretto-17.0.7.7.1 (17.0.7+7) (build 17.0.7+7-LTS)
# Java VM: OpenJDK 64-Bit Server VM Corretto-17.0.7.7.1 (17.0.7+7-LTS, mixed mode, sharing, tiered, compressed oops, compressed class ptrs, g1 gc, windows-amd64)
GC Precious Log:
 CPUs: 4 total, 4 available
 Memory: 16224M
 Large Page Support: Disabled
 NUMA Support: Disabled
 Compressed Oops: Enabled (Zero based)
 Heap Region Size: 2M
 Heap Min Capacity: 8M
 Heap Initial Capacity: 254M
 Heap Max Capacity: 4058M
 Pre-touch: Disabled
 Parallel Workers: 4
 Concurrent Workers: 1
 Concurrent Refinement Workers: 4
 Periodic GC: Disabled
Heap:
 garbage-first heap   total 55296K, used 37623K [0x0000000702600000, 0x0000000800000000)
  region size 2048K, 6 young (12288K), 1 survivors (2048K)
 Metaspace       used 33771K, committed 34048K, reserved 1114112K
  class space    used 3713K, committed 3840K, reserved 1048576K
GC Heap History (18 events):
Event: 1.026 GC heap before
{Heap before GC invocations=0 (full 0):
 garbage-first heap   total 260096K, used 12288K [0x0000000702600000, 0x0000000800000000)
  region size 2048K, 6 young (12288K), 0 survivors (0K)
 Metaspace       used 1752K, committed 1856K, reserved 1114112K
  class space    used 158K, committed 192K, reserved 1048576K
}
Event: 1.036 GC heap after
{Heap after GC invocations=1 (full 0):
 garbage-first heap   total 260096K, used 7273K [0x0000000702600000, 0x0000000800000000)
  region size 2048K, 1 young (2048K), 1 survivors (2048K)
 Metaspace       used 1752K, committed 1856K, reserved 1114112K
  class space    used 158K, committed 192K, reserved 1048576K
}
Event: 1.433 GC heap before
{Heap before GC invocations=1 (full 0):
 garbage-first heap   total 260096K, used 15465K [0x0000000702600000, 0x0000000800000000)
  region size 2048K, 6 young (12288K), 1 survivors (2048K)
 Metaspace       used 5827K, committed 6016K, reserved 1114112K
  class space    used 467K, committed 576K, reserved 1048576K
}
Event: 1.436 GC heap after
{Heap after GC invocations=2 (full 0):
 garbage-first heap   total 260096K, used 7809K [0x0000000702600000, 0x0000000800000000)
  region size 2048K, 1 young (2048K), 1 survivors (2048K)
 Metaspace       used 5827K, committed 6016K, reserved 1114112K
  class space    used 467K, committed 576K, reserved 1048576K
}
Event: 2.796 GC heap before
{Heap before GC invocations=2 (full 0):
 garbage-first heap   total 260096K, used 34433K [0x0000000702600000, 0x0000000800000000)
  region size 2048K, 14 young (28672K), 1 survivors (2048K)
 Metaspace       used 14161K, committed 14400K, reserved 1114112K
  class space    used 1459K, committed 1600K, reserved 1048576K
}
Event: 2.799 GC heap after
{Heap after GC invocations=3 (full 0):
 garbage-first heap   total 260096K, used 9297K [0x0000000702600000, 0x0000000800000000)
  region size 2048K, 1 young (2048K), 1 survivors (2048K)
 Metaspace       used 14161K, committed 14400K, reserved 1114112K
  class space    used 1459K, committed 1600K, reserved 1048576K
}
Event: 4.757 GC heap before
{Heap before GC invocations=3 (full 0):
 garbage-first heap   total 260096K, used 44113K [0x0000000702600000, 0x0000000800000000)
  region size 2048K, 19 young (38912K), 1 survivors (2048K)
 Metaspace       used 21297K, committed 21504K, reserved 1114112K
  class space    used 2285K, committed 2432K, reserved 1048576K
}
Event: 4.762 GC heap after
{Heap after GC invocations=4 (full 0):
 garbage-first heap   total 260096K, used 10790K [0x0000000702600000, 0x0000000800000000)
  region size 2048K, 2 young (4096K), 2 survivors (4096K)
 Metaspace       used 21297K, committed 21504K, reserved 1114112K
  class space    used 2285K, committed 2432K, reserved 1048576K
}
Event: 7.829 GC heap before
{Heap before GC invocations=5 (full 0):
 garbage-first heap   total 55296K, used 45606K [0x0000000702600000, 0x0000000800000000)
  region size 2048K, 14 young (28672K), 2 survivors (4096K)
 Metaspace       used 25301K, committed 25472K, reserved 1114112K
  class space    used 2751K, committed 2816K, reserved 1048576K
}
Event: 7.839 GC heap after
{Heap after GC invocations=6 (full 0):
 garbage-first heap   total 55296K, used 24495K [0x0000000702600000, 0x0000000800000000)
  region size 2048K, 2 young (4096K), 2 survivors (4096K)
 Metaspace       used 25301K, committed 25472K, reserved 1114112K
  class space    used 2751K, committed 2816K, reserved 1048576K
}
Event: 7.888 GC heap before
{Heap before GC invocations=6 (full 0):
 garbage-first heap   total 55296K, used 26543K [0x0000000702600000, 0x0000000800000000)
  region size 2048K, 3 young (6144K), 2 survivors (4096K)
 Metaspace       used 25617K, committed 25792K, reserved 1114112K
  class space    used 2799K, committed 2880K, reserved 1048576K
}
Event: 7.892 GC heap after
{Heap after GC invocations=7 (full 0):
 garbage-first heap   total 55296K, used 18649K [0x0000000702600000, 0x0000000800000000)
  region size 2048K, 1 young (2048K), 1 survivors (2048K)
 Metaspace       used 25617K, committed 25792K, reserved 1114112K
  class space    used 2799K, committed 2880K, reserved 1048576K
}
Event: 8.523 GC heap before
{Heap before GC invocations=7 (full 0):
 garbage-first heap   total 55296K, used 37081K [0x0000000702600000, 0x0000000800000000)
  region size 2048K, 10 young (20480K), 1 survivors (2048K)
 Metaspace       used 29319K, committed 29568K, reserved 1114112K
  class space    used 3275K, committed 3392K, reserved 1048576K
}
Event: 8.526 GC heap after
{Heap after GC invocations=8 (full 0):
 garbage-first heap   total 55296K, used 20030K [0x0000000702600000, 0x0000000800000000)
  region size 2048K, 1 young (2048K), 1 survivors (2048K)
 Metaspace       used 29319K, committed 29568K, reserved 1114112K
  class space    used 3275K, committed 3392K, reserved 1048576K
}
Event: 9.084 GC heap before
{Heap before GC invocations=8 (full 0):
 garbage-first heap   total 55296K, used 40510K [0x0000000702600000, 0x0000000800000000)
  region size 2048K, 11 young (22528K), 1 survivors (2048K)
 Metaspace       used 32877K, committed 33088K, reserved 1114112K
  class space    used 3677K, committed 3776K, reserved 1048576K
}
Event: 9.088 GC heap after
{Heap after GC invocations=9 (full 0):
 garbage-first heap   total 55296K, used 21215K [0x0000000702600000, 0x0000000800000000)
  region size 2048K, 2 young (4096K), 2 survivors (4096K)
 Metaspace       used 32877K, committed 33088K, reserved 1114112K
  class space    used 3677K, committed 3776K, reserved 1048576K
}
Event: 9.229 GC heap before
{Heap before GC invocations=9 (full 0):
 garbage-first heap   total 55296K, used 21215K [0x0000000702600000, 0x0000000800000000)
  region size 2048K, 3 young (6144K), 2 survivors (4096K)
 Metaspace       used 33028K, committed 33280K, reserved 1114112K
  class space    used 3696K, committed 3840K, reserved 1048576K
}
Event: 9.233 GC heap after
{Heap after GC invocations=10 (full 0):
 garbage-first heap   total 55296K, used 21239K [0x0000000702600000, 0x0000000800000000)
  region size 2048K, 1 young (2048K), 1 survivors (2048K)
 Metaspace       used 33028K, committed 33280K, reserved 1114112K
  class space    used 3696K, committed 3840K, reserved 1048576K
}

