# JRE version: OpenJDK Runtime Environment Corretto-17.0.7.7.1 (17.0.7+7) (build 17.0.7+7-LTS)
# Java VM: OpenJDK 64-Bit Server VM Corretto-17.0.7.7.1 (17.0.7+7-LTS, mixed mode, sharing, tiered, compressed oops, compressed class ptrs, g1 gc, windows-amd64)
GC Precious Log:
 CPUs: 4 total, 4 available
 Memory: 16224M
 Large Page Support: Disabled
 NUMA Support: Disabled
 Compressed Oops: Enabled (Zero based)
 Heap Region Size: 2M
 Heap Min Capacity: 8M
 Heap Initial Capacity: 254M
 Heap Max Capacity: 4058M
 Pre-touch: Disabled
 Parallel Workers: 4
 Concurrent Workers: 1
 Concurrent Refinement Workers: 4
 Periodic GC: Disabled
Heap:
 garbage-first heap   total 90112K, used 32967K [0x0000000702600000, 0x0000000800000000)
  region size 2048K, 5 young (10240K), 0 survivors (0K)
 Metaspace       used 34840K, committed 35072K, reserved 1114112K
  class space    used 3735K, committed 3840K, reserved 1048576K
GC Heap History (20 events):
Event: 115.270 GC heap before
{Heap before GC invocations=15 (full 3):
 garbage-first heap   total 96256K, used 75689K [0x0000000702600000, 0x0000000800000000)
  region size 2048K, 25 young (51200K), 0 survivors (0K)
 Metaspace       used 34756K, committed 34944K, reserved 1114112K
  class space    used 3732K, committed 3840K, reserved 1048576K
}
Event: 115.273 GC heap after
{Heap after GC invocations=16 (full 3):
 garbage-first heap   total 96256K, used 24812K [0x0000000702600000, 0x0000000800000000)
  region size 2048K, 1 young (2048K), 1 survivors (2048K)
 Metaspace       used 34756K, committed 34944K, reserved 1114112K
  class space    used 3732K, committed 3840K, reserved 1048576K
}
Event: 121.529 GC heap before
{Heap before GC invocations=16 (full 3):
 garbage-first heap   total 96256K, used 37100K [0x0000000702600000, 0x0000000800000000)
  region size 2048K, 8 young (16384K), 1 survivors (2048K)
 Metaspace       used 34759K, committed 34944K, reserved 1114112K
  class space    used 3732K, committed 3840K, reserved 1048576K
}
Event: 121.555 GC heap after
{Heap after GC invocations=17 (full 4):
 garbage-first heap   total 96256K, used 24606K [0x0000000702600000, 0x0000000800000000)
  region size 2048K, 0 young (0K), 0 survivors (0K)
 Metaspace       used 34759K, committed 34944K, reserved 1114112K
  class space    used 3732K, committed 3840K, reserved 1048576K
}
Event: 146.324 GC heap before
{Heap before GC invocations=17 (full 4):
 garbage-first heap   total 96256K, used 77854K [0x0000000702600000, 0x0000000800000000)
  region size 2048K, 26 young (53248K), 0 survivors (0K)
 Metaspace       used 34759K, committed 34944K, reserved 1114112K
  class space    used 3732K, committed 3840K, reserved 1048576K
}
Event: 146.325 GC heap after
{Heap after GC invocations=18 (full 4):
 garbage-first heap   total 96256K, used 24677K [0x0000000702600000, 0x0000000800000000)
  region size 2048K, 1 young (2048K), 1 survivors (2048K)
 Metaspace       used 34759K, committed 34944K, reserved 1114112K
  class space    used 3732K, committed 3840K, reserved 1048576K
}
Event: 151.571 GC heap before
{Heap before GC invocations=18 (full 4):
 garbage-first heap   total 96256K, used 34917K [0x0000000702600000, 0x0000000800000000)
  region size 2048K, 7 young (14336K), 1 survivors (2048K)
 Metaspace       used 34759K, committed 34944K, reserved 1114112K
  class space    used 3732K, committed 3840K, reserved 1048576K
}
Event: 151.597 GC heap after
{Heap after GC invocations=19 (full 5):
 garbage-first heap   total 96256K, used 24606K [0x0000000702600000, 0x0000000800000000)
  region size 2048K, 0 young (0K), 0 survivors (0K)
 Metaspace       used 34759K, committed 34944K, reserved 1114112K
  class space    used 3732K, committed 3840K, reserved 1048576K
}
Event: 176.419 GC heap before
{Heap before GC invocations=19 (full 5):
 garbage-first heap   total 96256K, used 77854K [0x0000000702600000, 0x0000000800000000)
  region size 2048K, 26 young (53248K), 0 survivors (0K)
 Metaspace       used 34814K, committed 35008K, reserved 1114112K
  class space    used 3732K, committed 3840K, reserved 1048576K
}
Event: 176.422 GC heap after
{Heap after GC invocations=20 (full 5):
 garbage-first heap   total 96256K, used 24857K [0x0000000702600000, 0x0000000800000000)
  region size 2048K, 1 young (2048K), 1 survivors (2048K)
 Metaspace       used 34814K, committed 35008K, reserved 1114112K
  class space    used 3732K, committed 3840K, reserved 1048576K
}
Event: 181.601 GC heap before
{Heap before GC invocations=20 (full 5):
 garbage-first heap   total 96256K, used 35097K [0x0000000702600000, 0x0000000800000000)
  region size 2048K, 7 young (14336K), 1 survivors (2048K)
 Metaspace       used 34815K, committed 35008K, reserved 1114112K
  class space    used 3732K, committed 3840K, reserved 1048576K
}
Event: 181.631 GC heap after
{Heap after GC invocations=21 (full 6):
 garbage-first heap   total 90112K, used 24541K [0x0000000702600000, 0x0000000800000000)
  region size 2048K, 0 young (0K), 0 survivors (0K)
 Metaspace       used 34815K, committed 35008K, reserved 1114112K
  class space    used 3732K, committed 3840K, reserved 1048576K
}
Event: 204.591 GC heap before
{Heap before GC invocations=21 (full 6):
 garbage-first heap   total 90112K, used 73693K [0x0000000702600000, 0x0000000800000000)
  region size 2048K, 24 young (49152K), 0 survivors (0K)
 Metaspace       used 34815K, committed 35008K, reserved 1114112K
  class space    used 3732K, committed 3840K, reserved 1048576K
}
Event: 204.593 GC heap after
{Heap after GC invocations=22 (full 6):
 garbage-first heap   total 90112K, used 25090K [0x0000000702600000, 0x0000000800000000)
  region size 2048K, 1 young (2048K), 1 survivors (2048K)
 Metaspace       used 34815K, committed 35008K, reserved 1114112K
  class space    used 3732K, committed 3840K, reserved 1048576K
}
Event: 211.637 GC heap before
{Heap before GC invocations=22 (full 6):
 garbage-first heap   total 90112K, used 39426K [0x0000000702600000, 0x0000000800000000)
  region size 2048K, 9 young (18432K), 1 survivors (2048K)
 Metaspace       used 34815K, committed 35008K, reserved 1114112K
  class space    used 3732K, committed 3840K, reserved 1048576K
}
Event: 211.667 GC heap after
{Heap after GC invocations=23 (full 7):
 garbage-first heap   total 90112K, used 24774K [0x0000000702600000, 0x0000000800000000)
  region size 2048K, 0 young (0K), 0 survivors (0K)
 Metaspace       used 34815K, committed 35008K, reserved 1114112K
  class space    used 3732K, committed 3840K, reserved 1048576K
}
Event: 234.798 GC heap before
{Heap before GC invocations=23 (full 7):
 garbage-first heap   total 90112K, used 73926K [0x0000000702600000, 0x0000000800000000)
  region size 2048K, 24 young (49152K), 0 survivors (0K)
 Metaspace       used 34817K, committed 35008K, reserved 1114112K
  class space    used 3732K, committed 3840K, reserved 1048576K
}
Event: 234.799 GC heap after
{Heap after GC invocations=24 (full 7):
 garbage-first heap   total 90112K, used 24843K [0x0000000702600000, 0x0000000800000000)
  region size 2048K, 1 young (2048K), 1 survivors (2048K)
 Metaspace       used 34817K, committed 35008K, reserved 1114112K
  class space    used 3732K, committed 3840K, reserved 1048576K
}
Event: 241.677 GC heap before
{Heap before GC invocations=24 (full 7):
 garbage-first heap   total 90112K, used 37131K [0x0000000702600000, 0x0000000800000000)
  region size 2048K, 8 young (16384K), 1 survivors (2048K)
 Metaspace       used 34817K, committed 35008K, reserved 1114112K
  class space    used 3732K, committed 3840K, reserved 1048576K
}
Event: 241.702 GC heap after
{Heap after GC invocations=25 (full 8):
 garbage-first heap   total 90112K, used 24775K [0x0000000702600000, 0x0000000800000000)
  region size 2048K, 0 young (0K), 0 survivors (0K)
 Metaspace       used 34817K, committed 35008K, reserved 1114112K
  class space    used 3732K, committed 3840K, reserved 1048576K
}

