# JRE version: OpenJDK Runtime Environment Corretto-17.0.7.7.1 (17.0.7+7) (build 17.0.7+7-LTS)
# Java VM: OpenJDK 64-Bit Server VM Corretto-17.0.7.7.1 (17.0.7+7-LTS, mixed mode, sharing, tiered, compressed oops, compressed class ptrs, g1 gc, windows-amd64)
GC Precious Log:
 CPUs: 4 total, 4 available
 Memory: 16224M
 Large Page Support: Disabled
 NUMA Support: Disabled
 Compressed Oops: Enabled (Zero based)
 Heap Region Size: 2M
 Heap Min Capacity: 8M
 Heap Initial Capacity: 254M
 Heap Max Capacity: 4058M
 Pre-touch: Disabled
 Parallel Workers: 4
 Concurrent Workers: 1
 Concurrent Refinement Workers: 4
 Periodic GC: Disabled
Heap:
 garbage-first heap   total 90112K, used 47110K [0x0000000702600000, 0x0000000800000000)
  region size 2048K, 13 young (26624K), 1 survivors (2048K)
 Metaspace       used 34707K, committed 34880K, reserved 1114112K
  class space    used 3738K, committed 3840K, reserved 1048576K
GC Heap History (20 events):
Event: 0.634 GC heap before
{Heap before GC invocations=0 (full 0):
 garbage-first heap   total 260096K, used 12288K [0x0000000702600000, 0x0000000800000000)
  region size 2048K, 6 young (12288K), 0 survivors (0K)
 Metaspace       used 1765K, committed 1856K, reserved 1114112K
  class space    used 161K, committed 192K, reserved 1048576K
}
Event: 0.644 GC heap after
{Heap after GC invocations=1 (full 0):
 garbage-first heap   total 260096K, used 7166K [0x0000000702600000, 0x0000000800000000)
  region size 2048K, 1 young (2048K), 1 survivors (2048K)
 Metaspace       used 1765K, committed 1856K, reserved 1114112K
  class space    used 161K, committed 192K, reserved 1048576K
}
Event: 1.340 GC heap before
{Heap before GC invocations=1 (full 0):
 garbage-first heap   total 260096K, used 15358K [0x0000000702600000, 0x0000000800000000)
  region size 2048K, 6 young (12288K), 1 survivors (2048K)
 Metaspace       used 5898K, committed 6016K, reserved 1114112K
  class space    used 469K, committed 512K, reserved 1048576K
}
Event: 1.343 GC heap after
{Heap after GC invocations=2 (full 0):
 garbage-first heap   total 260096K, used 8355K [0x0000000702600000, 0x0000000800000000)
  region size 2048K, 1 young (2048K), 1 survivors (2048K)
 Metaspace       used 5898K, committed 6016K, reserved 1114112K
  class space    used 469K, committed 512K, reserved 1048576K
}
Event: 2.866 GC heap before
{Heap before GC invocations=2 (full 0):
 garbage-first heap   total 260096K, used 34979K [0x0000000702600000, 0x0000000800000000)
  region size 2048K, 14 young (28672K), 1 survivors (2048K)
 Metaspace       used 14349K, committed 14592K, reserved 1114112K
  class space    used 1472K, committed 1600K, reserved 1048576K
}
Event: 2.869 GC heap after
{Heap after GC invocations=3 (full 0):
 garbage-first heap   total 260096K, used 9830K [0x0000000702600000, 0x0000000800000000)
  region size 2048K, 2 young (4096K), 2 survivors (4096K)
 Metaspace       used 14349K, committed 14592K, reserved 1114112K
  class space    used 1472K, committed 1600K, reserved 1048576K
}
Event: 4.437 GC heap before
{Heap before GC invocations=3 (full 0):
 garbage-first heap   total 260096K, used 46694K [0x0000000702600000, 0x0000000800000000)
  region size 2048K, 21 young (43008K), 2 survivors (4096K)
 Metaspace       used 21345K, committed 21504K, reserved 1114112K
  class space    used 2281K, committed 2368K, reserved 1048576K
}
Event: 4.442 GC heap after
{Heap after GC invocations=4 (full 0):
 garbage-first heap   total 260096K, used 11281K [0x0000000702600000, 0x0000000800000000)
  region size 2048K, 2 young (4096K), 2 survivors (4096K)
 Metaspace       used 21345K, committed 21504K, reserved 1114112K
  class space    used 2281K, committed 2368K, reserved 1048576K
}
Event: 7.440 GC heap before
{Heap before GC invocations=5 (full 0):
 garbage-first heap   total 49152K, used 37905K [0x0000000702600000, 0x0000000800000000)
  region size 2048K, 10 young (20480K), 2 survivors (4096K)
 Metaspace       used 24265K, committed 24512K, reserved 1114112K
  class space    used 2632K, committed 2752K, reserved 1048576K
}
Event: 7.445 GC heap after
{Heap after GC invocations=6 (full 0):
 garbage-first heap   total 49152K, used 24030K [0x0000000702600000, 0x0000000800000000)
  region size 2048K, 1 young (2048K), 1 survivors (2048K)
 Metaspace       used 24265K, committed 24512K, reserved 1114112K
  class space    used 2632K, committed 2752K, reserved 1048576K
}
Event: 7.497 GC heap before
{Heap before GC invocations=6 (full 0):
 garbage-first heap   total 49152K, used 26078K [0x0000000702600000, 0x0000000800000000)
  region size 2048K, 2 young (4096K), 1 survivors (2048K)
 Metaspace       used 24658K, committed 24896K, reserved 1114112K
  class space    used 2675K, committed 2816K, reserved 1048576K
}
Event: 7.500 GC heap after
{Heap after GC invocations=7 (full 0):
 garbage-first heap   total 49152K, used 18203K [0x0000000702600000, 0x0000000800000000)
  region size 2048K, 1 young (2048K), 1 survivors (2048K)
 Metaspace       used 24658K, committed 24896K, reserved 1114112K
  class space    used 2675K, committed 2816K, reserved 1048576K
}
Event: 7.774 GC heap before
{Heap before GC invocations=7 (full 0):
 garbage-first heap   total 49152K, used 32539K [0x0000000702600000, 0x0000000800000000)
  region size 2048K, 8 young (16384K), 1 survivors (2048K)
 Metaspace       used 26741K, committed 26944K, reserved 1114112K
  class space    used 2941K, committed 3008K, reserved 1048576K
}
Event: 7.777 GC heap after
{Heap after GC invocations=8 (full 0):
 garbage-first heap   total 49152K, used 19492K [0x0000000702600000, 0x0000000800000000)
  region size 2048K, 1 young (2048K), 1 survivors (2048K)
 Metaspace       used 26741K, committed 26944K, reserved 1114112K
  class space    used 2941K, committed 3008K, reserved 1048576K
}
Event: 8.150 GC heap before
{Heap before GC invocations=8 (full 0):
 garbage-first heap   total 49152K, used 31780K [0x0000000702600000, 0x0000000800000000)
  region size 2048K, 8 young (16384K), 1 survivors (2048K)
 Metaspace       used 29971K, committed 30208K, reserved 1114112K
  class space    used 3332K, committed 3456K, reserved 1048576K
}
Event: 8.156 GC heap after
{Heap after GC invocations=9 (full 0):
 garbage-first heap   total 155648K, used 20666K [0x0000000702600000, 0x0000000800000000)
  region size 2048K, 1 young (2048K), 1 survivors (2048K)
 Metaspace       used 29971K, committed 30208K, reserved 1114112K
  class space    used 3332K, committed 3456K, reserved 1048576K
}
Event: 32.276 GC heap before
{Heap before GC invocations=9 (full 0):
 garbage-first heap   total 155648K, used 112826K [0x0000000702600000, 0x0000000800000000)
  region size 2048K, 43 young (88064K), 1 survivors (2048K)
 Metaspace       used 34545K, committed 34752K, reserved 1114112K
  class space    used 3732K, committed 3840K, reserved 1048576K
}
Event: 32.305 GC heap after
{Heap after GC invocations=10 (full 1):
 garbage-first heap   total 90112K, used 24342K [0x0000000702600000, 0x0000000800000000)
  region size 2048K, 0 young (0K), 0 survivors (0K)
 Metaspace       used 34545K, committed 34752K, reserved 1114112K
  class space    used 3732K, committed 3840K, reserved 1048576K
}
Event: 51.085 GC heap before
{Heap before GC invocations=10 (full 1):
 garbage-first heap   total 90112K, used 67350K [0x0000000702600000, 0x0000000800000000)
  region size 2048K, 21 young (43008K), 0 survivors (0K)
 Metaspace       used 34684K, committed 34880K, reserved 1114112K
  class space    used 3734K, committed 3840K, reserved 1048576K
}
Event: 51.086 GC heap after
{Heap after GC invocations=11 (full 1):
 garbage-first heap   total 90112K, used 24582K [0x0000000702600000, 0x0000000800000000)
  region size 2048K, 1 young (2048K), 1 survivors (2048K)
 Metaspace       used 34684K, committed 34880K, reserved 1114112K
  class space    used 3734K, committed 3840K, reserved 1048576K
}

