# JRE version: OpenJDK Runtime Environment Corretto-17.0.7.7.1 (17.0.7+7) (build 17.0.7+7-LTS)
# Java VM: OpenJDK 64-Bit Server VM Corretto-17.0.7.7.1 (17.0.7+7-LTS, mixed mode, sharing, tiered, compressed oops, compressed class ptrs, g1 gc, windows-amd64)
GC Precious Log:
 CPUs: 4 total, 4 available
 Memory: 16224M
 Large Page Support: Disabled
 NUMA Support: Disabled
 Compressed Oops: Enabled (Zero based)
 Heap Region Size: 2M
 Heap Min Capacity: 8M
 Heap Initial Capacity: 254M
 Heap Max Capacity: 4058M
 Pre-touch: Disabled
 Parallel Workers: 4
 Concurrent Workers: 1
 Concurrent Refinement Workers: 4
 Periodic GC: Disabled
Heap:
 garbage-first heap   total 59392K, used 31702K [0x0000000702600000, 0x0000000800000000)
  region size 2048K, 5 young (10240K), 1 survivors (2048K)
 Metaspace       used 34077K, committed 34304K, reserved 1114112K
  class space    used 3708K, committed 3840K, reserved 1048576K
GC Heap History (20 events):
Event: 0.724 GC heap before
{Heap before GC invocations=1 (full 0):
 garbage-first heap   total 260096K, used 15383K [0x0000000702600000, 0x0000000800000000)
  region size 2048K, 6 young (12288K), 1 survivors (2048K)
 Metaspace       used 5814K, committed 6016K, reserved 1114112K
  class space    used 468K, committed 576K, reserved 1048576K
}
Event: 0.726 GC heap after
{Heap after GC invocations=2 (full 0):
 garbage-first heap   total 260096K, used 8310K [0x0000000702600000, 0x0000000800000000)
  region size 2048K, 1 young (2048K), 1 survivors (2048K)
 Metaspace       used 5814K, committed 6016K, reserved 1114112K
  class space    used 468K, committed 576K, reserved 1048576K
}
Event: 2.048 GC heap before
{Heap before GC invocations=2 (full 0):
 garbage-first heap   total 260096K, used 36982K [0x0000000702600000, 0x0000000800000000)
  region size 2048K, 15 young (30720K), 1 survivors (2048K)
 Metaspace       used 14862K, committed 15040K, reserved 1114112K
  class space    used 1532K, committed 1600K, reserved 1048576K
}
Event: 2.052 GC heap after
{Heap after GC invocations=3 (full 0):
 garbage-first heap   total 260096K, used 10339K [0x0000000702600000, 0x0000000800000000)
  region size 2048K, 2 young (4096K), 2 survivors (4096K)
 Metaspace       used 14862K, committed 15040K, reserved 1114112K
  class space    used 1532K, committed 1600K, reserved 1048576K
}
Event: 3.306 GC heap before
{Heap before GC invocations=3 (full 0):
 garbage-first heap   total 260096K, used 43107K [0x0000000702600000, 0x0000000800000000)
  region size 2048K, 19 young (38912K), 2 survivors (4096K)
 Metaspace       used 21331K, committed 21504K, reserved 1114112K
  class space    used 2277K, committed 2368K, reserved 1048576K
}
Event: 3.311 GC heap after
{Heap after GC invocations=4 (full 0):
 garbage-first heap   total 260096K, used 11827K [0x0000000702600000, 0x0000000800000000)
  region size 2048K, 2 young (4096K), 2 survivors (4096K)
 Metaspace       used 21331K, committed 21504K, reserved 1114112K
  class space    used 2277K, committed 2368K, reserved 1048576K
}
Event: 5.120 GC heap before
{Heap before GC invocations=5 (full 0):
 garbage-first heap   total 49152K, used 38451K [0x0000000702600000, 0x0000000800000000)
  region size 2048K, 10 young (20480K), 2 survivors (4096K)
 Metaspace       used 24185K, committed 24448K, reserved 1114112K
  class space    used 2618K, committed 2752K, reserved 1048576K
}
Event: 5.126 GC heap after
{Heap after GC invocations=6 (full 0):
 garbage-first heap   total 49152K, used 24572K [0x0000000702600000, 0x0000000800000000)
  region size 2048K, 1 young (2048K), 1 survivors (2048K)
 Metaspace       used 24185K, committed 24448K, reserved 1114112K
  class space    used 2618K, committed 2752K, reserved 1048576K
}
Event: 5.319 GC heap before
{Heap before GC invocations=6 (full 0):
 garbage-first heap   total 49152K, used 32764K [0x0000000702600000, 0x0000000800000000)
  region size 2048K, 5 young (10240K), 1 survivors (2048K)
 Metaspace       used 25352K, committed 25600K, reserved 1114112K
  class space    used 2740K, committed 2880K, reserved 1048576K
}
Event: 5.323 GC heap after
{Heap after GC invocations=7 (full 0):
 garbage-first heap   total 49152K, used 19370K [0x0000000702600000, 0x0000000800000000)
  region size 2048K, 1 young (2048K), 1 survivors (2048K)
 Metaspace       used 25352K, committed 25600K, reserved 1114112K
  class space    used 2740K, committed 2880K, reserved 1048576K
}
Event: 5.720 GC heap before
{Heap before GC invocations=8 (full 0):
 garbage-first heap   total 49152K, used 31658K [0x0000000702600000, 0x0000000800000000)
  region size 2048K, 8 young (16384K), 1 survivors (2048K)
 Metaspace       used 27733K, committed 27968K, reserved 1114112K
  class space    used 3098K, committed 3200K, reserved 1048576K
}
Event: 5.724 GC heap after
{Heap after GC invocations=9 (full 0):
 garbage-first heap   total 49152K, used 20396K [0x0000000702600000, 0x0000000800000000)
  region size 2048K, 1 young (2048K), 1 survivors (2048K)
 Metaspace       used 27733K, committed 27968K, reserved 1114112K
  class space    used 3098K, committed 3200K, reserved 1048576K
}
Event: 6.030 GC heap before
{Heap before GC invocations=9 (full 0):
 garbage-first heap   total 49152K, used 32684K [0x0000000702600000, 0x0000000800000000)
  region size 2048K, 8 young (16384K), 1 survivors (2048K)
 Metaspace       used 30925K, committed 31168K, reserved 1114112K
  class space    used 3447K, committed 3584K, reserved 1048576K
}
Event: 6.037 GC heap after
{Heap after GC invocations=10 (full 0):
 garbage-first heap   total 49152K, used 21220K [0x0000000702600000, 0x0000000800000000)
  region size 2048K, 1 young (2048K), 1 survivors (2048K)
 Metaspace       used 30925K, committed 31168K, reserved 1114112K
  class space    used 3447K, committed 3584K, reserved 1048576K
}
Event: 6.368 GC heap before
{Heap before GC invocations=10 (full 0):
 garbage-first heap   total 49152K, used 31460K [0x0000000702600000, 0x0000000800000000)
  region size 2048K, 7 young (14336K), 1 survivors (2048K)
 Metaspace       used 32970K, committed 33216K, reserved 1114112K
  class space    used 3683K, committed 3776K, reserved 1048576K
}
Event: 6.371 GC heap after
{Heap after GC invocations=11 (full 0):
 garbage-first heap   total 49152K, used 21898K [0x0000000702600000, 0x0000000800000000)
  region size 2048K, 1 young (2048K), 1 survivors (2048K)
 Metaspace       used 32970K, committed 33216K, reserved 1114112K
  class space    used 3683K, committed 3776K, reserved 1048576K
}
Event: 10.166 GC heap before
{Heap before GC invocations=12 (full 0):
 garbage-first heap   total 59392K, used 42378K [0x0000000702600000, 0x0000000800000000)
  region size 2048K, 7 young (14336K), 1 survivors (2048K)
 Metaspace       used 33908K, committed 34176K, reserved 1114112K
  class space    used 3702K, committed 3840K, reserved 1048576K
}
Event: 10.175 GC heap after
{Heap after GC invocations=13 (full 0):
 garbage-first heap   total 59392K, used 31564K [0x0000000702600000, 0x0000000800000000)
  region size 2048K, 1 young (2048K), 1 survivors (2048K)
 Metaspace       used 33908K, committed 34176K, reserved 1114112K
  class space    used 3702K, committed 3840K, reserved 1048576K
}
Event: 16.376 GC heap before
{Heap before GC invocations=13 (full 0):
 garbage-first heap   total 59392K, used 43852K [0x0000000702600000, 0x0000000800000000)
  region size 2048K, 7 young (14336K), 1 survivors (2048K)
 Metaspace       used 34042K, committed 34304K, reserved 1114112K
  class space    used 3705K, committed 3840K, reserved 1048576K
}
Event: 16.379 GC heap after
{Heap after GC invocations=14 (full 0):
 garbage-first heap   total 59392K, used 31702K [0x0000000702600000, 0x0000000800000000)
  region size 2048K, 1 young (2048K), 1 survivors (2048K)
 Metaspace       used 34042K, committed 34304K, reserved 1114112K
  class space    used 3705K, committed 3840K, reserved 1048576K
}

