# JRE version: OpenJDK Runtime Environment JBR-17.0.7+7-1000.5-nomod (17.0.7+7) (build 17.0.7+7-b1000.5)
# Java VM: OpenJDK 64-Bit Server VM JBR-17.0.7+7-1000.5-nomod (17.0.7+7-b1000.5, mixed mode, tiered, compressed oops, compressed class ptrs, g1 gc, windows-amd64)
GC Precious Log:
 CPUs: 4 total, 4 available
 Memory: 16224M
 Large Page Support: Disabled
 NUMA Support: Disabled
 Compressed Oops: Enabled (Zero based)
 Heap Region Size: 2M
 Heap Min Capacity: 8M
 Heap Initial Capacity: 254M
 Heap Max Capacity: 4058M
 Pre-touch: Disabled
 Parallel Workers: 4
 Concurrent Workers: 1
 Concurrent Refinement Workers: 4
 Periodic GC: Disabled
Heap:
 garbage-first heap   total 49152K, used 31628K [0x0000000702600000, 0x0000000800000000)
  region size 2048K, 5 young (10240K), 0 survivors (0K)
 Metaspace       used 43231K, committed 43520K, reserved 1114112K
  class space    used 4649K, committed 4800K, reserved 1048576K
GC Heap History (20 events):
Event: 39.482 GC heap before
{Heap before GC invocations=19 (full 1):
 garbage-first heap   total 49152K, used 37715K [0x0000000702600000, 0x0000000800000000)
  region size 2048K, 7 young (14336K), 0 survivors (0K)
 Metaspace       used 42850K, committed 43136K, reserved 1114112K
  class space    used 4640K, committed 4800K, reserved 1048576K
}
Event: 39.483 GC heap after
{Heap after GC invocations=20 (full 1):
 garbage-first heap   total 49152K, used 23414K [0x0000000702600000, 0x0000000800000000)
  region size 2048K, 1 young (2048K), 1 survivors (2048K)
 Metaspace       used 42850K, committed 43136K, reserved 1114112K
  class space    used 4640K, committed 4800K, reserved 1048576K
}
Event: 44.627 GC heap before
{Heap before GC invocations=21 (full 1):
 garbage-first heap   total 49152K, used 35702K [0x0000000702600000, 0x0000000800000000)
  region size 2048K, 7 young (14336K), 1 survivors (2048K)
 Metaspace       used 43093K, committed 43392K, reserved 1114112K
  class space    used 4642K, committed 4800K, reserved 1048576K
}
Event: 44.628 GC heap after
{Heap after GC invocations=22 (full 1):
 garbage-first heap   total 49152K, used 23440K [0x0000000702600000, 0x0000000800000000)
  region size 2048K, 1 young (2048K), 1 survivors (2048K)
 Metaspace       used 43093K, committed 43392K, reserved 1114112K
  class space    used 4642K, committed 4800K, reserved 1048576K
}
Event: 45.734 GC heap before
{Heap before GC invocations=22 (full 1):
 garbage-first heap   total 49152K, used 25488K [0x0000000702600000, 0x0000000800000000)
  region size 2048K, 2 young (4096K), 1 survivors (2048K)
 Metaspace       used 43093K, committed 43392K, reserved 1114112K
  class space    used 4642K, committed 4800K, reserved 1048576K
}
Event: 45.739 GC heap after
{Heap after GC invocations=23 (full 1):
 garbage-first heap   total 49152K, used 23456K [0x0000000702600000, 0x0000000800000000)
  region size 2048K, 1 young (2048K), 1 survivors (2048K)
 Metaspace       used 43093K, committed 43392K, reserved 1114112K
  class space    used 4642K, committed 4800K, reserved 1048576K
}
Event: 52.337 GC heap before
{Heap before GC invocations=23 (full 1):
 garbage-first heap   total 49152K, used 35744K [0x0000000702600000, 0x0000000800000000)
  region size 2048K, 7 young (14336K), 1 survivors (2048K)
 Metaspace       used 43121K, committed 43392K, reserved 1114112K
  class space    used 4643K, committed 4800K, reserved 1048576K
}
Event: 52.338 GC heap after
{Heap after GC invocations=24 (full 1):
 garbage-first heap   total 49152K, used 23580K [0x0000000702600000, 0x0000000800000000)
  region size 2048K, 1 young (2048K), 1 survivors (2048K)
 Metaspace       used 43121K, committed 43392K, reserved 1114112K
  class space    used 4643K, committed 4800K, reserved 1048576K
}
Event: 60.596 GC heap before
{Heap before GC invocations=25 (full 1):
 garbage-first heap   total 49152K, used 37916K [0x0000000702600000, 0x0000000800000000)
  region size 2048K, 8 young (16384K), 1 survivors (2048K)
 Metaspace       used 43121K, committed 43392K, reserved 1114112K
  class space    used 4643K, committed 4800K, reserved 1048576K
}
Event: 60.598 GC heap after
{Heap after GC invocations=26 (full 1):
 garbage-first heap   total 49152K, used 23592K [0x0000000702600000, 0x0000000800000000)
  region size 2048K, 1 young (2048K), 1 survivors (2048K)
 Metaspace       used 43121K, committed 43392K, reserved 1114112K
  class space    used 4643K, committed 4800K, reserved 1048576K
}
Event: 61.569 GC heap before
{Heap before GC invocations=26 (full 1):
 garbage-first heap   total 49152K, used 23592K [0x0000000702600000, 0x0000000800000000)
  region size 2048K, 2 young (4096K), 1 survivors (2048K)
 Metaspace       used 43121K, committed 43392K, reserved 1114112K
  class space    used 4643K, committed 4800K, reserved 1048576K
}
Event: 61.598 GC heap after
{Heap after GC invocations=27 (full 2):
 garbage-first heap   total 49152K, used 23433K [0x0000000702600000, 0x0000000800000000)
  region size 2048K, 0 young (0K), 0 survivors (0K)
 Metaspace       used 43121K, committed 43392K, reserved 1114112K
  class space    used 4643K, committed 4800K, reserved 1048576K
}
Event: 70.687 GC heap before
{Heap before GC invocations=27 (full 2):
 garbage-first heap   total 49152K, used 39817K [0x0000000702600000, 0x0000000800000000)
  region size 2048K, 8 young (16384K), 0 survivors (0K)
 Metaspace       used 43133K, committed 43392K, reserved 1114112K
  class space    used 4643K, committed 4800K, reserved 1048576K
}
Event: 70.688 GC heap after
{Heap after GC invocations=28 (full 2):
 garbage-first heap   total 49152K, used 23467K [0x0000000702600000, 0x0000000800000000)
  region size 2048K, 1 young (2048K), 1 survivors (2048K)
 Metaspace       used 43133K, committed 43392K, reserved 1114112K
  class space    used 4643K, committed 4800K, reserved 1048576K
}
Event: 78.752 GC heap before
{Heap before GC invocations=29 (full 2):
 garbage-first heap   total 49152K, used 37803K [0x0000000702600000, 0x0000000800000000)
  region size 2048K, 8 young (16384K), 1 survivors (2048K)
 Metaspace       used 43157K, committed 43456K, reserved 1114112K
  class space    used 4644K, committed 4800K, reserved 1048576K
}
Event: 78.753 GC heap after
{Heap after GC invocations=30 (full 2):
 garbage-first heap   total 49152K, used 23450K [0x0000000702600000, 0x0000000800000000)
  region size 2048K, 1 young (2048K), 1 survivors (2048K)
 Metaspace       used 43157K, committed 43456K, reserved 1114112K
  class space    used 4644K, committed 4800K, reserved 1048576K
}
Event: 86.611 GC heap before
{Heap before GC invocations=30 (full 2):
 garbage-first heap   total 49152K, used 37786K [0x0000000702600000, 0x0000000800000000)
  region size 2048K, 8 young (16384K), 1 survivors (2048K)
 Metaspace       used 43158K, committed 43456K, reserved 1114112K
  class space    used 4644K, committed 4800K, reserved 1048576K
}
Event: 86.612 GC heap after
{Heap after GC invocations=31 (full 2):
 garbage-first heap   total 49152K, used 23457K [0x0000000702600000, 0x0000000800000000)
  region size 2048K, 1 young (2048K), 1 survivors (2048K)
 Metaspace       used 43158K, committed 43456K, reserved 1114112K
  class space    used 4644K, committed 4800K, reserved 1048576K
}
Event: 91.611 GC heap before
{Heap before GC invocations=32 (full 2):
 garbage-first heap   total 49152K, used 31649K [0x0000000702600000, 0x0000000800000000)
  region size 2048K, 6 young (12288K), 1 survivors (2048K)
 Metaspace       used 43208K, committed 43456K, reserved 1114112K
  class space    used 4646K, committed 4800K, reserved 1048576K
}
Event: 91.637 GC heap after
{Heap after GC invocations=33 (full 3):
 garbage-first heap   total 49152K, used 23436K [0x0000000702600000, 0x0000000800000000)
  region size 2048K, 0 young (0K), 0 survivors (0K)
 Metaspace       used 43208K, committed 43456K, reserved 1114112K
  class space    used 4646K, committed 4800K, reserved 1048576K
}

