# JRE version: OpenJDK Runtime Environment Corretto-17.0.7.7.1 (17.0.7+7) (build 17.0.7+7-LTS)
# Java VM: OpenJDK 64-Bit Server VM Corretto-17.0.7.7.1 (17.0.7+7-LTS, mixed mode, sharing, tiered, compressed oops, compressed class ptrs, g1 gc, windows-amd64)
GC Precious Log:
 CPUs: 4 total, 4 available
 Memory: 16224M
 Large Page Support: Disabled
 NUMA Support: Disabled
 Compressed Oops: Enabled (Zero based)
 Heap Region Size: 2M
 Heap Min Capacity: 8M
 Heap Initial Capacity: 254M
 Heap Max Capacity: 4058M
 Pre-touch: Disabled
 Parallel Workers: 4
 Concurrent Workers: 1
 Concurrent Refinement Workers: 4
 Periodic GC: Disabled
Heap:
 garbage-first heap   total 102400K, used 37162K [0x0000000702600000, 0x0000000800000000)
  region size 2048K, 5 young (10240K), 0 survivors (0K)
 Metaspace       used 38689K, committed 38912K, reserved 1114112K
  class space    used 3892K, committed 4032K, reserved 1048576K
GC Heap History (20 events):
Event: 3339.653 GC heap before
{Heap before GC invocations=812 (full 89):
 garbage-first heap   total 102400K, used 80170K [0x0000000702600000, 0x0000000800000000)
  region size 2048K, 26 young (53248K), 0 survivors (0K)
 Metaspace       used 38655K, committed 38912K, reserved 1114112K
  class space    used 3887K, committed 4032K, reserved 1048576K
}
Event: 3339.687 GC heap after
{Heap after GC invocations=813 (full 90):
 garbage-first heap   total 102400K, used 28970K [0x0000000702600000, 0x0000000800000000)
  region size 2048K, 0 young (0K), 0 survivors (0K)
 Metaspace       used 38655K, committed 38912K, reserved 1114112K
  class space    used 3887K, committed 4032K, reserved 1048576K
}
Event: 3369.694 GC heap before
{Heap before GC invocations=813 (full 90):
 garbage-first heap   total 102400K, used 82218K [0x0000000702600000, 0x0000000800000000)
  region size 2048K, 27 young (55296K), 0 survivors (0K)
 Metaspace       used 38655K, committed 38912K, reserved 1114112K
  class space    used 3887K, committed 4032K, reserved 1048576K
}
Event: 3369.739 GC heap after
{Heap after GC invocations=814 (full 91):
 garbage-first heap   total 102400K, used 28970K [0x0000000702600000, 0x0000000800000000)
  region size 2048K, 0 young (0K), 0 survivors (0K)
 Metaspace       used 38655K, committed 38912K, reserved 1114112K
  class space    used 3887K, committed 4032K, reserved 1048576K
}
Event: 3399.746 GC heap before
{Heap before GC invocations=814 (full 91):
 garbage-first heap   total 102400K, used 82218K [0x0000000702600000, 0x0000000800000000)
  region size 2048K, 27 young (55296K), 0 survivors (0K)
 Metaspace       used 38655K, committed 38912K, reserved 1114112K
  class space    used 3887K, committed 4032K, reserved 1048576K
}
Event: 3399.789 GC heap after
{Heap after GC invocations=815 (full 92):
 garbage-first heap   total 102400K, used 28970K [0x0000000702600000, 0x0000000800000000)
  region size 2048K, 0 young (0K), 0 survivors (0K)
 Metaspace       used 38655K, committed 38912K, reserved 1114112K
  class space    used 3887K, committed 4032K, reserved 1048576K
}
Event: 3429.804 GC heap before
{Heap before GC invocations=815 (full 92):
 garbage-first heap   total 102400K, used 82218K [0x0000000702600000, 0x0000000800000000)
  region size 2048K, 27 young (55296K), 0 survivors (0K)
 Metaspace       used 38655K, committed 38912K, reserved 1114112K
  class space    used 3887K, committed 4032K, reserved 1048576K
}
Event: 3429.843 GC heap after
{Heap after GC invocations=816 (full 93):
 garbage-first heap   total 102400K, used 28969K [0x0000000702600000, 0x0000000800000000)
  region size 2048K, 0 young (0K), 0 survivors (0K)
 Metaspace       used 38655K, committed 38912K, reserved 1114112K
  class space    used 3887K, committed 4032K, reserved 1048576K
}
Event: 3459.847 GC heap before
{Heap before GC invocations=816 (full 93):
 garbage-first heap   total 102400K, used 82217K [0x0000000702600000, 0x0000000800000000)
  region size 2048K, 27 young (55296K), 0 survivors (0K)
 Metaspace       used 38655K, committed 38912K, reserved 1114112K
  class space    used 3887K, committed 4032K, reserved 1048576K
}
Event: 3459.892 GC heap after
{Heap after GC invocations=817 (full 94):
 garbage-first heap   total 102400K, used 28969K [0x0000000702600000, 0x0000000800000000)
  region size 2048K, 0 young (0K), 0 survivors (0K)
 Metaspace       used 38655K, committed 38912K, reserved 1114112K
  class space    used 3887K, committed 4032K, reserved 1048576K
}
Event: 3489.896 GC heap before
{Heap before GC invocations=817 (full 94):
 garbage-first heap   total 102400K, used 82217K [0x0000000702600000, 0x0000000800000000)
  region size 2048K, 27 young (55296K), 0 survivors (0K)
 Metaspace       used 38655K, committed 38912K, reserved 1114112K
  class space    used 3887K, committed 4032K, reserved 1048576K
}
Event: 3489.939 GC heap after
{Heap after GC invocations=818 (full 95):
 garbage-first heap   total 102400K, used 28969K [0x0000000702600000, 0x0000000800000000)
  region size 2048K, 0 young (0K), 0 survivors (0K)
 Metaspace       used 38655K, committed 38912K, reserved 1114112K
  class space    used 3887K, committed 4032K, reserved 1048576K
}
Event: 3519.954 GC heap before
{Heap before GC invocations=818 (full 95):
 garbage-first heap   total 102400K, used 82217K [0x0000000702600000, 0x0000000800000000)
  region size 2048K, 27 young (55296K), 0 survivors (0K)
 Metaspace       used 38655K, committed 38912K, reserved 1114112K
  class space    used 3887K, committed 4032K, reserved 1048576K
}
Event: 3520.005 GC heap after
{Heap after GC invocations=819 (full 96):
 garbage-first heap   total 102400K, used 28969K [0x0000000702600000, 0x0000000800000000)
  region size 2048K, 0 young (0K), 0 survivors (0K)
 Metaspace       used 38655K, committed 38912K, reserved 1114112K
  class space    used 3887K, committed 4032K, reserved 1048576K
}
Event: 3550.008 GC heap before
{Heap before GC invocations=819 (full 96):
 garbage-first heap   total 102400K, used 82217K [0x0000000702600000, 0x0000000800000000)
  region size 2048K, 27 young (55296K), 0 survivors (0K)
 Metaspace       used 38655K, committed 38912K, reserved 1114112K
  class space    used 3887K, committed 4032K, reserved 1048576K
}
Event: 3550.055 GC heap after
{Heap after GC invocations=820 (full 97):
 garbage-first heap   total 102400K, used 28969K [0x0000000702600000, 0x0000000800000000)
  region size 2048K, 0 young (0K), 0 survivors (0K)
 Metaspace       used 38655K, committed 38912K, reserved 1114112K
  class space    used 3887K, committed 4032K, reserved 1048576K
}
Event: 3580.064 GC heap before
{Heap before GC invocations=820 (full 97):
 garbage-first heap   total 102400K, used 82217K [0x0000000702600000, 0x0000000800000000)
  region size 2048K, 27 young (55296K), 0 survivors (0K)
 Metaspace       used 38655K, committed 38912K, reserved 1114112K
  class space    used 3887K, committed 4032K, reserved 1048576K
}
Event: 3580.101 GC heap after
{Heap after GC invocations=821 (full 98):
 garbage-first heap   total 102400K, used 28969K [0x0000000702600000, 0x0000000800000000)
  region size 2048K, 0 young (0K), 0 survivors (0K)
 Metaspace       used 38655K, committed 38912K, reserved 1114112K
  class space    used 3887K, committed 4032K, reserved 1048576K
}
Event: 3610.116 GC heap before
{Heap before GC invocations=821 (full 98):
 garbage-first heap   total 102400K, used 82217K [0x0000000702600000, 0x0000000800000000)
  region size 2048K, 27 young (55296K), 0 survivors (0K)
 Metaspace       used 38655K, committed 38912K, reserved 1114112K
  class space    used 3887K, committed 4032K, reserved 1048576K
}
Event: 3610.162 GC heap after
{Heap after GC invocations=822 (full 99):
 garbage-first heap   total 102400K, used 28970K [0x0000000702600000, 0x0000000800000000)
  region size 2048K, 0 young (0K), 0 survivors (0K)
 Metaspace       used 38655K, committed 38912K, reserved 1114112K
  class space    used 3887K, committed 4032K, reserved 1048576K
}

