# JRE version: OpenJDK Runtime Environment JBR-17.0.7+7-1000.5-nomod (17.0.7+7) (build 17.0.7+7-b1000.5)
# Java VM: OpenJDK 64-Bit Server VM JBR-17.0.7+7-1000.5-nomod (17.0.7+7-b1000.5, mixed mode, tiered, compressed oops, compressed class ptrs, g1 gc, windows-amd64)
GC Precious Log:
 CPUs: 4 total, 4 available
 Memory: 16224M
 Large Page Support: Disabled
 NUMA Support: Disabled
 Compressed Oops: Enabled (Zero based)
 Heap Region Size: 2M
 Heap Min Capacity: 8M
 Heap Initial Capacity: 254M
 Heap Max Capacity: 4058M
 Pre-touch: Disabled
 Parallel Workers: 4
 Concurrent Workers: 1
 Concurrent Refinement Workers: 4
 Periodic GC: Disabled
Heap:
 garbage-first heap   total 81920K, used 45386K [0x0000000702600000, 0x0000000800000000)
  region size 2048K, 9 young (18432K), 1 survivors (2048K)
 Metaspace       used 43200K, committed 43392K, reserved 1114112K
  class space    used 4661K, committed 4736K, reserved 1048576K
GC Heap History (20 events):
Event: 1.661 GC heap before
{Heap before GC invocations=1 (full 0):
 garbage-first heap   total 260096K, used 15387K [0x0000000702600000, 0x0000000800000000)
  region size 2048K, 6 young (12288K), 1 survivors (2048K)
 Metaspace       used 13659K, committed 13760K, reserved 1114112K
  class space    used 1195K, committed 1216K, reserved 1048576K
}
Event: 1.664 GC heap after
{Heap after GC invocations=2 (full 0):
 garbage-first heap   total 260096K, used 8080K [0x0000000702600000, 0x0000000800000000)
  region size 2048K, 1 young (2048K), 1 survivors (2048K)
 Metaspace       used 13659K, committed 13760K, reserved 1114112K
  class space    used 1195K, committed 1216K, reserved 1048576K
}
Event: 2.529 GC heap before
{Heap before GC invocations=2 (full 0):
 garbage-first heap   total 260096K, used 30608K [0x0000000702600000, 0x0000000800000000)
  region size 2048K, 13 young (26624K), 1 survivors (2048K)
 Metaspace       used 21302K, committed 21504K, reserved 1114112K
  class space    used 2144K, committed 2240K, reserved 1048576K
}
Event: 2.532 GC heap after
{Heap after GC invocations=3 (full 0):
 garbage-first heap   total 260096K, used 9375K [0x0000000702600000, 0x0000000800000000)
  region size 2048K, 2 young (4096K), 2 survivors (4096K)
 Metaspace       used 21302K, committed 21504K, reserved 1114112K
  class space    used 2144K, committed 2240K, reserved 1048576K
}
Event: 3.053 GC heap before
{Heap before GC invocations=4 (full 0):
 garbage-first heap   total 40960K, used 27807K [0x0000000702600000, 0x0000000800000000)
  region size 2048K, 12 young (24576K), 2 survivors (4096K)
 Metaspace       used 26353K, committed 26624K, reserved 1114112K
  class space    used 2766K, committed 2880K, reserved 1048576K
}
Event: 3.059 GC heap after
{Heap after GC invocations=5 (full 0):
 garbage-first heap   total 40960K, used 10223K [0x0000000702600000, 0x0000000800000000)
  region size 2048K, 2 young (4096K), 2 survivors (4096K)
 Metaspace       used 26353K, committed 26624K, reserved 1114112K
  class space    used 2766K, committed 2880K, reserved 1048576K
}
Event: 3.109 GC heap before
{Heap before GC invocations=5 (full 0):
 garbage-first heap   total 40960K, used 12271K [0x0000000702600000, 0x0000000800000000)
  region size 2048K, 3 young (6144K), 2 survivors (4096K)
 Metaspace       used 26705K, committed 26880K, reserved 1114112K
  class space    used 2813K, committed 2880K, reserved 1048576K
}
Event: 3.113 GC heap after
{Heap after GC invocations=6 (full 0):
 garbage-first heap   total 40960K, used 10313K [0x0000000702600000, 0x0000000800000000)
  region size 2048K, 1 young (2048K), 1 survivors (2048K)
 Metaspace       used 26705K, committed 26880K, reserved 1114112K
  class space    used 2813K, committed 2880K, reserved 1048576K
}
Event: 7.736 GC heap before
{Heap before GC invocations=6 (full 0):
 garbage-first heap   total 40960K, used 30793K [0x0000000702600000, 0x0000000800000000)
  region size 2048K, 8 young (16384K), 1 survivors (2048K)
 Metaspace       used 30482K, committed 30784K, reserved 1114112K
  class space    used 3227K, committed 3392K, reserved 1048576K
}
Event: 7.738 GC heap after
{Heap after GC invocations=7 (full 0):
 garbage-first heap   total 40960K, used 17018K [0x0000000702600000, 0x0000000800000000)
  region size 2048K, 1 young (2048K), 1 survivors (2048K)
 Metaspace       used 30482K, committed 30784K, reserved 1114112K
  class space    used 3227K, committed 3392K, reserved 1048576K
}
Event: 8.606 GC heap before
{Heap before GC invocations=7 (full 0):
 garbage-first heap   total 40960K, used 27258K [0x0000000702600000, 0x0000000800000000)
  region size 2048K, 6 young (12288K), 1 survivors (2048K)
 Metaspace       used 32176K, committed 32448K, reserved 1114112K
  class space    used 3448K, committed 3584K, reserved 1048576K
}
Event: 8.609 GC heap after
{Heap after GC invocations=8 (full 0):
 garbage-first heap   total 40960K, used 17540K [0x0000000702600000, 0x0000000800000000)
  region size 2048K, 1 young (2048K), 1 survivors (2048K)
 Metaspace       used 32176K, committed 32448K, reserved 1114112K
  class space    used 3448K, committed 3584K, reserved 1048576K
}
Event: 8.826 GC heap before
{Heap before GC invocations=8 (full 0):
 garbage-first heap   total 40960K, used 29828K [0x0000000702600000, 0x0000000800000000)
  region size 2048K, 7 young (14336K), 1 survivors (2048K)
 Metaspace       used 34121K, committed 34432K, reserved 1114112K
  class space    used 3686K, committed 3840K, reserved 1048576K
}
Event: 8.829 GC heap after
{Heap after GC invocations=9 (full 0):
 garbage-first heap   total 40960K, used 18584K [0x0000000702600000, 0x0000000800000000)
  region size 2048K, 1 young (2048K), 1 survivors (2048K)
 Metaspace       used 34121K, committed 34432K, reserved 1114112K
  class space    used 3686K, committed 3840K, reserved 1048576K
}
Event: 9.015 GC heap before
{Heap before GC invocations=9 (full 0):
 garbage-first heap   total 40960K, used 26776K [0x0000000702600000, 0x0000000800000000)
  region size 2048K, 6 young (12288K), 1 survivors (2048K)
 Metaspace       used 35764K, committed 35968K, reserved 1114112K
  class space    used 3915K, committed 4032K, reserved 1048576K
}
Event: 9.019 GC heap after
{Heap after GC invocations=10 (full 0):
 garbage-first heap   total 151552K, used 19607K [0x0000000702600000, 0x0000000800000000)
  region size 2048K, 1 young (2048K), 1 survivors (2048K)
 Metaspace       used 35764K, committed 35968K, reserved 1114112K
  class space    used 3915K, committed 4032K, reserved 1048576K
}
Event: 14.921 GC heap before
{Heap before GC invocations=11 (full 0):
 garbage-first heap   total 81920K, used 70807K [0x0000000702600000, 0x0000000800000000)
  region size 2048K, 23 young (47104K), 1 survivors (2048K)
 Metaspace       used 43003K, committed 43200K, reserved 1114112K
  class space    used 4657K, committed 4736K, reserved 1048576K
}
Event: 14.928 GC heap after
{Heap after GC invocations=12 (full 0):
 garbage-first heap   total 81920K, used 30726K [0x0000000702600000, 0x0000000800000000)
  region size 2048K, 2 young (4096K), 2 survivors (4096K)
 Metaspace       used 43003K, committed 43200K, reserved 1114112K
  class space    used 4657K, committed 4736K, reserved 1048576K
}
Event: 15.803 GC heap before
{Heap before GC invocations=12 (full 0):
 garbage-first heap   total 81920K, used 32774K [0x0000000702600000, 0x0000000800000000)
  region size 2048K, 3 young (6144K), 2 survivors (4096K)
 Metaspace       used 43015K, committed 43200K, reserved 1114112K
  class space    used 4657K, committed 4736K, reserved 1048576K
}
Event: 15.807 GC heap after
{Heap after GC invocations=13 (full 0):
 garbage-first heap   total 81920K, used 31050K [0x0000000702600000, 0x0000000800000000)
  region size 2048K, 1 young (2048K), 1 survivors (2048K)
 Metaspace       used 43015K, committed 43200K, reserved 1114112K
  class space    used 4657K, committed 4736K, reserved 1048576K
}

