# JRE version: OpenJDK Runtime Environment Corretto-17.0.7.7.1 (17.0.7+7) (build 17.0.7+7-LTS)
# Java VM: OpenJDK 64-Bit Server VM Corretto-17.0.7.7.1 (17.0.7+7-LTS, mixed mode, sharing, tiered, compressed oops, compressed class ptrs, g1 gc, windows-amd64)
GC Precious Log:
 CPUs: 4 total, 4 available
 Memory: 16224M
 Large Page Support: Disabled
 NUMA Support: Disabled
 Compressed Oops: Enabled (Zero based)
 Heap Region Size: 2M
 Heap Min Capacity: 8M
 Heap Initial Capacity: 254M
 Heap Max Capacity: 4058M
 Pre-touch: Disabled
 Parallel Workers: 4
 Concurrent Workers: 1
 Concurrent Refinement Workers: 4
 Periodic GC: Disabled
Heap:
 garbage-first heap   total 157696K, used 40217K [0x0000000702600000, 0x0000000800000000)
  region size 2048K, 7 young (14336K), 1 survivors (2048K)
 Metaspace       used 33831K, committed 34048K, reserved 1114112K
  class space    used 3722K, committed 3840K, reserved 1048576K
GC Heap History (18 events):
Event: 0.763 GC heap before
{Heap before GC invocations=0 (full 0):
 garbage-first heap   total 260096K, used 12288K [0x0000000702600000, 0x0000000800000000)
  region size 2048K, 6 young (12288K), 0 survivors (0K)
 Metaspace       used 1744K, committed 1792K, reserved 1114112K
  class space    used 158K, committed 192K, reserved 1048576K
}
Event: 0.835 GC heap after
{Heap after GC invocations=1 (full 0):
 garbage-first heap   total 260096K, used 7178K [0x0000000702600000, 0x0000000800000000)
  region size 2048K, 1 young (2048K), 1 survivors (2048K)
 Metaspace       used 1744K, committed 1792K, reserved 1114112K
  class space    used 158K, committed 192K, reserved 1048576K
}
Event: 1.966 GC heap before
{Heap before GC invocations=1 (full 0):
 garbage-first heap   total 260096K, used 15370K [0x0000000702600000, 0x0000000800000000)
  region size 2048K, 6 young (12288K), 1 survivors (2048K)
 Metaspace       used 5866K, committed 6016K, reserved 1114112K
  class space    used 464K, committed 512K, reserved 1048576K
}
Event: 1.969 GC heap after
{Heap after GC invocations=2 (full 0):
 garbage-first heap   total 260096K, used 8250K [0x0000000702600000, 0x0000000800000000)
  region size 2048K, 1 young (2048K), 1 survivors (2048K)
 Metaspace       used 5866K, committed 6016K, reserved 1114112K
  class space    used 464K, committed 512K, reserved 1048576K
}
Event: 3.256 GC heap before
{Heap before GC invocations=2 (full 0):
 garbage-first heap   total 260096K, used 28730K [0x0000000702600000, 0x0000000800000000)
  region size 2048K, 12 young (24576K), 1 survivors (2048K)
 Metaspace       used 12303K, committed 12480K, reserved 1114112K
  class space    used 1213K, committed 1280K, reserved 1048576K
}
Event: 3.260 GC heap after
{Heap after GC invocations=3 (full 0):
 garbage-first heap   total 260096K, used 9481K [0x0000000702600000, 0x0000000800000000)
  region size 2048K, 2 young (4096K), 2 survivors (4096K)
 Metaspace       used 12303K, committed 12480K, reserved 1114112K
  class space    used 1213K, committed 1280K, reserved 1048576K
}
Event: 5.261 GC heap before
{Heap before GC invocations=3 (full 0):
 garbage-first heap   total 260096K, used 50441K [0x0000000702600000, 0x0000000800000000)
  region size 2048K, 23 young (47104K), 2 survivors (4096K)
 Metaspace       used 21363K, committed 21504K, reserved 1114112K
  class space    used 2283K, committed 2368K, reserved 1048576K
}
Event: 5.267 GC heap after
{Heap after GC invocations=4 (full 0):
 garbage-first heap   total 260096K, used 11281K [0x0000000702600000, 0x0000000800000000)
  region size 2048K, 2 young (4096K), 2 survivors (4096K)
 Metaspace       used 21363K, committed 21504K, reserved 1114112K
  class space    used 2283K, committed 2368K, reserved 1048576K
}
Event: 7.655 GC heap before
{Heap before GC invocations=5 (full 0):
 garbage-first heap   total 55296K, used 42001K [0x0000000702600000, 0x0000000800000000)
  region size 2048K, 12 young (24576K), 2 survivors (4096K)
 Metaspace       used 24662K, committed 24896K, reserved 1114112K
  class space    used 2684K, committed 2816K, reserved 1048576K
}
Event: 7.661 GC heap after
{Heap after GC invocations=6 (full 0):
 garbage-first heap   total 55296K, used 24137K [0x0000000702600000, 0x0000000800000000)
  region size 2048K, 2 young (4096K), 2 survivors (4096K)
 Metaspace       used 24662K, committed 24896K, reserved 1114112K
  class space    used 2684K, committed 2816K, reserved 1048576K
}
Event: 7.712 GC heap before
{Heap before GC invocations=6 (full 0):
 garbage-first heap   total 55296K, used 26185K [0x0000000702600000, 0x0000000800000000)
  region size 2048K, 3 young (6144K), 2 survivors (4096K)
 Metaspace       used 25020K, committed 25280K, reserved 1114112K
  class space    used 2727K, committed 2880K, reserved 1048576K
}
Event: 7.717 GC heap after
{Heap after GC invocations=7 (full 0):
 garbage-first heap   total 55296K, used 18386K [0x0000000702600000, 0x0000000800000000)
  region size 2048K, 1 young (2048K), 1 survivors (2048K)
 Metaspace       used 25020K, committed 25280K, reserved 1114112K
  class space    used 2727K, committed 2880K, reserved 1048576K
}
Event: 8.379 GC heap before
{Heap before GC invocations=7 (full 0):
 garbage-first heap   total 55296K, used 38866K [0x0000000702600000, 0x0000000800000000)
  region size 2048K, 11 young (22528K), 1 survivors (2048K)
 Metaspace       used 28787K, committed 28992K, reserved 1114112K
  class space    used 3204K, committed 3328K, reserved 1048576K
}
Event: 8.384 GC heap after
{Heap after GC invocations=8 (full 0):
 garbage-first heap   total 55296K, used 20105K [0x0000000702600000, 0x0000000800000000)
  region size 2048K, 2 young (4096K), 2 survivors (4096K)
 Metaspace       used 28787K, committed 28992K, reserved 1114112K
  class space    used 3204K, committed 3328K, reserved 1048576K
}
Event: 8.763 GC heap before
{Heap before GC invocations=8 (full 0):
 garbage-first heap   total 55296K, used 36489K [0x0000000702600000, 0x0000000800000000)
  region size 2048K, 11 young (22528K), 2 survivors (4096K)
 Metaspace       used 32109K, committed 32320K, reserved 1114112K
  class space    used 3596K, committed 3712K, reserved 1048576K
}
Event: 8.769 GC heap after
{Heap after GC invocations=9 (full 0):
 garbage-first heap   total 55296K, used 21143K [0x0000000702600000, 0x0000000800000000)
  region size 2048K, 2 young (4096K), 2 survivors (4096K)
 Metaspace       used 32109K, committed 32320K, reserved 1114112K
  class space    used 3596K, committed 3712K, reserved 1048576K
}
Event: 9.170 GC heap before
{Heap before GC invocations=9 (full 0):
 garbage-first heap   total 55296K, used 25239K [0x0000000702600000, 0x0000000800000000)
  region size 2048K, 5 young (10240K), 2 survivors (4096K)
 Metaspace       used 33131K, committed 33344K, reserved 1114112K
  class space    used 3706K, committed 3840K, reserved 1048576K
}
Event: 9.176 GC heap after
{Heap after GC invocations=10 (full 0):
 garbage-first heap   total 157696K, used 21785K [0x0000000702600000, 0x0000000800000000)
  region size 2048K, 1 young (2048K), 1 survivors (2048K)
 Metaspace       used 33131K, committed 33344K, reserved 1114112K
  class space    used 3706K, committed 3840K, reserved 1048576K
}

