# JRE version: OpenJDK Runtime Environment Corretto-17.0.7.7.1 (17.0.7+7) (build 17.0.7+7-LTS)
# Java VM: OpenJDK 64-Bit Server VM Corretto-17.0.7.7.1 (17.0.7+7-LTS, mixed mode, sharing, tiered, compressed oops, compressed class ptrs, g1 gc, windows-amd64)
GC Precious Log:
 CPUs: 4 total, 4 available
 Memory: 16224M
 Large Page Support: Disabled
 NUMA Support: Disabled
 Compressed Oops: Enabled (Zero based)
 Heap Region Size: 2M
 Heap Min Capacity: 8M
 Heap Initial Capacity: 254M
 Heap Max Capacity: 4058M
 Pre-touch: Disabled
 Parallel Workers: 4
 Concurrent Workers: 1
 Concurrent Refinement Workers: 4
 Periodic GC: Disabled
Heap:
 garbage-first heap   total 155648K, used 92201K [0x0000000702600000, 0x0000000800000000)
  region size 2048K, 34 young (69632K), 2 survivors (4096K)
 Metaspace       used 34642K, committed 34880K, reserved 1114112K
  class space    used 3736K, committed 3840K, reserved 1048576K
GC Heap History (16 events):
Event: 0.510 GC heap before
{Heap before GC invocations=0 (full 0):
 garbage-first heap   total 260096K, used 12288K [0x0000000702600000, 0x0000000800000000)
  region size 2048K, 6 young (12288K), 0 survivors (0K)
 Metaspace       used 1761K, committed 1856K, reserved 1114112K
  class space    used 161K, committed 192K, reserved 1048576K
}
Event: 0.527 GC heap after
{Heap after GC invocations=1 (full 0):
 garbage-first heap   total 260096K, used 7261K [0x0000000702600000, 0x0000000800000000)
  region size 2048K, 1 young (2048K), 1 survivors (2048K)
 Metaspace       used 1761K, committed 1856K, reserved 1114112K
  class space    used 161K, committed 192K, reserved 1048576K
}
Event: 0.774 GC heap before
{Heap before GC invocations=1 (full 0):
 garbage-first heap   total 260096K, used 15453K [0x0000000702600000, 0x0000000800000000)
  region size 2048K, 6 young (12288K), 1 survivors (2048K)
 Metaspace       used 5831K, committed 6016K, reserved 1114112K
  class space    used 468K, committed 576K, reserved 1048576K
}
Event: 0.776 GC heap after
{Heap after GC invocations=2 (full 0):
 garbage-first heap   total 260096K, used 7846K [0x0000000702600000, 0x0000000800000000)
  region size 2048K, 1 young (2048K), 1 survivors (2048K)
 Metaspace       used 5831K, committed 6016K, reserved 1114112K
  class space    used 468K, committed 576K, reserved 1048576K
}
Event: 2.504 GC heap before
{Heap before GC invocations=2 (full 0):
 garbage-first heap   total 260096K, used 36518K [0x0000000702600000, 0x0000000800000000)
  region size 2048K, 15 young (30720K), 1 survivors (2048K)
 Metaspace       used 14989K, committed 15168K, reserved 1114112K
  class space    used 1538K, committed 1600K, reserved 1048576K
}
Event: 2.510 GC heap after
{Heap after GC invocations=3 (full 0):
 garbage-first heap   total 260096K, used 9885K [0x0000000702600000, 0x0000000800000000)
  region size 2048K, 2 young (4096K), 2 survivors (4096K)
 Metaspace       used 14989K, committed 15168K, reserved 1114112K
  class space    used 1538K, committed 1600K, reserved 1048576K
}
Event: 3.877 GC heap before
{Heap before GC invocations=3 (full 0):
 garbage-first heap   total 260096K, used 42653K [0x0000000702600000, 0x0000000800000000)
  region size 2048K, 19 young (38912K), 2 survivors (4096K)
 Metaspace       used 21344K, committed 21504K, reserved 1114112K
  class space    used 2278K, committed 2368K, reserved 1048576K
}
Event: 3.882 GC heap after
{Heap after GC invocations=4 (full 0):
 garbage-first heap   total 260096K, used 11264K [0x0000000702600000, 0x0000000800000000)
  region size 2048K, 2 young (4096K), 2 survivors (4096K)
 Metaspace       used 21344K, committed 21504K, reserved 1114112K
  class space    used 2278K, committed 2368K, reserved 1048576K
}
Event: 6.303 GC heap before
{Heap before GC invocations=5 (full 0):
 garbage-first heap   total 49152K, used 37888K [0x0000000702600000, 0x0000000800000000)
  region size 2048K, 10 young (20480K), 2 survivors (4096K)
 Metaspace       used 24157K, committed 24384K, reserved 1114112K
  class space    used 2605K, committed 2752K, reserved 1048576K
}
Event: 6.309 GC heap after
{Heap after GC invocations=6 (full 0):
 garbage-first heap   total 49152K, used 24113K [0x0000000702600000, 0x0000000800000000)
  region size 2048K, 1 young (2048K), 1 survivors (2048K)
 Metaspace       used 24157K, committed 24384K, reserved 1114112K
  class space    used 2605K, committed 2752K, reserved 1048576K
}
Event: 6.345 GC heap before
{Heap before GC invocations=6 (full 0):
 garbage-first heap   total 49152K, used 26161K [0x0000000702600000, 0x0000000800000000)
  region size 2048K, 2 young (4096K), 1 survivors (2048K)
 Metaspace       used 24477K, committed 24640K, reserved 1114112K
  class space    used 2647K, committed 2752K, reserved 1048576K
}
Event: 6.349 GC heap after
{Heap after GC invocations=7 (full 0):
 garbage-first heap   total 49152K, used 18070K [0x0000000702600000, 0x0000000800000000)
  region size 2048K, 1 young (2048K), 1 survivors (2048K)
 Metaspace       used 24477K, committed 24640K, reserved 1114112K
  class space    used 2647K, committed 2752K, reserved 1048576K
}
Event: 6.663 GC heap before
{Heap before GC invocations=7 (full 0):
 garbage-first heap   total 49152K, used 32406K [0x0000000702600000, 0x0000000800000000)
  region size 2048K, 8 young (16384K), 1 survivors (2048K)
 Metaspace       used 26776K, committed 26944K, reserved 1114112K
  class space    used 2936K, committed 3008K, reserved 1048576K
}
Event: 6.666 GC heap after
{Heap after GC invocations=8 (full 0):
 garbage-first heap   total 49152K, used 18951K [0x0000000702600000, 0x0000000800000000)
  region size 2048K, 1 young (2048K), 1 survivors (2048K)
 Metaspace       used 26776K, committed 26944K, reserved 1114112K
  class space    used 2936K, committed 3008K, reserved 1048576K
}
Event: 7.140 GC heap before
{Heap before GC invocations=8 (full 0):
 garbage-first heap   total 49152K, used 35335K [0x0000000702600000, 0x0000000800000000)
  region size 2048K, 9 young (18432K), 1 survivors (2048K)
 Metaspace       used 30163K, committed 30336K, reserved 1114112K
  class space    used 3348K, committed 3456K, reserved 1048576K
}
Event: 7.145 GC heap after
{Heap after GC invocations=9 (full 0):
 garbage-first heap   total 155648K, used 20521K [0x0000000702600000, 0x0000000800000000)
  region size 2048K, 2 young (4096K), 2 survivors (4096K)
 Metaspace       used 30163K, committed 30336K, reserved 1114112K
  class space    used 3348K, committed 3456K, reserved 1048576K
}

