# JRE version: OpenJDK Runtime Environment Corretto-17.0.7.7.1 (17.0.7+7) (build 17.0.7+7-LTS)
# Java VM: OpenJDK 64-Bit Server VM Corretto-17.0.7.7.1 (17.0.7+7-LTS, mixed mode, sharing, tiered, compressed oops, compressed class ptrs, g1 gc, windows-amd64)
GC Precious Log:
 CPUs: 4 total, 4 available
 Memory: 16224M
 Large Page Support: Disabled
 NUMA Support: Disabled
 Compressed Oops: Enabled (Zero based)
 Heap Region Size: 2M
 Heap Min Capacity: 8M
 Heap Initial Capacity: 254M
 Heap Max Capacity: 4058M
 Pre-touch: Disabled
 Parallel Workers: 4
 Concurrent Workers: 1
 Concurrent Refinement Workers: 4
 Periodic GC: Disabled
Heap:
 garbage-first heap   total 90112K, used 36381K [0x0000000702600000, 0x0000000800000000)
  region size 2048K, 7 young (14336K), 0 survivors (0K)
 Metaspace       used 34105K, committed 34368K, reserved 1114112K
  class space    used 3710K, committed 3840K, reserved 1048576K
GC Heap History (20 events):
Event: 4.031 GC heap before
{Heap before GC invocations=3 (full 0):
 garbage-first heap   total 260096K, used 42547K [0x0000000702600000, 0x0000000800000000)
  region size 2048K, 19 young (38912K), 2 survivors (4096K)
 Metaspace       used 21341K, committed 21504K, reserved 1114112K
  class space    used 2281K, committed 2368K, reserved 1048576K
}
Event: 4.036 GC heap after
{Heap after GC invocations=4 (full 0):
 garbage-first heap   total 260096K, used 11184K [0x0000000702600000, 0x0000000800000000)
  region size 2048K, 2 young (4096K), 2 survivors (4096K)
 Metaspace       used 21341K, committed 21504K, reserved 1114112K
  class space    used 2281K, committed 2368K, reserved 1048576K
}
Event: 6.931 GC heap before
{Heap before GC invocations=5 (full 0):
 garbage-first heap   total 49152K, used 37808K [0x0000000702600000, 0x0000000800000000)
  region size 2048K, 10 young (20480K), 2 survivors (4096K)
 Metaspace       used 24215K, committed 24448K, reserved 1114112K
  class space    used 2624K, committed 2752K, reserved 1048576K
}
Event: 6.937 GC heap after
{Heap after GC invocations=6 (full 0):
 garbage-first heap   total 49152K, used 24028K [0x0000000702600000, 0x0000000800000000)
  region size 2048K, 1 young (2048K), 1 survivors (2048K)
 Metaspace       used 24215K, committed 24448K, reserved 1114112K
  class space    used 2624K, committed 2752K, reserved 1048576K
}
Event: 6.982 GC heap before
{Heap before GC invocations=6 (full 0):
 garbage-first heap   total 49152K, used 26076K [0x0000000702600000, 0x0000000800000000)
  region size 2048K, 2 young (4096K), 1 survivors (2048K)
 Metaspace       used 24573K, committed 24832K, reserved 1114112K
  class space    used 2668K, committed 2816K, reserved 1048576K
}
Event: 6.986 GC heap after
{Heap after GC invocations=7 (full 0):
 garbage-first heap   total 49152K, used 17869K [0x0000000702600000, 0x0000000800000000)
  region size 2048K, 1 young (2048K), 1 survivors (2048K)
 Metaspace       used 24573K, committed 24832K, reserved 1114112K
  class space    used 2668K, committed 2816K, reserved 1048576K
}
Event: 7.328 GC heap before
{Heap before GC invocations=7 (full 0):
 garbage-first heap   total 49152K, used 32205K [0x0000000702600000, 0x0000000800000000)
  region size 2048K, 8 young (16384K), 1 survivors (2048K)
 Metaspace       used 26685K, committed 26880K, reserved 1114112K
  class space    used 2935K, committed 3008K, reserved 1048576K
}
Event: 7.331 GC heap after
{Heap after GC invocations=8 (full 0):
 garbage-first heap   total 49152K, used 18944K [0x0000000702600000, 0x0000000800000000)
  region size 2048K, 1 young (2048K), 1 survivors (2048K)
 Metaspace       used 26685K, committed 26880K, reserved 1114112K
  class space    used 2935K, committed 3008K, reserved 1048576K
}
Event: 7.886 GC heap before
{Heap before GC invocations=8 (full 0):
 garbage-first heap   total 49152K, used 33280K [0x0000000702600000, 0x0000000800000000)
  region size 2048K, 9 young (18432K), 1 survivors (2048K)
 Metaspace       used 30074K, committed 30272K, reserved 1114112K
  class space    used 3346K, committed 3456K, reserved 1048576K
}
Event: 7.890 GC heap after
{Heap after GC invocations=9 (full 0):
 garbage-first heap   total 49152K, used 20251K [0x0000000702600000, 0x0000000800000000)
  region size 2048K, 2 young (4096K), 2 survivors (4096K)
 Metaspace       used 30074K, committed 30272K, reserved 1114112K
  class space    used 3346K, committed 3456K, reserved 1048576K
}
Event: 8.206 GC heap before
{Heap before GC invocations=9 (full 0):
 garbage-first heap   total 49152K, used 34587K [0x0000000702600000, 0x0000000800000000)
  region size 2048K, 9 young (18432K), 2 survivors (4096K)
 Metaspace       used 32433K, committed 32704K, reserved 1114112K
  class space    used 3629K, committed 3776K, reserved 1048576K
}
Event: 8.210 GC heap after
{Heap after GC invocations=10 (full 0):
 garbage-first heap   total 49152K, used 21221K [0x0000000702600000, 0x0000000800000000)
  region size 2048K, 2 young (4096K), 2 survivors (4096K)
 Metaspace       used 32433K, committed 32704K, reserved 1114112K
  class space    used 3629K, committed 3776K, reserved 1048576K
}
Event: 8.341 GC heap before
{Heap before GC invocations=10 (full 0):
 garbage-first heap   total 49152K, used 23269K [0x0000000702600000, 0x0000000800000000)
  region size 2048K, 4 young (8192K), 2 survivors (4096K)
 Metaspace       used 32981K, committed 33216K, reserved 1114112K
  class space    used 3688K, committed 3776K, reserved 1048576K
}
Event: 8.344 GC heap after
{Heap after GC invocations=11 (full 0):
 garbage-first heap   total 155648K, used 21301K [0x0000000702600000, 0x0000000800000000)
  region size 2048K, 1 young (2048K), 1 survivors (2048K)
 Metaspace       used 32981K, committed 33216K, reserved 1114112K
  class space    used 3688K, committed 3776K, reserved 1048576K
}
Event: 31.841 GC heap before
{Heap before GC invocations=11 (full 0):
 garbage-first heap   total 155648K, used 80693K [0x0000000702600000, 0x0000000800000000)
  region size 2048K, 27 young (55296K), 1 survivors (2048K)
 Metaspace       used 34054K, committed 34304K, reserved 1114112K
  class space    used 3706K, committed 3840K, reserved 1048576K
}
Event: 31.869 GC heap after
{Heap after GC invocations=12 (full 1):
 garbage-first heap   total 90112K, used 24019K [0x0000000702600000, 0x0000000800000000)
  region size 2048K, 0 young (0K), 0 survivors (0K)
 Metaspace       used 34054K, committed 34304K, reserved 1114112K
  class space    used 3706K, committed 3840K, reserved 1048576K
}
Event: 52.518 GC heap before
{Heap before GC invocations=12 (full 1):
 garbage-first heap   total 90112K, used 64979K [0x0000000702600000, 0x0000000800000000)
  region size 2048K, 20 young (40960K), 0 survivors (0K)
 Metaspace       used 34068K, committed 34368K, reserved 1114112K
  class space    used 3706K, committed 3840K, reserved 1048576K
}
Event: 52.519 GC heap after
{Heap after GC invocations=13 (full 1):
 garbage-first heap   total 90112K, used 24190K [0x0000000702600000, 0x0000000800000000)
  region size 2048K, 1 young (2048K), 1 survivors (2048K)
 Metaspace       used 34068K, committed 34368K, reserved 1114112K
  class space    used 3706K, committed 3840K, reserved 1048576K
}
Event: 61.882 GC heap before
{Heap before GC invocations=13 (full 1):
 garbage-first heap   total 90112K, used 42622K [0x0000000702600000, 0x0000000800000000)
  region size 2048K, 11 young (22528K), 1 survivors (2048K)
 Metaspace       used 34071K, committed 34368K, reserved 1114112K
  class space    used 3707K, committed 3840K, reserved 1048576K
}
Event: 61.903 GC heap after
{Heap after GC invocations=14 (full 2):
 garbage-first heap   total 90112K, used 24093K [0x0000000702600000, 0x0000000800000000)
  region size 2048K, 0 young (0K), 0 survivors (0K)
 Metaspace       used 34071K, committed 34368K, reserved 1114112K
  class space    used 3707K, committed 3840K, reserved 1048576K
}

