# JRE version: OpenJDK Runtime Environment JBR-17.0.7+7-1000.5-nomod (17.0.7+7) (build 17.0.7+7-b1000.5)
# Java VM: OpenJDK 64-Bit Server VM JBR-17.0.7+7-1000.5-nomod (17.0.7+7-b1000.5, mixed mode, tiered, compressed oops, compressed class ptrs, g1 gc, windows-amd64)
GC Precious Log:
 CPUs: 4 total, 4 available
 Memory: 16224M
 Large Page Support: Disabled
 NUMA Support: Disabled
 Compressed Oops: Enabled (Zero based)
 Heap Region Size: 2M
 Heap Min Capacity: 8M
 Heap Initial Capacity: 254M
 Heap Max Capacity: 4058M
 Pre-touch: Disabled
 Parallel Workers: 4
 Concurrent Workers: 1
 Concurrent Refinement Workers: 4
 Periodic GC: Disabled
Heap:
 garbage-first heap   total 61440K, used 42326K [0x0000000702600000, 0x0000000800000000)
  region size 2048K, 11 young (22528K), 1 survivors (2048K)
 Metaspace       used 46207K, committed 46464K, reserved 1114112K
  class space    used 4857K, committed 4992K, reserved 1048576K
GC Heap History (20 events):
Event: 181.830 GC heap before
{Heap before GC invocations=22 (full 1):
 garbage-first heap   total 61440K, used 41086K [0x0000000702600000, 0x0000000800000000)
  region size 2048K, 9 young (18432K), 1 survivors (2048K)
 Metaspace       used 46174K, committed 46464K, reserved 1114112K
  class space    used 4852K, committed 4992K, reserved 1048576K
}
Event: 181.859 GC heap after
{Heap after GC invocations=23 (full 2):
 garbage-first heap   total 61440K, used 23676K [0x0000000702600000, 0x0000000800000000)
  region size 2048K, 0 young (0K), 0 survivors (0K)
 Metaspace       used 46174K, committed 46464K, reserved 1114112K
  class space    used 4852K, committed 4992K, reserved 1048576K
}
Event: 195.619 GC heap before
{Heap before GC invocations=23 (full 2):
 garbage-first heap   total 61440K, used 48252K [0x0000000702600000, 0x0000000800000000)
  region size 2048K, 12 young (24576K), 0 survivors (0K)
 Metaspace       used 46177K, committed 46464K, reserved 1114112K
  class space    used 4853K, committed 4992K, reserved 1048576K
}
Event: 195.620 GC heap after
{Heap after GC invocations=24 (full 2):
 garbage-first heap   total 61440K, used 23820K [0x0000000702600000, 0x0000000800000000)
  region size 2048K, 1 young (2048K), 1 survivors (2048K)
 Metaspace       used 46177K, committed 46464K, reserved 1114112K
  class space    used 4853K, committed 4992K, reserved 1048576K
}
Event: 209.457 GC heap before
{Heap before GC invocations=24 (full 2):
 garbage-first heap   total 61440K, used 48396K [0x0000000702600000, 0x0000000800000000)
  region size 2048K, 13 young (26624K), 1 survivors (2048K)
 Metaspace       used 46177K, committed 46464K, reserved 1114112K
  class space    used 4853K, committed 4992K, reserved 1048576K
}
Event: 209.458 GC heap after
{Heap after GC invocations=25 (full 2):
 garbage-first heap   total 61440K, used 23863K [0x0000000702600000, 0x0000000800000000)
  region size 2048K, 1 young (2048K), 1 survivors (2048K)
 Metaspace       used 46177K, committed 46464K, reserved 1114112K
  class space    used 4853K, committed 4992K, reserved 1048576K
}
Event: 211.867 GC heap before
{Heap before GC invocations=25 (full 2):
 garbage-first heap   total 61440K, used 27959K [0x0000000702600000, 0x0000000800000000)
  region size 2048K, 4 young (8192K), 1 survivors (2048K)
 Metaspace       used 46177K, committed 46464K, reserved 1114112K
  class space    used 4853K, committed 4992K, reserved 1048576K
}
Event: 211.911 GC heap after
{Heap after GC invocations=26 (full 3):
 garbage-first heap   total 61440K, used 23748K [0x0000000702600000, 0x0000000800000000)
  region size 2048K, 0 young (0K), 0 survivors (0K)
 Metaspace       used 46177K, committed 46464K, reserved 1114112K
  class space    used 4853K, committed 4992K, reserved 1048576K
}
Event: 227.907 GC heap before
{Heap before GC invocations=26 (full 3):
 garbage-first heap   total 61440K, used 50372K [0x0000000702600000, 0x0000000800000000)
  region size 2048K, 13 young (26624K), 0 survivors (0K)
 Metaspace       used 46177K, committed 46464K, reserved 1114112K
  class space    used 4853K, committed 4992K, reserved 1048576K
}
Event: 227.908 GC heap after
{Heap after GC invocations=27 (full 3):
 garbage-first heap   total 61440K, used 23799K [0x0000000702600000, 0x0000000800000000)
  region size 2048K, 1 young (2048K), 1 survivors (2048K)
 Metaspace       used 46177K, committed 46464K, reserved 1114112K
  class space    used 4853K, committed 4992K, reserved 1048576K
}
Event: 241.496 GC heap before
{Heap before GC invocations=27 (full 3):
 garbage-first heap   total 61440K, used 48375K [0x0000000702600000, 0x0000000800000000)
  region size 2048K, 13 young (26624K), 1 survivors (2048K)
 Metaspace       used 46180K, committed 46464K, reserved 1114112K
  class space    used 4853K, committed 4992K, reserved 1048576K
}
Event: 241.497 GC heap after
{Heap after GC invocations=28 (full 3):
 garbage-first heap   total 61440K, used 23827K [0x0000000702600000, 0x0000000800000000)
  region size 2048K, 1 young (2048K), 1 survivors (2048K)
 Metaspace       used 46180K, committed 46464K, reserved 1114112K
  class space    used 4853K, committed 4992K, reserved 1048576K
}
Event: 241.915 GC heap before
{Heap before GC invocations=28 (full 3):
 garbage-first heap   total 61440K, used 23827K [0x0000000702600000, 0x0000000800000000)
  region size 2048K, 2 young (4096K), 1 survivors (2048K)
 Metaspace       used 46180K, committed 46464K, reserved 1114112K
  class space    used 4853K, committed 4992K, reserved 1048576K
}
Event: 241.957 GC heap after
{Heap after GC invocations=29 (full 4):
 garbage-first heap   total 61440K, used 23751K [0x0000000702600000, 0x0000000800000000)
  region size 2048K, 0 young (0K), 0 survivors (0K)
 Metaspace       used 46180K, committed 46464K, reserved 1114112K
  class space    used 4853K, committed 4992K, reserved 1048576K
}
Event: 258.213 GC heap before
{Heap before GC invocations=29 (full 4):
 garbage-first heap   total 61440K, used 52423K [0x0000000702600000, 0x0000000800000000)
  region size 2048K, 14 young (28672K), 0 survivors (0K)
 Metaspace       used 46183K, committed 46464K, reserved 1114112K
  class space    used 4853K, committed 4992K, reserved 1048576K
}
Event: 258.214 GC heap after
{Heap after GC invocations=30 (full 4):
 garbage-first heap   total 61440K, used 23998K [0x0000000702600000, 0x0000000800000000)
  region size 2048K, 1 young (2048K), 1 survivors (2048K)
 Metaspace       used 46183K, committed 46464K, reserved 1114112K
  class space    used 4853K, committed 4992K, reserved 1048576K
}
Event: 271.973 GC heap before
{Heap before GC invocations=30 (full 4):
 garbage-first heap   total 61440K, used 48574K [0x0000000702600000, 0x0000000800000000)
  region size 2048K, 14 young (28672K), 1 survivors (2048K)
 Metaspace       used 46183K, committed 46464K, reserved 1114112K
  class space    used 4853K, committed 4992K, reserved 1048576K
}
Event: 272.011 GC heap after
{Heap after GC invocations=31 (full 5):
 garbage-first heap   total 61440K, used 23851K [0x0000000702600000, 0x0000000800000000)
  region size 2048K, 0 young (0K), 0 survivors (0K)
 Metaspace       used 46183K, committed 46464K, reserved 1114112K
  class space    used 4853K, committed 4992K, reserved 1048576K
}
Event: 287.738 GC heap before
{Heap before GC invocations=31 (full 5):
 garbage-first heap   total 61440K, used 52523K [0x0000000702600000, 0x0000000800000000)
  region size 2048K, 14 young (28672K), 0 survivors (0K)
 Metaspace       used 46183K, committed 46464K, reserved 1114112K
  class space    used 4853K, committed 4992K, reserved 1048576K
}
Event: 287.740 GC heap after
{Heap after GC invocations=32 (full 5):
 garbage-first heap   total 61440K, used 23894K [0x0000000702600000, 0x0000000800000000)
  region size 2048K, 1 young (2048K), 1 survivors (2048K)
 Metaspace       used 46183K, committed 46464K, reserved 1114112K
  class space    used 4853K, committed 4992K, reserved 1048576K
}

