# JRE version: OpenJDK Runtime Environment Corretto-17.0.7.7.1 (17.0.7+7) (build 17.0.7+7-LTS)
# Java VM: OpenJDK 64-Bit Server VM Corretto-17.0.7.7.1 (17.0.7+7-LTS, mixed mode, sharing, tiered, compressed oops, compressed class ptrs, g1 gc, windows-amd64)
GC Precious Log:
 CPUs: 4 total, 4 available
 Memory: 16224M
 Large Page Support: Disabled
 NUMA Support: Disabled
 Compressed Oops: Enabled (Zero based)
 Heap Region Size: 2M
 Heap Min Capacity: 8M
 Heap Initial Capacity: 254M
 Heap Max Capacity: 4058M
 Pre-touch: Disabled
 Parallel Workers: 4
 Concurrent Workers: 1
 Concurrent Refinement Workers: 4
 Periodic GC: Disabled
Heap:
 garbage-first heap   total 90112K, used 69110K [0x0000000702600000, 0x0000000800000000)
  region size 2048K, 23 young (47104K), 0 survivors (0K)
 Metaspace       used 34582K, committed 34816K, reserved 1114112K
  class space    used 3733K, committed 3840K, reserved 1048576K
GC Heap History (20 events):
Event: 5.048 GC heap before
{Heap before GC invocations=6 (full 0):
 garbage-first heap   total 49152K, used 26135K [0x0000000702600000, 0x0000000800000000)
  region size 2048K, 3 young (6144K), 2 survivors (4096K)
 Metaspace       used 24664K, committed 24896K, reserved 1114112K
  class space    used 2677K, committed 2816K, reserved 1048576K
}
Event: 5.050 GC heap after
{Heap after GC invocations=7 (full 0):
 garbage-first heap   total 49152K, used 17974K [0x0000000702600000, 0x0000000800000000)
  region size 2048K, 1 young (2048K), 1 survivors (2048K)
 Metaspace       used 24664K, committed 24896K, reserved 1114112K
  class space    used 2677K, committed 2816K, reserved 1048576K
}
Event: 5.325 GC heap before
{Heap before GC invocations=7 (full 0):
 garbage-first heap   total 49152K, used 32310K [0x0000000702600000, 0x0000000800000000)
  region size 2048K, 8 young (16384K), 1 survivors (2048K)
 Metaspace       used 26754K, committed 26944K, reserved 1114112K
  class space    used 2943K, committed 3008K, reserved 1048576K
}
Event: 5.329 GC heap after
{Heap after GC invocations=8 (full 0):
 garbage-first heap   total 49152K, used 19312K [0x0000000702600000, 0x0000000800000000)
  region size 2048K, 1 young (2048K), 1 survivors (2048K)
 Metaspace       used 26754K, committed 26944K, reserved 1114112K
  class space    used 2943K, committed 3008K, reserved 1048576K
}
Event: 5.674 GC heap before
{Heap before GC invocations=8 (full 0):
 garbage-first heap   total 49152K, used 31600K [0x0000000702600000, 0x0000000800000000)
  region size 2048K, 8 young (16384K), 1 survivors (2048K)
 Metaspace       used 29977K, committed 30208K, reserved 1114112K
  class space    used 3335K, committed 3456K, reserved 1048576K
}
Event: 5.679 GC heap after
{Heap after GC invocations=9 (full 0):
 garbage-first heap   total 155648K, used 20539K [0x0000000702600000, 0x0000000800000000)
  region size 2048K, 1 young (2048K), 1 survivors (2048K)
 Metaspace       used 29977K, committed 30208K, reserved 1114112K
  class space    used 3335K, committed 3456K, reserved 1048576K
}
Event: 31.455 GC heap before
{Heap before GC invocations=9 (full 0):
 garbage-first heap   total 155648K, used 110651K [0x0000000702600000, 0x0000000800000000)
  region size 2048K, 42 young (86016K), 1 survivors (2048K)
 Metaspace       used 34306K, committed 34560K, reserved 1114112K
  class space    used 3726K, committed 3840K, reserved 1048576K
}
Event: 31.486 GC heap after
{Heap after GC invocations=10 (full 1):
 garbage-first heap   total 90112K, used 23972K [0x0000000702600000, 0x0000000800000000)
  region size 2048K, 0 young (0K), 0 survivors (0K)
 Metaspace       used 34306K, committed 34560K, reserved 1114112K
  class space    used 3726K, committed 3840K, reserved 1048576K
}
Event: 49.875 GC heap before
{Heap before GC invocations=10 (full 1):
 garbage-first heap   total 90112K, used 66980K [0x0000000702600000, 0x0000000800000000)
  region size 2048K, 21 young (43008K), 0 survivors (0K)
 Metaspace       used 34321K, committed 34560K, reserved 1114112K
  class space    used 3726K, committed 3840K, reserved 1048576K
}
Event: 49.876 GC heap after
{Heap after GC invocations=11 (full 1):
 garbage-first heap   total 90112K, used 24214K [0x0000000702600000, 0x0000000800000000)
  region size 2048K, 1 young (2048K), 1 survivors (2048K)
 Metaspace       used 34321K, committed 34560K, reserved 1114112K
  class space    used 3726K, committed 3840K, reserved 1048576K
}
Event: 61.502 GC heap before
{Heap before GC invocations=11 (full 1):
 garbage-first heap   total 90112K, used 50838K [0x0000000702600000, 0x0000000800000000)
  region size 2048K, 15 young (30720K), 1 survivors (2048K)
 Metaspace       used 34324K, committed 34560K, reserved 1114112K
  class space    used 3727K, committed 3840K, reserved 1048576K
}
Event: 61.524 GC heap after
{Heap after GC invocations=12 (full 2):
 garbage-first heap   total 90112K, used 23922K [0x0000000702600000, 0x0000000800000000)
  region size 2048K, 0 young (0K), 0 survivors (0K)
 Metaspace       used 34324K, committed 34560K, reserved 1114112K
  class space    used 3727K, committed 3840K, reserved 1048576K
}
Event: 213.428 GC heap before
{Heap before GC invocations=12 (full 2):
 garbage-first heap   total 90112K, used 68978K [0x0000000702600000, 0x0000000800000000)
  region size 2048K, 22 young (45056K), 0 survivors (0K)
 Metaspace       used 34339K, committed 34560K, reserved 1114112K
  class space    used 3729K, committed 3840K, reserved 1048576K
}
Event: 213.429 GC heap after
{Heap after GC invocations=13 (full 2):
 garbage-first heap   total 90112K, used 23990K [0x0000000702600000, 0x0000000800000000)
  region size 2048K, 1 young (2048K), 1 survivors (2048K)
 Metaspace       used 34339K, committed 34560K, reserved 1114112K
  class space    used 3729K, committed 3840K, reserved 1048576K
}
Event: 218.449 GC heap before
{Heap before GC invocations=13 (full 2):
 garbage-first heap   total 90112K, used 36278K [0x0000000702600000, 0x0000000800000000)
  region size 2048K, 8 young (16384K), 1 survivors (2048K)
 Metaspace       used 34525K, committed 34752K, reserved 1114112K
  class space    used 3729K, committed 3840K, reserved 1048576K
}
Event: 218.472 GC heap after
{Heap after GC invocations=14 (full 3):
 garbage-first heap   total 90112K, used 23942K [0x0000000702600000, 0x0000000800000000)
  region size 2048K, 0 young (0K), 0 survivors (0K)
 Metaspace       used 34525K, committed 34752K, reserved 1114112K
  class space    used 3729K, committed 3840K, reserved 1048576K
}
Event: 238.457 GC heap before
{Heap before GC invocations=14 (full 3):
 garbage-first heap   total 90112K, used 71046K [0x0000000702600000, 0x0000000800000000)
  region size 2048K, 23 young (47104K), 0 survivors (0K)
 Metaspace       used 34555K, committed 34816K, reserved 1114112K
  class space    used 3729K, committed 3840K, reserved 1048576K
}
Event: 238.458 GC heap after
{Heap after GC invocations=15 (full 3):
 garbage-first heap   total 90112K, used 24272K [0x0000000702600000, 0x0000000800000000)
  region size 2048K, 1 young (2048K), 1 survivors (2048K)
 Metaspace       used 34555K, committed 34816K, reserved 1114112K
  class space    used 3729K, committed 3840K, reserved 1048576K
}
Event: 248.484 GC heap before
{Heap before GC invocations=15 (full 3):
 garbage-first heap   total 90112K, used 46800K [0x0000000702600000, 0x0000000800000000)
  region size 2048K, 13 young (26624K), 1 survivors (2048K)
 Metaspace       used 34555K, committed 34816K, reserved 1114112K
  class space    used 3729K, committed 3840K, reserved 1048576K
}
Event: 248.507 GC heap after
{Heap after GC invocations=16 (full 4):
 garbage-first heap   total 90112K, used 24054K [0x0000000702600000, 0x0000000800000000)
  region size 2048K, 0 young (0K), 0 survivors (0K)
 Metaspace       used 34555K, committed 34816K, reserved 1114112K
  class space    used 3729K, committed 3840K, reserved 1048576K
}

