# JRE version: OpenJDK Runtime Environment Corretto-17.0.7.7.1 (17.0.7+7) (build 17.0.7+7-LTS)
# Java VM: OpenJDK 64-Bit Server VM Corretto-17.0.7.7.1 (17.0.7+7-LTS, mixed mode, sharing, tiered, compressed oops, compressed class ptrs, g1 gc, windows-amd64)
GC Precious Log:
 CPUs: 4 total, 4 available
 Memory: 16224M
 Large Page Support: Disabled
 NUMA Support: Disabled
 Compressed Oops: Enabled (Zero based)
 Heap Region Size: 2M
 Heap Min Capacity: 8M
 Heap Initial Capacity: 254M
 Heap Max Capacity: 4058M
 Pre-touch: Disabled
 Parallel Workers: 4
 Concurrent Workers: 1
 Concurrent Refinement Workers: 4
 Periodic GC: Disabled
Heap:
 garbage-first heap   total 90112K, used 38589K [0x0000000702600000, 0x0000000800000000)
  region size 2048K, 8 young (16384K), 0 survivors (0K)
 Metaspace       used 35356K, committed 35584K, reserved 1114112K
  class space    used 3777K, committed 3904K, reserved 1048576K
GC Heap History (20 events):
Event: 2.027 GC heap before
{Heap before GC invocations=2 (full 0):
 garbage-first heap   total 260096K, used 36379K [0x0000000702600000, 0x0000000800000000)
  region size 2048K, 15 young (30720K), 1 survivors (2048K)
 Metaspace       used 14937K, committed 15104K, reserved 1114112K
  class space    used 1534K, committed 1600K, reserved 1048576K
}
Event: 2.030 GC heap after
{Heap after GC invocations=3 (full 0):
 garbage-first heap   total 260096K, used 9803K [0x0000000702600000, 0x0000000800000000)
  region size 2048K, 2 young (4096K), 2 survivors (4096K)
 Metaspace       used 14937K, committed 15104K, reserved 1114112K
  class space    used 1534K, committed 1600K, reserved 1048576K
}
Event: 3.132 GC heap before
{Heap before GC invocations=3 (full 0):
 garbage-first heap   total 260096K, used 42571K [0x0000000702600000, 0x0000000800000000)
  region size 2048K, 19 young (38912K), 2 survivors (4096K)
 Metaspace       used 21339K, committed 21504K, reserved 1114112K
  class space    used 2281K, committed 2368K, reserved 1048576K
}
Event: 3.136 GC heap after
{Heap after GC invocations=4 (full 0):
 garbage-first heap   total 260096K, used 11029K [0x0000000702600000, 0x0000000800000000)
  region size 2048K, 2 young (4096K), 2 survivors (4096K)
 Metaspace       used 21339K, committed 21504K, reserved 1114112K
  class space    used 2281K, committed 2368K, reserved 1048576K
}
Event: 27.443 GC heap before
{Heap before GC invocations=5 (full 0):
 garbage-first heap   total 49152K, used 37653K [0x0000000702600000, 0x0000000800000000)
  region size 2048K, 10 young (20480K), 2 survivors (4096K)
 Metaspace       used 24285K, committed 24512K, reserved 1114112K
  class space    used 2625K, committed 2752K, reserved 1048576K
}
Event: 27.449 GC heap after
{Heap after GC invocations=6 (full 0):
 garbage-first heap   total 49152K, used 23961K [0x0000000702600000, 0x0000000800000000)
  region size 2048K, 1 young (2048K), 1 survivors (2048K)
 Metaspace       used 24285K, committed 24512K, reserved 1114112K
  class space    used 2625K, committed 2752K, reserved 1048576K
}
Event: 27.484 GC heap before
{Heap before GC invocations=6 (full 0):
 garbage-first heap   total 49152K, used 26009K [0x0000000702600000, 0x0000000800000000)
  region size 2048K, 2 young (4096K), 1 survivors (2048K)
 Metaspace       used 24634K, committed 24896K, reserved 1114112K
  class space    used 2669K, committed 2816K, reserved 1048576K
}
Event: 27.488 GC heap after
{Heap after GC invocations=7 (full 0):
 garbage-first heap   total 49152K, used 17757K [0x0000000702600000, 0x0000000800000000)
  region size 2048K, 1 young (2048K), 1 survivors (2048K)
 Metaspace       used 24634K, committed 24896K, reserved 1114112K
  class space    used 2669K, committed 2816K, reserved 1048576K
}
Event: 27.738 GC heap before
{Heap before GC invocations=7 (full 0):
 garbage-first heap   total 49152K, used 30045K [0x0000000702600000, 0x0000000800000000)
  region size 2048K, 8 young (16384K), 1 survivors (2048K)
 Metaspace       used 26857K, committed 27008K, reserved 1114112K
  class space    used 2945K, committed 3008K, reserved 1048576K
}
Event: 27.741 GC heap after
{Heap after GC invocations=8 (full 0):
 garbage-first heap   total 49152K, used 18941K [0x0000000702600000, 0x0000000800000000)
  region size 2048K, 1 young (2048K), 1 survivors (2048K)
 Metaspace       used 26857K, committed 27008K, reserved 1114112K
  class space    used 2945K, committed 3008K, reserved 1048576K
}
Event: 28.067 GC heap before
{Heap before GC invocations=8 (full 0):
 garbage-first heap   total 49152K, used 33277K [0x0000000702600000, 0x0000000800000000)
  region size 2048K, 8 young (16384K), 1 survivors (2048K)
 Metaspace       used 29871K, committed 30144K, reserved 1114112K
  class space    used 3309K, committed 3456K, reserved 1048576K
}
Event: 28.071 GC heap after
{Heap after GC invocations=9 (full 0):
 garbage-first heap   total 49152K, used 20149K [0x0000000702600000, 0x0000000800000000)
  region size 2048K, 1 young (2048K), 1 survivors (2048K)
 Metaspace       used 29871K, committed 30144K, reserved 1114112K
  class space    used 3309K, committed 3456K, reserved 1048576K
}
Event: 28.332 GC heap before
{Heap before GC invocations=9 (full 0):
 garbage-first heap   total 49152K, used 34485K [0x0000000702600000, 0x0000000800000000)
  region size 2048K, 8 young (16384K), 1 survivors (2048K)
 Metaspace       used 32284K, committed 32512K, reserved 1114112K
  class space    used 3598K, committed 3712K, reserved 1048576K
}
Event: 28.335 GC heap after
{Heap after GC invocations=10 (full 0):
 garbage-first heap   total 155648K, used 20690K [0x0000000702600000, 0x0000000800000000)
  region size 2048K, 1 young (2048K), 1 survivors (2048K)
 Metaspace       used 32284K, committed 32512K, reserved 1114112K
  class space    used 3598K, committed 3712K, reserved 1048576K
}
Event: 61.456 GC heap before
{Heap before GC invocations=10 (full 0):
 garbage-first heap   total 155648K, used 100562K [0x0000000702600000, 0x0000000800000000)
  region size 2048K, 37 young (75776K), 1 survivors (2048K)
 Metaspace       used 35205K, committed 35520K, reserved 1114112K
  class space    used 3762K, committed 3904K, reserved 1048576K
}
Event: 61.487 GC heap after
{Heap after GC invocations=11 (full 1):
 garbage-first heap   total 96256K, used 24372K [0x0000000702600000, 0x0000000800000000)
  region size 2048K, 0 young (0K), 0 survivors (0K)
 Metaspace       used 35205K, committed 35520K, reserved 1114112K
  class space    used 3762K, committed 3904K, reserved 1048576K
}
Event: 82.428 GC heap before
{Heap before GC invocations=11 (full 1):
 garbage-first heap   total 96256K, used 67380K [0x0000000702600000, 0x0000000800000000)
  region size 2048K, 21 young (43008K), 0 survivors (0K)
 Metaspace       used 35255K, committed 35520K, reserved 1114112K
  class space    used 3763K, committed 3904K, reserved 1048576K
}
Event: 82.430 GC heap after
{Heap after GC invocations=12 (full 1):
 garbage-first heap   total 96256K, used 24560K [0x0000000702600000, 0x0000000800000000)
  region size 2048K, 1 young (2048K), 1 survivors (2048K)
 Metaspace       used 35255K, committed 35520K, reserved 1114112K
  class space    used 3763K, committed 3904K, reserved 1048576K
}
Event: 91.489 GC heap before
{Heap before GC invocations=12 (full 1):
 garbage-first heap   total 96256K, used 42992K [0x0000000702600000, 0x0000000800000000)
  region size 2048K, 11 young (22528K), 1 survivors (2048K)
 Metaspace       used 35257K, committed 35520K, reserved 1114112K
  class space    used 3763K, committed 3904K, reserved 1048576K
}
Event: 91.511 GC heap after
{Heap after GC invocations=13 (full 2):
 garbage-first heap   total 90112K, used 24253K [0x0000000702600000, 0x0000000800000000)
  region size 2048K, 0 young (0K), 0 survivors (0K)
 Metaspace       used 35257K, committed 35520K, reserved 1114112K
  class space    used 3763K, committed 3904K, reserved 1048576K
}

