# JRE version: OpenJDK Runtime Environment JBR-17.0.7+7-1000.5-nomod (17.0.7+7) (build 17.0.7+7-b1000.5)
# Java VM: OpenJDK 64-Bit Server VM JBR-17.0.7+7-1000.5-nomod (17.0.7+7-b1000.5, mixed mode, tiered, compressed oops, compressed class ptrs, g1 gc, windows-amd64)
GC Precious Log:
 CPUs: 4 total, 4 available
 Memory: 16224M
 Large Page Support: Disabled
 NUMA Support: Disabled
 Compressed Oops: Enabled (Zero based)
 Heap Region Size: 2M
 Heap Min Capacity: 8M
 Heap Initial Capacity: 254M
 Heap Max Capacity: 4058M
 Pre-touch: Disabled
 Parallel Workers: 4
 Concurrent Workers: 1
 Concurrent Refinement Workers: 4
 Periodic GC: Disabled
Heap:
 garbage-first heap   total 55296K, used 33696K [0x0000000702600000, 0x0000000800000000)
  region size 2048K, 11 young (22528K), 1 survivors (2048K)
 Metaspace       used 42919K, committed 43200K, reserved 1114112K
  class space    used 4652K, committed 4800K, reserved 1048576K
GC Heap History (20 events):
Event: 60.137 GC heap before
{Heap before GC invocations=20 (full 1):
 garbage-first heap   total 55296K, used 39773K [0x0000000702600000, 0x0000000800000000)
  region size 2048K, 13 young (26624K), 1 survivors (2048K)
 Metaspace       used 42876K, committed 43200K, reserved 1114112K
  class space    used 4648K, committed 4800K, reserved 1048576K
}
Event: 60.139 GC heap after
{Heap after GC invocations=21 (full 1):
 garbage-first heap   total 55296K, used 15227K [0x0000000702600000, 0x0000000800000000)
  region size 2048K, 1 young (2048K), 1 survivors (2048K)
 Metaspace       used 42876K, committed 43200K, reserved 1114112K
  class space    used 4648K, committed 4800K, reserved 1048576K
}
Event: 62.723 GC heap before
{Heap before GC invocations=21 (full 1):
 garbage-first heap   total 55296K, used 19323K [0x0000000702600000, 0x0000000800000000)
  region size 2048K, 4 young (8192K), 1 survivors (2048K)
 Metaspace       used 42876K, committed 43200K, reserved 1114112K
  class space    used 4648K, committed 4800K, reserved 1048576K
}
Event: 62.753 GC heap after
{Heap after GC invocations=22 (full 2):
 garbage-first heap   total 55296K, used 15109K [0x0000000702600000, 0x0000000800000000)
  region size 2048K, 0 young (0K), 0 survivors (0K)
 Metaspace       used 42876K, committed 43200K, reserved 1114112K
  class space    used 4648K, committed 4800K, reserved 1048576K
}
Event: 77.256 GC heap before
{Heap before GC invocations=22 (full 2):
 garbage-first heap   total 55296K, used 41733K [0x0000000702600000, 0x0000000800000000)
  region size 2048K, 13 young (26624K), 0 survivors (0K)
 Metaspace       used 42885K, committed 43200K, reserved 1114112K
  class space    used 4648K, committed 4800K, reserved 1048576K
}
Event: 77.258 GC heap after
{Heap after GC invocations=23 (full 2):
 garbage-first heap   total 55296K, used 15168K [0x0000000702600000, 0x0000000800000000)
  region size 2048K, 1 young (2048K), 1 survivors (2048K)
 Metaspace       used 42885K, committed 43200K, reserved 1114112K
  class space    used 4648K, committed 4800K, reserved 1048576K
}
Event: 92.143 GC heap before
{Heap before GC invocations=23 (full 2):
 garbage-first heap   total 55296K, used 41792K [0x0000000702600000, 0x0000000800000000)
  region size 2048K, 14 young (28672K), 1 survivors (2048K)
 Metaspace       used 42889K, committed 43200K, reserved 1114112K
  class space    used 4648K, committed 4800K, reserved 1048576K
}
Event: 92.144 GC heap after
{Heap after GC invocations=24 (full 2):
 garbage-first heap   total 55296K, used 15191K [0x0000000702600000, 0x0000000800000000)
  region size 2048K, 1 young (2048K), 1 survivors (2048K)
 Metaspace       used 42889K, committed 43200K, reserved 1114112K
  class space    used 4648K, committed 4800K, reserved 1048576K
}
Event: 92.765 GC heap before
{Heap before GC invocations=24 (full 2):
 garbage-first heap   total 55296K, used 15191K [0x0000000702600000, 0x0000000800000000)
  region size 2048K, 2 young (4096K), 1 survivors (2048K)
 Metaspace       used 42889K, committed 43200K, reserved 1114112K
  class space    used 4648K, committed 4800K, reserved 1048576K
}
Event: 92.793 GC heap after
{Heap after GC invocations=25 (full 3):
 garbage-first heap   total 55296K, used 15110K [0x0000000702600000, 0x0000000800000000)
  region size 2048K, 0 young (0K), 0 survivors (0K)
 Metaspace       used 42889K, committed 43200K, reserved 1114112K
  class space    used 4648K, committed 4800K, reserved 1048576K
}
Event: 108.712 GC heap before
{Heap before GC invocations=25 (full 3):
 garbage-first heap   total 55296K, used 43782K [0x0000000702600000, 0x0000000800000000)
  region size 2048K, 14 young (28672K), 0 survivors (0K)
 Metaspace       used 42892K, committed 43200K, reserved 1114112K
  class space    used 4649K, committed 4800K, reserved 1048576K
}
Event: 108.713 GC heap after
{Heap after GC invocations=26 (full 3):
 garbage-first heap   total 55296K, used 15360K [0x0000000702600000, 0x0000000800000000)
  region size 2048K, 1 young (2048K), 1 survivors (2048K)
 Metaspace       used 42892K, committed 43200K, reserved 1114112K
  class space    used 4649K, committed 4800K, reserved 1048576K
}
Event: 122.807 GC heap before
{Heap before GC invocations=26 (full 3):
 garbage-first heap   total 55296K, used 39936K [0x0000000702600000, 0x0000000800000000)
  region size 2048K, 14 young (28672K), 1 survivors (2048K)
 Metaspace       used 42892K, committed 43200K, reserved 1114112K
  class space    used 4649K, committed 4800K, reserved 1048576K
}
Event: 122.827 GC heap after
{Heap after GC invocations=27 (full 4):
 garbage-first heap   total 55296K, used 15214K [0x0000000702600000, 0x0000000800000000)
  region size 2048K, 0 young (0K), 0 survivors (0K)
 Metaspace       used 42892K, committed 43200K, reserved 1114112K
  class space    used 4649K, committed 4800K, reserved 1048576K
}
Event: 139.226 GC heap before
{Heap before GC invocations=27 (full 4):
 garbage-first heap   total 55296K, used 43886K [0x0000000702600000, 0x0000000800000000)
  region size 2048K, 14 young (28672K), 0 survivors (0K)
 Metaspace       used 42895K, committed 43200K, reserved 1114112K
  class space    used 4649K, committed 4800K, reserved 1048576K
}
Event: 139.226 GC heap after
{Heap after GC invocations=28 (full 4):
 garbage-first heap   total 55296K, used 15260K [0x0000000702600000, 0x0000000800000000)
  region size 2048K, 1 young (2048K), 1 survivors (2048K)
 Metaspace       used 42895K, committed 43200K, reserved 1114112K
  class space    used 4649K, committed 4800K, reserved 1048576K
}
Event: 152.836 GC heap before
{Heap before GC invocations=28 (full 4):
 garbage-first heap   total 55296K, used 37788K [0x0000000702600000, 0x0000000800000000)
  region size 2048K, 13 young (26624K), 1 survivors (2048K)
 Metaspace       used 42895K, committed 43200K, reserved 1114112K
  class space    used 4649K, committed 4800K, reserved 1048576K
}
Event: 152.859 GC heap after
{Heap after GC invocations=29 (full 5):
 garbage-first heap   total 55296K, used 15214K [0x0000000702600000, 0x0000000800000000)
  region size 2048K, 0 young (0K), 0 survivors (0K)
 Metaspace       used 42895K, committed 43200K, reserved 1114112K
  class space    used 4649K, committed 4800K, reserved 1048576K
}
Event: 171.893 GC heap before
{Heap before GC invocations=29 (full 5):
 garbage-first heap   total 55296K, used 45934K [0x0000000702600000, 0x0000000800000000)
  region size 2048K, 15 young (30720K), 0 survivors (0K)
 Metaspace       used 42895K, committed 43200K, reserved 1114112K
  class space    used 4649K, committed 4800K, reserved 1048576K
}
Event: 171.893 GC heap after
{Heap after GC invocations=30 (full 5):
 garbage-first heap   total 55296K, used 15264K [0x0000000702600000, 0x0000000800000000)
  region size 2048K, 1 young (2048K), 1 survivors (2048K)
 Metaspace       used 42895K, committed 43200K, reserved 1114112K
  class space    used 4649K, committed 4800K, reserved 1048576K
}

