# JRE version: OpenJDK Runtime Environment Corretto-17.0.7.7.1 (17.0.7+7) (build 17.0.7+7-LTS)
# Java VM: OpenJDK 64-Bit Server VM Corretto-17.0.7.7.1 (17.0.7+7-LTS, mixed mode, sharing, tiered, compressed oops, compressed class ptrs, g1 gc, windows-amd64)
GC Precious Log:
 CPUs: 4 total, 4 available
 Memory: 16224M
 Large Page Support: Disabled
 NUMA Support: Disabled
 Compressed Oops: Enabled (Zero based)
 Heap Region Size: 2M
 Heap Min Capacity: 8M
 Heap Initial Capacity: 254M
 Heap Max Capacity: 4058M
 Pre-touch: Disabled
 Parallel Workers: 4
 Concurrent Workers: 1
 Concurrent Refinement Workers: 4
 Periodic GC: Disabled
Heap:
 garbage-first heap   total 90112K, used 62924K [0x0000000702600000, 0x0000000800000000)
  region size 2048K, 20 young (40960K), 0 survivors (0K)
 Metaspace       used 34429K, committed 34688K, reserved 1114112K
  class space    used 3715K, committed 3840K, reserved 1048576K
GC Heap History (20 events):
Event: 11.881 GC heap before
{Heap before GC invocations=8 (full 0):
 garbage-first heap   total 49152K, used 35245K [0x0000000702600000, 0x0000000800000000)
  region size 2048K, 9 young (18432K), 1 survivors (2048K)
 Metaspace       used 30149K, committed 30400K, reserved 1114112K
  class space    used 3351K, committed 3456K, reserved 1048576K
}
Event: 11.885 GC heap after
{Heap after GC invocations=9 (full 0):
 garbage-first heap   total 49152K, used 20122K [0x0000000702600000, 0x0000000800000000)
  region size 2048K, 2 young (4096K), 2 survivors (4096K)
 Metaspace       used 30149K, committed 30400K, reserved 1114112K
  class space    used 3351K, committed 3456K, reserved 1048576K
}
Event: 12.177 GC heap before
{Heap before GC invocations=9 (full 0):
 garbage-first heap   total 49152K, used 34458K [0x0000000702600000, 0x0000000800000000)
  region size 2048K, 9 young (18432K), 2 survivors (4096K)
 Metaspace       used 32497K, committed 32768K, reserved 1114112K
  class space    used 3633K, committed 3776K, reserved 1048576K
}
Event: 12.182 GC heap after
{Heap after GC invocations=10 (full 0):
 garbage-first heap   total 49152K, used 21120K [0x0000000702600000, 0x0000000800000000)
  region size 2048K, 2 young (4096K), 2 survivors (4096K)
 Metaspace       used 32497K, committed 32768K, reserved 1114112K
  class space    used 3633K, committed 3776K, reserved 1048576K
}
Event: 12.335 GC heap before
{Heap before GC invocations=10 (full 0):
 garbage-first heap   total 49152K, used 23168K [0x0000000702600000, 0x0000000800000000)
  region size 2048K, 4 young (8192K), 2 survivors (4096K)
 Metaspace       used 33039K, committed 33216K, reserved 1114112K
  class space    used 3692K, committed 3776K, reserved 1048576K
}
Event: 12.338 GC heap after
{Heap after GC invocations=11 (full 0):
 garbage-first heap   total 155648K, used 21150K [0x0000000702600000, 0x0000000800000000)
  region size 2048K, 1 young (2048K), 1 survivors (2048K)
 Metaspace       used 33039K, committed 33216K, reserved 1114112K
  class space    used 3692K, committed 3776K, reserved 1048576K
}
Event: 31.531 GC heap before
{Heap before GC invocations=11 (full 0):
 garbage-first heap   total 155648K, used 72350K [0x0000000702600000, 0x0000000800000000)
  region size 2048K, 23 young (47104K), 1 survivors (2048K)
 Metaspace       used 34080K, committed 34304K, reserved 1114112K
  class space    used 3708K, committed 3840K, reserved 1048576K
}
Event: 31.554 GC heap after
{Heap after GC invocations=12 (full 1):
 garbage-first heap   total 96256K, used 23815K [0x0000000702600000, 0x0000000800000000)
  region size 2048K, 0 young (0K), 0 survivors (0K)
 Metaspace       used 34080K, committed 34304K, reserved 1114112K
  class space    used 3708K, committed 3840K, reserved 1048576K
}
Event: 54.013 GC heap before
{Heap before GC invocations=12 (full 1):
 garbage-first heap   total 96256K, used 68871K [0x0000000702600000, 0x0000000800000000)
  region size 2048K, 22 young (45056K), 0 survivors (0K)
 Metaspace       used 34249K, committed 34496K, reserved 1114112K
  class space    used 3708K, committed 3840K, reserved 1048576K
}
Event: 54.014 GC heap after
{Heap after GC invocations=13 (full 1):
 garbage-first heap   total 96256K, used 24029K [0x0000000702600000, 0x0000000800000000)
  region size 2048K, 1 young (2048K), 1 survivors (2048K)
 Metaspace       used 34249K, committed 34496K, reserved 1114112K
  class space    used 3708K, committed 3840K, reserved 1048576K
}
Event: 61.566 GC heap before
{Heap before GC invocations=13 (full 1):
 garbage-first heap   total 96256K, used 38365K [0x0000000702600000, 0x0000000800000000)
  region size 2048K, 9 young (18432K), 1 survivors (2048K)
 Metaspace       used 34260K, committed 34496K, reserved 1114112K
  class space    used 3708K, committed 3840K, reserved 1048576K
}
Event: 61.587 GC heap after
{Heap after GC invocations=14 (full 2):
 garbage-first heap   total 90112K, used 23900K [0x0000000702600000, 0x0000000800000000)
  region size 2048K, 0 young (0K), 0 survivors (0K)
 Metaspace       used 34260K, committed 34496K, reserved 1114112K
  class space    used 3708K, committed 3840K, reserved 1048576K
}
Event: 85.474 GC heap before
{Heap before GC invocations=14 (full 2):
 garbage-first heap   total 90112K, used 68956K [0x0000000702600000, 0x0000000800000000)
  region size 2048K, 22 young (45056K), 0 survivors (0K)
 Metaspace       used 34327K, committed 34624K, reserved 1114112K
  class space    used 3709K, committed 3840K, reserved 1048576K
}
Event: 85.475 GC heap after
{Heap after GC invocations=15 (full 2):
 garbage-first heap   total 90112K, used 24010K [0x0000000702600000, 0x0000000800000000)
  region size 2048K, 1 young (2048K), 1 survivors (2048K)
 Metaspace       used 34327K, committed 34624K, reserved 1114112K
  class space    used 3709K, committed 3840K, reserved 1048576K
}
Event: 91.598 GC heap before
{Heap before GC invocations=15 (full 2):
 garbage-first heap   total 90112K, used 34250K [0x0000000702600000, 0x0000000800000000)
  region size 2048K, 7 young (14336K), 1 survivors (2048K)
 Metaspace       used 34327K, committed 34624K, reserved 1114112K
  class space    used 3709K, committed 3840K, reserved 1048576K
}
Event: 91.617 GC heap after
{Heap after GC invocations=16 (full 3):
 garbage-first heap   total 90112K, used 23903K [0x0000000702600000, 0x0000000800000000)
  region size 2048K, 0 young (0K), 0 survivors (0K)
 Metaspace       used 34327K, committed 34624K, reserved 1114112K
  class space    used 3709K, committed 3840K, reserved 1048576K
}
Event: 117.375 GC heap before
{Heap before GC invocations=16 (full 3):
 garbage-first heap   total 90112K, used 68959K [0x0000000702600000, 0x0000000800000000)
  region size 2048K, 22 young (45056K), 0 survivors (0K)
 Metaspace       used 34403K, committed 34688K, reserved 1114112K
  class space    used 3712K, committed 3840K, reserved 1048576K
}
Event: 117.378 GC heap after
{Heap after GC invocations=17 (full 3):
 garbage-first heap   total 90112K, used 24195K [0x0000000702600000, 0x0000000800000000)
  region size 2048K, 1 young (2048K), 1 survivors (2048K)
 Metaspace       used 34403K, committed 34688K, reserved 1114112K
  class space    used 3712K, committed 3840K, reserved 1048576K
}
Event: 121.622 GC heap before
{Heap before GC invocations=17 (full 3):
 garbage-first heap   total 90112K, used 30339K [0x0000000702600000, 0x0000000800000000)
  region size 2048K, 5 young (10240K), 1 survivors (2048K)
 Metaspace       used 34403K, committed 34688K, reserved 1114112K
  class space    used 3712K, committed 3840K, reserved 1048576K
}
Event: 121.645 GC heap after
{Heap after GC invocations=18 (full 4):
 garbage-first heap   total 90112K, used 24012K [0x0000000702600000, 0x0000000800000000)
  region size 2048K, 0 young (0K), 0 survivors (0K)
 Metaspace       used 34403K, committed 34688K, reserved 1114112K
  class space    used 3712K, committed 3840K, reserved 1048576K
}

