# JRE version: OpenJDK Runtime Environment Corretto-17.0.7.7.1 (17.0.7+7) (build 17.0.7+7-LTS)
# Java VM: OpenJDK 64-Bit Server VM Corretto-17.0.7.7.1 (17.0.7+7-LTS, mixed mode, sharing, tiered, compressed oops, compressed class ptrs, g1 gc, windows-amd64)
GC Precious Log:
 CPUs: 4 total, 4 available
 Memory: 16224M
 Large Page Support: Disabled
 NUMA Support: Disabled
 Compressed Oops: Enabled (Zero based)
 Heap Region Size: 2M
 Heap Min Capacity: 8M
 Heap Initial Capacity: 254M
 Heap Max Capacity: 4058M
 Pre-touch: Disabled
 Parallel Workers: 4
 Concurrent Workers: 1
 Concurrent Refinement Workers: 4
 Periodic GC: Disabled
Heap:
 garbage-first heap   total 90112K, used 36580K [0x0000000702600000, 0x0000000800000000)
  region size 2048K, 8 young (16384K), 1 survivors (2048K)
 Metaspace       used 34177K, committed 34432K, reserved 1114112K
  class space    used 3712K, committed 3840K, reserved 1048576K
GC Heap History (20 events):
Event: 0.527 GC heap before
{Heap before GC invocations=0 (full 0):
 garbage-first heap   total 260096K, used 12288K [0x0000000702600000, 0x0000000800000000)
  region size 2048K, 6 young (12288K), 0 survivors (0K)
 Metaspace       used 1758K, committed 1856K, reserved 1114112K
  class space    used 161K, committed 192K, reserved 1048576K
}
Event: 0.533 GC heap after
{Heap after GC invocations=1 (full 0):
 garbage-first heap   total 260096K, used 7205K [0x0000000702600000, 0x0000000800000000)
  region size 2048K, 1 young (2048K), 1 survivors (2048K)
 Metaspace       used 1758K, committed 1856K, reserved 1114112K
  class space    used 161K, committed 192K, reserved 1048576K
}
Event: 0.874 GC heap before
{Heap before GC invocations=1 (full 0):
 garbage-first heap   total 260096K, used 15397K [0x0000000702600000, 0x0000000800000000)
  region size 2048K, 6 young (12288K), 1 survivors (2048K)
 Metaspace       used 5822K, committed 6016K, reserved 1114112K
  class space    used 468K, committed 576K, reserved 1048576K
}
Event: 0.876 GC heap after
{Heap after GC invocations=2 (full 0):
 garbage-first heap   total 260096K, used 7721K [0x0000000702600000, 0x0000000800000000)
  region size 2048K, 1 young (2048K), 1 survivors (2048K)
 Metaspace       used 5822K, committed 6016K, reserved 1114112K
  class space    used 468K, committed 576K, reserved 1048576K
}
Event: 3.036 GC heap before
{Heap before GC invocations=2 (full 0):
 garbage-first heap   total 260096K, used 36393K [0x0000000702600000, 0x0000000800000000)
  region size 2048K, 15 young (30720K), 1 survivors (2048K)
 Metaspace       used 14877K, committed 15040K, reserved 1114112K
  class space    used 1534K, committed 1600K, reserved 1048576K
}
Event: 3.041 GC heap after
{Heap after GC invocations=3 (full 0):
 garbage-first heap   total 260096K, used 9740K [0x0000000702600000, 0x0000000800000000)
  region size 2048K, 2 young (4096K), 2 survivors (4096K)
 Metaspace       used 14877K, committed 15040K, reserved 1114112K
  class space    used 1534K, committed 1600K, reserved 1048576K
}
Event: 4.237 GC heap before
{Heap before GC invocations=3 (full 0):
 garbage-first heap   total 260096K, used 42508K [0x0000000702600000, 0x0000000800000000)
  region size 2048K, 19 young (38912K), 2 survivors (4096K)
 Metaspace       used 21343K, committed 21504K, reserved 1114112K
  class space    used 2280K, committed 2368K, reserved 1048576K
}
Event: 4.241 GC heap after
{Heap after GC invocations=4 (full 0):
 garbage-first heap   total 260096K, used 11244K [0x0000000702600000, 0x0000000800000000)
  region size 2048K, 2 young (4096K), 2 survivors (4096K)
 Metaspace       used 21343K, committed 21504K, reserved 1114112K
  class space    used 2280K, committed 2368K, reserved 1048576K
}
Event: 6.683 GC heap before
{Heap before GC invocations=5 (full 0):
 garbage-first heap   total 49152K, used 37868K [0x0000000702600000, 0x0000000800000000)
  region size 2048K, 10 young (20480K), 2 survivors (4096K)
 Metaspace       used 24317K, committed 24512K, reserved 1114112K
  class space    used 2630K, committed 2752K, reserved 1048576K
}
Event: 6.689 GC heap after
{Heap after GC invocations=6 (full 0):
 garbage-first heap   total 49152K, used 23985K [0x0000000702600000, 0x0000000800000000)
  region size 2048K, 1 young (2048K), 1 survivors (2048K)
 Metaspace       used 24317K, committed 24512K, reserved 1114112K
  class space    used 2630K, committed 2752K, reserved 1048576K
}
Event: 6.727 GC heap before
{Heap before GC invocations=6 (full 0):
 garbage-first heap   total 49152K, used 26033K [0x0000000702600000, 0x0000000800000000)
  region size 2048K, 2 young (4096K), 1 survivors (2048K)
 Metaspace       used 24682K, committed 24960K, reserved 1114112K
  class space    used 2676K, committed 2816K, reserved 1048576K
}
Event: 6.730 GC heap after
{Heap after GC invocations=7 (full 0):
 garbage-first heap   total 49152K, used 17789K [0x0000000702600000, 0x0000000800000000)
  region size 2048K, 1 young (2048K), 1 survivors (2048K)
 Metaspace       used 24682K, committed 24960K, reserved 1114112K
  class space    used 2676K, committed 2816K, reserved 1048576K
}
Event: 6.992 GC heap before
{Heap before GC invocations=7 (full 0):
 garbage-first heap   total 49152K, used 32125K [0x0000000702600000, 0x0000000800000000)
  region size 2048K, 8 young (16384K), 1 survivors (2048K)
 Metaspace       used 26820K, committed 27008K, reserved 1114112K
  class space    used 2945K, committed 3008K, reserved 1048576K
}
Event: 6.996 GC heap after
{Heap after GC invocations=8 (full 0):
 garbage-first heap   total 49152K, used 19031K [0x0000000702600000, 0x0000000800000000)
  region size 2048K, 1 young (2048K), 1 survivors (2048K)
 Metaspace       used 26820K, committed 27008K, reserved 1114112K
  class space    used 2945K, committed 3008K, reserved 1048576K
}
Event: 7.347 GC heap before
{Heap before GC invocations=8 (full 0):
 garbage-first heap   total 49152K, used 31319K [0x0000000702600000, 0x0000000800000000)
  region size 2048K, 8 young (16384K), 1 survivors (2048K)
 Metaspace       used 29841K, committed 30144K, reserved 1114112K
  class space    used 3312K, committed 3456K, reserved 1048576K
}
Event: 7.351 GC heap after
{Heap after GC invocations=9 (full 0):
 garbage-first heap   total 155648K, used 20197K [0x0000000702600000, 0x0000000800000000)
  region size 2048K, 1 young (2048K), 1 survivors (2048K)
 Metaspace       used 29841K, committed 30144K, reserved 1114112K
  class space    used 3312K, committed 3456K, reserved 1048576K
}
Event: 31.857 GC heap before
{Heap before GC invocations=9 (full 0):
 garbage-first heap   total 155648K, used 104165K [0x0000000702600000, 0x0000000800000000)
  region size 2048K, 40 young (81920K), 1 survivors (2048K)
 Metaspace       used 34004K, committed 34240K, reserved 1114112K
  class space    used 3707K, committed 3840K, reserved 1048576K
}
Event: 31.881 GC heap after
{Heap after GC invocations=10 (full 1):
 garbage-first heap   total 90112K, used 24038K [0x0000000702600000, 0x0000000800000000)
  region size 2048K, 0 young (0K), 0 survivors (0K)
 Metaspace       used 34004K, committed 34240K, reserved 1114112K
  class space    used 3707K, committed 3840K, reserved 1048576K
}
Event: 49.377 GC heap before
{Heap before GC invocations=10 (full 1):
 garbage-first heap   total 90112K, used 62950K [0x0000000702600000, 0x0000000800000000)
  region size 2048K, 19 young (38912K), 0 survivors (0K)
 Metaspace       used 34151K, committed 34432K, reserved 1114112K
  class space    used 3709K, committed 3840K, reserved 1048576K
}
Event: 49.378 GC heap after
{Heap after GC invocations=11 (full 1):
 garbage-first heap   total 90112K, used 24292K [0x0000000702600000, 0x0000000800000000)
  region size 2048K, 1 young (2048K), 1 survivors (2048K)
 Metaspace       used 34151K, committed 34432K, reserved 1114112K
  class space    used 3709K, committed 3840K, reserved 1048576K
}

