# JRE version: OpenJDK Runtime Environment JBR-17.0.7+7-1000.5-nomod (17.0.7+7) (build 17.0.7+7-b1000.5)
# Java VM: OpenJDK 64-Bit Server VM JBR-17.0.7+7-1000.5-nomod (17.0.7+7-b1000.5, mixed mode, tiered, compressed oops, compressed class ptrs, g1 gc, windows-amd64)
GC Precious Log:
 CPUs: 4 total, 4 available
 Memory: 16224M
 Large Page Support: Disabled
 NUMA Support: Disabled
 Compressed Oops: Enabled (Zero based)
 Heap Region Size: 2M
 Heap Min Capacity: 8M
 Heap Initial Capacity: 254M
 Heap Max Capacity: 4058M
 Pre-touch: Disabled
 Parallel Workers: 4
 Concurrent Workers: 1
 Concurrent Refinement Workers: 4
 Periodic GC: Disabled
Heap:
 garbage-first heap   total 59392K, used 33952K [0x0000000702600000, 0x0000000800000000)
  region size 2048K, 7 young (14336K), 1 survivors (2048K)
 Metaspace       used 43997K, committed 44224K, reserved 1114112K
  class space    used 4725K, committed 4864K, reserved 1048576K
GC Heap History (20 events):
Event: 13.736 GC heap before
{Heap before GC invocations=12 (full 0):
 garbage-first heap   total 49152K, used 21862K [0x0000000702600000, 0x0000000800000000)
  region size 2048K, 2 young (4096K), 1 survivors (2048K)
 Metaspace       used 41483K, committed 41792K, reserved 1114112K
  class space    used 4550K, committed 4672K, reserved 1048576K
}
Event: 13.739 GC heap after
{Heap after GC invocations=13 (full 0):
 garbage-first heap   total 49152K, used 22255K [0x0000000702600000, 0x0000000800000000)
  region size 2048K, 1 young (2048K), 1 survivors (2048K)
 Metaspace       used 41483K, committed 41792K, reserved 1114112K
  class space    used 4550K, committed 4672K, reserved 1048576K
}
Event: 17.128 GC heap before
{Heap before GC invocations=14 (full 0):
 garbage-first heap   total 59392K, used 40687K [0x0000000702600000, 0x0000000800000000)
  region size 2048K, 7 young (14336K), 1 survivors (2048K)
 Metaspace       used 43300K, committed 43584K, reserved 1114112K
  class space    used 4719K, committed 4864K, reserved 1048576K
}
Event: 17.133 GC heap after
{Heap after GC invocations=15 (full 0):
 garbage-first heap   total 59392K, used 31532K [0x0000000702600000, 0x0000000800000000)
  region size 2048K, 1 young (2048K), 1 survivors (2048K)
 Metaspace       used 43300K, committed 43584K, reserved 1114112K
  class space    used 4719K, committed 4864K, reserved 1048576K
}
Event: 23.845 GC heap before
{Heap before GC invocations=15 (full 0):
 garbage-first heap   total 59392K, used 45868K [0x0000000702600000, 0x0000000800000000)
  region size 2048K, 8 young (16384K), 1 survivors (2048K)
 Metaspace       used 43921K, committed 44224K, reserved 1114112K
  class space    used 4720K, committed 4864K, reserved 1048576K
}
Event: 23.849 GC heap after
{Heap after GC invocations=16 (full 0):
 garbage-first heap   total 59392K, used 32364K [0x0000000702600000, 0x0000000800000000)
  region size 2048K, 1 young (2048K), 1 survivors (2048K)
 Metaspace       used 43921K, committed 44224K, reserved 1114112K
  class space    used 4720K, committed 4864K, reserved 1048576K
}
Event: 31.567 GC heap before
{Heap before GC invocations=17 (full 0):
 garbage-first heap   total 59392K, used 38508K [0x0000000702600000, 0x0000000800000000)
  region size 2048K, 7 young (14336K), 1 survivors (2048K)
 Metaspace       used 43933K, committed 44224K, reserved 1114112K
  class space    used 4721K, committed 4864K, reserved 1048576K
}
Event: 31.570 GC heap after
{Heap after GC invocations=18 (full 0):
 garbage-first heap   total 59392K, used 26268K [0x0000000702600000, 0x0000000800000000)
  region size 2048K, 1 young (2048K), 1 survivors (2048K)
 Metaspace       used 43933K, committed 44224K, reserved 1114112K
  class space    used 4721K, committed 4864K, reserved 1048576K
}
Event: 32.700 GC heap before
{Heap before GC invocations=18 (full 0):
 garbage-first heap   total 59392K, used 28316K [0x0000000702600000, 0x0000000800000000)
  region size 2048K, 2 young (4096K), 1 survivors (2048K)
 Metaspace       used 43935K, committed 44224K, reserved 1114112K
  class space    used 4721K, committed 4864K, reserved 1048576K
}
Event: 32.704 GC heap after
{Heap after GC invocations=19 (full 0):
 garbage-first heap   total 59392K, used 25535K [0x0000000702600000, 0x0000000800000000)
  region size 2048K, 1 young (2048K), 1 survivors (2048K)
 Metaspace       used 43935K, committed 44224K, reserved 1114112K
  class space    used 4721K, committed 4864K, reserved 1048576K
}
Event: 43.341 GC heap before
{Heap before GC invocations=19 (full 0):
 garbage-first heap   total 59392K, used 43967K [0x0000000702600000, 0x0000000800000000)
  region size 2048K, 10 young (20480K), 1 survivors (2048K)
 Metaspace       used 43947K, committed 44224K, reserved 1114112K
  class space    used 4721K, committed 4864K, reserved 1048576K
}
Event: 43.344 GC heap after
{Heap after GC invocations=20 (full 0):
 garbage-first heap   total 59392K, used 25586K [0x0000000702600000, 0x0000000800000000)
  region size 2048K, 1 young (2048K), 1 survivors (2048K)
 Metaspace       used 43947K, committed 44224K, reserved 1114112K
  class space    used 4721K, committed 4864K, reserved 1048576K
}
Event: 53.649 GC heap before
{Heap before GC invocations=20 (full 0):
 garbage-first heap   total 59392K, used 44018K [0x0000000702600000, 0x0000000800000000)
  region size 2048K, 10 young (20480K), 1 survivors (2048K)
 Metaspace       used 43956K, committed 44224K, reserved 1114112K
  class space    used 4721K, committed 4864K, reserved 1048576K
}
Event: 53.651 GC heap after
{Heap after GC invocations=21 (full 0):
 garbage-first heap   total 59392K, used 25633K [0x0000000702600000, 0x0000000800000000)
  region size 2048K, 1 young (2048K), 1 survivors (2048K)
 Metaspace       used 43956K, committed 44224K, reserved 1114112K
  class space    used 4721K, committed 4864K, reserved 1048576K
}
Event: 61.600 GC heap before
{Heap before GC invocations=21 (full 0):
 garbage-first heap   total 59392K, used 37921K [0x0000000702600000, 0x0000000800000000)
  region size 2048K, 8 young (16384K), 1 survivors (2048K)
 Metaspace       used 43956K, committed 44224K, reserved 1114112K
  class space    used 4721K, committed 4864K, reserved 1048576K
}
Event: 61.624 GC heap after
{Heap after GC invocations=22 (full 1):
 garbage-first heap   total 59392K, used 23533K [0x0000000702600000, 0x0000000800000000)
  region size 2048K, 0 young (0K), 0 survivors (0K)
 Metaspace       used 43956K, committed 44224K, reserved 1114112K
  class space    used 4721K, committed 4864K, reserved 1048576K
}
Event: 72.932 GC heap before
{Heap before GC invocations=22 (full 1):
 garbage-first heap   total 59392K, used 44013K [0x0000000702600000, 0x0000000800000000)
  region size 2048K, 10 young (20480K), 0 survivors (0K)
 Metaspace       used 43969K, committed 44224K, reserved 1114112K
  class space    used 4721K, committed 4864K, reserved 1048576K
}
Event: 72.932 GC heap after
{Heap after GC invocations=23 (full 1):
 garbage-first heap   total 59392K, used 23792K [0x0000000702600000, 0x0000000800000000)
  region size 2048K, 1 young (2048K), 1 survivors (2048K)
 Metaspace       used 43969K, committed 44224K, reserved 1114112K
  class space    used 4721K, committed 4864K, reserved 1048576K
}
Event: 84.272 GC heap before
{Heap before GC invocations=23 (full 1):
 garbage-first heap   total 59392K, used 44272K [0x0000000702600000, 0x0000000800000000)
  region size 2048K, 11 young (22528K), 1 survivors (2048K)
 Metaspace       used 43973K, committed 44224K, reserved 1114112K
  class space    used 4721K, committed 4864K, reserved 1048576K
}
Event: 84.273 GC heap after
{Heap after GC invocations=24 (full 1):
 garbage-first heap   total 59392K, used 23712K [0x0000000702600000, 0x0000000800000000)
  region size 2048K, 1 young (2048K), 1 survivors (2048K)
 Metaspace       used 43973K, committed 44224K, reserved 1114112K
  class space    used 4721K, committed 4864K, reserved 1048576K
}

