# JRE version: OpenJDK Runtime Environment Corretto-17.0.7.7.1 (17.0.7+7) (build 17.0.7+7-LTS)
# Java VM: OpenJDK 64-Bit Server VM Corretto-17.0.7.7.1 (17.0.7+7-LTS, mixed mode, sharing, tiered, compressed oops, compressed class ptrs, g1 gc, windows-amd64)
GC Precious Log:
 CPUs: 4 total, 4 available
 Memory: 16224M
 Large Page Support: Disabled
 NUMA Support: Disabled
 Compressed Oops: Enabled (Zero based)
 Heap Region Size: 2M
 Heap Min Capacity: 8M
 Heap Initial Capacity: 254M
 Heap Max Capacity: 4058M
 Pre-touch: Disabled
 Parallel Workers: 4
 Concurrent Workers: 1
 Concurrent Refinement Workers: 4
 Periodic GC: Disabled
Heap:
 garbage-first heap   total 90112K, used 38990K [0x0000000702600000, 0x0000000800000000)
  region size 2048K, 9 young (18432K), 1 survivors (2048K)
 Metaspace       used 34730K, committed 34944K, reserved 1114112K
  class space    used 3739K, committed 3840K, reserved 1048576K
GC Heap History (20 events):
Event: 4.007 GC heap before
{Heap before GC invocations=3 (full 0):
 garbage-first heap   total 260096K, used 48451K [0x0000000702600000, 0x0000000800000000)
  region size 2048K, 22 young (45056K), 2 survivors (4096K)
 Metaspace       used 21309K, committed 21504K, reserved 1114112K
  class space    used 2274K, committed 2368K, reserved 1048576K
}
Event: 4.011 GC heap after
{Heap after GC invocations=4 (full 0):
 garbage-first heap   total 260096K, used 11260K [0x0000000702600000, 0x0000000800000000)
  region size 2048K, 2 young (4096K), 2 survivors (4096K)
 Metaspace       used 21309K, committed 21504K, reserved 1114112K
  class space    used 2274K, committed 2368K, reserved 1048576K
}
Event: 6.419 GC heap before
{Heap before GC invocations=5 (full 0):
 garbage-first heap   total 55296K, used 41980K [0x0000000702600000, 0x0000000800000000)
  region size 2048K, 12 young (24576K), 2 survivors (4096K)
 Metaspace       used 24647K, committed 24832K, reserved 1114112K
  class space    used 2659K, committed 2752K, reserved 1048576K
}
Event: 6.425 GC heap after
{Heap after GC invocations=6 (full 0):
 garbage-first heap   total 55296K, used 24209K [0x0000000702600000, 0x0000000800000000)
  region size 2048K, 2 young (4096K), 2 survivors (4096K)
 Metaspace       used 24647K, committed 24832K, reserved 1114112K
  class space    used 2659K, committed 2752K, reserved 1048576K
}
Event: 6.471 GC heap before
{Heap before GC invocations=6 (full 0):
 garbage-first heap   total 55296K, used 26257K [0x0000000702600000, 0x0000000800000000)
  region size 2048K, 3 young (6144K), 2 survivors (4096K)
 Metaspace       used 25019K, committed 25216K, reserved 1114112K
  class space    used 2702K, committed 2816K, reserved 1048576K
}
Event: 6.474 GC heap after
{Heap after GC invocations=7 (full 0):
 garbage-first heap   total 55296K, used 18246K [0x0000000702600000, 0x0000000800000000)
  region size 2048K, 1 young (2048K), 1 survivors (2048K)
 Metaspace       used 25019K, committed 25216K, reserved 1114112K
  class space    used 2702K, committed 2816K, reserved 1048576K
}
Event: 7.047 GC heap before
{Heap before GC invocations=7 (full 0):
 garbage-first heap   total 55296K, used 38726K [0x0000000702600000, 0x0000000800000000)
  region size 2048K, 11 young (22528K), 1 survivors (2048K)
 Metaspace       used 28632K, committed 28864K, reserved 1114112K
  class space    used 3151K, committed 3264K, reserved 1048576K
}
Event: 7.051 GC heap after
{Heap after GC invocations=8 (full 0):
 garbage-first heap   total 55296K, used 20137K [0x0000000702600000, 0x0000000800000000)
  region size 2048K, 2 young (4096K), 2 survivors (4096K)
 Metaspace       used 28632K, committed 28864K, reserved 1114112K
  class space    used 3151K, committed 3264K, reserved 1048576K
}
Event: 7.336 GC heap before
{Heap before GC invocations=8 (full 0):
 garbage-first heap   total 55296K, used 36521K [0x0000000702600000, 0x0000000800000000)
  region size 2048K, 11 young (22528K), 2 survivors (4096K)
 Metaspace       used 32116K, committed 32320K, reserved 1114112K
  class space    used 3566K, committed 3648K, reserved 1048576K
}
Event: 7.340 GC heap after
{Heap after GC invocations=9 (full 0):
 garbage-first heap   total 55296K, used 21133K [0x0000000702600000, 0x0000000800000000)
  region size 2048K, 1 young (2048K), 1 survivors (2048K)
 Metaspace       used 32116K, committed 32320K, reserved 1114112K
  class space    used 3566K, committed 3648K, reserved 1048576K
}
Event: 7.682 GC heap before
{Heap before GC invocations=9 (full 0):
 garbage-first heap   total 55296K, used 27277K [0x0000000702600000, 0x0000000800000000)
  region size 2048K, 5 young (10240K), 1 survivors (2048K)
 Metaspace       used 33415K, committed 33600K, reserved 1114112K
  class space    used 3719K, committed 3840K, reserved 1048576K
}
Event: 7.685 GC heap after
{Heap after GC invocations=10 (full 0):
 garbage-first heap   total 157696K, used 21640K [0x0000000702600000, 0x0000000800000000)
  region size 2048K, 1 young (2048K), 1 survivors (2048K)
 Metaspace       used 33415K, committed 33600K, reserved 1114112K
  class space    used 3719K, committed 3840K, reserved 1048576K
}
Event: 19.841 GC heap before
{Heap before GC invocations=10 (full 0):
 garbage-first heap   total 157696K, used 121992K [0x0000000702600000, 0x0000000800000000)
  region size 2048K, 46 young (94208K), 1 survivors (2048K)
 Metaspace       used 34653K, committed 34880K, reserved 1114112K
  class space    used 3732K, committed 3840K, reserved 1048576K
}
Event: 19.846 GC heap after
{Heap after GC invocations=11 (full 0):
 garbage-first heap   total 157696K, used 31336K [0x0000000702600000, 0x0000000800000000)
  region size 2048K, 2 young (4096K), 2 survivors (4096K)
 Metaspace       used 34653K, committed 34880K, reserved 1114112K
  class space    used 3732K, committed 3840K, reserved 1048576K
}
Event: 32.086 GC heap before
{Heap before GC invocations=11 (full 0):
 garbage-first heap   total 157696K, used 109160K [0x0000000702600000, 0x0000000800000000)
  region size 2048K, 41 young (83968K), 2 survivors (4096K)
 Metaspace       used 34703K, committed 34944K, reserved 1114112K
  class space    used 3736K, committed 3840K, reserved 1048576K
}
Event: 32.120 GC heap after
{Heap after GC invocations=12 (full 1):
 garbage-first heap   total 90112K, used 24280K [0x0000000702600000, 0x0000000800000000)
  region size 2048K, 0 young (0K), 0 survivors (0K)
 Metaspace       used 34703K, committed 34944K, reserved 1114112K
  class space    used 3736K, committed 3840K, reserved 1048576K
}
Event: 38.888 GC heap before
{Heap before GC invocations=12 (full 1):
 garbage-first heap   total 90112K, used 69336K [0x0000000702600000, 0x0000000800000000)
  region size 2048K, 22 young (45056K), 0 survivors (0K)
 Metaspace       used 34711K, committed 34944K, reserved 1114112K
  class space    used 3736K, committed 3840K, reserved 1048576K
}
Event: 38.890 GC heap after
{Heap after GC invocations=13 (full 1):
 garbage-first heap   total 90112K, used 24789K [0x0000000702600000, 0x0000000800000000)
  region size 2048K, 1 young (2048K), 1 survivors (2048K)
 Metaspace       used 34711K, committed 34944K, reserved 1114112K
  class space    used 3736K, committed 3840K, reserved 1048576K
}
Event: 45.833 GC heap before
{Heap before GC invocations=13 (full 1):
 garbage-first heap   total 90112K, used 69845K [0x0000000702600000, 0x0000000800000000)
  region size 2048K, 23 young (47104K), 1 survivors (2048K)
 Metaspace       used 34711K, committed 34944K, reserved 1114112K
  class space    used 3736K, committed 3840K, reserved 1048576K
}
Event: 45.834 GC heap after
{Heap after GC invocations=14 (full 1):
 garbage-first heap   total 90112K, used 24654K [0x0000000702600000, 0x0000000800000000)
  region size 2048K, 1 young (2048K), 1 survivors (2048K)
 Metaspace       used 34711K, committed 34944K, reserved 1114112K
  class space    used 3736K, committed 3840K, reserved 1048576K
}

