# JRE version: OpenJDK Runtime Environment Corretto-17.0.7.7.1 (17.0.7+7) (build 17.0.7+7-LTS)
# Java VM: OpenJDK 64-Bit Server VM Corretto-17.0.7.7.1 (17.0.7+7-LTS, mixed mode, sharing, tiered, compressed oops, compressed class ptrs, g1 gc, windows-amd64)
GC Precious Log:
 CPUs: 4 total, 4 available
 Memory: 16224M
 Large Page Support: Disabled
 NUMA Support: Disabled
 Compressed Oops: Enabled (Zero based)
 Heap Region Size: 2M
 Heap Min Capacity: 8M
 Heap Initial Capacity: 254M
 Heap Max Capacity: 4058M
 Pre-touch: Disabled
 Parallel Workers: 4
 Concurrent Workers: 1
 Concurrent Refinement Workers: 4
 Periodic GC: Disabled
Heap:
 garbage-first heap   total 90112K, used 33345K [0x0000000702600000, 0x0000000800000000)
  region size 2048K, 5 young (10240K), 0 survivors (0K)
 Metaspace       used 38746K, committed 38976K, reserved 1114112K
  class space    used 4009K, committed 4096K, reserved 1048576K
GC Heap History (20 events):
Event: 1082.356 GC heap before
{Heap before GC invocations=21 (full 9):
 garbage-first heap   total 90112K, used 65752K [0x0000000702600000, 0x0000000800000000)
  region size 2048K, 21 young (43008K), 0 survivors (0K)
 Metaspace       used 38720K, committed 38912K, reserved 1114112K
  class space    used 4005K, committed 4096K, reserved 1048576K
}
Event: 1082.396 GC heap after
{Heap after GC invocations=22 (full 10):
 garbage-first heap   total 90112K, used 24912K [0x0000000702600000, 0x0000000800000000)
  region size 2048K, 0 young (0K), 0 survivors (0K)
 Metaspace       used 38720K, committed 38912K, reserved 1114112K
  class space    used 4005K, committed 4096K, reserved 1048576K
}
Event: 1112.411 GC heap before
{Heap before GC invocations=22 (full 10):
 garbage-first heap   total 90112K, used 63824K [0x0000000702600000, 0x0000000800000000)
  region size 2048K, 20 young (40960K), 0 survivors (0K)
 Metaspace       used 38721K, committed 38912K, reserved 1114112K
  class space    used 4005K, committed 4096K, reserved 1048576K
}
Event: 1112.452 GC heap after
{Heap after GC invocations=23 (full 11):
 garbage-first heap   total 90112K, used 24912K [0x0000000702600000, 0x0000000800000000)
  region size 2048K, 0 young (0K), 0 survivors (0K)
 Metaspace       used 38721K, committed 38912K, reserved 1114112K
  class space    used 4005K, committed 4096K, reserved 1048576K
}
Event: 1142.456 GC heap before
{Heap before GC invocations=23 (full 11):
 garbage-first heap   total 90112K, used 65872K [0x0000000702600000, 0x0000000800000000)
  region size 2048K, 21 young (43008K), 0 survivors (0K)
 Metaspace       used 38721K, committed 38912K, reserved 1114112K
  class space    used 4005K, committed 4096K, reserved 1048576K
}
Event: 1142.486 GC heap after
{Heap after GC invocations=24 (full 12):
 garbage-first heap   total 90112K, used 24913K [0x0000000702600000, 0x0000000800000000)
  region size 2048K, 0 young (0K), 0 survivors (0K)
 Metaspace       used 38721K, committed 38912K, reserved 1114112K
  class space    used 4005K, committed 4096K, reserved 1048576K
}
Event: 1172.500 GC heap before
{Heap before GC invocations=24 (full 12):
 garbage-first heap   total 90112K, used 65873K [0x0000000702600000, 0x0000000800000000)
  region size 2048K, 21 young (43008K), 0 survivors (0K)
 Metaspace       used 38721K, committed 38912K, reserved 1114112K
  class space    used 4005K, committed 4096K, reserved 1048576K
}
Event: 1172.542 GC heap after
{Heap after GC invocations=25 (full 13):
 garbage-first heap   total 90112K, used 24912K [0x0000000702600000, 0x0000000800000000)
  region size 2048K, 0 young (0K), 0 survivors (0K)
 Metaspace       used 38721K, committed 38912K, reserved 1114112K
  class space    used 4005K, committed 4096K, reserved 1048576K
}
Event: 1202.587 GC heap before
{Heap before GC invocations=25 (full 13):
 garbage-first heap   total 90112K, used 63824K [0x0000000702600000, 0x0000000800000000)
  region size 2048K, 20 young (40960K), 0 survivors (0K)
 Metaspace       used 38721K, committed 38912K, reserved 1114112K
  class space    used 4005K, committed 4096K, reserved 1048576K
}
Event: 1202.632 GC heap after
{Heap after GC invocations=26 (full 14):
 garbage-first heap   total 90112K, used 24912K [0x0000000702600000, 0x0000000800000000)
  region size 2048K, 0 young (0K), 0 survivors (0K)
 Metaspace       used 38721K, committed 38912K, reserved 1114112K
  class space    used 4005K, committed 4096K, reserved 1048576K
}
Event: 1232.635 GC heap before
{Heap before GC invocations=26 (full 14):
 garbage-first heap   total 90112K, used 63824K [0x0000000702600000, 0x0000000800000000)
  region size 2048K, 20 young (40960K), 0 survivors (0K)
 Metaspace       used 38721K, committed 38912K, reserved 1114112K
  class space    used 4005K, committed 4096K, reserved 1048576K
}
Event: 1232.671 GC heap after
{Heap after GC invocations=27 (full 15):
 garbage-first heap   total 90112K, used 24912K [0x0000000702600000, 0x0000000800000000)
  region size 2048K, 0 young (0K), 0 survivors (0K)
 Metaspace       used 38721K, committed 38912K, reserved 1114112K
  class space    used 4005K, committed 4096K, reserved 1048576K
}
Event: 1262.686 GC heap before
{Heap before GC invocations=27 (full 15):
 garbage-first heap   total 90112K, used 65872K [0x0000000702600000, 0x0000000800000000)
  region size 2048K, 21 young (43008K), 0 survivors (0K)
 Metaspace       used 38721K, committed 38912K, reserved 1114112K
  class space    used 4005K, committed 4096K, reserved 1048576K
}
Event: 1262.726 GC heap after
{Heap after GC invocations=28 (full 16):
 garbage-first heap   total 90112K, used 25152K [0x0000000702600000, 0x0000000800000000)
  region size 2048K, 0 young (0K), 0 survivors (0K)
 Metaspace       used 38721K, committed 38912K, reserved 1114112K
  class space    used 4005K, committed 4096K, reserved 1048576K
}
Event: 1292.747 GC heap before
{Heap before GC invocations=28 (full 16):
 garbage-first heap   total 90112K, used 62016K [0x0000000702600000, 0x0000000800000000)
  region size 2048K, 19 young (38912K), 0 survivors (0K)
 Metaspace       used 38723K, committed 38912K, reserved 1114112K
  class space    used 4005K, committed 4096K, reserved 1048576K
}
Event: 1292.789 GC heap after
{Heap after GC invocations=29 (full 17):
 garbage-first heap   total 90112K, used 25153K [0x0000000702600000, 0x0000000800000000)
  region size 2048K, 0 young (0K), 0 survivors (0K)
 Metaspace       used 38723K, committed 38912K, reserved 1114112K
  class space    used 4005K, committed 4096K, reserved 1048576K
}
Event: 1322.804 GC heap before
{Heap before GC invocations=29 (full 17):
 garbage-first heap   total 90112K, used 64065K [0x0000000702600000, 0x0000000800000000)
  region size 2048K, 20 young (40960K), 0 survivors (0K)
 Metaspace       used 38723K, committed 38912K, reserved 1114112K
  class space    used 4005K, committed 4096K, reserved 1048576K
}
Event: 1322.843 GC heap after
{Heap after GC invocations=30 (full 18):
 garbage-first heap   total 90112K, used 25154K [0x0000000702600000, 0x0000000800000000)
  region size 2048K, 0 young (0K), 0 survivors (0K)
 Metaspace       used 38723K, committed 38912K, reserved 1114112K
  class space    used 4005K, committed 4096K, reserved 1048576K
}
Event: 1352.860 GC heap before
{Heap before GC invocations=30 (full 18):
 garbage-first heap   total 90112K, used 66114K [0x0000000702600000, 0x0000000800000000)
  region size 2048K, 21 young (43008K), 0 survivors (0K)
 Metaspace       used 38723K, committed 38912K, reserved 1114112K
  class space    used 4005K, committed 4096K, reserved 1048576K
}
Event: 1352.904 GC heap after
{Heap after GC invocations=31 (full 19):
 garbage-first heap   total 90112K, used 25153K [0x0000000702600000, 0x0000000800000000)
  region size 2048K, 0 young (0K), 0 survivors (0K)
 Metaspace       used 38723K, committed 38912K, reserved 1114112K
  class space    used 4005K, committed 4096K, reserved 1048576K
}

