# JRE version: OpenJDK Runtime Environment Corretto-17.0.7.7.1 (17.0.7+7) (build 17.0.7+7-LTS)
# Java VM: OpenJDK 64-Bit Server VM Corretto-17.0.7.7.1 (17.0.7+7-LTS, mixed mode, sharing, tiered, compressed oops, compressed class ptrs, g1 gc, windows-amd64)
GC Precious Log:
 CPUs: 4 total, 4 available
 Memory: 16224M
 Large Page Support: Disabled
 NUMA Support: Disabled
 Compressed Oops: Enabled (Zero based)
 Heap Region Size: 2M
 Heap Min Capacity: 8M
 Heap Initial Capacity: 254M
 Heap Max Capacity: 4058M
 Pre-touch: Disabled
 Parallel Workers: 4
 Concurrent Workers: 1
 Concurrent Refinement Workers: 4
 Periodic GC: Disabled
Heap:
 garbage-first heap   total 59392K, used 31868K [0x0000000702600000, 0x0000000800000000)
  region size 2048K, 5 young (10240K), 1 survivors (2048K)
 Metaspace       used 34169K, committed 34432K, reserved 1114112K
  class space    used 3712K, committed 3840K, reserved 1048576K
GC Heap History (20 events):
Event: 0.866 GC heap before
{Heap before GC invocations=1 (full 0):
 garbage-first heap   total 260096K, used 15558K [0x0000000702600000, 0x0000000800000000)
  region size 2048K, 6 young (12288K), 1 survivors (2048K)
 Metaspace       used 5827K, committed 6016K, reserved 1114112K
  class space    used 468K, committed 576K, reserved 1048576K
}
Event: 0.869 GC heap after
{Heap after GC invocations=2 (full 0):
 garbage-first heap   total 260096K, used 8337K [0x0000000702600000, 0x0000000800000000)
  region size 2048K, 1 young (2048K), 1 survivors (2048K)
 Metaspace       used 5827K, committed 6016K, reserved 1114112K
  class space    used 468K, committed 576K, reserved 1048576K
}
Event: 2.174 GC heap before
{Heap before GC invocations=2 (full 0):
 garbage-first heap   total 260096K, used 32913K [0x0000000702600000, 0x0000000800000000)
  region size 2048K, 14 young (28672K), 1 survivors (2048K)
 Metaspace       used 14161K, committed 14336K, reserved 1114112K
  class space    used 1453K, committed 1536K, reserved 1048576K
}
Event: 2.178 GC heap after
{Heap after GC invocations=3 (full 0):
 garbage-first heap   total 260096K, used 10314K [0x0000000702600000, 0x0000000800000000)
  region size 2048K, 2 young (4096K), 2 survivors (4096K)
 Metaspace       used 14161K, committed 14336K, reserved 1114112K
  class space    used 1453K, committed 1536K, reserved 1048576K
}
Event: 3.620 GC heap before
{Heap before GC invocations=3 (full 0):
 garbage-first heap   total 260096K, used 45130K [0x0000000702600000, 0x0000000800000000)
  region size 2048K, 20 young (40960K), 2 survivors (4096K)
 Metaspace       used 21341K, committed 21504K, reserved 1114112K
  class space    used 2280K, committed 2368K, reserved 1048576K
}
Event: 3.624 GC heap after
{Heap after GC invocations=4 (full 0):
 garbage-first heap   total 260096K, used 11796K [0x0000000702600000, 0x0000000800000000)
  region size 2048K, 2 young (4096K), 2 survivors (4096K)
 Metaspace       used 21341K, committed 21504K, reserved 1114112K
  class space    used 2280K, committed 2368K, reserved 1048576K
}
Event: 6.211 GC heap before
{Heap before GC invocations=5 (full 0):
 garbage-first heap   total 49152K, used 38420K [0x0000000702600000, 0x0000000800000000)
  region size 2048K, 10 young (20480K), 2 survivors (4096K)
 Metaspace       used 24299K, committed 24512K, reserved 1114112K
  class space    used 2620K, committed 2752K, reserved 1048576K
}
Event: 6.216 GC heap after
{Heap after GC invocations=6 (full 0):
 garbage-first heap   total 49152K, used 24594K [0x0000000702600000, 0x0000000800000000)
  region size 2048K, 3 young (6144K), 3 survivors (6144K)
 Metaspace       used 24299K, committed 24512K, reserved 1114112K
  class space    used 2620K, committed 2752K, reserved 1048576K
}
Event: 6.388 GC heap before
{Heap before GC invocations=6 (full 0):
 garbage-first heap   total 49152K, used 30738K [0x0000000702600000, 0x0000000800000000)
  region size 2048K, 7 young (14336K), 3 survivors (6144K)
 Metaspace       used 25459K, committed 25728K, reserved 1114112K
  class space    used 2741K, committed 2880K, reserved 1048576K
}
Event: 6.393 GC heap after
{Heap after GC invocations=7 (full 0):
 garbage-first heap   total 49152K, used 19375K [0x0000000702600000, 0x0000000800000000)
  region size 2048K, 1 young (2048K), 1 survivors (2048K)
 Metaspace       used 25459K, committed 25728K, reserved 1114112K
  class space    used 2741K, committed 2880K, reserved 1048576K
}
Event: 6.705 GC heap before
{Heap before GC invocations=7 (full 0):
 garbage-first heap   total 49152K, used 33711K [0x0000000702600000, 0x0000000800000000)
  region size 2048K, 8 young (16384K), 1 survivors (2048K)
 Metaspace       used 27911K, committed 28160K, reserved 1114112K
  class space    used 3104K, committed 3200K, reserved 1048576K
}
Event: 6.708 GC heap after
{Heap after GC invocations=8 (full 0):
 garbage-first heap   total 49152K, used 20544K [0x0000000702600000, 0x0000000800000000)
  region size 2048K, 1 young (2048K), 1 survivors (2048K)
 Metaspace       used 27911K, committed 28160K, reserved 1114112K
  class space    used 3104K, committed 3200K, reserved 1048576K
}
Event: 7.029 GC heap before
{Heap before GC invocations=8 (full 0):
 garbage-first heap   total 49152K, used 32832K [0x0000000702600000, 0x0000000800000000)
  region size 2048K, 8 young (16384K), 1 survivors (2048K)
 Metaspace       used 31108K, committed 31360K, reserved 1114112K
  class space    used 3455K, committed 3584K, reserved 1048576K
}
Event: 7.033 GC heap after
{Heap after GC invocations=9 (full 0):
 garbage-first heap   total 49152K, used 21294K [0x0000000702600000, 0x0000000800000000)
  region size 2048K, 1 young (2048K), 1 survivors (2048K)
 Metaspace       used 31108K, committed 31360K, reserved 1114112K
  class space    used 3455K, committed 3584K, reserved 1048576K
}
Event: 7.401 GC heap before
{Heap before GC invocations=9 (full 0):
 garbage-first heap   total 49152K, used 33582K [0x0000000702600000, 0x0000000800000000)
  region size 2048K, 7 young (14336K), 1 survivors (2048K)
 Metaspace       used 33117K, committed 33280K, reserved 1114112K
  class space    used 3690K, committed 3776K, reserved 1048576K
}
Event: 7.403 GC heap after
{Heap after GC invocations=10 (full 0):
 garbage-first heap   total 49152K, used 22034K [0x0000000702600000, 0x0000000800000000)
  region size 2048K, 1 young (2048K), 1 survivors (2048K)
 Metaspace       used 33117K, committed 33280K, reserved 1114112K
  class space    used 3690K, committed 3776K, reserved 1048576K
}
Event: 11.348 GC heap before
{Heap before GC invocations=11 (full 0):
 garbage-first heap   total 59392K, used 42514K [0x0000000702600000, 0x0000000800000000)
  region size 2048K, 7 young (14336K), 1 survivors (2048K)
 Metaspace       used 33954K, committed 34176K, reserved 1114112K
  class space    used 3706K, committed 3840K, reserved 1048576K
}
Event: 11.353 GC heap after
{Heap after GC invocations=12 (full 0):
 garbage-first heap   total 59392K, used 31583K [0x0000000702600000, 0x0000000800000000)
  region size 2048K, 1 young (2048K), 1 survivors (2048K)
 Metaspace       used 33954K, committed 34176K, reserved 1114112K
  class space    used 3706K, committed 3840K, reserved 1048576K
}
Event: 17.394 GC heap before
{Heap before GC invocations=12 (full 0):
 garbage-first heap   total 59392K, used 43871K [0x0000000702600000, 0x0000000800000000)
  region size 2048K, 7 young (14336K), 1 survivors (2048K)
 Metaspace       used 34139K, committed 34368K, reserved 1114112K
  class space    used 3709K, committed 3840K, reserved 1048576K
}
Event: 17.397 GC heap after
{Heap after GC invocations=13 (full 0):
 garbage-first heap   total 59392K, used 31868K [0x0000000702600000, 0x0000000800000000)
  region size 2048K, 1 young (2048K), 1 survivors (2048K)
 Metaspace       used 34139K, committed 34368K, reserved 1114112K
  class space    used 3709K, committed 3840K, reserved 1048576K
}

