# JRE version: OpenJDK Runtime Environment Corretto-17.0.7.7.1 (17.0.7+7) (build 17.0.7+7-LTS)
# Java VM: OpenJDK 64-Bit Server VM Corretto-17.0.7.7.1 (17.0.7+7-LTS, mixed mode, sharing, tiered, compressed oops, compressed class ptrs, g1 gc, windows-amd64)
GC Precious Log:
 CPUs: 4 total, 4 available
 Memory: 16224M
 Large Page Support: Disabled
 NUMA Support: Disabled
 Compressed Oops: Enabled (Zero based)
 Heap Region Size: 2M
 Heap Min Capacity: 8M
 Heap Initial Capacity: 254M
 Heap Max Capacity: 4058M
 Pre-touch: Disabled
 Parallel Workers: 4
 Concurrent Workers: 1
 Concurrent Refinement Workers: 4
 Periodic GC: Disabled
Heap:
 garbage-first heap   total 90112K, used 48513K [0x0000000702600000, 0x0000000800000000)
  region size 2048K, 13 young (26624K), 0 survivors (0K)
 Metaspace       used 34504K, committed 34688K, reserved 1114112K
  class space    used 3743K, committed 3840K, reserved 1048576K
GC Heap History (20 events):
Event: 2.347 GC heap before
{Heap before GC invocations=2 (full 0):
 garbage-first heap   total 260096K, used 35384K [0x0000000702600000, 0x0000000800000000)
  region size 2048K, 14 young (28672K), 1 survivors (2048K)
 Metaspace       used 14308K, committed 14528K, reserved 1114112K
  class space    used 1466K, committed 1536K, reserved 1048576K
}
Event: 2.351 GC heap after
{Heap after GC invocations=3 (full 0):
 garbage-first heap   total 260096K, used 10441K [0x0000000702600000, 0x0000000800000000)
  region size 2048K, 2 young (4096K), 2 survivors (4096K)
 Metaspace       used 14308K, committed 14528K, reserved 1114112K
  class space    used 1466K, committed 1536K, reserved 1048576K
}
Event: 3.718 GC heap before
{Heap before GC invocations=3 (full 0):
 garbage-first heap   total 260096K, used 43209K [0x0000000702600000, 0x0000000800000000)
  region size 2048K, 20 young (40960K), 2 survivors (4096K)
 Metaspace       used 21349K, committed 21504K, reserved 1114112K
  class space    used 2280K, committed 2368K, reserved 1048576K
}
Event: 3.722 GC heap after
{Heap after GC invocations=4 (full 0):
 garbage-first heap   total 260096K, used 11985K [0x0000000702600000, 0x0000000800000000)
  region size 2048K, 2 young (4096K), 2 survivors (4096K)
 Metaspace       used 21349K, committed 21504K, reserved 1114112K
  class space    used 2280K, committed 2368K, reserved 1048576K
}
Event: 5.570 GC heap before
{Heap before GC invocations=5 (full 0):
 garbage-first heap   total 49152K, used 38609K [0x0000000702600000, 0x0000000800000000)
  region size 2048K, 10 young (20480K), 2 survivors (4096K)
 Metaspace       used 24132K, committed 24384K, reserved 1114112K
  class space    used 2621K, committed 2752K, reserved 1048576K
}
Event: 5.576 GC heap after
{Heap after GC invocations=6 (full 0):
 garbage-first heap   total 49152K, used 24666K [0x0000000702600000, 0x0000000800000000)
  region size 2048K, 1 young (2048K), 1 survivors (2048K)
 Metaspace       used 24132K, committed 24384K, reserved 1114112K
  class space    used 2621K, committed 2752K, reserved 1048576K
}
Event: 5.610 GC heap before
{Heap before GC invocations=6 (full 0):
 garbage-first heap   total 49152K, used 26714K [0x0000000702600000, 0x0000000800000000)
  region size 2048K, 2 young (4096K), 1 survivors (2048K)
 Metaspace       used 24477K, committed 24640K, reserved 1114112K
  class space    used 2662K, committed 2752K, reserved 1048576K
}
Event: 5.614 GC heap after
{Heap after GC invocations=7 (full 0):
 garbage-first heap   total 49152K, used 17866K [0x0000000702600000, 0x0000000800000000)
  region size 2048K, 1 young (2048K), 1 survivors (2048K)
 Metaspace       used 24477K, committed 24640K, reserved 1114112K
  class space    used 2662K, committed 2752K, reserved 1048576K
}
Event: 5.958 GC heap before
{Heap before GC invocations=7 (full 0):
 garbage-first heap   total 49152K, used 32202K [0x0000000702600000, 0x0000000800000000)
  region size 2048K, 8 young (16384K), 1 survivors (2048K)
 Metaspace       used 26734K, committed 26880K, reserved 1114112K
  class space    used 2943K, committed 3008K, reserved 1048576K
}
Event: 5.963 GC heap after
{Heap after GC invocations=8 (full 0):
 garbage-first heap   total 49152K, used 19008K [0x0000000702600000, 0x0000000800000000)
  region size 2048K, 1 young (2048K), 1 survivors (2048K)
 Metaspace       used 26734K, committed 26880K, reserved 1114112K
  class space    used 2943K, committed 3008K, reserved 1048576K
}
Event: 6.510 GC heap before
{Heap before GC invocations=8 (full 0):
 garbage-first heap   total 49152K, used 33344K [0x0000000702600000, 0x0000000800000000)
  region size 2048K, 8 young (16384K), 1 survivors (2048K)
 Metaspace       used 29819K, committed 30080K, reserved 1114112K
  class space    used 3314K, committed 3456K, reserved 1048576K
}
Event: 6.514 GC heap after
{Heap after GC invocations=9 (full 0):
 garbage-first heap   total 49152K, used 20127K [0x0000000702600000, 0x0000000800000000)
  region size 2048K, 1 young (2048K), 1 survivors (2048K)
 Metaspace       used 29819K, committed 30080K, reserved 1114112K
  class space    used 3314K, committed 3456K, reserved 1048576K
}
Event: 6.832 GC heap before
{Heap before GC invocations=9 (full 0):
 garbage-first heap   total 49152K, used 32415K [0x0000000702600000, 0x0000000800000000)
  region size 2048K, 8 young (16384K), 1 survivors (2048K)
 Metaspace       used 32223K, committed 32448K, reserved 1114112K
  class space    used 3607K, committed 3712K, reserved 1048576K
}
Event: 6.835 GC heap after
{Heap after GC invocations=10 (full 0):
 garbage-first heap   total 49152K, used 20689K [0x0000000702600000, 0x0000000800000000)
  region size 2048K, 1 young (2048K), 1 survivors (2048K)
 Metaspace       used 32223K, committed 32448K, reserved 1114112K
  class space    used 3607K, committed 3712K, reserved 1048576K
}
Event: 7.020 GC heap before
{Heap before GC invocations=10 (full 0):
 garbage-first heap   total 49152K, used 24785K [0x0000000702600000, 0x0000000800000000)
  region size 2048K, 4 young (8192K), 1 survivors (2048K)
 Metaspace       used 33015K, committed 33280K, reserved 1114112K
  class space    used 3694K, committed 3840K, reserved 1048576K
}
Event: 7.023 GC heap after
{Heap after GC invocations=11 (full 0):
 garbage-first heap   total 49152K, used 21105K [0x0000000702600000, 0x0000000800000000)
  region size 2048K, 1 young (2048K), 1 survivors (2048K)
 Metaspace       used 33015K, committed 33280K, reserved 1114112K
  class space    used 3694K, committed 3840K, reserved 1048576K
}
Event: 11.445 GC heap before
{Heap before GC invocations=11 (full 0):
 garbage-first heap   total 49152K, used 39537K [0x0000000702600000, 0x0000000800000000)
  region size 2048K, 8 young (16384K), 1 survivors (2048K)
 Metaspace       used 34277K, committed 34496K, reserved 1114112K
  class space    used 3737K, committed 3840K, reserved 1048576K
}
Event: 11.451 GC heap after
{Heap after GC invocations=12 (full 0):
 garbage-first heap   total 155648K, used 31465K [0x0000000702600000, 0x0000000800000000)
  region size 2048K, 1 young (2048K), 1 survivors (2048K)
 Metaspace       used 34277K, committed 34496K, reserved 1114112K
  class space    used 3737K, committed 3840K, reserved 1048576K
}
Event: 31.881 GC heap before
{Heap before GC invocations=12 (full 0):
 garbage-first heap   total 155648K, used 72425K [0x0000000702600000, 0x0000000800000000)
  region size 2048K, 22 young (45056K), 1 survivors (2048K)
 Metaspace       used 34452K, committed 34688K, reserved 1114112K
  class space    used 3738K, committed 3840K, reserved 1048576K
}
Event: 31.906 GC heap after
{Heap after GC invocations=13 (full 1):
 garbage-first heap   total 90112K, used 23937K [0x0000000702600000, 0x0000000800000000)
  region size 2048K, 0 young (0K), 0 survivors (0K)
 Metaspace       used 34452K, committed 34688K, reserved 1114112K
  class space    used 3738K, committed 3840K, reserved 1048576K
}

