# JRE version: OpenJDK Runtime Environment Corretto-17.0.7.7.1 (17.0.7+7) (build 17.0.7+7-LTS)
# Java VM: OpenJDK 64-Bit Server VM Corretto-17.0.7.7.1 (17.0.7+7-LTS, mixed mode, sharing, tiered, compressed oops, compressed class ptrs, g1 gc, windows-amd64)
GC Precious Log:
 CPUs: 4 total, 4 available
 Memory: 16224M
 Large Page Support: Disabled
 NUMA Support: Disabled
 Compressed Oops: Enabled (Zero based)
 Heap Region Size: 2M
 Heap Min Capacity: 8M
 Heap Initial Capacity: 254M
 Heap Max Capacity: 4058M
 Pre-touch: Disabled
 Parallel Workers: 4
 Concurrent Workers: 1
 Concurrent Refinement Workers: 4
 Periodic GC: Disabled
Heap:
 garbage-first heap   total 59392K, used 34242K [0x0000000702600000, 0x0000000800000000)
  region size 2048K, 6 young (12288K), 0 survivors (0K)
 Metaspace       used 34655K, committed 34880K, reserved 1114112K
  class space    used 3737K, committed 3840K, reserved 1048576K
GC Heap History (20 events):
Event: 10.771 GC heap before
{Heap before GC invocations=13 (full 0):
 garbage-first heap   total 59392K, used 43392K [0x0000000702600000, 0x0000000800000000)
  region size 2048K, 7 young (14336K), 1 survivors (2048K)
 Metaspace       used 34375K, committed 34624K, reserved 1114112K
  class space    used 3730K, committed 3840K, reserved 1048576K
}
Event: 10.776 GC heap after
{Heap after GC invocations=14 (full 0):
 garbage-first heap   total 59392K, used 31246K [0x0000000702600000, 0x0000000800000000)
  region size 2048K, 1 young (2048K), 1 survivors (2048K)
 Metaspace       used 34375K, committed 34624K, reserved 1114112K
  class space    used 3730K, committed 3840K, reserved 1048576K
}
Event: 12.308 GC heap before
{Heap before GC invocations=15 (full 0):
 garbage-first heap   total 59392K, used 37390K [0x0000000702600000, 0x0000000800000000)
  region size 2048K, 7 young (14336K), 1 survivors (2048K)
 Metaspace       used 34443K, committed 34688K, reserved 1114112K
  class space    used 3730K, committed 3840K, reserved 1048576K
}
Event: 12.309 GC heap after
{Heap after GC invocations=16 (full 0):
 garbage-first heap   total 59392K, used 24920K [0x0000000702600000, 0x0000000800000000)
  region size 2048K, 1 young (2048K), 1 survivors (2048K)
 Metaspace       used 34443K, committed 34688K, reserved 1114112K
  class space    used 3730K, committed 3840K, reserved 1048576K
}
Event: 14.519 GC heap before
{Heap before GC invocations=16 (full 0):
 garbage-first heap   total 59392K, used 43352K [0x0000000702600000, 0x0000000800000000)
  region size 2048K, 10 young (20480K), 1 survivors (2048K)
 Metaspace       used 34528K, committed 34752K, reserved 1114112K
  class space    used 3730K, committed 3840K, reserved 1048576K
}
Event: 14.521 GC heap after
{Heap after GC invocations=17 (full 0):
 garbage-first heap   total 59392K, used 24942K [0x0000000702600000, 0x0000000800000000)
  region size 2048K, 1 young (2048K), 1 survivors (2048K)
 Metaspace       used 34528K, committed 34752K, reserved 1114112K
  class space    used 3730K, committed 3840K, reserved 1048576K
}
Event: 16.701 GC heap before
{Heap before GC invocations=17 (full 0):
 garbage-first heap   total 59392K, used 43374K [0x0000000702600000, 0x0000000800000000)
  region size 2048K, 10 young (20480K), 1 survivors (2048K)
 Metaspace       used 34564K, committed 34752K, reserved 1114112K
  class space    used 3731K, committed 3840K, reserved 1048576K
}
Event: 16.703 GC heap after
{Heap after GC invocations=18 (full 0):
 garbage-first heap   total 59392K, used 24948K [0x0000000702600000, 0x0000000800000000)
  region size 2048K, 1 young (2048K), 1 survivors (2048K)
 Metaspace       used 34564K, committed 34752K, reserved 1114112K
  class space    used 3731K, committed 3840K, reserved 1048576K
}
Event: 19.284 GC heap before
{Heap before GC invocations=18 (full 0):
 garbage-first heap   total 59392K, used 45428K [0x0000000702600000, 0x0000000800000000)
  region size 2048K, 11 young (22528K), 1 survivors (2048K)
 Metaspace       used 34567K, committed 34752K, reserved 1114112K
  class space    used 3731K, committed 3840K, reserved 1048576K
}
Event: 19.285 GC heap after
{Heap after GC invocations=19 (full 0):
 garbage-first heap   total 59392K, used 24988K [0x0000000702600000, 0x0000000800000000)
  region size 2048K, 1 young (2048K), 1 survivors (2048K)
 Metaspace       used 34567K, committed 34752K, reserved 1114112K
  class space    used 3731K, committed 3840K, reserved 1048576K
}
Event: 21.965 GC heap before
{Heap before GC invocations=19 (full 0):
 garbage-first heap   total 59392K, used 45468K [0x0000000702600000, 0x0000000800000000)
  region size 2048K, 11 young (22528K), 1 survivors (2048K)
 Metaspace       used 34575K, committed 34752K, reserved 1114112K
  class space    used 3731K, committed 3840K, reserved 1048576K
}
Event: 21.966 GC heap after
{Heap after GC invocations=20 (full 0):
 garbage-first heap   total 59392K, used 25013K [0x0000000702600000, 0x0000000800000000)
  region size 2048K, 1 young (2048K), 1 survivors (2048K)
 Metaspace       used 34575K, committed 34752K, reserved 1114112K
  class space    used 3731K, committed 3840K, reserved 1048576K
}
Event: 25.260 GC heap before
{Heap before GC invocations=20 (full 0):
 garbage-first heap   total 59392K, used 45493K [0x0000000702600000, 0x0000000800000000)
  region size 2048K, 11 young (22528K), 1 survivors (2048K)
 Metaspace       used 34615K, committed 34816K, reserved 1114112K
  class space    used 3733K, committed 3840K, reserved 1048576K
}
Event: 25.261 GC heap after
{Heap after GC invocations=21 (full 0):
 garbage-first heap   total 59392K, used 25037K [0x0000000702600000, 0x0000000800000000)
  region size 2048K, 1 young (2048K), 1 survivors (2048K)
 Metaspace       used 34615K, committed 34816K, reserved 1114112K
  class space    used 3733K, committed 3840K, reserved 1048576K
}
Event: 28.457 GC heap before
{Heap before GC invocations=21 (full 0):
 garbage-first heap   total 59392K, used 45517K [0x0000000702600000, 0x0000000800000000)
  region size 2048K, 11 young (22528K), 1 survivors (2048K)
 Metaspace       used 34626K, committed 34816K, reserved 1114112K
  class space    used 3733K, committed 3840K, reserved 1048576K
}
Event: 28.459 GC heap after
{Heap after GC invocations=22 (full 0):
 garbage-first heap   total 59392K, used 25054K [0x0000000702600000, 0x0000000800000000)
  region size 2048K, 1 young (2048K), 1 survivors (2048K)
 Metaspace       used 34626K, committed 34816K, reserved 1114112K
  class space    used 3733K, committed 3840K, reserved 1048576K
}
Event: 31.820 GC heap before
{Heap before GC invocations=22 (full 0):
 garbage-first heap   total 59392K, used 47582K [0x0000000702600000, 0x0000000800000000)
  region size 2048K, 12 young (24576K), 1 survivors (2048K)
 Metaspace       used 34631K, committed 34816K, reserved 1114112K
  class space    used 3734K, committed 3840K, reserved 1048576K
}
Event: 31.822 GC heap after
{Heap after GC invocations=23 (full 0):
 garbage-first heap   total 59392K, used 25099K [0x0000000702600000, 0x0000000800000000)
  region size 2048K, 1 young (2048K), 1 survivors (2048K)
 Metaspace       used 34631K, committed 34816K, reserved 1114112K
  class space    used 3734K, committed 3840K, reserved 1048576K
}
Event: 31.832 GC heap before
{Heap before GC invocations=23 (full 0):
 garbage-first heap   total 59392K, used 25099K [0x0000000702600000, 0x0000000800000000)
  region size 2048K, 2 young (4096K), 1 survivors (2048K)
 Metaspace       used 34631K, committed 34816K, reserved 1114112K
  class space    used 3734K, committed 3840K, reserved 1048576K
}
Event: 31.883 GC heap after
{Heap after GC invocations=24 (full 1):
 garbage-first heap   total 59392K, used 24002K [0x0000000702600000, 0x0000000800000000)
  region size 2048K, 0 young (0K), 0 survivors (0K)
 Metaspace       used 34631K, committed 34816K, reserved 1114112K
  class space    used 3734K, committed 3840K, reserved 1048576K
}

