# JRE version: OpenJDK Runtime Environment Corretto-17.0.7.7.1 (17.0.7+7) (build 17.0.7+7-LTS)
# Java VM: OpenJDK 64-Bit Server VM Corretto-17.0.7.7.1 (17.0.7+7-LTS, mixed mode, sharing, tiered, compressed oops, compressed class ptrs, g1 gc, windows-amd64)
GC Precious Log:
 CPUs: 4 total, 4 available
 Memory: 16224M
 Large Page Support: Disabled
 NUMA Support: Disabled
 Compressed Oops: Enabled (Zero based)
 Heap Region Size: 2M
 Heap Min Capacity: 8M
 Heap Initial Capacity: 254M
 Heap Max Capacity: 4058M
 Pre-touch: Disabled
 Parallel Workers: 4
 Concurrent Workers: 1
 Concurrent Refinement Workers: 4
 Periodic GC: Disabled
Heap:
 garbage-first heap   total 90112K, used 36331K [0x0000000702600000, 0x0000000800000000)
  region size 2048K, 7 young (14336K), 0 survivors (0K)
 Metaspace       used 34162K, committed 34432K, reserved 1114112K
  class space    used 3713K, committed 3840K, reserved 1048576K
GC Heap History (20 events):
Event: 6.816 GC heap before
{Heap before GC invocations=5 (full 0):
 garbage-first heap   total 49152K, used 37844K [0x0000000702600000, 0x0000000800000000)
  region size 2048K, 10 young (20480K), 2 survivors (4096K)
 Metaspace       used 24179K, committed 24448K, reserved 1114112K
  class space    used 2604K, committed 2752K, reserved 1048576K
}
Event: 6.821 GC heap after
{Heap after GC invocations=6 (full 0):
 garbage-first heap   total 49152K, used 24007K [0x0000000702600000, 0x0000000800000000)
  region size 2048K, 1 young (2048K), 1 survivors (2048K)
 Metaspace       used 24179K, committed 24448K, reserved 1114112K
  class space    used 2604K, committed 2752K, reserved 1048576K
}
Event: 6.854 GC heap before
{Heap before GC invocations=6 (full 0):
 garbage-first heap   total 49152K, used 26055K [0x0000000702600000, 0x0000000800000000)
  region size 2048K, 2 young (4096K), 1 survivors (2048K)
 Metaspace       used 24493K, committed 24704K, reserved 1114112K
  class space    used 2647K, committed 2752K, reserved 1048576K
}
Event: 6.857 GC heap after
{Heap after GC invocations=7 (full 0):
 garbage-first heap   total 49152K, used 17819K [0x0000000702600000, 0x0000000800000000)
  region size 2048K, 1 young (2048K), 1 survivors (2048K)
 Metaspace       used 24493K, committed 24704K, reserved 1114112K
  class space    used 2647K, committed 2752K, reserved 1048576K
}
Event: 7.132 GC heap before
{Heap before GC invocations=7 (full 0):
 garbage-first heap   total 49152K, used 32155K [0x0000000702600000, 0x0000000800000000)
  region size 2048K, 8 young (16384K), 1 survivors (2048K)
 Metaspace       used 26872K, committed 27072K, reserved 1114112K
  class space    used 2947K, committed 3008K, reserved 1048576K
}
Event: 7.135 GC heap after
{Heap after GC invocations=8 (full 0):
 garbage-first heap   total 49152K, used 18835K [0x0000000702600000, 0x0000000800000000)
  region size 2048K, 1 young (2048K), 1 survivors (2048K)
 Metaspace       used 26872K, committed 27072K, reserved 1114112K
  class space    used 2947K, committed 3008K, reserved 1048576K
}
Event: 7.503 GC heap before
{Heap before GC invocations=8 (full 0):
 garbage-first heap   total 49152K, used 33171K [0x0000000702600000, 0x0000000800000000)
  region size 2048K, 9 young (18432K), 1 survivors (2048K)
 Metaspace       used 30270K, committed 30528K, reserved 1114112K
  class space    used 3361K, committed 3456K, reserved 1048576K
}
Event: 7.507 GC heap after
{Heap after GC invocations=9 (full 0):
 garbage-first heap   total 49152K, used 20123K [0x0000000702600000, 0x0000000800000000)
  region size 2048K, 2 young (4096K), 2 survivors (4096K)
 Metaspace       used 30270K, committed 30528K, reserved 1114112K
  class space    used 3361K, committed 3456K, reserved 1048576K
}
Event: 7.783 GC heap before
{Heap before GC invocations=9 (full 0):
 garbage-first heap   total 49152K, used 32411K [0x0000000702600000, 0x0000000800000000)
  region size 2048K, 9 young (18432K), 2 survivors (4096K)
 Metaspace       used 32597K, committed 32832K, reserved 1114112K
  class space    used 3639K, committed 3776K, reserved 1048576K
}
Event: 7.788 GC heap after
{Heap after GC invocations=10 (full 0):
 garbage-first heap   total 155648K, used 21130K [0x0000000702600000, 0x0000000800000000)
  region size 2048K, 2 young (4096K), 2 survivors (4096K)
 Metaspace       used 32597K, committed 32832K, reserved 1114112K
  class space    used 3639K, committed 3776K, reserved 1048576K
}
Event: 31.949 GC heap before
{Heap before GC invocations=10 (full 0):
 garbage-first heap   total 155648K, used 90762K [0x0000000702600000, 0x0000000800000000)
  region size 2048K, 33 young (67584K), 2 survivors (4096K)
 Metaspace       used 34100K, committed 34304K, reserved 1114112K
  class space    used 3710K, committed 3840K, reserved 1048576K
}
Event: 32.001 GC heap after
{Heap after GC invocations=11 (full 1):
 garbage-first heap   total 96256K, used 24022K [0x0000000702600000, 0x0000000800000000)
  region size 2048K, 0 young (0K), 0 survivors (0K)
 Metaspace       used 34100K, committed 34304K, reserved 1114112K
  class space    used 3710K, committed 3840K, reserved 1048576K
}
Event: 53.867 GC heap before
{Heap before GC invocations=11 (full 1):
 garbage-first heap   total 96256K, used 67030K [0x0000000702600000, 0x0000000800000000)
  region size 2048K, 21 young (43008K), 0 survivors (0K)
 Metaspace       used 34125K, committed 34368K, reserved 1114112K
  class space    used 3710K, committed 3840K, reserved 1048576K
}
Event: 53.868 GC heap after
{Heap after GC invocations=12 (full 1):
 garbage-first heap   total 96256K, used 24442K [0x0000000702600000, 0x0000000800000000)
  region size 2048K, 1 young (2048K), 1 survivors (2048K)
 Metaspace       used 34125K, committed 34368K, reserved 1114112K
  class space    used 3710K, committed 3840K, reserved 1048576K
}
Event: 62.018 GC heap before
{Heap before GC invocations=12 (full 1):
 garbage-first heap   total 96256K, used 40826K [0x0000000702600000, 0x0000000800000000)
  region size 2048K, 10 young (20480K), 1 survivors (2048K)
 Metaspace       used 34127K, committed 34368K, reserved 1114112K
  class space    used 3710K, committed 3840K, reserved 1048576K
}
Event: 62.041 GC heap after
{Heap after GC invocations=13 (full 2):
 garbage-first heap   total 90112K, used 24041K [0x0000000702600000, 0x0000000800000000)
  region size 2048K, 0 young (0K), 0 survivors (0K)
 Metaspace       used 34127K, committed 34368K, reserved 1114112K
  class space    used 3710K, committed 3840K, reserved 1048576K
}
Event: 83.924 GC heap before
{Heap before GC invocations=13 (full 2):
 garbage-first heap   total 90112K, used 69097K [0x0000000702600000, 0x0000000800000000)
  region size 2048K, 22 young (45056K), 0 survivors (0K)
 Metaspace       used 34140K, committed 34368K, reserved 1114112K
  class space    used 3710K, committed 3840K, reserved 1048576K
}
Event: 83.925 GC heap after
{Heap after GC invocations=14 (full 2):
 garbage-first heap   total 90112K, used 24140K [0x0000000702600000, 0x0000000800000000)
  region size 2048K, 1 young (2048K), 1 survivors (2048K)
 Metaspace       used 34140K, committed 34368K, reserved 1114112K
  class space    used 3710K, committed 3840K, reserved 1048576K
}
Event: 92.047 GC heap before
{Heap before GC invocations=14 (full 2):
 garbage-first heap   total 90112K, used 40524K [0x0000000702600000, 0x0000000800000000)
  region size 2048K, 10 young (20480K), 1 survivors (2048K)
 Metaspace       used 34140K, committed 34368K, reserved 1114112K
  class space    used 3710K, committed 3840K, reserved 1048576K
}
Event: 92.065 GC heap after
{Heap after GC invocations=15 (full 3):
 garbage-first heap   total 90112K, used 24043K [0x0000000702600000, 0x0000000800000000)
  region size 2048K, 0 young (0K), 0 survivors (0K)
 Metaspace       used 34140K, committed 34368K, reserved 1114112K
  class space    used 3710K, committed 3840K, reserved 1048576K
}

