# JRE version: OpenJDK Runtime Environment Corretto-17.0.7.7.1 (17.0.7+7) (build 17.0.7+7-LTS)
# Java VM: OpenJDK 64-Bit Server VM Corretto-17.0.7.7.1 (17.0.7+7-LTS, mixed mode, sharing, tiered, compressed oops, compressed class ptrs, g1 gc, windows-amd64)
GC Precious Log:
 CPUs: 4 total, 4 available
 Memory: 16224M
 Large Page Support: Disabled
 NUMA Support: Disabled
 Compressed Oops: Enabled (Zero based)
 Heap Region Size: 2M
 Heap Min Capacity: 8M
 Heap Initial Capacity: 254M
 Heap Max Capacity: 4058M
 Pre-touch: Disabled
 Parallel Workers: 4
 Concurrent Workers: 1
 Concurrent Refinement Workers: 4
 Periodic GC: Disabled
Heap:
 garbage-first heap   total 59392K, used 37349K [0x0000000702600000, 0x0000000800000000)
  region size 2048K, 5 young (10240K), 1 survivors (2048K)
 Metaspace       used 33999K, committed 34240K, reserved 1114112K
  class space    used 3715K, committed 3840K, reserved 1048576K
GC Heap History (20 events):
Event: 0.528 GC heap before
{Heap before GC invocations=0 (full 0):
 garbage-first heap   total 260096K, used 12288K [0x0000000702600000, 0x0000000800000000)
  region size 2048K, 6 young (12288K), 0 survivors (0K)
 Metaspace       used 1760K, committed 1856K, reserved 1114112K
  class space    used 161K, committed 192K, reserved 1048576K
}
Event: 0.531 GC heap after
{Heap after GC invocations=1 (full 0):
 garbage-first heap   total 260096K, used 7460K [0x0000000702600000, 0x0000000800000000)
  region size 2048K, 1 young (2048K), 1 survivors (2048K)
 Metaspace       used 1760K, committed 1856K, reserved 1114112K
  class space    used 161K, committed 192K, reserved 1048576K
}
Event: 0.805 GC heap before
{Heap before GC invocations=1 (full 0):
 garbage-first heap   total 260096K, used 15652K [0x0000000702600000, 0x0000000800000000)
  region size 2048K, 6 young (12288K), 1 survivors (2048K)
 Metaspace       used 5823K, committed 6016K, reserved 1114112K
  class space    used 468K, committed 576K, reserved 1048576K
}
Event: 0.807 GC heap after
{Heap after GC invocations=2 (full 0):
 garbage-first heap   total 260096K, used 8171K [0x0000000702600000, 0x0000000800000000)
  region size 2048K, 1 young (2048K), 1 survivors (2048K)
 Metaspace       used 5823K, committed 6016K, reserved 1114112K
  class space    used 468K, committed 576K, reserved 1048576K
}
Event: 2.088 GC heap before
{Heap before GC invocations=2 (full 0):
 garbage-first heap   total 260096K, used 36843K [0x0000000702600000, 0x0000000800000000)
  region size 2048K, 15 young (30720K), 1 survivors (2048K)
 Metaspace       used 14871K, committed 15040K, reserved 1114112K
  class space    used 1535K, committed 1600K, reserved 1048576K
}
Event: 2.092 GC heap after
{Heap after GC invocations=3 (full 0):
 garbage-first heap   total 260096K, used 10328K [0x0000000702600000, 0x0000000800000000)
  region size 2048K, 2 young (4096K), 2 survivors (4096K)
 Metaspace       used 14871K, committed 15040K, reserved 1114112K
  class space    used 1535K, committed 1600K, reserved 1048576K
}
Event: 3.242 GC heap before
{Heap before GC invocations=3 (full 0):
 garbage-first heap   total 260096K, used 43096K [0x0000000702600000, 0x0000000800000000)
  region size 2048K, 19 young (38912K), 2 survivors (4096K)
 Metaspace       used 21334K, committed 21504K, reserved 1114112K
  class space    used 2282K, committed 2368K, reserved 1048576K
}
Event: 3.246 GC heap after
{Heap after GC invocations=4 (full 0):
 garbage-first heap   total 260096K, used 11627K [0x0000000702600000, 0x0000000800000000)
  region size 2048K, 2 young (4096K), 2 survivors (4096K)
 Metaspace       used 21334K, committed 21504K, reserved 1114112K
  class space    used 2282K, committed 2368K, reserved 1048576K
}
Event: 5.009 GC heap before
{Heap before GC invocations=5 (full 0):
 garbage-first heap   total 49152K, used 38251K [0x0000000702600000, 0x0000000800000000)
  region size 2048K, 10 young (20480K), 2 survivors (4096K)
 Metaspace       used 24202K, committed 24448K, reserved 1114112K
  class space    used 2621K, committed 2752K, reserved 1048576K
}
Event: 5.014 GC heap after
{Heap after GC invocations=6 (full 0):
 garbage-first heap   total 49152K, used 24402K [0x0000000702600000, 0x0000000800000000)
  region size 2048K, 1 young (2048K), 1 survivors (2048K)
 Metaspace       used 24202K, committed 24448K, reserved 1114112K
  class space    used 2621K, committed 2752K, reserved 1048576K
}
Event: 5.158 GC heap before
{Heap before GC invocations=6 (full 0):
 garbage-first heap   total 49152K, used 32594K [0x0000000702600000, 0x0000000800000000)
  region size 2048K, 5 young (10240K), 1 survivors (2048K)
 Metaspace       used 25454K, committed 25664K, reserved 1114112K
  class space    used 2758K, committed 2880K, reserved 1048576K
}
Event: 5.161 GC heap after
{Heap after GC invocations=7 (full 0):
 garbage-first heap   total 49152K, used 19406K [0x0000000702600000, 0x0000000800000000)
  region size 2048K, 1 young (2048K), 1 survivors (2048K)
 Metaspace       used 25454K, committed 25664K, reserved 1114112K
  class space    used 2758K, committed 2880K, reserved 1048576K
}
Event: 5.450 GC heap before
{Heap before GC invocations=8 (full 0):
 garbage-first heap   total 49152K, used 33742K [0x0000000702600000, 0x0000000800000000)
  region size 2048K, 8 young (16384K), 1 survivors (2048K)
 Metaspace       used 28041K, committed 28288K, reserved 1114112K
  class space    used 3114K, committed 3200K, reserved 1048576K
}
Event: 5.453 GC heap after
{Heap after GC invocations=9 (full 0):
 garbage-first heap   total 49152K, used 20553K [0x0000000702600000, 0x0000000800000000)
  region size 2048K, 1 young (2048K), 1 survivors (2048K)
 Metaspace       used 28041K, committed 28288K, reserved 1114112K
  class space    used 3114K, committed 3200K, reserved 1048576K
}
Event: 5.734 GC heap before
{Heap before GC invocations=9 (full 0):
 garbage-first heap   total 49152K, used 34889K [0x0000000702600000, 0x0000000800000000)
  region size 2048K, 8 young (16384K), 1 survivors (2048K)
 Metaspace       used 31115K, committed 31360K, reserved 1114112K
  class space    used 3473K, committed 3584K, reserved 1048576K
}
Event: 5.738 GC heap after
{Heap after GC invocations=10 (full 0):
 garbage-first heap   total 49152K, used 21411K [0x0000000702600000, 0x0000000800000000)
  region size 2048K, 1 young (2048K), 1 survivors (2048K)
 Metaspace       used 31115K, committed 31360K, reserved 1114112K
  class space    used 3473K, committed 3584K, reserved 1048576K
}
Event: 6.058 GC heap before
{Heap before GC invocations=10 (full 0):
 garbage-first heap   total 49152K, used 31651K [0x0000000702600000, 0x0000000800000000)
  region size 2048K, 7 young (14336K), 1 survivors (2048K)
 Metaspace       used 32987K, committed 33216K, reserved 1114112K
  class space    used 3689K, committed 3776K, reserved 1048576K
}
Event: 6.060 GC heap after
{Heap after GC invocations=11 (full 0):
 garbage-first heap   total 49152K, used 21965K [0x0000000702600000, 0x0000000800000000)
  region size 2048K, 1 young (2048K), 1 survivors (2048K)
 Metaspace       used 32987K, committed 33216K, reserved 1114112K
  class space    used 3689K, committed 3776K, reserved 1048576K
}
Event: 11.281 GC heap before
{Heap before GC invocations=12 (full 0):
 garbage-first heap   total 59392K, used 42445K [0x0000000702600000, 0x0000000800000000)
  region size 2048K, 7 young (14336K), 1 survivors (2048K)
 Metaspace       used 33908K, committed 34112K, reserved 1114112K
  class space    used 3709K, committed 3840K, reserved 1048576K
}
Event: 11.286 GC heap after
{Heap after GC invocations=13 (full 0):
 garbage-first heap   total 59392K, used 31205K [0x0000000702600000, 0x0000000800000000)
  region size 2048K, 1 young (2048K), 1 survivors (2048K)
 Metaspace       used 33908K, committed 34112K, reserved 1114112K
  class space    used 3709K, committed 3840K, reserved 1048576K
}

