# JRE version: OpenJDK Runtime Environment Corretto-17.0.7.7.1 (17.0.7+7) (build 17.0.7+7-LTS)
# Java VM: OpenJDK 64-Bit Server VM Corretto-17.0.7.7.1 (17.0.7+7-LTS, mixed mode, sharing, tiered, compressed oops, compressed class ptrs, g1 gc, windows-amd64)
GC Precious Log:
 CPUs: 4 total, 4 available
 Memory: 16224M
 Large Page Support: Disabled
 NUMA Support: Disabled
 Compressed Oops: Enabled (Zero based)
 Heap Region Size: 2M
 Heap Min Capacity: 8M
 Heap Initial Capacity: 254M
 Heap Max Capacity: 4058M
 Pre-touch: Disabled
 Parallel Workers: 4
 Concurrent Workers: 1
 Concurrent Refinement Workers: 4
 Periodic GC: Disabled
Heap:
 garbage-first heap   total 96256K, used 54698K [0x0000000702600000, 0x0000000800000000)
  region size 2048K, 16 young (32768K), 0 survivors (0K)
 Metaspace       used 34108K, committed 34368K, reserved 1114112K
  class space    used 3710K, committed 3840K, reserved 1048576K
GC Heap History (20 events):
Event: 0.539 GC heap before
{Heap before GC invocations=0 (full 0):
 garbage-first heap   total 260096K, used 12288K [0x0000000702600000, 0x0000000800000000)
  region size 2048K, 6 young (12288K), 0 survivors (0K)
 Metaspace       used 1746K, committed 1792K, reserved 1114112K
  class space    used 161K, committed 192K, reserved 1048576K
}
Event: 0.542 GC heap after
{Heap after GC invocations=1 (full 0):
 garbage-first heap   total 260096K, used 7232K [0x0000000702600000, 0x0000000800000000)
  region size 2048K, 1 young (2048K), 1 survivors (2048K)
 Metaspace       used 1746K, committed 1792K, reserved 1114112K
  class space    used 161K, committed 192K, reserved 1048576K
}
Event: 1.128 GC heap before
{Heap before GC invocations=1 (full 0):
 garbage-first heap   total 260096K, used 15424K [0x0000000702600000, 0x0000000800000000)
  region size 2048K, 6 young (12288K), 1 survivors (2048K)
 Metaspace       used 5819K, committed 6016K, reserved 1114112K
  class space    used 468K, committed 576K, reserved 1048576K
}
Event: 1.130 GC heap after
{Heap after GC invocations=2 (full 0):
 garbage-first heap   total 260096K, used 7793K [0x0000000702600000, 0x0000000800000000)
  region size 2048K, 1 young (2048K), 1 survivors (2048K)
 Metaspace       used 5819K, committed 6016K, reserved 1114112K
  class space    used 468K, committed 576K, reserved 1048576K
}
Event: 2.532 GC heap before
{Heap before GC invocations=2 (full 0):
 garbage-first heap   total 260096K, used 34417K [0x0000000702600000, 0x0000000800000000)
  region size 2048K, 14 young (28672K), 1 survivors (2048K)
 Metaspace       used 14072K, committed 14272K, reserved 1114112K
  class space    used 1447K, committed 1536K, reserved 1048576K
}
Event: 2.536 GC heap after
{Heap after GC invocations=3 (full 0):
 garbage-first heap   total 260096K, used 9755K [0x0000000702600000, 0x0000000800000000)
  region size 2048K, 2 young (4096K), 2 survivors (4096K)
 Metaspace       used 14072K, committed 14272K, reserved 1114112K
  class space    used 1447K, committed 1536K, reserved 1048576K
}
Event: 3.773 GC heap before
{Heap before GC invocations=3 (full 0):
 garbage-first heap   total 260096K, used 44571K [0x0000000702600000, 0x0000000800000000)
  region size 2048K, 20 young (40960K), 2 survivors (4096K)
 Metaspace       used 21329K, committed 21504K, reserved 1114112K
  class space    used 2280K, committed 2368K, reserved 1048576K
}
Event: 3.778 GC heap after
{Heap after GC invocations=4 (full 0):
 garbage-first heap   total 260096K, used 11250K [0x0000000702600000, 0x0000000800000000)
  region size 2048K, 2 young (4096K), 2 survivors (4096K)
 Metaspace       used 21329K, committed 21504K, reserved 1114112K
  class space    used 2280K, committed 2368K, reserved 1048576K
}
Event: 5.819 GC heap before
{Heap before GC invocations=5 (full 0):
 garbage-first heap   total 49152K, used 37874K [0x0000000702600000, 0x0000000800000000)
  region size 2048K, 10 young (20480K), 2 survivors (4096K)
 Metaspace       used 24268K, committed 24512K, reserved 1114112K
  class space    used 2624K, committed 2752K, reserved 1048576K
}
Event: 5.824 GC heap after
{Heap after GC invocations=6 (full 0):
 garbage-first heap   total 49152K, used 23997K [0x0000000702600000, 0x0000000800000000)
  region size 2048K, 1 young (2048K), 1 survivors (2048K)
 Metaspace       used 24268K, committed 24512K, reserved 1114112K
  class space    used 2624K, committed 2752K, reserved 1048576K
}
Event: 5.858 GC heap before
{Heap before GC invocations=6 (full 0):
 garbage-first heap   total 49152K, used 26045K [0x0000000702600000, 0x0000000800000000)
  region size 2048K, 2 young (4096K), 1 survivors (2048K)
 Metaspace       used 24639K, committed 24896K, reserved 1114112K
  class space    used 2668K, committed 2816K, reserved 1048576K
}
Event: 5.861 GC heap after
{Heap after GC invocations=7 (full 0):
 garbage-first heap   total 49152K, used 18227K [0x0000000702600000, 0x0000000800000000)
  region size 2048K, 1 young (2048K), 1 survivors (2048K)
 Metaspace       used 24639K, committed 24896K, reserved 1114112K
  class space    used 2668K, committed 2816K, reserved 1048576K
}
Event: 6.110 GC heap before
{Heap before GC invocations=7 (full 0):
 garbage-first heap   total 49152K, used 32563K [0x0000000702600000, 0x0000000800000000)
  region size 2048K, 8 young (16384K), 1 survivors (2048K)
 Metaspace       used 26761K, committed 26944K, reserved 1114112K
  class space    used 2935K, committed 3008K, reserved 1048576K
}
Event: 6.114 GC heap after
{Heap after GC invocations=8 (full 0):
 garbage-first heap   total 49152K, used 19625K [0x0000000702600000, 0x0000000800000000)
  region size 2048K, 1 young (2048K), 1 survivors (2048K)
 Metaspace       used 26761K, committed 26944K, reserved 1114112K
  class space    used 2935K, committed 3008K, reserved 1048576K
}
Event: 6.479 GC heap before
{Heap before GC invocations=8 (full 0):
 garbage-first heap   total 49152K, used 31913K [0x0000000702600000, 0x0000000800000000)
  region size 2048K, 8 young (16384K), 1 survivors (2048K)
 Metaspace       used 29969K, committed 30208K, reserved 1114112K
  class space    used 3323K, committed 3456K, reserved 1048576K
}
Event: 6.483 GC heap after
{Heap after GC invocations=9 (full 0):
 garbage-first heap   total 49152K, used 20638K [0x0000000702600000, 0x0000000800000000)
  region size 2048K, 1 young (2048K), 1 survivors (2048K)
 Metaspace       used 29969K, committed 30208K, reserved 1114112K
  class space    used 3323K, committed 3456K, reserved 1048576K
}
Event: 6.736 GC heap before
{Heap before GC invocations=9 (full 0):
 garbage-first heap   total 49152K, used 34974K [0x0000000702600000, 0x0000000800000000)
  region size 2048K, 8 young (16384K), 1 survivors (2048K)
 Metaspace       used 32306K, committed 32576K, reserved 1114112K
  class space    used 3605K, committed 3712K, reserved 1048576K
}
Event: 6.739 GC heap after
{Heap after GC invocations=10 (full 0):
 garbage-first heap   total 155648K, used 21270K [0x0000000702600000, 0x0000000800000000)
  region size 2048K, 1 young (2048K), 1 survivors (2048K)
 Metaspace       used 32306K, committed 32576K, reserved 1114112K
  class space    used 3605K, committed 3712K, reserved 1048576K
}
Event: 31.990 GC heap before
{Heap before GC invocations=10 (full 0):
 garbage-first heap   total 155648K, used 92950K [0x0000000702600000, 0x0000000800000000)
  region size 2048K, 33 young (67584K), 1 survivors (2048K)
 Metaspace       used 34081K, committed 34304K, reserved 1114112K
  class space    used 3706K, committed 3840K, reserved 1048576K
}
Event: 32.014 GC heap after
{Heap after GC invocations=11 (full 1):
 garbage-first heap   total 96256K, used 23978K [0x0000000702600000, 0x0000000800000000)
  region size 2048K, 0 young (0K), 0 survivors (0K)
 Metaspace       used 34081K, committed 34304K, reserved 1114112K
  class space    used 3706K, committed 3840K, reserved 1048576K
}

