# JRE version: OpenJDK Runtime Environment Corretto-17.0.7.7.1 (17.0.7+7) (build 17.0.7+7-LTS)
# Java VM: OpenJDK 64-Bit Server VM Corretto-17.0.7.7.1 (17.0.7+7-LTS, mixed mode, sharing, tiered, compressed oops, compressed class ptrs, g1 gc, windows-amd64)
GC Precious Log:
 CPUs: 4 total, 4 available
 Memory: 16224M
 Large Page Support: Disabled
 NUMA Support: Disabled
 Compressed Oops: Enabled (Zero based)
 Heap Region Size: 2M
 Heap Min Capacity: 8M
 Heap Initial Capacity: 254M
 Heap Max Capacity: 4058M
 Pre-touch: Disabled
 Parallel Workers: 4
 Concurrent Workers: 1
 Concurrent Refinement Workers: 4
 Periodic GC: Disabled
Heap:
 garbage-first heap   total 51200K, used 24334K [0x0000000702600000, 0x0000000800000000)
  region size 2048K, 1 young (2048K), 0 survivors (0K)
 Metaspace       used 34690K, committed 34880K, reserved 1114112K
  class space    used 3736K, committed 3840K, reserved 1048576K
GC Heap History (20 events):
Event: 6.343 GC heap before
{Heap before GC invocations=8 (full 0):
 garbage-first heap   total 49152K, used 33662K [0x0000000702600000, 0x0000000800000000)
  region size 2048K, 8 young (16384K), 1 survivors (2048K)
 Metaspace       used 29974K, committed 30208K, reserved 1114112K
  class space    used 3327K, committed 3456K, reserved 1048576K
}
Event: 6.347 GC heap after
{Heap after GC invocations=9 (full 0):
 garbage-first heap   total 49152K, used 20508K [0x0000000702600000, 0x0000000800000000)
  region size 2048K, 1 young (2048K), 1 survivors (2048K)
 Metaspace       used 29974K, committed 30208K, reserved 1114112K
  class space    used 3327K, committed 3456K, reserved 1048576K
}
Event: 6.685 GC heap before
{Heap before GC invocations=9 (full 0):
 garbage-first heap   total 49152K, used 34844K [0x0000000702600000, 0x0000000800000000)
  region size 2048K, 8 young (16384K), 1 survivors (2048K)
 Metaspace       used 32367K, committed 32576K, reserved 1114112K
  class space    used 3618K, committed 3712K, reserved 1048576K
}
Event: 6.688 GC heap after
{Heap after GC invocations=10 (full 0):
 garbage-first heap   total 49152K, used 21229K [0x0000000702600000, 0x0000000800000000)
  region size 2048K, 1 young (2048K), 1 survivors (2048K)
 Metaspace       used 32367K, committed 32576K, reserved 1114112K
  class space    used 3618K, committed 3712K, reserved 1048576K
}
Event: 6.959 GC heap before
{Heap before GC invocations=10 (full 0):
 garbage-first heap   total 49152K, used 25325K [0x0000000702600000, 0x0000000800000000)
  region size 2048K, 4 young (8192K), 1 survivors (2048K)
 Metaspace       used 33293K, committed 33536K, reserved 1114112K
  class space    used 3716K, committed 3840K, reserved 1048576K
}
Event: 6.962 GC heap after
{Heap after GC invocations=11 (full 0):
 garbage-first heap   total 49152K, used 21928K [0x0000000702600000, 0x0000000800000000)
  region size 2048K, 1 young (2048K), 1 survivors (2048K)
 Metaspace       used 33293K, committed 33536K, reserved 1114112K
  class space    used 3716K, committed 3840K, reserved 1048576K
}
Event: 10.987 GC heap before
{Heap before GC invocations=11 (full 0):
 garbage-first heap   total 49152K, used 42408K [0x0000000702600000, 0x0000000800000000)
  region size 2048K, 8 young (16384K), 1 survivors (2048K)
 Metaspace       used 34257K, committed 34496K, reserved 1114112K
  class space    used 3730K, committed 3840K, reserved 1048576K
}
Event: 10.992 GC heap after
{Heap after GC invocations=12 (full 0):
 garbage-first heap   total 49152K, used 31336K [0x0000000702600000, 0x0000000800000000)
  region size 2048K, 1 young (2048K), 1 survivors (2048K)
 Metaspace       used 34257K, committed 34496K, reserved 1114112K
  class space    used 3730K, committed 3840K, reserved 1048576K
}
Event: 13.452 GC heap before
{Heap before GC invocations=12 (full 0):
 garbage-first heap   total 49152K, used 37480K [0x0000000702600000, 0x0000000800000000)
  region size 2048K, 4 young (8192K), 1 survivors (2048K)
 Metaspace       used 34327K, committed 34560K, reserved 1114112K
  class space    used 3730K, committed 3840K, reserved 1048576K
}
Event: 13.456 GC heap after
{Heap after GC invocations=13 (full 0):
 garbage-first heap   total 49152K, used 31581K [0x0000000702600000, 0x0000000800000000)
  region size 2048K, 1 young (2048K), 1 survivors (2048K)
 Metaspace       used 34327K, committed 34560K, reserved 1114112K
  class space    used 3730K, committed 3840K, reserved 1048576K
}
Event: 15.850 GC heap before
{Heap before GC invocations=14 (full 0):
 garbage-first heap   total 51200K, used 31581K [0x0000000702600000, 0x0000000800000000)
  region size 2048K, 4 young (8192K), 1 survivors (2048K)
 Metaspace       used 34416K, committed 34624K, reserved 1114112K
  class space    used 3730K, committed 3840K, reserved 1048576K
}
Event: 15.851 GC heap after
{Heap after GC invocations=15 (full 0):
 garbage-first heap   total 51200K, used 25235K [0x0000000702600000, 0x0000000800000000)
  region size 2048K, 1 young (2048K), 1 survivors (2048K)
 Metaspace       used 34416K, committed 34624K, reserved 1114112K
  class space    used 3730K, committed 3840K, reserved 1048576K
}
Event: 16.781 GC heap before
{Heap before GC invocations=15 (full 0):
 garbage-first heap   total 51200K, used 27283K [0x0000000702600000, 0x0000000800000000)
  region size 2048K, 2 young (4096K), 1 survivors (2048K)
 Metaspace       used 34416K, committed 34624K, reserved 1114112K
  class space    used 3730K, committed 3840K, reserved 1048576K
}
Event: 16.787 GC heap after
{Heap after GC invocations=16 (full 0):
 garbage-first heap   total 51200K, used 24780K [0x0000000702600000, 0x0000000800000000)
  region size 2048K, 1 young (2048K), 1 survivors (2048K)
 Metaspace       used 34416K, committed 34624K, reserved 1114112K
  class space    used 3730K, committed 3840K, reserved 1048576K
}
Event: 20.804 GC heap before
{Heap before GC invocations=16 (full 0):
 garbage-first heap   total 51200K, used 37068K [0x0000000702600000, 0x0000000800000000)
  region size 2048K, 7 young (14336K), 1 survivors (2048K)
 Metaspace       used 34604K, committed 34816K, reserved 1114112K
  class space    used 3730K, committed 3840K, reserved 1048576K
}
Event: 20.804 GC heap after
{Heap after GC invocations=17 (full 0):
 garbage-first heap   total 51200K, used 24810K [0x0000000702600000, 0x0000000800000000)
  region size 2048K, 1 young (2048K), 1 survivors (2048K)
 Metaspace       used 34604K, committed 34816K, reserved 1114112K
  class space    used 3730K, committed 3840K, reserved 1048576K
}
Event: 26.507 GC heap before
{Heap before GC invocations=18 (full 0):
 garbage-first heap   total 51200K, used 37098K [0x0000000702600000, 0x0000000800000000)
  region size 2048K, 7 young (14336K), 1 survivors (2048K)
 Metaspace       used 34661K, committed 34880K, reserved 1114112K
  class space    used 3732K, committed 3840K, reserved 1048576K
}
Event: 26.508 GC heap after
{Heap after GC invocations=19 (full 0):
 garbage-first heap   total 51200K, used 24802K [0x0000000702600000, 0x0000000800000000)
  region size 2048K, 1 young (2048K), 1 survivors (2048K)
 Metaspace       used 34661K, committed 34880K, reserved 1114112K
  class space    used 3732K, committed 3840K, reserved 1048576K
}
Event: 31.669 GC heap before
{Heap before GC invocations=19 (full 0):
 garbage-first heap   total 51200K, used 35042K [0x0000000702600000, 0x0000000800000000)
  region size 2048K, 7 young (14336K), 1 survivors (2048K)
 Metaspace       used 34666K, committed 34880K, reserved 1114112K
  class space    used 3732K, committed 3840K, reserved 1048576K
}
Event: 31.699 GC heap after
{Heap after GC invocations=20 (full 1):
 garbage-first heap   total 51200K, used 24334K [0x0000000702600000, 0x0000000800000000)
  region size 2048K, 0 young (0K), 0 survivors (0K)
 Metaspace       used 34666K, committed 34880K, reserved 1114112K
  class space    used 3732K, committed 3840K, reserved 1048576K
}

