# JRE version: OpenJDK Runtime Environment Corretto-17.0.7.7.1 (17.0.7+7) (build 17.0.7+7-LTS)
# Java VM: OpenJDK 64-Bit Server VM Corretto-17.0.7.7.1 (17.0.7+7-LTS, mixed mode, sharing, tiered, compressed oops, compressed class ptrs, g1 gc, windows-amd64)
GC Precious Log:
 CPUs: 4 total, 4 available
 Memory: 16224M
 Large Page Support: Disabled
 NUMA Support: Disabled
 Compressed Oops: Enabled (Zero based)
 Heap Region Size: 2M
 Heap Min Capacity: 8M
 Heap Initial Capacity: 254M
 Heap Max Capacity: 4058M
 Pre-touch: Disabled
 Parallel Workers: 4
 Concurrent Workers: 1
 Concurrent Refinement Workers: 4
 Periodic GC: Disabled
Heap:
 garbage-first heap   total 90112K, used 28255K [0x0000000702600000, 0x0000000800000000)
  region size 2048K, 3 young (6144K), 0 survivors (0K)
 Metaspace       used 34900K, committed 35136K, reserved 1114112K
  class space    used 3749K, committed 3840K, reserved 1048576K
GC Heap History (20 events):
Event: 1.206 GC heap before
{Heap before GC invocations=1 (full 0):
 garbage-first heap   total 260096K, used 15468K [0x0000000702600000, 0x0000000800000000)
  region size 2048K, 6 young (12288K), 1 survivors (2048K)
 Metaspace       used 5765K, committed 5888K, reserved 1114112K
  class space    used 464K, committed 512K, reserved 1048576K
}
Event: 1.208 GC heap after
{Heap after GC invocations=2 (full 0):
 garbage-first heap   total 260096K, used 8143K [0x0000000702600000, 0x0000000800000000)
  region size 2048K, 1 young (2048K), 1 survivors (2048K)
 Metaspace       used 5765K, committed 5888K, reserved 1114112K
  class space    used 464K, committed 512K, reserved 1048576K
}
Event: 3.184 GC heap before
{Heap before GC invocations=2 (full 0):
 garbage-first heap   total 260096K, used 34767K [0x0000000702600000, 0x0000000800000000)
  region size 2048K, 14 young (28672K), 1 survivors (2048K)
 Metaspace       used 14207K, committed 14400K, reserved 1114112K
  class space    used 1457K, committed 1536K, reserved 1048576K
}
Event: 3.188 GC heap after
{Heap after GC invocations=3 (full 0):
 garbage-first heap   total 260096K, used 9897K [0x0000000702600000, 0x0000000800000000)
  region size 2048K, 2 young (4096K), 2 survivors (4096K)
 Metaspace       used 14207K, committed 14400K, reserved 1114112K
  class space    used 1457K, committed 1536K, reserved 1048576K
}
Event: 4.712 GC heap before
{Heap before GC invocations=3 (full 0):
 garbage-first heap   total 260096K, used 44713K [0x0000000702600000, 0x0000000800000000)
  region size 2048K, 20 young (40960K), 2 survivors (4096K)
 Metaspace       used 21339K, committed 21504K, reserved 1114112K
  class space    used 2280K, committed 2368K, reserved 1048576K
}
Event: 4.717 GC heap after
{Heap after GC invocations=4 (full 0):
 garbage-first heap   total 260096K, used 11313K [0x0000000702600000, 0x0000000800000000)
  region size 2048K, 2 young (4096K), 2 survivors (4096K)
 Metaspace       used 21339K, committed 21504K, reserved 1114112K
  class space    used 2280K, committed 2368K, reserved 1048576K
}
Event: 7.642 GC heap before
{Heap before GC invocations=5 (full 0):
 garbage-first heap   total 49152K, used 37937K [0x0000000702600000, 0x0000000800000000)
  region size 2048K, 10 young (20480K), 2 survivors (4096K)
 Metaspace       used 24029K, committed 24192K, reserved 1114112K
  class space    used 2579K, committed 2688K, reserved 1048576K
}
Event: 7.648 GC heap after
{Heap after GC invocations=6 (full 0):
 garbage-first heap   total 49152K, used 24113K [0x0000000702600000, 0x0000000800000000)
  region size 2048K, 1 young (2048K), 1 survivors (2048K)
 Metaspace       used 24029K, committed 24192K, reserved 1114112K
  class space    used 2579K, committed 2688K, reserved 1048576K
}
Event: 7.677 GC heap before
{Heap before GC invocations=6 (full 0):
 garbage-first heap   total 49152K, used 26161K [0x0000000702600000, 0x0000000800000000)
  region size 2048K, 2 young (4096K), 1 survivors (2048K)
 Metaspace       used 24402K, committed 24576K, reserved 1114112K
  class space    used 2629K, committed 2752K, reserved 1048576K
}
Event: 7.681 GC heap after
{Heap after GC invocations=7 (full 0):
 garbage-first heap   total 49152K, used 18115K [0x0000000702600000, 0x0000000800000000)
  region size 2048K, 1 young (2048K), 1 survivors (2048K)
 Metaspace       used 24402K, committed 24576K, reserved 1114112K
  class space    used 2629K, committed 2752K, reserved 1048576K
}
Event: 8.028 GC heap before
{Heap before GC invocations=7 (full 0):
 garbage-first heap   total 49152K, used 32451K [0x0000000702600000, 0x0000000800000000)
  region size 2048K, 8 young (16384K), 1 survivors (2048K)
 Metaspace       used 26851K, committed 27008K, reserved 1114112K
  class space    used 2939K, committed 3008K, reserved 1048576K
}
Event: 8.031 GC heap after
{Heap after GC invocations=8 (full 0):
 garbage-first heap   total 49152K, used 19048K [0x0000000702600000, 0x0000000800000000)
  region size 2048K, 1 young (2048K), 1 survivors (2048K)
 Metaspace       used 26851K, committed 27008K, reserved 1114112K
  class space    used 2939K, committed 3008K, reserved 1048576K
}
Event: 8.500 GC heap before
{Heap before GC invocations=8 (full 0):
 garbage-first heap   total 49152K, used 33384K [0x0000000702600000, 0x0000000800000000)
  region size 2048K, 8 young (16384K), 1 survivors (2048K)
 Metaspace       used 29818K, committed 30016K, reserved 1114112K
  class space    used 3300K, committed 3392K, reserved 1048576K
}
Event: 8.504 GC heap after
{Heap after GC invocations=9 (full 0):
 garbage-first heap   total 49152K, used 20394K [0x0000000702600000, 0x0000000800000000)
  region size 2048K, 1 young (2048K), 1 survivors (2048K)
 Metaspace       used 29818K, committed 30016K, reserved 1114112K
  class space    used 3300K, committed 3392K, reserved 1048576K
}
Event: 8.702 GC heap before
{Heap before GC invocations=9 (full 0):
 garbage-first heap   total 49152K, used 30634K [0x0000000702600000, 0x0000000800000000)
  region size 2048K, 7 young (14336K), 1 survivors (2048K)
 Metaspace       used 31928K, committed 32128K, reserved 1114112K
  class space    used 3542K, committed 3648K, reserved 1048576K
}
Event: 8.705 GC heap after
{Heap after GC invocations=10 (full 0):
 garbage-first heap   total 49152K, used 21039K [0x0000000702600000, 0x0000000800000000)
  region size 2048K, 1 young (2048K), 1 survivors (2048K)
 Metaspace       used 31928K, committed 32128K, reserved 1114112K
  class space    used 3542K, committed 3648K, reserved 1048576K
}
Event: 8.966 GC heap before
{Heap before GC invocations=10 (full 0):
 garbage-first heap   total 49152K, used 27183K [0x0000000702600000, 0x0000000800000000)
  region size 2048K, 5 young (10240K), 1 survivors (2048K)
 Metaspace       used 33153K, committed 33344K, reserved 1114112K
  class space    used 3693K, committed 3776K, reserved 1048576K
}
Event: 8.968 GC heap after
{Heap after GC invocations=11 (full 0):
 garbage-first heap   total 155648K, used 21539K [0x0000000702600000, 0x0000000800000000)
  region size 2048K, 1 young (2048K), 1 survivors (2048K)
 Metaspace       used 33153K, committed 33344K, reserved 1114112K
  class space    used 3693K, committed 3776K, reserved 1048576K
}
Event: 32.480 GC heap before
{Heap before GC invocations=11 (full 0):
 garbage-first heap   total 155648K, used 87075K [0x0000000702600000, 0x0000000800000000)
  region size 2048K, 30 young (61440K), 1 survivors (2048K)
 Metaspace       used 34806K, committed 35008K, reserved 1114112K
  class space    used 3734K, committed 3840K, reserved 1048576K
}
Event: 32.523 GC heap after
{Heap after GC invocations=12 (full 1):
 garbage-first heap   total 90112K, used 24159K [0x0000000702600000, 0x0000000800000000)
  region size 2048K, 0 young (0K), 0 survivors (0K)
 Metaspace       used 34806K, committed 35008K, reserved 1114112K
  class space    used 3734K, committed 3840K, reserved 1048576K
}

