# JRE version: OpenJDK Runtime Environment Corretto-17.0.7.7.1 (17.0.7+7) (build 17.0.7+7-LTS)
# Java VM: OpenJDK 64-Bit Server VM Corretto-17.0.7.7.1 (17.0.7+7-LTS, mixed mode, sharing, tiered, compressed oops, compressed class ptrs, g1 gc, windows-amd64)
GC Precious Log:
 CPUs: 4 total, 4 available
 Memory: 16224M
 Large Page Support: Disabled
 NUMA Support: Disabled
 Compressed Oops: Enabled (Zero based)
 Heap Region Size: 2M
 Heap Min Capacity: 8M
 Heap Initial Capacity: 254M
 Heap Max Capacity: 4058M
 Pre-touch: Disabled
 Parallel Workers: 4
 Concurrent Workers: 1
 Concurrent Refinement Workers: 4
 Periodic GC: Disabled
Heap:
 garbage-first heap   total 90112K, used 53416K [0x0000000702600000, 0x0000000800000000)
  region size 2048K, 15 young (30720K), 0 survivors (0K)
 Metaspace       used 35043K, committed 35264K, reserved 1114112K
  class space    used 3741K, committed 3840K, reserved 1048576K
GC Heap History (20 events):
Event: 113.554 GC heap before
{Heap before GC invocations=15 (full 3):
 garbage-first heap   total 90112K, used 71478K [0x0000000702600000, 0x0000000800000000)
  region size 2048K, 23 young (47104K), 0 survivors (0K)
 Metaspace       used 34933K, committed 35136K, reserved 1114112K
  class space    used 3738K, committed 3840K, reserved 1048576K
}
Event: 113.555 GC heap after
{Heap after GC invocations=16 (full 3):
 garbage-first heap   total 90112K, used 24711K [0x0000000702600000, 0x0000000800000000)
  region size 2048K, 1 young (2048K), 1 survivors (2048K)
 Metaspace       used 34933K, committed 35136K, reserved 1114112K
  class space    used 3738K, committed 3840K, reserved 1048576K
}
Event: 121.937 GC heap before
{Heap before GC invocations=16 (full 3):
 garbage-first heap   total 90112K, used 41095K [0x0000000702600000, 0x0000000800000000)
  region size 2048K, 10 young (20480K), 1 survivors (2048K)
 Metaspace       used 34935K, committed 35136K, reserved 1114112K
  class space    used 3738K, committed 3840K, reserved 1048576K
}
Event: 121.966 GC heap after
{Heap after GC invocations=17 (full 4):
 garbage-first heap   total 90112K, used 24495K [0x0000000702600000, 0x0000000800000000)
  region size 2048K, 0 young (0K), 0 survivors (0K)
 Metaspace       used 34935K, committed 35136K, reserved 1114112K
  class space    used 3738K, committed 3840K, reserved 1048576K
}
Event: 143.845 GC heap before
{Heap before GC invocations=17 (full 4):
 garbage-first heap   total 90112K, used 71599K [0x0000000702600000, 0x0000000800000000)
  region size 2048K, 23 young (47104K), 0 survivors (0K)
 Metaspace       used 34935K, committed 35136K, reserved 1114112K
  class space    used 3738K, committed 3840K, reserved 1048576K
}
Event: 143.846 GC heap after
{Heap after GC invocations=18 (full 4):
 garbage-first heap   total 90112K, used 24565K [0x0000000702600000, 0x0000000800000000)
  region size 2048K, 1 young (2048K), 1 survivors (2048K)
 Metaspace       used 34935K, committed 35136K, reserved 1114112K
  class space    used 3738K, committed 3840K, reserved 1048576K
}
Event: 151.968 GC heap before
{Heap before GC invocations=18 (full 4):
 garbage-first heap   total 90112K, used 40949K [0x0000000702600000, 0x0000000800000000)
  region size 2048K, 10 young (20480K), 1 survivors (2048K)
 Metaspace       used 34935K, committed 35136K, reserved 1114112K
  class space    used 3738K, committed 3840K, reserved 1048576K
}
Event: 151.997 GC heap after
{Heap after GC invocations=19 (full 5):
 garbage-first heap   total 90112K, used 24495K [0x0000000702600000, 0x0000000800000000)
  region size 2048K, 0 young (0K), 0 survivors (0K)
 Metaspace       used 34935K, committed 35136K, reserved 1114112K
  class space    used 3738K, committed 3840K, reserved 1048576K
}
Event: 176.314 GC heap before
{Heap before GC invocations=19 (full 5):
 garbage-first heap   total 90112K, used 73647K [0x0000000702600000, 0x0000000800000000)
  region size 2048K, 24 young (49152K), 0 survivors (0K)
 Metaspace       used 34935K, committed 35136K, reserved 1114112K
  class space    used 3738K, committed 3840K, reserved 1048576K
}
Event: 176.315 GC heap after
{Heap after GC invocations=20 (full 5):
 garbage-first heap   total 90112K, used 24565K [0x0000000702600000, 0x0000000800000000)
  region size 2048K, 1 young (2048K), 1 survivors (2048K)
 Metaspace       used 34935K, committed 35136K, reserved 1114112K
  class space    used 3738K, committed 3840K, reserved 1048576K
}
Event: 181.999 GC heap before
{Heap before GC invocations=20 (full 5):
 garbage-first heap   total 90112K, used 36853K [0x0000000702600000, 0x0000000800000000)
  region size 2048K, 8 young (16384K), 1 survivors (2048K)
 Metaspace       used 34935K, committed 35136K, reserved 1114112K
  class space    used 3738K, committed 3840K, reserved 1048576K
}
Event: 182.025 GC heap after
{Heap after GC invocations=21 (full 6):
 garbage-first heap   total 90112K, used 24735K [0x0000000702600000, 0x0000000800000000)
  region size 2048K, 0 young (0K), 0 survivors (0K)
 Metaspace       used 34935K, committed 35136K, reserved 1114112K
  class space    used 3738K, committed 3840K, reserved 1048576K
}
Event: 203.690 GC heap before
{Heap before GC invocations=21 (full 6):
 garbage-first heap   total 90112K, used 73887K [0x0000000702600000, 0x0000000800000000)
  region size 2048K, 24 young (49152K), 0 survivors (0K)
 Metaspace       used 35019K, committed 35200K, reserved 1114112K
  class space    used 3738K, committed 3840K, reserved 1048576K
}
Event: 203.691 GC heap after
{Heap after GC invocations=22 (full 6):
 garbage-first heap   total 90112K, used 24981K [0x0000000702600000, 0x0000000800000000)
  region size 2048K, 1 young (2048K), 1 survivors (2048K)
 Metaspace       used 35019K, committed 35200K, reserved 1114112K
  class space    used 3738K, committed 3840K, reserved 1048576K
}
Event: 212.029 GC heap before
{Heap before GC invocations=22 (full 6):
 garbage-first heap   total 90112K, used 41365K [0x0000000702600000, 0x0000000800000000)
  region size 2048K, 10 young (20480K), 1 survivors (2048K)
 Metaspace       used 35020K, committed 35200K, reserved 1114112K
  class space    used 3738K, committed 3840K, reserved 1048576K
}
Event: 212.058 GC heap after
{Heap after GC invocations=23 (full 7):
 garbage-first heap   total 90112K, used 24744K [0x0000000702600000, 0x0000000800000000)
  region size 2048K, 0 young (0K), 0 survivors (0K)
 Metaspace       used 35020K, committed 35200K, reserved 1114112K
  class space    used 3738K, committed 3840K, reserved 1048576K
}
Event: 234.321 GC heap before
{Heap before GC invocations=23 (full 7):
 garbage-first heap   total 90112K, used 71848K [0x0000000702600000, 0x0000000800000000)
  region size 2048K, 23 young (47104K), 0 survivors (0K)
 Metaspace       used 35020K, committed 35200K, reserved 1114112K
  class space    used 3738K, committed 3840K, reserved 1048576K
}
Event: 234.323 GC heap after
{Heap after GC invocations=24 (full 7):
 garbage-first heap   total 90112K, used 24812K [0x0000000702600000, 0x0000000800000000)
  region size 2048K, 1 young (2048K), 1 survivors (2048K)
 Metaspace       used 35020K, committed 35200K, reserved 1114112K
  class space    used 3738K, committed 3840K, reserved 1048576K
}
Event: 242.073 GC heap before
{Heap before GC invocations=24 (full 7):
 garbage-first heap   total 90112K, used 39148K [0x0000000702600000, 0x0000000800000000)
  region size 2048K, 9 young (18432K), 1 survivors (2048K)
 Metaspace       used 35020K, committed 35200K, reserved 1114112K
  class space    used 3738K, committed 3840K, reserved 1048576K
}
Event: 242.103 GC heap after
{Heap after GC invocations=25 (full 8):
 garbage-first heap   total 90112K, used 24744K [0x0000000702600000, 0x0000000800000000)
  region size 2048K, 0 young (0K), 0 survivors (0K)
 Metaspace       used 35020K, committed 35200K, reserved 1114112K
  class space    used 3738K, committed 3840K, reserved 1048576K
}

