# JRE version: OpenJDK Runtime Environment Corretto-17.0.7.7.1 (17.0.7+7) (build 17.0.7+7-LTS)
# Java VM: OpenJDK 64-Bit Server VM Corretto-17.0.7.7.1 (17.0.7+7-LTS, mixed mode, sharing, tiered, compressed oops, compressed class ptrs, g1 gc, windows-amd64)
GC Precious Log:
 CPUs: 4 total, 4 available
 Memory: 16224M
 Large Page Support: Disabled
 NUMA Support: Disabled
 Compressed Oops: Enabled (Zero based)
 Heap Region Size: 2M
 Heap Min Capacity: 8M
 Heap Initial Capacity: 254M
 Heap Max Capacity: 4058M
 Pre-touch: Disabled
 Parallel Workers: 4
 Concurrent Workers: 1
 Concurrent Refinement Workers: 4
 Periodic GC: Disabled
Heap:
 garbage-first heap   total 90112K, used 26851K [0x0000000702600000, 0x0000000800000000)
  region size 2048K, 3 young (6144K), 1 survivors (2048K)
 Metaspace       used 37098K, committed 37312K, reserved 1114112K
  class space    used 3916K, committed 4032K, reserved 1048576K
GC Heap History (20 events):
Event: 251.786 GC heap before
{Heap before GC invocations=24 (full 4):
 garbage-first heap   total 90112K, used 71762K [0x0000000702600000, 0x0000000800000000)
  region size 2048K, 23 young (47104K), 0 survivors (0K)
 Metaspace       used 36961K, committed 37184K, reserved 1114112K
  class space    used 3902K, committed 4032K, reserved 1048576K
}
Event: 251.787 GC heap after
{Heap after GC invocations=25 (full 4):
 garbage-first heap   total 90112K, used 24842K [0x0000000702600000, 0x0000000800000000)
  region size 2048K, 1 young (2048K), 1 survivors (2048K)
 Metaspace       used 36961K, committed 37184K, reserved 1114112K
  class space    used 3902K, committed 4032K, reserved 1048576K
}
Event: 261.229 GC heap before
{Heap before GC invocations=25 (full 4):
 garbage-first heap   total 90112K, used 71946K [0x0000000702600000, 0x0000000800000000)
  region size 2048K, 24 young (49152K), 1 survivors (2048K)
 Metaspace       used 36982K, committed 37248K, reserved 1114112K
  class space    used 3902K, committed 4032K, reserved 1048576K
}
Event: 261.232 GC heap after
{Heap after GC invocations=26 (full 4):
 garbage-first heap   total 90112K, used 25114K [0x0000000702600000, 0x0000000800000000)
  region size 2048K, 1 young (2048K), 1 survivors (2048K)
 Metaspace       used 36982K, committed 37248K, reserved 1114112K
  class space    used 3902K, committed 4032K, reserved 1048576K
}
Event: 270.852 GC heap before
{Heap before GC invocations=26 (full 4):
 garbage-first heap   total 90112K, used 72218K [0x0000000702600000, 0x0000000800000000)
  region size 2048K, 24 young (49152K), 1 survivors (2048K)
 Metaspace       used 36985K, committed 37248K, reserved 1114112K
  class space    used 3902K, committed 4032K, reserved 1048576K
}
Event: 270.854 GC heap after
{Heap after GC invocations=27 (full 4):
 garbage-first heap   total 90112K, used 25150K [0x0000000702600000, 0x0000000800000000)
  region size 2048K, 1 young (2048K), 1 survivors (2048K)
 Metaspace       used 36985K, committed 37248K, reserved 1114112K
  class space    used 3902K, committed 4032K, reserved 1048576K
}
Event: 272.113 GC heap before
{Heap before GC invocations=27 (full 4):
 garbage-first heap   total 90112K, used 31294K [0x0000000702600000, 0x0000000800000000)
  region size 2048K, 5 young (10240K), 1 survivors (2048K)
 Metaspace       used 36985K, committed 37248K, reserved 1114112K
  class space    used 3902K, committed 4032K, reserved 1048576K
}
Event: 272.144 GC heap after
{Heap after GC invocations=28 (full 5):
 garbage-first heap   total 90112K, used 24583K [0x0000000702600000, 0x0000000800000000)
  region size 2048K, 0 young (0K), 0 survivors (0K)
 Metaspace       used 36985K, committed 37248K, reserved 1114112K
  class space    used 3902K, committed 4032K, reserved 1048576K
}
Event: 281.693 GC heap before
{Heap before GC invocations=28 (full 5):
 garbage-first heap   total 90112K, used 73735K [0x0000000702600000, 0x0000000800000000)
  region size 2048K, 24 young (49152K), 0 survivors (0K)
 Metaspace       used 37007K, committed 37248K, reserved 1114112K
  class space    used 3902K, committed 4032K, reserved 1048576K
}
Event: 281.695 GC heap after
{Heap after GC invocations=29 (full 5):
 garbage-first heap   total 90112K, used 24963K [0x0000000702600000, 0x0000000800000000)
  region size 2048K, 1 young (2048K), 1 survivors (2048K)
 Metaspace       used 37007K, committed 37248K, reserved 1114112K
  class space    used 3902K, committed 4032K, reserved 1048576K
}
Event: 291.351 GC heap before
{Heap before GC invocations=29 (full 5):
 garbage-first heap   total 90112K, used 72067K [0x0000000702600000, 0x0000000800000000)
  region size 2048K, 24 young (49152K), 1 survivors (2048K)
 Metaspace       used 37007K, committed 37248K, reserved 1114112K
  class space    used 3902K, committed 4032K, reserved 1048576K
}
Event: 291.353 GC heap after
{Heap after GC invocations=30 (full 5):
 garbage-first heap   total 90112K, used 24954K [0x0000000702600000, 0x0000000800000000)
  region size 2048K, 1 young (2048K), 1 survivors (2048K)
 Metaspace       used 37007K, committed 37248K, reserved 1114112K
  class space    used 3902K, committed 4032K, reserved 1048576K
}
Event: 301.076 GC heap before
{Heap before GC invocations=30 (full 5):
 garbage-first heap   total 90112K, used 72058K [0x0000000702600000, 0x0000000800000000)
  region size 2048K, 24 young (49152K), 1 survivors (2048K)
 Metaspace       used 37007K, committed 37248K, reserved 1114112K
  class space    used 3902K, committed 4032K, reserved 1048576K
}
Event: 301.078 GC heap after
{Heap after GC invocations=31 (full 5):
 garbage-first heap   total 90112K, used 25002K [0x0000000702600000, 0x0000000800000000)
  region size 2048K, 1 young (2048K), 1 survivors (2048K)
 Metaspace       used 37007K, committed 37248K, reserved 1114112K
  class space    used 3902K, committed 4032K, reserved 1048576K
}
Event: 302.153 GC heap before
{Heap before GC invocations=31 (full 5):
 garbage-first heap   total 90112K, used 29098K [0x0000000702600000, 0x0000000800000000)
  region size 2048K, 4 young (8192K), 1 survivors (2048K)
 Metaspace       used 37007K, committed 37248K, reserved 1114112K
  class space    used 3902K, committed 4032K, reserved 1048576K
}
Event: 302.186 GC heap after
{Heap after GC invocations=32 (full 6):
 garbage-first heap   total 90112K, used 24581K [0x0000000702600000, 0x0000000800000000)
  region size 2048K, 0 young (0K), 0 survivors (0K)
 Metaspace       used 37007K, committed 37248K, reserved 1114112K
  class space    used 3902K, committed 4032K, reserved 1048576K
}
Event: 313.881 GC heap before
{Heap before GC invocations=32 (full 6):
 garbage-first heap   total 90112K, used 73733K [0x0000000702600000, 0x0000000800000000)
  region size 2048K, 24 young (49152K), 0 survivors (0K)
 Metaspace       used 37007K, committed 37248K, reserved 1114112K
  class space    used 3902K, committed 4032K, reserved 1048576K
}
Event: 313.883 GC heap after
{Heap after GC invocations=33 (full 6):
 garbage-first heap   total 90112K, used 24782K [0x0000000702600000, 0x0000000800000000)
  region size 2048K, 1 young (2048K), 1 survivors (2048K)
 Metaspace       used 37007K, committed 37248K, reserved 1114112K
  class space    used 3902K, committed 4032K, reserved 1048576K
}
Event: 324.158 GC heap before
{Heap before GC invocations=33 (full 6):
 garbage-first heap   total 90112K, used 71886K [0x0000000702600000, 0x0000000800000000)
  region size 2048K, 24 young (49152K), 1 survivors (2048K)
 Metaspace       used 37008K, committed 37248K, reserved 1114112K
  class space    used 3902K, committed 4032K, reserved 1048576K
}
Event: 324.159 GC heap after
{Heap after GC invocations=34 (full 6):
 garbage-first heap   total 90112K, used 24803K [0x0000000702600000, 0x0000000800000000)
  region size 2048K, 1 young (2048K), 1 survivors (2048K)
 Metaspace       used 37008K, committed 37248K, reserved 1114112K
  class space    used 3902K, committed 4032K, reserved 1048576K
}

