# JRE version: OpenJDK Runtime Environment Corretto-17.0.7.7.1 (17.0.7+7) (build 17.0.7+7-LTS)
# Java VM: OpenJDK 64-Bit Server VM Corretto-17.0.7.7.1 (17.0.7+7-LTS, mixed mode, sharing, tiered, compressed oops, compressed class ptrs, g1 gc, windows-amd64)
GC Precious Log:
 CPUs: 4 total, 4 available
 Memory: 16224M
 Large Page Support: Disabled
 NUMA Support: Disabled
 Compressed Oops: Enabled (Zero based)
 Heap Region Size: 2M
 Heap Min Capacity: 8M
 Heap Initial Capacity: 254M
 Heap Max Capacity: 4058M
 Pre-touch: Disabled
 Parallel Workers: 4
 Concurrent Workers: 1
 Concurrent Refinement Workers: 4
 Periodic GC: Disabled
Heap:
 garbage-first heap   total 155648K, used 116122K [0x0000000702600000, 0x0000000800000000)
  region size 2048K, 44 young (90112K), 1 survivors (2048K)
 Metaspace       used 34996K, committed 35200K, reserved 1114112K
  class space    used 3748K, committed 3840K, reserved 1048576K
GC Heap History (20 events):
Event: 0.503 GC heap before
{Heap before GC invocations=0 (full 0):
 garbage-first heap   total 260096K, used 12288K [0x0000000702600000, 0x0000000800000000)
  region size 2048K, 6 young (12288K), 0 survivors (0K)
 Metaspace       used 1762K, committed 1856K, reserved 1114112K
  class space    used 161K, committed 192K, reserved 1048576K
}
Event: 0.507 GC heap after
{Heap after GC invocations=1 (full 0):
 garbage-first heap   total 260096K, used 7243K [0x0000000702600000, 0x0000000800000000)
  region size 2048K, 1 young (2048K), 1 survivors (2048K)
 Metaspace       used 1762K, committed 1856K, reserved 1114112K
  class space    used 161K, committed 192K, reserved 1048576K
}
Event: 0.865 GC heap before
{Heap before GC invocations=1 (full 0):
 garbage-first heap   total 260096K, used 15435K [0x0000000702600000, 0x0000000800000000)
  region size 2048K, 6 young (12288K), 1 survivors (2048K)
 Metaspace       used 5828K, committed 6016K, reserved 1114112K
  class space    used 468K, committed 576K, reserved 1048576K
}
Event: 0.867 GC heap after
{Heap after GC invocations=2 (full 0):
 garbage-first heap   total 260096K, used 8334K [0x0000000702600000, 0x0000000800000000)
  region size 2048K, 1 young (2048K), 1 survivors (2048K)
 Metaspace       used 5828K, committed 6016K, reserved 1114112K
  class space    used 468K, committed 576K, reserved 1048576K
}
Event: 2.705 GC heap before
{Heap before GC invocations=2 (full 0):
 garbage-first heap   total 260096K, used 34958K [0x0000000702600000, 0x0000000800000000)
  region size 2048K, 14 young (28672K), 1 survivors (2048K)
 Metaspace       used 14318K, committed 14528K, reserved 1114112K
  class space    used 1467K, committed 1536K, reserved 1048576K
}
Event: 2.709 GC heap after
{Heap after GC invocations=3 (full 0):
 garbage-first heap   total 260096K, used 10258K [0x0000000702600000, 0x0000000800000000)
  region size 2048K, 2 young (4096K), 2 survivors (4096K)
 Metaspace       used 14318K, committed 14528K, reserved 1114112K
  class space    used 1467K, committed 1536K, reserved 1048576K
}
Event: 4.281 GC heap before
{Heap before GC invocations=3 (full 0):
 garbage-first heap   total 260096K, used 45074K [0x0000000702600000, 0x0000000800000000)
  region size 2048K, 20 young (40960K), 2 survivors (4096K)
 Metaspace       used 21342K, committed 21504K, reserved 1114112K
  class space    used 2280K, committed 2368K, reserved 1048576K
}
Event: 4.286 GC heap after
{Heap after GC invocations=4 (full 0):
 garbage-first heap   total 260096K, used 11667K [0x0000000702600000, 0x0000000800000000)
  region size 2048K, 2 young (4096K), 2 survivors (4096K)
 Metaspace       used 21342K, committed 21504K, reserved 1114112K
  class space    used 2280K, committed 2368K, reserved 1048576K
}
Event: 80.227 GC heap before
{Heap before GC invocations=5 (full 0):
 garbage-first heap   total 49152K, used 38291K [0x0000000702600000, 0x0000000800000000)
  region size 2048K, 10 young (20480K), 2 survivors (4096K)
 Metaspace       used 23861K, committed 24064K, reserved 1114112K
  class space    used 2545K, committed 2688K, reserved 1048576K
}
Event: 80.232 GC heap after
{Heap after GC invocations=6 (full 0):
 garbage-first heap   total 49152K, used 24680K [0x0000000702600000, 0x0000000800000000)
  region size 2048K, 2 young (4096K), 2 survivors (4096K)
 Metaspace       used 23861K, committed 24064K, reserved 1114112K
  class space    used 2545K, committed 2688K, reserved 1048576K
}
Event: 80.382 GC heap before
{Heap before GC invocations=6 (full 0):
 garbage-first heap   total 49152K, used 32872K [0x0000000702600000, 0x0000000800000000)
  region size 2048K, 6 young (12288K), 2 survivors (4096K)
 Metaspace       used 25301K, committed 25472K, reserved 1114112K
  class space    used 2724K, committed 2816K, reserved 1048576K
}
Event: 80.387 GC heap after
{Heap after GC invocations=7 (full 0):
 garbage-first heap   total 49152K, used 18746K [0x0000000702600000, 0x0000000800000000)
  region size 2048K, 1 young (2048K), 1 survivors (2048K)
 Metaspace       used 25301K, committed 25472K, reserved 1114112K
  class space    used 2724K, committed 2816K, reserved 1048576K
}
Event: 80.763 GC heap before
{Heap before GC invocations=8 (full 0):
 garbage-first heap   total 49152K, used 33082K [0x0000000702600000, 0x0000000800000000)
  region size 2048K, 9 young (18432K), 1 survivors (2048K)
 Metaspace       used 27874K, committed 28096K, reserved 1114112K
  class space    used 3078K, committed 3136K, reserved 1048576K
}
Event: 80.768 GC heap after
{Heap after GC invocations=9 (full 0):
 garbage-first heap   total 49152K, used 20356K [0x0000000702600000, 0x0000000800000000)
  region size 2048K, 2 young (4096K), 2 survivors (4096K)
 Metaspace       used 27874K, committed 28096K, reserved 1114112K
  class space    used 3078K, committed 3136K, reserved 1048576K
}
Event: 81.129 GC heap before
{Heap before GC invocations=9 (full 0):
 garbage-first heap   total 49152K, used 34692K [0x0000000702600000, 0x0000000800000000)
  region size 2048K, 9 young (18432K), 2 survivors (4096K)
 Metaspace       used 31106K, committed 31360K, reserved 1114112K
  class space    used 3443K, committed 3584K, reserved 1048576K
}
Event: 81.133 GC heap after
{Heap after GC invocations=10 (full 0):
 garbage-first heap   total 49152K, used 21214K [0x0000000702600000, 0x0000000800000000)
  region size 2048K, 2 young (4096K), 2 survivors (4096K)
 Metaspace       used 31106K, committed 31360K, reserved 1114112K
  class space    used 3443K, committed 3584K, reserved 1048576K
}
Event: 81.470 GC heap before
{Heap before GC invocations=10 (full 0):
 garbage-first heap   total 49152K, used 33502K [0x0000000702600000, 0x0000000800000000)
  region size 2048K, 8 young (16384K), 2 survivors (4096K)
 Metaspace       used 33132K, committed 33344K, reserved 1114112K
  class space    used 3680K, committed 3776K, reserved 1048576K
}
Event: 81.475 GC heap after
{Heap after GC invocations=11 (full 0):
 garbage-first heap   total 49152K, used 21941K [0x0000000702600000, 0x0000000800000000)
  region size 2048K, 1 young (2048K), 1 survivors (2048K)
 Metaspace       used 33132K, committed 33344K, reserved 1114112K
  class space    used 3680K, committed 3776K, reserved 1048576K
}
Event: 81.492 GC heap before
{Heap before GC invocations=11 (full 0):
 garbage-first heap   total 49152K, used 21941K [0x0000000702600000, 0x0000000800000000)
  region size 2048K, 2 young (4096K), 1 survivors (2048K)
 Metaspace       used 33215K, committed 33408K, reserved 1114112K
  class space    used 3692K, committed 3776K, reserved 1048576K
}
Event: 81.494 GC heap after
{Heap after GC invocations=12 (full 0):
 garbage-first heap   total 155648K, used 21914K [0x0000000702600000, 0x0000000800000000)
  region size 2048K, 1 young (2048K), 1 survivors (2048K)
 Metaspace       used 33215K, committed 33408K, reserved 1114112K
  class space    used 3692K, committed 3776K, reserved 1048576K
}

