# JRE version: OpenJDK Runtime Environment Corretto-17.0.7.7.1 (17.0.7+7) (build 17.0.7+7-LTS)
# Java VM: OpenJDK 64-Bit Server VM Corretto-17.0.7.7.1 (17.0.7+7-LTS, mixed mode, sharing, tiered, compressed oops, compressed class ptrs, g1 gc, windows-amd64)
GC Precious Log:
 CPUs: 4 total, 4 available
 Memory: 16224M
 Large Page Support: Disabled
 NUMA Support: Disabled
 Compressed Oops: Enabled (Zero based)
 Heap Region Size: 2M
 Heap Min Capacity: 8M
 Heap Initial Capacity: 254M
 Heap Max Capacity: 4058M
 Pre-touch: Disabled
 Parallel Workers: 4
 Concurrent Workers: 1
 Concurrent Refinement Workers: 4
 Periodic GC: Disabled
Heap:
 garbage-first heap   total 90112K, used 55302K [0x0000000702600000, 0x0000000800000000)
  region size 2048K, 16 young (32768K), 0 survivors (0K)
 Metaspace       used 34861K, committed 35072K, reserved 1114112K
  class space    used 3738K, committed 3840K, reserved 1048576K
GC Heap History (20 events):
Event: 114.880 GC heap before
{Heap before GC invocations=16 (full 3):
 garbage-first heap   total 90112K, used 71324K [0x0000000702600000, 0x0000000800000000)
  region size 2048K, 23 young (47104K), 0 survivors (0K)
 Metaspace       used 34733K, committed 35008K, reserved 1114112K
  class space    used 3733K, committed 3840K, reserved 1048576K
}
Event: 114.881 GC heap after
{Heap after GC invocations=17 (full 3):
 garbage-first heap   total 90112K, used 24528K [0x0000000702600000, 0x0000000800000000)
  region size 2048K, 1 young (2048K), 1 survivors (2048K)
 Metaspace       used 34733K, committed 35008K, reserved 1114112K
  class space    used 3733K, committed 3840K, reserved 1048576K
}
Event: 121.528 GC heap before
{Heap before GC invocations=17 (full 3):
 garbage-first heap   total 90112K, used 38864K [0x0000000702600000, 0x0000000800000000)
  region size 2048K, 9 young (18432K), 1 survivors (2048K)
 Metaspace       used 34733K, committed 35008K, reserved 1114112K
  class space    used 3733K, committed 3840K, reserved 1048576K
}
Event: 121.549 GC heap after
{Heap after GC invocations=18 (full 4):
 garbage-first heap   total 90112K, used 24337K [0x0000000702600000, 0x0000000800000000)
  region size 2048K, 0 young (0K), 0 survivors (0K)
 Metaspace       used 34733K, committed 35008K, reserved 1114112K
  class space    used 3733K, committed 3840K, reserved 1048576K
}
Event: 140.782 GC heap before
{Heap before GC invocations=18 (full 4):
 garbage-first heap   total 90112K, used 69393K [0x0000000702600000, 0x0000000800000000)
  region size 2048K, 22 young (45056K), 0 survivors (0K)
 Metaspace       used 34825K, committed 35072K, reserved 1114112K
  class space    used 3733K, committed 3840K, reserved 1048576K
}
Event: 140.783 GC heap after
{Heap after GC invocations=19 (full 4):
 garbage-first heap   total 90112K, used 24569K [0x0000000702600000, 0x0000000800000000)
  region size 2048K, 1 young (2048K), 1 survivors (2048K)
 Metaspace       used 34825K, committed 35072K, reserved 1114112K
  class space    used 3733K, committed 3840K, reserved 1048576K
}
Event: 151.555 GC heap before
{Heap before GC invocations=19 (full 4):
 garbage-first heap   total 90112K, used 47097K [0x0000000702600000, 0x0000000800000000)
  region size 2048K, 13 young (26624K), 1 survivors (2048K)
 Metaspace       used 34825K, committed 35072K, reserved 1114112K
  class space    used 3733K, committed 3840K, reserved 1048576K
}
Event: 151.585 GC heap after
{Heap after GC invocations=20 (full 5):
 garbage-first heap   total 90112K, used 24341K [0x0000000702600000, 0x0000000800000000)
  region size 2048K, 0 young (0K), 0 survivors (0K)
 Metaspace       used 34825K, committed 35072K, reserved 1114112K
  class space    used 3733K, committed 3840K, reserved 1048576K
}
Event: 172.942 GC heap before
{Heap before GC invocations=20 (full 5):
 garbage-first heap   total 90112K, used 71445K [0x0000000702600000, 0x0000000800000000)
  region size 2048K, 23 young (47104K), 0 survivors (0K)
 Metaspace       used 34831K, committed 35072K, reserved 1114112K
  class space    used 3735K, committed 3840K, reserved 1048576K
}
Event: 172.943 GC heap after
{Heap after GC invocations=21 (full 5):
 garbage-first heap   total 90112K, used 24416K [0x0000000702600000, 0x0000000800000000)
  region size 2048K, 1 young (2048K), 1 survivors (2048K)
 Metaspace       used 34831K, committed 35072K, reserved 1114112K
  class space    used 3735K, committed 3840K, reserved 1048576K
}
Event: 181.595 GC heap before
{Heap before GC invocations=21 (full 5):
 garbage-first heap   total 90112K, used 42848K [0x0000000702600000, 0x0000000800000000)
  region size 2048K, 11 young (22528K), 1 survivors (2048K)
 Metaspace       used 34837K, committed 35072K, reserved 1114112K
  class space    used 3735K, committed 3840K, reserved 1048576K
}
Event: 181.616 GC heap after
{Heap after GC invocations=22 (full 6):
 garbage-first heap   total 90112K, used 24347K [0x0000000702600000, 0x0000000800000000)
  region size 2048K, 0 young (0K), 0 survivors (0K)
 Metaspace       used 34837K, committed 35072K, reserved 1114112K
  class space    used 3735K, committed 3840K, reserved 1048576K
}
Event: 203.401 GC heap before
{Heap before GC invocations=22 (full 6):
 garbage-first heap   total 90112K, used 71451K [0x0000000702600000, 0x0000000800000000)
  region size 2048K, 23 young (47104K), 0 survivors (0K)
 Metaspace       used 34837K, committed 35072K, reserved 1114112K
  class space    used 3735K, committed 3840K, reserved 1048576K
}
Event: 203.402 GC heap after
{Heap after GC invocations=23 (full 6):
 garbage-first heap   total 90112K, used 24893K [0x0000000702600000, 0x0000000800000000)
  region size 2048K, 1 young (2048K), 1 survivors (2048K)
 Metaspace       used 34837K, committed 35072K, reserved 1114112K
  class space    used 3735K, committed 3840K, reserved 1048576K
}
Event: 211.629 GC heap before
{Heap before GC invocations=23 (full 6):
 garbage-first heap   total 90112K, used 41277K [0x0000000702600000, 0x0000000800000000)
  region size 2048K, 10 young (20480K), 1 survivors (2048K)
 Metaspace       used 34837K, committed 35072K, reserved 1114112K
  class space    used 3735K, committed 3840K, reserved 1048576K
}
Event: 211.653 GC heap after
{Heap after GC invocations=24 (full 7):
 garbage-first heap   total 90112K, used 24583K [0x0000000702600000, 0x0000000800000000)
  region size 2048K, 0 young (0K), 0 survivors (0K)
 Metaspace       used 34837K, committed 35072K, reserved 1114112K
  class space    used 3735K, committed 3840K, reserved 1048576K
}
Event: 235.390 GC heap before
{Heap before GC invocations=24 (full 7):
 garbage-first heap   total 90112K, used 71687K [0x0000000702600000, 0x0000000800000000)
  region size 2048K, 23 young (47104K), 0 survivors (0K)
 Metaspace       used 34838K, committed 35072K, reserved 1114112K
  class space    used 3735K, committed 3840K, reserved 1048576K
}
Event: 235.391 GC heap after
{Heap after GC invocations=25 (full 7):
 garbage-first heap   total 90112K, used 24654K [0x0000000702600000, 0x0000000800000000)
  region size 2048K, 1 young (2048K), 1 survivors (2048K)
 Metaspace       used 34838K, committed 35072K, reserved 1114112K
  class space    used 3735K, committed 3840K, reserved 1048576K
}
Event: 241.662 GC heap before
{Heap before GC invocations=25 (full 7):
 garbage-first heap   total 90112K, used 36942K [0x0000000702600000, 0x0000000800000000)
  region size 2048K, 8 young (16384K), 1 survivors (2048K)
 Metaspace       used 34838K, committed 35072K, reserved 1114112K
  class space    used 3735K, committed 3840K, reserved 1048576K
}
Event: 241.693 GC heap after
{Heap after GC invocations=26 (full 8):
 garbage-first heap   total 90112K, used 24582K [0x0000000702600000, 0x0000000800000000)
  region size 2048K, 0 young (0K), 0 survivors (0K)
 Metaspace       used 34838K, committed 35072K, reserved 1114112K
  class space    used 3735K, committed 3840K, reserved 1048576K
}

