# JRE version: OpenJDK Runtime Environment Corretto-17.0.7.7.1 (17.0.7+7) (build 17.0.7+7-LTS)
# Java VM: OpenJDK 64-Bit Server VM Corretto-17.0.7.7.1 (17.0.7+7-LTS, mixed mode, sharing, tiered, compressed oops, compressed class ptrs, g1 gc, windows-amd64)
GC Precious Log:
 CPUs: 4 total, 4 available
 Memory: 16224M
 Large Page Support: Disabled
 NUMA Support: Disabled
 Compressed Oops: Enabled (Zero based)
 Heap Region Size: 2M
 Heap Min Capacity: 8M
 Heap Initial Capacity: 254M
 Heap Max Capacity: 4058M
 Pre-touch: Disabled
 Parallel Workers: 4
 Concurrent Workers: 1
 Concurrent Refinement Workers: 4
 Periodic GC: Disabled
Heap:
 garbage-first heap   total 59392K, used 28650K [0x0000000702600000, 0x0000000800000000)
  region size 2048K, 4 young (8192K), 1 survivors (2048K)
 Metaspace       used 36393K, committed 36608K, reserved 1114112K
  class space    used 3860K, committed 3968K, reserved 1048576K
GC Heap History (20 events):
Event: 61.717 GC heap before
{Heap before GC invocations=29 (full 1):
 garbage-first heap   total 59392K, used 25049K [0x0000000702600000, 0x0000000800000000)
  region size 2048K, 2 young (4096K), 1 survivors (2048K)
 Metaspace       used 36354K, committed 36608K, reserved 1114112K
  class space    used 3855K, committed 3968K, reserved 1048576K
}
Event: 61.752 GC heap after
{Heap after GC invocations=30 (full 2):
 garbage-first heap   total 59392K, used 24390K [0x0000000702600000, 0x0000000800000000)
  region size 2048K, 0 young (0K), 0 survivors (0K)
 Metaspace       used 36354K, committed 36608K, reserved 1114112K
  class space    used 3855K, committed 3968K, reserved 1048576K
}
Event: 66.513 GC heap before
{Heap before GC invocations=30 (full 2):
 garbage-first heap   total 59392K, used 51014K [0x0000000702600000, 0x0000000800000000)
  region size 2048K, 13 young (26624K), 0 survivors (0K)
 Metaspace       used 36354K, committed 36608K, reserved 1114112K
  class space    used 3855K, committed 3968K, reserved 1048576K
}
Event: 66.514 GC heap after
{Heap after GC invocations=31 (full 2):
 garbage-first heap   total 59392K, used 24533K [0x0000000702600000, 0x0000000800000000)
  region size 2048K, 1 young (2048K), 1 survivors (2048K)
 Metaspace       used 36354K, committed 36608K, reserved 1114112K
  class space    used 3855K, committed 3968K, reserved 1048576K
}
Event: 70.808 GC heap before
{Heap before GC invocations=31 (full 2):
 garbage-first heap   total 59392K, used 49109K [0x0000000702600000, 0x0000000800000000)
  region size 2048K, 13 young (26624K), 1 survivors (2048K)
 Metaspace       used 36356K, committed 36608K, reserved 1114112K
  class space    used 3855K, committed 3968K, reserved 1048576K
}
Event: 70.809 GC heap after
{Heap after GC invocations=32 (full 2):
 garbage-first heap   total 59392K, used 24539K [0x0000000702600000, 0x0000000800000000)
  region size 2048K, 1 young (2048K), 1 survivors (2048K)
 Metaspace       used 36356K, committed 36608K, reserved 1114112K
  class space    used 3855K, committed 3968K, reserved 1048576K
}
Event: 75.155 GC heap before
{Heap before GC invocations=32 (full 2):
 garbage-first heap   total 59392K, used 49115K [0x0000000702600000, 0x0000000800000000)
  region size 2048K, 13 young (26624K), 1 survivors (2048K)
 Metaspace       used 36359K, committed 36608K, reserved 1114112K
  class space    used 3855K, committed 3968K, reserved 1048576K
}
Event: 75.156 GC heap after
{Heap after GC invocations=33 (full 2):
 garbage-first heap   total 59392K, used 24551K [0x0000000702600000, 0x0000000800000000)
  region size 2048K, 1 young (2048K), 1 survivors (2048K)
 Metaspace       used 36359K, committed 36608K, reserved 1114112K
  class space    used 3855K, committed 3968K, reserved 1048576K
}
Event: 80.134 GC heap before
{Heap before GC invocations=33 (full 2):
 garbage-first heap   total 59392K, used 49127K [0x0000000702600000, 0x0000000800000000)
  region size 2048K, 13 young (26624K), 1 survivors (2048K)
 Metaspace       used 36361K, committed 36608K, reserved 1114112K
  class space    used 3856K, committed 3968K, reserved 1048576K
}
Event: 80.135 GC heap after
{Heap after GC invocations=34 (full 2):
 garbage-first heap   total 59392K, used 24567K [0x0000000702600000, 0x0000000800000000)
  region size 2048K, 1 young (2048K), 1 survivors (2048K)
 Metaspace       used 36361K, committed 36608K, reserved 1114112K
  class space    used 3856K, committed 3968K, reserved 1048576K
}
Event: 85.629 GC heap before
{Heap before GC invocations=34 (full 2):
 garbage-first heap   total 59392K, used 49143K [0x0000000702600000, 0x0000000800000000)
  region size 2048K, 13 young (26624K), 1 survivors (2048K)
 Metaspace       used 36361K, committed 36608K, reserved 1114112K
  class space    used 3856K, committed 3968K, reserved 1048576K
}
Event: 85.631 GC heap after
{Heap after GC invocations=35 (full 2):
 garbage-first heap   total 59392K, used 24582K [0x0000000702600000, 0x0000000800000000)
  region size 2048K, 1 young (2048K), 1 survivors (2048K)
 Metaspace       used 36361K, committed 36608K, reserved 1114112K
  class space    used 3856K, committed 3968K, reserved 1048576K
}
Event: 90.675 GC heap before
{Heap before GC invocations=35 (full 2):
 garbage-first heap   total 59392K, used 49158K [0x0000000702600000, 0x0000000800000000)
  region size 2048K, 13 young (26624K), 1 survivors (2048K)
 Metaspace       used 36361K, committed 36608K, reserved 1114112K
  class space    used 3856K, committed 3968K, reserved 1048576K
}
Event: 90.676 GC heap after
{Heap after GC invocations=36 (full 2):
 garbage-first heap   total 59392K, used 24605K [0x0000000702600000, 0x0000000800000000)
  region size 2048K, 1 young (2048K), 1 survivors (2048K)
 Metaspace       used 36361K, committed 36608K, reserved 1114112K
  class space    used 3856K, committed 3968K, reserved 1048576K
}
Event: 91.768 GC heap before
{Heap before GC invocations=36 (full 2):
 garbage-first heap   total 59392K, used 28701K [0x0000000702600000, 0x0000000800000000)
  region size 2048K, 4 young (8192K), 1 survivors (2048K)
 Metaspace       used 36364K, committed 36608K, reserved 1114112K
  class space    used 3856K, committed 3968K, reserved 1048576K
}
Event: 91.807 GC heap after
{Heap after GC invocations=37 (full 3):
 garbage-first heap   total 59392K, used 24449K [0x0000000702600000, 0x0000000800000000)
  region size 2048K, 0 young (0K), 0 survivors (0K)
 Metaspace       used 36364K, committed 36608K, reserved 1114112K
  class space    used 3856K, committed 3968K, reserved 1048576K
}
Event: 96.852 GC heap before
{Heap before GC invocations=37 (full 3):
 garbage-first heap   total 59392K, used 49025K [0x0000000702600000, 0x0000000800000000)
  region size 2048K, 12 young (24576K), 0 survivors (0K)
 Metaspace       used 36364K, committed 36608K, reserved 1114112K
  class space    used 3856K, committed 3968K, reserved 1048576K
}
Event: 96.853 GC heap after
{Heap after GC invocations=38 (full 3):
 garbage-first heap   total 59392K, used 24551K [0x0000000702600000, 0x0000000800000000)
  region size 2048K, 1 young (2048K), 1 survivors (2048K)
 Metaspace       used 36364K, committed 36608K, reserved 1114112K
  class space    used 3856K, committed 3968K, reserved 1048576K
}
Event: 101.597 GC heap before
{Heap before GC invocations=38 (full 3):
 garbage-first heap   total 59392K, used 47079K [0x0000000702600000, 0x0000000800000000)
  region size 2048K, 12 young (24576K), 1 survivors (2048K)
 Metaspace       used 36367K, committed 36608K, reserved 1114112K
  class space    used 3856K, committed 3968K, reserved 1048576K
}
Event: 101.599 GC heap after
{Heap after GC invocations=39 (full 3):
 garbage-first heap   total 59392K, used 24554K [0x0000000702600000, 0x0000000800000000)
  region size 2048K, 1 young (2048K), 1 survivors (2048K)
 Metaspace       used 36367K, committed 36608K, reserved 1114112K
  class space    used 3856K, committed 3968K, reserved 1048576K
}

