# JRE version: OpenJDK Runtime Environment Corretto-17.0.7.7.1 (17.0.7+7) (build 17.0.7+7-LTS)
# Java VM: OpenJDK 64-Bit Server VM Corretto-17.0.7.7.1 (17.0.7+7-LTS, mixed mode, sharing, tiered, compressed oops, compressed class ptrs, g1 gc, windows-amd64)
GC Precious Log:
 CPUs: 4 total, 4 available
 Memory: 16224M
 Large Page Support: Disabled
 NUMA Support: Disabled
 Compressed Oops: Enabled (Zero based)
 Heap Region Size: 2M
 Heap Min Capacity: 8M
 Heap Initial Capacity: 254M
 Heap Max Capacity: 4058M
 Pre-touch: Disabled
 Parallel Workers: 4
 Concurrent Workers: 1
 Concurrent Refinement Workers: 4
 Periodic GC: Disabled
Heap:
 garbage-first heap   total 90112K, used 40760K [0x0000000702600000, 0x0000000800000000)
  region size 2048K, 10 young (20480K), 1 survivors (2048K)
 Metaspace       used 34971K, committed 35136K, reserved 1114112K
  class space    used 3753K, committed 3840K, reserved 1048576K
GC Heap History (20 events):
Event: 147.915 GC heap before
{Heap before GC invocations=5 (full 0):
 garbage-first heap   total 55296K, used 43848K [0x0000000702600000, 0x0000000800000000)
  region size 2048K, 13 young (26624K), 2 survivors (4096K)
 Metaspace       used 24074K, committed 24320K, reserved 1114112K
  class space    used 2574K, committed 2688K, reserved 1048576K
}
Event: 147.921 GC heap after
{Heap after GC invocations=6 (full 0):
 garbage-first heap   total 55296K, used 23927K [0x0000000702600000, 0x0000000800000000)
  region size 2048K, 2 young (4096K), 2 survivors (4096K)
 Metaspace       used 24074K, committed 24320K, reserved 1114112K
  class space    used 2574K, committed 2688K, reserved 1048576K
}
Event: 147.950 GC heap before
{Heap before GC invocations=6 (full 0):
 garbage-first heap   total 55296K, used 25975K [0x0000000702600000, 0x0000000800000000)
  region size 2048K, 3 young (6144K), 2 survivors (4096K)
 Metaspace       used 24434K, committed 24704K, reserved 1114112K
  class space    used 2626K, committed 2752K, reserved 1048576K
}
Event: 147.953 GC heap after
{Heap after GC invocations=7 (full 0):
 garbage-first heap   total 55296K, used 17894K [0x0000000702600000, 0x0000000800000000)
  region size 2048K, 1 young (2048K), 1 survivors (2048K)
 Metaspace       used 24434K, committed 24704K, reserved 1114112K
  class space    used 2626K, committed 2752K, reserved 1048576K
}
Event: 148.310 GC heap before
{Heap before GC invocations=7 (full 0):
 garbage-first heap   total 55296K, used 38374K [0x0000000702600000, 0x0000000800000000)
  region size 2048K, 11 young (22528K), 1 survivors (2048K)
 Metaspace       used 27492K, committed 27648K, reserved 1114112K
  class space    used 3012K, committed 3072K, reserved 1048576K
}
Event: 148.313 GC heap after
{Heap after GC invocations=8 (full 0):
 garbage-first heap   total 55296K, used 19631K [0x0000000702600000, 0x0000000800000000)
  region size 2048K, 2 young (4096K), 2 survivors (4096K)
 Metaspace       used 27492K, committed 27648K, reserved 1114112K
  class space    used 3012K, committed 3072K, reserved 1048576K
}
Event: 148.731 GC heap before
{Heap before GC invocations=8 (full 0):
 garbage-first heap   total 55296K, used 38063K [0x0000000702600000, 0x0000000800000000)
  region size 2048K, 11 young (22528K), 2 survivors (4096K)
 Metaspace       used 31465K, committed 31680K, reserved 1114112K
  class space    used 3491K, committed 3584K, reserved 1048576K
}
Event: 148.737 GC heap after
{Heap after GC invocations=9 (full 0):
 garbage-first heap   total 55296K, used 20895K [0x0000000702600000, 0x0000000800000000)
  region size 2048K, 2 young (4096K), 2 survivors (4096K)
 Metaspace       used 31465K, committed 31680K, reserved 1114112K
  class space    used 3491K, committed 3584K, reserved 1048576K
}
Event: 149.142 GC heap before
{Heap before GC invocations=9 (full 0):
 garbage-first heap   total 55296K, used 31135K [0x0000000702600000, 0x0000000800000000)
  region size 2048K, 8 young (16384K), 2 survivors (4096K)
 Metaspace       used 33459K, committed 33664K, reserved 1114112K
  class space    used 3722K, committed 3840K, reserved 1048576K
}
Event: 149.147 GC heap after
{Heap after GC invocations=10 (full 0):
 garbage-first heap   total 157696K, used 21861K [0x0000000702600000, 0x0000000800000000)
  region size 2048K, 2 young (4096K), 2 survivors (4096K)
 Metaspace       used 33459K, committed 33664K, reserved 1114112K
  class space    used 3722K, committed 3840K, reserved 1048576K
}
Event: 164.687 GC heap before
{Heap before GC invocations=10 (full 0):
 garbage-first heap   total 157696K, used 120165K [0x0000000702600000, 0x0000000800000000)
  region size 2048K, 46 young (94208K), 2 survivors (4096K)
 Metaspace       used 34928K, committed 35136K, reserved 1114112K
  class space    used 3749K, committed 3840K, reserved 1048576K
}
Event: 164.696 GC heap after
{Heap after GC invocations=11 (full 0):
 garbage-first heap   total 157696K, used 31467K [0x0000000702600000, 0x0000000800000000)
  region size 2048K, 2 young (4096K), 2 survivors (4096K)
 Metaspace       used 34928K, committed 35136K, reserved 1114112K
  class space    used 3749K, committed 3840K, reserved 1048576K
}
Event: 182.791 GC heap before
{Heap before GC invocations=11 (full 0):
 garbage-first heap   total 157696K, used 121579K [0x0000000702600000, 0x0000000800000000)
  region size 2048K, 46 young (94208K), 2 survivors (4096K)
 Metaspace       used 34954K, committed 35136K, reserved 1114112K
  class space    used 3750K, committed 3840K, reserved 1048576K
}
Event: 182.799 GC heap after
{Heap after GC invocations=12 (full 0):
 garbage-first heap   total 157696K, used 31702K [0x0000000702600000, 0x0000000800000000)
  region size 2048K, 2 young (4096K), 2 survivors (4096K)
 Metaspace       used 34954K, committed 35136K, reserved 1114112K
  class space    used 3750K, committed 3840K, reserved 1048576K
}
Event: 183.776 GC heap before
{Heap before GC invocations=12 (full 0):
 garbage-first heap   total 157696K, used 35798K [0x0000000702600000, 0x0000000800000000)
  region size 2048K, 5 young (10240K), 2 survivors (4096K)
 Metaspace       used 34954K, committed 35136K, reserved 1114112K
  class space    used 3750K, committed 3840K, reserved 1048576K
}
Event: 183.807 GC heap after
{Heap after GC invocations=13 (full 1):
 garbage-first heap   total 90112K, used 24052K [0x0000000702600000, 0x0000000800000000)
  region size 2048K, 0 young (0K), 0 survivors (0K)
 Metaspace       used 34954K, committed 35136K, reserved 1114112K
  class space    used 3750K, committed 3840K, reserved 1048576K
}
Event: 193.998 GC heap before
{Heap before GC invocations=13 (full 1):
 garbage-first heap   total 90112K, used 69108K [0x0000000702600000, 0x0000000800000000)
  region size 2048K, 22 young (45056K), 0 survivors (0K)
 Metaspace       used 34954K, committed 35136K, reserved 1114112K
  class space    used 3750K, committed 3840K, reserved 1048576K
}
Event: 193.999 GC heap after
{Heap after GC invocations=14 (full 1):
 garbage-first heap   total 90112K, used 24695K [0x0000000702600000, 0x0000000800000000)
  region size 2048K, 1 young (2048K), 1 survivors (2048K)
 Metaspace       used 34954K, committed 35136K, reserved 1114112K
  class space    used 3750K, committed 3840K, reserved 1048576K
}
Event: 203.871 GC heap before
{Heap before GC invocations=14 (full 1):
 garbage-first heap   total 90112K, used 69751K [0x0000000702600000, 0x0000000800000000)
  region size 2048K, 23 young (47104K), 1 survivors (2048K)
 Metaspace       used 34954K, committed 35136K, reserved 1114112K
  class space    used 3750K, committed 3840K, reserved 1048576K
}
Event: 203.873 GC heap after
{Heap after GC invocations=15 (full 1):
 garbage-first heap   total 90112K, used 24376K [0x0000000702600000, 0x0000000800000000)
  region size 2048K, 1 young (2048K), 1 survivors (2048K)
 Metaspace       used 34954K, committed 35136K, reserved 1114112K
  class space    used 3750K, committed 3840K, reserved 1048576K
}

