# JRE version: OpenJDK Runtime Environment JBR-17.0.7+7-1000.5-nomod (17.0.7+7) (build 17.0.7+7-b1000.5)
# Java VM: OpenJDK 64-Bit Server VM JBR-17.0.7+7-1000.5-nomod (17.0.7+7-b1000.5, mixed mode, tiered, compressed oops, compressed class ptrs, g1 gc, windows-amd64)
GC Precious Log:
 CPUs: 4 total, 4 available
 Memory: 16224M
 Large Page Support: Disabled
 NUMA Support: Disabled
 Compressed Oops: Enabled (Zero based)
 Heap Region Size: 2M
 Heap Min Capacity: 8M
 Heap Initial Capacity: 254M
 Heap Max Capacity: 4058M
 Pre-touch: Disabled
 Parallel Workers: 4
 Concurrent Workers: 1
 Concurrent Refinement Workers: 4
 Periodic GC: Disabled
Heap:
 garbage-first heap   total 81920K, used 33986K [0x0000000702600000, 0x0000000800000000)
  region size 2048K, 6 young (12288K), 0 survivors (0K)
 Metaspace       used 43435K, committed 43648K, reserved 1114112K
  class space    used 4671K, committed 4736K, reserved 1048576K
GC Heap History (20 events):
Event: 12.818 GC heap before
{Heap before GC invocations=14 (full 0):
 garbage-first heap   total 40960K, used 30208K [0x0000000702600000, 0x0000000800000000)
  region size 2048K, 6 young (12288K), 1 survivors (2048K)
 Metaspace       used 40835K, committed 41088K, reserved 1114112K
  class space    used 4497K, committed 4608K, reserved 1048576K
}
Event: 12.822 GC heap after
{Heap after GC invocations=15 (full 0):
 garbage-first heap   total 151552K, used 20389K [0x0000000702600000, 0x0000000800000000)
  region size 2048K, 1 young (2048K), 1 survivors (2048K)
 Metaspace       used 40835K, committed 41088K, reserved 1114112K
  class space    used 4497K, committed 4608K, reserved 1048576K
}
Event: 31.846 GC heap before
{Heap before GC invocations=16 (full 0):
 garbage-first heap   total 81920K, used 71589K [0x0000000702600000, 0x0000000800000000)
  region size 2048K, 23 young (47104K), 1 survivors (2048K)
 Metaspace       used 42863K, committed 43072K, reserved 1114112K
  class space    used 4650K, committed 4736K, reserved 1048576K
}
Event: 31.875 GC heap after
{Heap after GC invocations=17 (full 1):
 garbage-first heap   total 81920K, used 23518K [0x0000000702600000, 0x0000000800000000)
  region size 2048K, 0 young (0K), 0 survivors (0K)
 Metaspace       used 42863K, committed 43072K, reserved 1114112K
  class space    used 4650K, committed 4736K, reserved 1048576K
}
Event: 55.130 GC heap before
{Heap before GC invocations=17 (full 1):
 garbage-first heap   total 81920K, used 64478K [0x0000000702600000, 0x0000000800000000)
  region size 2048K, 20 young (40960K), 0 survivors (0K)
 Metaspace       used 43393K, committed 43648K, reserved 1114112K
  class space    used 4667K, committed 4736K, reserved 1048576K
}
Event: 55.134 GC heap after
{Heap after GC invocations=18 (full 1):
 garbage-first heap   total 81920K, used 24313K [0x0000000702600000, 0x0000000800000000)
  region size 2048K, 1 young (2048K), 1 survivors (2048K)
 Metaspace       used 43393K, committed 43648K, reserved 1114112K
  class space    used 4667K, committed 4736K, reserved 1048576K
}
Event: 61.888 GC heap before
{Heap before GC invocations=18 (full 1):
 garbage-first heap   total 81920K, used 34553K [0x0000000702600000, 0x0000000800000000)
  region size 2048K, 7 young (14336K), 1 survivors (2048K)
 Metaspace       used 43396K, committed 43648K, reserved 1114112K
  class space    used 4667K, committed 4736K, reserved 1048576K
}
Event: 61.919 GC heap after
{Heap after GC invocations=19 (full 2):
 garbage-first heap   total 81920K, used 23596K [0x0000000702600000, 0x0000000800000000)
  region size 2048K, 0 young (0K), 0 survivors (0K)
 Metaspace       used 43396K, committed 43648K, reserved 1114112K
  class space    used 4667K, committed 4736K, reserved 1048576K
}
Event: 84.702 GC heap before
{Heap before GC invocations=19 (full 2):
 garbage-first heap   total 81920K, used 64556K [0x0000000702600000, 0x0000000800000000)
  region size 2048K, 20 young (40960K), 0 survivors (0K)
 Metaspace       used 43405K, committed 43648K, reserved 1114112K
  class space    used 4667K, committed 4736K, reserved 1048576K
}
Event: 84.704 GC heap after
{Heap after GC invocations=20 (full 2):
 garbage-first heap   total 81920K, used 23796K [0x0000000702600000, 0x0000000800000000)
  region size 2048K, 1 young (2048K), 1 survivors (2048K)
 Metaspace       used 43405K, committed 43648K, reserved 1114112K
  class space    used 4667K, committed 4736K, reserved 1048576K
}
Event: 91.934 GC heap before
{Heap before GC invocations=20 (full 2):
 garbage-first heap   total 81920K, used 36084K [0x0000000702600000, 0x0000000800000000)
  region size 2048K, 8 young (16384K), 1 survivors (2048K)
 Metaspace       used 43405K, committed 43648K, reserved 1114112K
  class space    used 4667K, committed 4736K, reserved 1048576K
}
Event: 91.972 GC heap after
{Heap after GC invocations=21 (full 3):
 garbage-first heap   total 81920K, used 23636K [0x0000000702600000, 0x0000000800000000)
  region size 2048K, 0 young (0K), 0 survivors (0K)
 Metaspace       used 43405K, committed 43648K, reserved 1114112K
  class space    used 4667K, committed 4736K, reserved 1048576K
}
Event: 115.943 GC heap before
{Heap before GC invocations=21 (full 3):
 garbage-first heap   total 81920K, used 66644K [0x0000000702600000, 0x0000000800000000)
  region size 2048K, 21 young (43008K), 0 survivors (0K)
 Metaspace       used 43408K, committed 43648K, reserved 1114112K
  class space    used 4668K, committed 4736K, reserved 1048576K
}
Event: 115.945 GC heap after
{Heap after GC invocations=22 (full 3):
 garbage-first heap   total 81920K, used 23936K [0x0000000702600000, 0x0000000800000000)
  region size 2048K, 1 young (2048K), 1 survivors (2048K)
 Metaspace       used 43408K, committed 43648K, reserved 1114112K
  class space    used 4668K, committed 4736K, reserved 1048576K
}
Event: 121.987 GC heap before
{Heap before GC invocations=22 (full 3):
 garbage-first heap   total 81920K, used 34176K [0x0000000702600000, 0x0000000800000000)
  region size 2048K, 7 young (14336K), 1 survivors (2048K)
 Metaspace       used 43408K, committed 43648K, reserved 1114112K
  class space    used 4668K, committed 4736K, reserved 1048576K
}
Event: 122.014 GC heap after
{Heap after GC invocations=23 (full 4):
 garbage-first heap   total 81920K, used 23739K [0x0000000702600000, 0x0000000800000000)
  region size 2048K, 0 young (0K), 0 survivors (0K)
 Metaspace       used 43408K, committed 43648K, reserved 1114112K
  class space    used 4668K, committed 4736K, reserved 1048576K
}
Event: 150.033 GC heap before
{Heap before GC invocations=23 (full 4):
 garbage-first heap   total 81920K, used 68795K [0x0000000702600000, 0x0000000800000000)
  region size 2048K, 22 young (45056K), 0 survivors (0K)
 Metaspace       used 43411K, committed 43648K, reserved 1114112K
  class space    used 4668K, committed 4736K, reserved 1048576K
}
Event: 150.035 GC heap after
{Heap after GC invocations=24 (full 4):
 garbage-first heap   total 81920K, used 23804K [0x0000000702600000, 0x0000000800000000)
  region size 2048K, 1 young (2048K), 1 survivors (2048K)
 Metaspace       used 43411K, committed 43648K, reserved 1114112K
  class space    used 4668K, committed 4736K, reserved 1048576K
}
Event: 152.020 GC heap before
{Heap before GC invocations=24 (full 4):
 garbage-first heap   total 81920K, used 25852K [0x0000000702600000, 0x0000000800000000)
  region size 2048K, 3 young (6144K), 1 survivors (2048K)
 Metaspace       used 43411K, committed 43648K, reserved 1114112K
  class space    used 4668K, committed 4736K, reserved 1048576K
}
Event: 152.056 GC heap after
{Heap after GC invocations=25 (full 5):
 garbage-first heap   total 81920K, used 23746K [0x0000000702600000, 0x0000000800000000)
  region size 2048K, 0 young (0K), 0 survivors (0K)
 Metaspace       used 43411K, committed 43648K, reserved 1114112K
  class space    used 4668K, committed 4736K, reserved 1048576K
}

