# JRE version: OpenJDK Runtime Environment Corretto-17.0.7.7.1 (17.0.7+7) (build 17.0.7+7-LTS)
# Java VM: OpenJDK 64-Bit Server VM Corretto-17.0.7.7.1 (17.0.7+7-LTS, mixed mode, sharing, tiered, compressed oops, compressed class ptrs, g1 gc, windows-amd64)
GC Precious Log:
 CPUs: 4 total, 4 available
 Memory: 16224M
 Large Page Support: Disabled
 NUMA Support: Disabled
 Compressed Oops: Enabled (Zero based)
 Heap Region Size: 2M
 Heap Min Capacity: 8M
 Heap Initial Capacity: 254M
 Heap Max Capacity: 4058M
 Pre-touch: Disabled
 Parallel Workers: 4
 Concurrent Workers: 1
 Concurrent Refinement Workers: 4
 Periodic GC: Disabled
Heap:
 garbage-first heap   total 90112K, used 45119K [0x0000000702600000, 0x0000000800000000)
  region size 2048K, 12 young (24576K), 1 survivors (2048K)
 Metaspace       used 34231K, committed 34496K, reserved 1114112K
  class space    used 3718K, committed 3840K, reserved 1048576K
GC Heap History (20 events):
Event: 1.562 GC heap before
{Heap before GC invocations=1 (full 0):
 garbage-first heap   total 260096K, used 15357K [0x0000000702600000, 0x0000000800000000)
  region size 2048K, 6 young (12288K), 1 survivors (2048K)
 Metaspace       used 5902K, committed 6016K, reserved 1114112K
  class space    used 465K, committed 512K, reserved 1048576K
}
Event: 1.569 GC heap after
{Heap after GC invocations=2 (full 0):
 garbage-first heap   total 260096K, used 8072K [0x0000000702600000, 0x0000000800000000)
  region size 2048K, 1 young (2048K), 1 survivors (2048K)
 Metaspace       used 5902K, committed 6016K, reserved 1114112K
  class space    used 465K, committed 512K, reserved 1048576K
}
Event: 2.978 GC heap before
{Heap before GC invocations=2 (full 0):
 garbage-first heap   total 260096K, used 30600K [0x0000000702600000, 0x0000000800000000)
  region size 2048K, 12 young (24576K), 1 survivors (2048K)
 Metaspace       used 12541K, committed 12736K, reserved 1114112K
  class space    used 1256K, committed 1344K, reserved 1048576K
}
Event: 2.981 GC heap after
{Heap after GC invocations=3 (full 0):
 garbage-first heap   total 260096K, used 9360K [0x0000000702600000, 0x0000000800000000)
  region size 2048K, 2 young (4096K), 2 survivors (4096K)
 Metaspace       used 12541K, committed 12736K, reserved 1114112K
  class space    used 1256K, committed 1344K, reserved 1048576K
}
Event: 4.550 GC heap before
{Heap before GC invocations=3 (full 0):
 garbage-first heap   total 260096K, used 48272K [0x0000000702600000, 0x0000000800000000)
  region size 2048K, 22 young (45056K), 2 survivors (4096K)
 Metaspace       used 21363K, committed 21504K, reserved 1114112K
  class space    used 2283K, committed 2368K, reserved 1048576K
}
Event: 4.554 GC heap after
{Heap after GC invocations=4 (full 0):
 garbage-first heap   total 260096K, used 11069K [0x0000000702600000, 0x0000000800000000)
  region size 2048K, 2 young (4096K), 2 survivors (4096K)
 Metaspace       used 21363K, committed 21504K, reserved 1114112K
  class space    used 2283K, committed 2368K, reserved 1048576K
}
Event: 7.423 GC heap before
{Heap before GC invocations=5 (full 0):
 garbage-first heap   total 55296K, used 41789K [0x0000000702600000, 0x0000000800000000)
  region size 2048K, 12 young (24576K), 2 survivors (4096K)
 Metaspace       used 24747K, committed 25024K, reserved 1114112K
  class space    used 2680K, committed 2816K, reserved 1048576K
}
Event: 7.429 GC heap after
{Heap after GC invocations=6 (full 0):
 garbage-first heap   total 55296K, used 24046K [0x0000000702600000, 0x0000000800000000)
  region size 2048K, 2 young (4096K), 2 survivors (4096K)
 Metaspace       used 24747K, committed 25024K, reserved 1114112K
  class space    used 2680K, committed 2816K, reserved 1048576K
}
Event: 7.480 GC heap before
{Heap before GC invocations=6 (full 0):
 garbage-first heap   total 55296K, used 26094K [0x0000000702600000, 0x0000000800000000)
  region size 2048K, 3 young (6144K), 2 survivors (4096K)
 Metaspace       used 25079K, committed 25280K, reserved 1114112K
  class space    used 2718K, committed 2816K, reserved 1048576K
}
Event: 7.485 GC heap after
{Heap after GC invocations=7 (full 0):
 garbage-first heap   total 55296K, used 18020K [0x0000000702600000, 0x0000000800000000)
  region size 2048K, 1 young (2048K), 1 survivors (2048K)
 Metaspace       used 25079K, committed 25280K, reserved 1114112K
  class space    used 2718K, committed 2816K, reserved 1048576K
}
Event: 8.129 GC heap before
{Heap before GC invocations=7 (full 0):
 garbage-first heap   total 55296K, used 38500K [0x0000000702600000, 0x0000000800000000)
  region size 2048K, 11 young (22528K), 1 survivors (2048K)
 Metaspace       used 28790K, committed 29056K, reserved 1114112K
  class space    used 3185K, committed 3328K, reserved 1048576K
}
Event: 8.133 GC heap after
{Heap after GC invocations=8 (full 0):
 garbage-first heap   total 55296K, used 19753K [0x0000000702600000, 0x0000000800000000)
  region size 2048K, 2 young (4096K), 2 survivors (4096K)
 Metaspace       used 28790K, committed 29056K, reserved 1114112K
  class space    used 3185K, committed 3328K, reserved 1048576K
}
Event: 8.468 GC heap before
{Heap before GC invocations=8 (full 0):
 garbage-first heap   total 55296K, used 36137K [0x0000000702600000, 0x0000000800000000)
  region size 2048K, 11 young (22528K), 2 survivors (4096K)
 Metaspace       used 32147K, committed 32384K, reserved 1114112K
  class space    used 3583K, committed 3712K, reserved 1048576K
}
Event: 8.472 GC heap after
{Heap after GC invocations=9 (full 0):
 garbage-first heap   total 55296K, used 20864K [0x0000000702600000, 0x0000000800000000)
  region size 2048K, 2 young (4096K), 2 survivors (4096K)
 Metaspace       used 32147K, committed 32384K, reserved 1114112K
  class space    used 3583K, committed 3712K, reserved 1048576K
}
Event: 8.746 GC heap before
{Heap before GC invocations=9 (full 0):
 garbage-first heap   total 55296K, used 27008K [0x0000000702600000, 0x0000000800000000)
  region size 2048K, 6 young (12288K), 2 survivors (4096K)
 Metaspace       used 33166K, committed 33408K, reserved 1114112K
  class space    used 3699K, committed 3776K, reserved 1048576K
}
Event: 8.750 GC heap after
{Heap after GC invocations=10 (full 0):
 garbage-first heap   total 157696K, used 21747K [0x0000000702600000, 0x0000000800000000)
  region size 2048K, 1 young (2048K), 1 survivors (2048K)
 Metaspace       used 33166K, committed 33408K, reserved 1114112K
  class space    used 3699K, committed 3776K, reserved 1048576K
}
Event: 32.662 GC heap before
{Heap before GC invocations=10 (full 0):
 garbage-first heap   total 157696K, used 85235K [0x0000000702600000, 0x0000000800000000)
  region size 2048K, 29 young (59392K), 1 survivors (2048K)
 Metaspace       used 34193K, committed 34432K, reserved 1114112K
  class space    used 3714K, committed 3840K, reserved 1048576K
}
Event: 32.687 GC heap after
{Heap after GC invocations=11 (full 1):
 garbage-first heap   total 90112K, used 24286K [0x0000000702600000, 0x0000000800000000)
  region size 2048K, 0 young (0K), 0 survivors (0K)
 Metaspace       used 34193K, committed 34432K, reserved 1114112K
  class space    used 3714K, committed 3840K, reserved 1048576K
}
Event: 50.760 GC heap before
{Heap before GC invocations=11 (full 1):
 garbage-first heap   total 90112K, used 63198K [0x0000000702600000, 0x0000000800000000)
  region size 2048K, 19 young (38912K), 0 survivors (0K)
 Metaspace       used 34207K, committed 34432K, reserved 1114112K
  class space    used 3714K, committed 3840K, reserved 1048576K
}
Event: 50.761 GC heap after
{Heap after GC invocations=12 (full 1):
 garbage-first heap   total 90112K, used 24639K [0x0000000702600000, 0x0000000800000000)
  region size 2048K, 1 young (2048K), 1 survivors (2048K)
 Metaspace       used 34207K, committed 34432K, reserved 1114112K
  class space    used 3714K, committed 3840K, reserved 1048576K
}

