# JRE version: OpenJDK Runtime Environment Corretto-17.0.7.7.1 (17.0.7+7) (build 17.0.7+7-LTS)
# Java VM: OpenJDK 64-Bit Server VM Corretto-17.0.7.7.1 (17.0.7+7-LTS, mixed mode, sharing, tiered, compressed oops, compressed class ptrs, g1 gc, windows-amd64)
GC Precious Log:
 CPUs: 4 total, 4 available
 Memory: 16224M
 Large Page Support: Disabled
 NUMA Support: Disabled
 Compressed Oops: Enabled (Zero based)
 Heap Region Size: 2M
 Heap Min Capacity: 8M
 Heap Initial Capacity: 254M
 Heap Max Capacity: 4058M
 Pre-touch: Disabled
 Parallel Workers: 4
 Concurrent Workers: 1
 Concurrent Refinement Workers: 4
 Periodic GC: Disabled
Heap:
 garbage-first heap   total 55296K, used 25069K [0x0000000702600000, 0x0000000800000000)
  region size 2048K, 2 young (4096K), 1 survivors (2048K)
 Metaspace       used 34174K, committed 34432K, reserved 1114112K
  class space    used 3714K, committed 3840K, reserved 1048576K
GC Heap History (20 events):
Event: 0.664 GC heap before
{Heap before GC invocations=0 (full 0):
 garbage-first heap   total 260096K, used 12288K [0x0000000702600000, 0x0000000800000000)
  region size 2048K, 6 young (12288K), 0 survivors (0K)
 Metaspace       used 1760K, committed 1856K, reserved 1114112K
  class space    used 161K, committed 192K, reserved 1048576K
}
Event: 0.673 GC heap after
{Heap after GC invocations=1 (full 0):
 garbage-first heap   total 260096K, used 7265K [0x0000000702600000, 0x0000000800000000)
  region size 2048K, 1 young (2048K), 1 survivors (2048K)
 Metaspace       used 1760K, committed 1856K, reserved 1114112K
  class space    used 161K, committed 192K, reserved 1048576K
}
Event: 1.416 GC heap before
{Heap before GC invocations=1 (full 0):
 garbage-first heap   total 260096K, used 17505K [0x0000000702600000, 0x0000000800000000)
  region size 2048K, 6 young (12288K), 1 survivors (2048K)
 Metaspace       used 5759K, committed 5888K, reserved 1114112K
  class space    used 456K, committed 512K, reserved 1048576K
}
Event: 1.419 GC heap after
{Heap after GC invocations=2 (full 0):
 garbage-first heap   total 260096K, used 8239K [0x0000000702600000, 0x0000000800000000)
  region size 2048K, 1 young (2048K), 1 survivors (2048K)
 Metaspace       used 5759K, committed 5888K, reserved 1114112K
  class space    used 456K, committed 512K, reserved 1048576K
}
Event: 3.180 GC heap before
{Heap before GC invocations=2 (full 0):
 garbage-first heap   total 260096K, used 34863K [0x0000000702600000, 0x0000000800000000)
  region size 2048K, 14 young (28672K), 1 survivors (2048K)
 Metaspace       used 13514K, committed 13696K, reserved 1114112K
  class space    used 1384K, committed 1472K, reserved 1048576K
}
Event: 3.183 GC heap after
{Heap after GC invocations=3 (full 0):
 garbage-first heap   total 260096K, used 9648K [0x0000000702600000, 0x0000000800000000)
  region size 2048K, 2 young (4096K), 2 survivors (4096K)
 Metaspace       used 13514K, committed 13696K, reserved 1114112K
  class space    used 1384K, committed 1472K, reserved 1048576K
}
Event: 4.707 GC heap before
{Heap before GC invocations=3 (full 0):
 garbage-first heap   total 260096K, used 46512K [0x0000000702600000, 0x0000000800000000)
  region size 2048K, 21 young (43008K), 2 survivors (4096K)
 Metaspace       used 21351K, committed 21504K, reserved 1114112K
  class space    used 2283K, committed 2368K, reserved 1048576K
}
Event: 4.711 GC heap after
{Heap after GC invocations=4 (full 0):
 garbage-first heap   total 260096K, used 11167K [0x0000000702600000, 0x0000000800000000)
  region size 2048K, 2 young (4096K), 2 survivors (4096K)
 Metaspace       used 21351K, committed 21504K, reserved 1114112K
  class space    used 2283K, committed 2368K, reserved 1048576K
}
Event: 6.700 GC heap before
{Heap before GC invocations=5 (full 0):
 garbage-first heap   total 55296K, used 43935K [0x0000000702600000, 0x0000000800000000)
  region size 2048K, 13 young (26624K), 2 survivors (4096K)
 Metaspace       used 25125K, committed 25280K, reserved 1114112K
  class space    used 2726K, committed 2816K, reserved 1048576K
}
Event: 6.707 GC heap after
{Heap after GC invocations=6 (full 0):
 garbage-first heap   total 55296K, used 24814K [0x0000000702600000, 0x0000000800000000)
  region size 2048K, 2 young (4096K), 2 survivors (4096K)
 Metaspace       used 25125K, committed 25280K, reserved 1114112K
  class space    used 2726K, committed 2816K, reserved 1048576K
}
Event: 6.744 GC heap before
{Heap before GC invocations=6 (full 0):
 garbage-first heap   total 55296K, used 26862K [0x0000000702600000, 0x0000000800000000)
  region size 2048K, 3 young (6144K), 2 survivors (4096K)
 Metaspace       used 25365K, committed 25600K, reserved 1114112K
  class space    used 2752K, committed 2880K, reserved 1048576K
}
Event: 6.747 GC heap after
{Heap after GC invocations=7 (full 0):
 garbage-first heap   total 55296K, used 19074K [0x0000000702600000, 0x0000000800000000)
  region size 2048K, 1 young (2048K), 1 survivors (2048K)
 Metaspace       used 25365K, committed 25600K, reserved 1114112K
  class space    used 2752K, committed 2880K, reserved 1048576K
}
Event: 7.304 GC heap before
{Heap before GC invocations=7 (full 0):
 garbage-first heap   total 55296K, used 37506K [0x0000000702600000, 0x0000000800000000)
  region size 2048K, 11 young (22528K), 1 survivors (2048K)
 Metaspace       used 29534K, committed 29760K, reserved 1114112K
  class space    used 3286K, committed 3392K, reserved 1048576K
}
Event: 7.307 GC heap after
{Heap after GC invocations=8 (full 0):
 garbage-first heap   total 55296K, used 20281K [0x0000000702600000, 0x0000000800000000)
  region size 2048K, 1 young (2048K), 1 survivors (2048K)
 Metaspace       used 29534K, committed 29760K, reserved 1114112K
  class space    used 3286K, committed 3392K, reserved 1048576K
}
Event: 7.785 GC heap before
{Heap before GC invocations=8 (full 0):
 garbage-first heap   total 55296K, used 36665K [0x0000000702600000, 0x0000000800000000)
  region size 2048K, 11 young (22528K), 1 survivors (2048K)
 Metaspace       used 33025K, committed 33280K, reserved 1114112K
  class space    used 3691K, committed 3776K, reserved 1048576K
}
Event: 7.788 GC heap after
{Heap after GC invocations=9 (full 0):
 garbage-first heap   total 55296K, used 21382K [0x0000000702600000, 0x0000000800000000)
  region size 2048K, 2 young (4096K), 2 survivors (4096K)
 Metaspace       used 33025K, committed 33280K, reserved 1114112K
  class space    used 3691K, committed 3776K, reserved 1048576K
}
Event: 13.651 GC heap before
{Heap before GC invocations=9 (full 0):
 garbage-first heap   total 55296K, used 45958K [0x0000000702600000, 0x0000000800000000)
  region size 2048K, 11 young (22528K), 2 survivors (4096K)
 Metaspace       used 34078K, committed 34304K, reserved 1114112K
  class space    used 3708K, committed 3840K, reserved 1048576K
}
Event: 13.657 GC heap after
{Heap after GC invocations=10 (full 0):
 garbage-first heap   total 55296K, used 31098K [0x0000000702600000, 0x0000000800000000)
  region size 2048K, 2 young (4096K), 2 survivors (4096K)
 Metaspace       used 34078K, committed 34304K, reserved 1114112K
  class space    used 3708K, committed 3840K, reserved 1048576K
}
Event: 20.343 GC heap before
{Heap before GC invocations=10 (full 0):
 garbage-first heap   total 55296K, used 41338K [0x0000000702600000, 0x0000000800000000)
  region size 2048K, 7 young (14336K), 2 survivors (4096K)
 Metaspace       used 34156K, committed 34368K, reserved 1114112K
  class space    used 3710K, committed 3840K, reserved 1048576K
}
Event: 20.348 GC heap after
{Heap after GC invocations=11 (full 0):
 garbage-first heap   total 55296K, used 31213K [0x0000000702600000, 0x0000000800000000)
  region size 2048K, 1 young (2048K), 1 survivors (2048K)
 Metaspace       used 34156K, committed 34368K, reserved 1114112K
  class space    used 3710K, committed 3840K, reserved 1048576K
}

