# JRE version: OpenJDK Runtime Environment Corretto-17.0.7.7.1 (17.0.7+7) (build 17.0.7+7-LTS)
# Java VM: OpenJDK 64-Bit Server VM Corretto-17.0.7.7.1 (17.0.7+7-LTS, mixed mode, sharing, tiered, compressed oops, compressed class ptrs, g1 gc, windows-amd64)
GC Precious Log:
 CPUs: 4 total, 4 available
 Memory: 16224M
 Large Page Support: Disabled
 NUMA Support: Disabled
 Compressed Oops: Enabled (Zero based)
 Heap Region Size: 2M
 Heap Min Capacity: 8M
 Heap Initial Capacity: 254M
 Heap Max Capacity: 4058M
 Pre-touch: Disabled
 Parallel Workers: 4
 Concurrent Workers: 1
 Concurrent Refinement Workers: 4
 Periodic GC: Disabled
Heap:
 garbage-first heap   total 90112K, used 32221K [0x0000000702600000, 0x0000000800000000)
  region size 2048K, 5 young (10240K), 0 survivors (0K)
 Metaspace       used 34108K, committed 34368K, reserved 1114112K
  class space    used 3711K, committed 3840K, reserved 1048576K
GC Heap History (18 events):
Event: 0.567 GC heap before
{Heap before GC invocations=0 (full 0):
 garbage-first heap   total 260096K, used 12288K [0x0000000702600000, 0x0000000800000000)
  region size 2048K, 6 young (12288K), 0 survivors (0K)
 Metaspace       used 1758K, committed 1856K, reserved 1114112K
  class space    used 161K, committed 192K, reserved 1048576K
}
Event: 0.574 GC heap after
{Heap after GC invocations=1 (full 0):
 garbage-first heap   total 260096K, used 7179K [0x0000000702600000, 0x0000000800000000)
  region size 2048K, 1 young (2048K), 1 survivors (2048K)
 Metaspace       used 1758K, committed 1856K, reserved 1114112K
  class space    used 161K, committed 192K, reserved 1048576K
}
Event: 0.974 GC heap before
{Heap before GC invocations=1 (full 0):
 garbage-first heap   total 260096K, used 15371K [0x0000000702600000, 0x0000000800000000)
  region size 2048K, 6 young (12288K), 1 survivors (2048K)
 Metaspace       used 5828K, committed 6016K, reserved 1114112K
  class space    used 468K, committed 576K, reserved 1048576K
}
Event: 0.976 GC heap after
{Heap after GC invocations=2 (full 0):
 garbage-first heap   total 260096K, used 7803K [0x0000000702600000, 0x0000000800000000)
  region size 2048K, 1 young (2048K), 1 survivors (2048K)
 Metaspace       used 5828K, committed 6016K, reserved 1114112K
  class space    used 468K, committed 576K, reserved 1048576K
}
Event: 2.400 GC heap before
{Heap before GC invocations=2 (full 0):
 garbage-first heap   total 260096K, used 36475K [0x0000000702600000, 0x0000000800000000)
  region size 2048K, 15 young (30720K), 1 survivors (2048K)
 Metaspace       used 14985K, committed 15168K, reserved 1114112K
  class space    used 1540K, committed 1600K, reserved 1048576K
}
Event: 2.404 GC heap after
{Heap after GC invocations=3 (full 0):
 garbage-first heap   total 260096K, used 9796K [0x0000000702600000, 0x0000000800000000)
  region size 2048K, 2 young (4096K), 2 survivors (4096K)
 Metaspace       used 14985K, committed 15168K, reserved 1114112K
  class space    used 1540K, committed 1600K, reserved 1048576K
}
Event: 3.500 GC heap before
{Heap before GC invocations=3 (full 0):
 garbage-first heap   total 260096K, used 42564K [0x0000000702600000, 0x0000000800000000)
  region size 2048K, 19 young (38912K), 2 survivors (4096K)
 Metaspace       used 21339K, committed 21504K, reserved 1114112K
  class space    used 2280K, committed 2368K, reserved 1048576K
}
Event: 3.505 GC heap after
{Heap after GC invocations=4 (full 0):
 garbage-first heap   total 260096K, used 11216K [0x0000000702600000, 0x0000000800000000)
  region size 2048K, 2 young (4096K), 2 survivors (4096K)
 Metaspace       used 21339K, committed 21504K, reserved 1114112K
  class space    used 2280K, committed 2368K, reserved 1048576K
}
Event: 6.177 GC heap before
{Heap before GC invocations=5 (full 0):
 garbage-first heap   total 49152K, used 37840K [0x0000000702600000, 0x0000000800000000)
  region size 2048K, 10 young (20480K), 2 survivors (4096K)
 Metaspace       used 24163K, committed 24384K, reserved 1114112K
  class space    used 2615K, committed 2752K, reserved 1048576K
}
Event: 6.182 GC heap after
{Heap after GC invocations=6 (full 0):
 garbage-first heap   total 49152K, used 24071K [0x0000000702600000, 0x0000000800000000)
  region size 2048K, 1 young (2048K), 1 survivors (2048K)
 Metaspace       used 24163K, committed 24384K, reserved 1114112K
  class space    used 2615K, committed 2752K, reserved 1048576K
}
Event: 6.214 GC heap before
{Heap before GC invocations=6 (full 0):
 garbage-first heap   total 49152K, used 26119K [0x0000000702600000, 0x0000000800000000)
  region size 2048K, 2 young (4096K), 1 survivors (2048K)
 Metaspace       used 24494K, committed 24704K, reserved 1114112K
  class space    used 2657K, committed 2752K, reserved 1048576K
}
Event: 6.218 GC heap after
{Heap after GC invocations=7 (full 0):
 garbage-first heap   total 49152K, used 17891K [0x0000000702600000, 0x0000000800000000)
  region size 2048K, 1 young (2048K), 1 survivors (2048K)
 Metaspace       used 24494K, committed 24704K, reserved 1114112K
  class space    used 2657K, committed 2752K, reserved 1048576K
}
Event: 6.484 GC heap before
{Heap before GC invocations=7 (full 0):
 garbage-first heap   total 49152K, used 30179K [0x0000000702600000, 0x0000000800000000)
  region size 2048K, 8 young (16384K), 1 survivors (2048K)
 Metaspace       used 26800K, committed 27008K, reserved 1114112K
  class space    used 2945K, committed 3008K, reserved 1048576K
}
Event: 6.488 GC heap after
{Heap after GC invocations=8 (full 0):
 garbage-first heap   total 49152K, used 19012K [0x0000000702600000, 0x0000000800000000)
  region size 2048K, 1 young (2048K), 1 survivors (2048K)
 Metaspace       used 26800K, committed 27008K, reserved 1114112K
  class space    used 2945K, committed 3008K, reserved 1048576K
}
Event: 6.822 GC heap before
{Heap before GC invocations=8 (full 0):
 garbage-first heap   total 49152K, used 31300K [0x0000000702600000, 0x0000000800000000)
  region size 2048K, 8 young (16384K), 1 survivors (2048K)
 Metaspace       used 29835K, committed 30144K, reserved 1114112K
  class space    used 3315K, committed 3456K, reserved 1048576K
}
Event: 6.826 GC heap after
{Heap after GC invocations=9 (full 0):
 garbage-first heap   total 155648K, used 20334K [0x0000000702600000, 0x0000000800000000)
  region size 2048K, 1 young (2048K), 1 survivors (2048K)
 Metaspace       used 29835K, committed 30144K, reserved 1114112K
  class space    used 3315K, committed 3456K, reserved 1048576K
}
Event: 31.723 GC heap before
{Heap before GC invocations=9 (full 0):
 garbage-first heap   total 155648K, used 104302K [0x0000000702600000, 0x0000000800000000)
  region size 2048K, 39 young (79872K), 1 survivors (2048K)
 Metaspace       used 34080K, committed 34304K, reserved 1114112K
  class space    used 3708K, committed 3840K, reserved 1048576K
}
Event: 31.749 GC heap after
{Heap after GC invocations=10 (full 1):
 garbage-first heap   total 90112K, used 24029K [0x0000000702600000, 0x0000000800000000)
  region size 2048K, 0 young (0K), 0 survivors (0K)
 Metaspace       used 34080K, committed 34304K, reserved 1114112K
  class space    used 3708K, committed 3840K, reserved 1048576K
}

