# JRE version: OpenJDK Runtime Environment Corretto-17.0.7.7.1 (17.0.7+7) (build 17.0.7+7-LTS)
# Java VM: OpenJDK 64-Bit Server VM Corretto-17.0.7.7.1 (17.0.7+7-LTS, mixed mode, sharing, tiered, compressed oops, compressed class ptrs, g1 gc, windows-amd64)
GC Precious Log:
 CPUs: 4 total, 4 available
 Memory: 16224M
 Large Page Support: Disabled
 NUMA Support: Disabled
 Compressed Oops: Enabled (Zero based)
 Heap Region Size: 2M
 Heap Min Capacity: 8M
 Heap Initial Capacity: 254M
 Heap Max Capacity: 4058M
 Pre-touch: Disabled
 Parallel Workers: 4
 Concurrent Workers: 1
 Concurrent Refinement Workers: 4
 Periodic GC: Disabled
Heap:
 garbage-first heap   total 96256K, used 26435K [0x0000000702600000, 0x0000000800000000)
  region size 2048K, 3 young (6144K), 1 survivors (2048K)
 Metaspace       used 34306K, committed 34560K, reserved 1114112K
  class space    used 3708K, committed 3840K, reserved 1048576K
GC Heap History (20 events):
Event: 0.442 GC heap before
{Heap before GC invocations=0 (full 0):
 garbage-first heap   total 260096K, used 12288K [0x0000000702600000, 0x0000000800000000)
  region size 2048K, 6 young (12288K), 0 survivors (0K)
 Metaspace       used 1754K, committed 1856K, reserved 1114112K
  class space    used 161K, committed 192K, reserved 1048576K
}
Event: 0.447 GC heap after
{Heap after GC invocations=1 (full 0):
 garbage-first heap   total 260096K, used 7917K [0x0000000702600000, 0x0000000800000000)
  region size 2048K, 1 young (2048K), 1 survivors (2048K)
 Metaspace       used 1754K, committed 1856K, reserved 1114112K
  class space    used 161K, committed 192K, reserved 1048576K
}
Event: 0.724 GC heap before
{Heap before GC invocations=1 (full 0):
 garbage-first heap   total 260096K, used 16109K [0x0000000702600000, 0x0000000800000000)
  region size 2048K, 6 young (12288K), 1 survivors (2048K)
 Metaspace       used 5818K, committed 6016K, reserved 1114112K
  class space    used 468K, committed 576K, reserved 1048576K
}
Event: 0.727 GC heap after
{Heap after GC invocations=2 (full 0):
 garbage-first heap   total 260096K, used 7731K [0x0000000702600000, 0x0000000800000000)
  region size 2048K, 1 young (2048K), 1 survivors (2048K)
 Metaspace       used 5818K, committed 6016K, reserved 1114112K
  class space    used 468K, committed 576K, reserved 1048576K
}
Event: 1.941 GC heap before
{Heap before GC invocations=2 (full 0):
 garbage-first heap   total 260096K, used 32307K [0x0000000702600000, 0x0000000800000000)
  region size 2048K, 14 young (28672K), 1 survivors (2048K)
 Metaspace       used 14039K, committed 14208K, reserved 1114112K
  class space    used 1443K, committed 1536K, reserved 1048576K
}
Event: 1.944 GC heap after
{Heap after GC invocations=3 (full 0):
 garbage-first heap   total 260096K, used 9700K [0x0000000702600000, 0x0000000800000000)
  region size 2048K, 2 young (4096K), 2 survivors (4096K)
 Metaspace       used 14039K, committed 14208K, reserved 1114112K
  class space    used 1443K, committed 1536K, reserved 1048576K
}
Event: 3.358 GC heap before
{Heap before GC invocations=3 (full 0):
 garbage-first heap   total 260096K, used 44516K [0x0000000702600000, 0x0000000800000000)
  region size 2048K, 20 young (40960K), 2 survivors (4096K)
 Metaspace       used 21324K, committed 21504K, reserved 1114112K
  class space    used 2277K, committed 2368K, reserved 1048576K
}
Event: 3.364 GC heap after
{Heap after GC invocations=4 (full 0):
 garbage-first heap   total 260096K, used 11165K [0x0000000702600000, 0x0000000800000000)
  region size 2048K, 2 young (4096K), 2 survivors (4096K)
 Metaspace       used 21324K, committed 21504K, reserved 1114112K
  class space    used 2277K, committed 2368K, reserved 1048576K
}
Event: 5.360 GC heap before
{Heap before GC invocations=5 (full 0):
 garbage-first heap   total 49152K, used 37789K [0x0000000702600000, 0x0000000800000000)
  region size 2048K, 10 young (20480K), 2 survivors (4096K)
 Metaspace       used 24086K, committed 24320K, reserved 1114112K
  class space    used 2611K, committed 2752K, reserved 1048576K
}
Event: 5.365 GC heap after
{Heap after GC invocations=6 (full 0):
 garbage-first heap   total 49152K, used 24018K [0x0000000702600000, 0x0000000800000000)
  region size 2048K, 3 young (6144K), 3 survivors (6144K)
 Metaspace       used 24086K, committed 24320K, reserved 1114112K
  class space    used 2611K, committed 2752K, reserved 1048576K
}
Event: 5.395 GC heap before
{Heap before GC invocations=6 (full 0):
 garbage-first heap   total 49152K, used 26066K [0x0000000702600000, 0x0000000800000000)
  region size 2048K, 4 young (8192K), 3 survivors (6144K)
 Metaspace       used 24428K, committed 24640K, reserved 1114112K
  class space    used 2653K, committed 2752K, reserved 1048576K
}
Event: 5.402 GC heap after
{Heap after GC invocations=7 (full 0):
 garbage-first heap   total 49152K, used 17868K [0x0000000702600000, 0x0000000800000000)
  region size 2048K, 1 young (2048K), 1 survivors (2048K)
 Metaspace       used 24428K, committed 24640K, reserved 1114112K
  class space    used 2653K, committed 2752K, reserved 1048576K
}
Event: 5.676 GC heap before
{Heap before GC invocations=7 (full 0):
 garbage-first heap   total 49152K, used 32204K [0x0000000702600000, 0x0000000800000000)
  region size 2048K, 8 young (16384K), 1 survivors (2048K)
 Metaspace       used 26696K, committed 26880K, reserved 1114112K
  class space    used 2933K, committed 3008K, reserved 1048576K
}
Event: 5.679 GC heap after
{Heap after GC invocations=8 (full 0):
 garbage-first heap   total 49152K, used 19474K [0x0000000702600000, 0x0000000800000000)
  region size 2048K, 1 young (2048K), 1 survivors (2048K)
 Metaspace       used 26696K, committed 26880K, reserved 1114112K
  class space    used 2933K, committed 3008K, reserved 1048576K
}
Event: 6.023 GC heap before
{Heap before GC invocations=8 (full 0):
 garbage-first heap   total 49152K, used 31762K [0x0000000702600000, 0x0000000800000000)
  region size 2048K, 8 young (16384K), 1 survivors (2048K)
 Metaspace       used 29900K, committed 30144K, reserved 1114112K
  class space    used 3319K, committed 3456K, reserved 1048576K
}
Event: 6.027 GC heap after
{Heap after GC invocations=9 (full 0):
 garbage-first heap   total 155648K, used 20647K [0x0000000702600000, 0x0000000800000000)
  region size 2048K, 1 young (2048K), 1 survivors (2048K)
 Metaspace       used 29900K, committed 30144K, reserved 1114112K
  class space    used 3319K, committed 3456K, reserved 1048576K
}
Event: 31.368 GC heap before
{Heap before GC invocations=9 (full 0):
 garbage-first heap   total 155648K, used 108711K [0x0000000702600000, 0x0000000800000000)
  region size 2048K, 41 young (83968K), 1 survivors (2048K)
 Metaspace       used 34101K, committed 34368K, reserved 1114112K
  class space    used 3702K, committed 3840K, reserved 1048576K
}
Event: 31.394 GC heap after
{Heap after GC invocations=10 (full 1):
 garbage-first heap   total 96256K, used 24120K [0x0000000702600000, 0x0000000800000000)
  region size 2048K, 0 young (0K), 0 survivors (0K)
 Metaspace       used 34101K, committed 34368K, reserved 1114112K
  class space    used 3702K, committed 3840K, reserved 1048576K
}
Event: 53.564 GC heap before
{Heap before GC invocations=10 (full 1):
 garbage-first heap   total 96256K, used 71224K [0x0000000702600000, 0x0000000800000000)
  region size 2048K, 23 young (47104K), 0 survivors (0K)
 Metaspace       used 34282K, committed 34560K, reserved 1114112K
  class space    used 3705K, committed 3840K, reserved 1048576K
}
Event: 53.565 GC heap after
{Heap after GC invocations=11 (full 1):
 garbage-first heap   total 96256K, used 24387K [0x0000000702600000, 0x0000000800000000)
  region size 2048K, 1 young (2048K), 1 survivors (2048K)
 Metaspace       used 34282K, committed 34560K, reserved 1114112K
  class space    used 3705K, committed 3840K, reserved 1048576K
}

