# JRE version: OpenJDK Runtime Environment Corretto-17.0.7.7.1 (17.0.7+7) (build 17.0.7+7-LTS)
# Java VM: OpenJDK 64-Bit Server VM Corretto-17.0.7.7.1 (17.0.7+7-LTS, mixed mode, sharing, tiered, compressed oops, compressed class ptrs, g1 gc, windows-amd64)
GC Precious Log:
 CPUs: 4 total, 4 available
 Memory: 16224M
 Large Page Support: Disabled
 NUMA Support: Disabled
 Compressed Oops: Enabled (Zero based)
 Heap Region Size: 2M
 Heap Min Capacity: 8M
 Heap Initial Capacity: 254M
 Heap Max Capacity: 4058M
 Pre-touch: Disabled
 Parallel Workers: 4
 Concurrent Workers: 1
 Concurrent Refinement Workers: 4
 Periodic GC: Disabled
Heap:
 garbage-first heap   total 59392K, used 39455K [0x0000000702600000, 0x0000000800000000)
  region size 2048K, 9 young (18432K), 1 survivors (2048K)
 Metaspace       used 35157K, committed 35392K, reserved 1114112K
  class space    used 3758K, committed 3840K, reserved 1048576K
GC Heap History (20 events):
Event: 113.641 GC heap before
{Heap before GC invocations=29 (full 3):
 garbage-first heap   total 59392K, used 47261K [0x0000000702600000, 0x0000000800000000)
  region size 2048K, 12 young (24576K), 1 survivors (2048K)
 Metaspace       used 35133K, committed 35328K, reserved 1114112K
  class space    used 3755K, committed 3840K, reserved 1048576K
}
Event: 113.642 GC heap after
{Heap after GC invocations=30 (full 3):
 garbage-first heap   total 59392K, used 24757K [0x0000000702600000, 0x0000000800000000)
  region size 2048K, 1 young (2048K), 1 survivors (2048K)
 Metaspace       used 35133K, committed 35328K, reserved 1114112K
  class space    used 3755K, committed 3840K, reserved 1048576K
}
Event: 121.835 GC heap before
{Heap before GC invocations=30 (full 3):
 garbage-first heap   total 59392K, used 41141K [0x0000000702600000, 0x0000000800000000)
  region size 2048K, 10 young (20480K), 1 survivors (2048K)
 Metaspace       used 35133K, committed 35328K, reserved 1114112K
  class space    used 3755K, committed 3840K, reserved 1048576K
}
Event: 121.865 GC heap after
{Heap after GC invocations=31 (full 4):
 garbage-first heap   total 59392K, used 24581K [0x0000000702600000, 0x0000000800000000)
  region size 2048K, 0 young (0K), 0 survivors (0K)
 Metaspace       used 35133K, committed 35328K, reserved 1114112K
  class space    used 3755K, committed 3840K, reserved 1048576K
}
Event: 133.174 GC heap before
{Heap before GC invocations=31 (full 4):
 garbage-first heap   total 59392K, used 49157K [0x0000000702600000, 0x0000000800000000)
  region size 2048K, 12 young (24576K), 0 survivors (0K)
 Metaspace       used 35133K, committed 35328K, reserved 1114112K
  class space    used 3755K, committed 3840K, reserved 1048576K
}
Event: 133.175 GC heap after
{Heap after GC invocations=32 (full 4):
 garbage-first heap   total 59392K, used 24616K [0x0000000702600000, 0x0000000800000000)
  region size 2048K, 1 young (2048K), 1 survivors (2048K)
 Metaspace       used 35133K, committed 35328K, reserved 1114112K
  class space    used 3755K, committed 3840K, reserved 1048576K
}
Event: 143.433 GC heap before
{Heap before GC invocations=32 (full 4):
 garbage-first heap   total 59392K, used 47144K [0x0000000702600000, 0x0000000800000000)
  region size 2048K, 12 young (24576K), 1 survivors (2048K)
 Metaspace       used 35133K, committed 35328K, reserved 1114112K
  class space    used 3755K, committed 3840K, reserved 1048576K
}
Event: 143.434 GC heap after
{Heap after GC invocations=33 (full 4):
 garbage-first heap   total 59392K, used 24641K [0x0000000702600000, 0x0000000800000000)
  region size 2048K, 1 young (2048K), 1 survivors (2048K)
 Metaspace       used 35133K, committed 35328K, reserved 1114112K
  class space    used 3755K, committed 3840K, reserved 1048576K
}
Event: 151.879 GC heap before
{Heap before GC invocations=33 (full 4):
 garbage-first heap   total 59392K, used 43073K [0x0000000702600000, 0x0000000800000000)
  region size 2048K, 11 young (22528K), 1 survivors (2048K)
 Metaspace       used 35133K, committed 35328K, reserved 1114112K
  class space    used 3755K, committed 3840K, reserved 1048576K
}
Event: 151.908 GC heap after
{Heap after GC invocations=34 (full 5):
 garbage-first heap   total 59392K, used 24580K [0x0000000702600000, 0x0000000800000000)
  region size 2048K, 0 young (0K), 0 survivors (0K)
 Metaspace       used 35133K, committed 35328K, reserved 1114112K
  class space    used 3755K, committed 3840K, reserved 1048576K
}
Event: 163.381 GC heap before
{Heap before GC invocations=34 (full 5):
 garbage-first heap   total 59392K, used 49156K [0x0000000702600000, 0x0000000800000000)
  region size 2048K, 12 young (24576K), 0 survivors (0K)
 Metaspace       used 35133K, committed 35328K, reserved 1114112K
  class space    used 3755K, committed 3840K, reserved 1048576K
}
Event: 163.382 GC heap after
{Heap after GC invocations=35 (full 5):
 garbage-first heap   total 59392K, used 24618K [0x0000000702600000, 0x0000000800000000)
  region size 2048K, 1 young (2048K), 1 survivors (2048K)
 Metaspace       used 35133K, committed 35328K, reserved 1114112K
  class space    used 3755K, committed 3840K, reserved 1048576K
}
Event: 173.839 GC heap before
{Heap before GC invocations=35 (full 5):
 garbage-first heap   total 59392K, used 47146K [0x0000000702600000, 0x0000000800000000)
  region size 2048K, 12 young (24576K), 1 survivors (2048K)
 Metaspace       used 35133K, committed 35328K, reserved 1114112K
  class space    used 3755K, committed 3840K, reserved 1048576K
}
Event: 173.840 GC heap after
{Heap after GC invocations=36 (full 5):
 garbage-first heap   total 59392K, used 24640K [0x0000000702600000, 0x0000000800000000)
  region size 2048K, 1 young (2048K), 1 survivors (2048K)
 Metaspace       used 35133K, committed 35328K, reserved 1114112K
  class space    used 3755K, committed 3840K, reserved 1048576K
}
Event: 181.911 GC heap before
{Heap before GC invocations=36 (full 5):
 garbage-first heap   total 59392K, used 41024K [0x0000000702600000, 0x0000000800000000)
  region size 2048K, 10 young (20480K), 1 survivors (2048K)
 Metaspace       used 35133K, committed 35328K, reserved 1114112K
  class space    used 3755K, committed 3840K, reserved 1048576K
}
Event: 181.934 GC heap after
{Heap after GC invocations=37 (full 6):
 garbage-first heap   total 59392K, used 24580K [0x0000000702600000, 0x0000000800000000)
  region size 2048K, 0 young (0K), 0 survivors (0K)
 Metaspace       used 35133K, committed 35328K, reserved 1114112K
  class space    used 3755K, committed 3840K, reserved 1048576K
}
Event: 193.056 GC heap before
{Heap before GC invocations=37 (full 6):
 garbage-first heap   total 59392K, used 49156K [0x0000000702600000, 0x0000000800000000)
  region size 2048K, 12 young (24576K), 0 survivors (0K)
 Metaspace       used 35133K, committed 35328K, reserved 1114112K
  class space    used 3755K, committed 3840K, reserved 1048576K
}
Event: 193.057 GC heap after
{Heap after GC invocations=38 (full 6):
 garbage-first heap   total 59392K, used 25098K [0x0000000702600000, 0x0000000800000000)
  region size 2048K, 1 young (2048K), 1 survivors (2048K)
 Metaspace       used 35133K, committed 35328K, reserved 1114112K
  class space    used 3755K, committed 3840K, reserved 1048576K
}
Event: 203.630 GC heap before
{Heap before GC invocations=38 (full 6):
 garbage-first heap   total 59392K, used 47626K [0x0000000702600000, 0x0000000800000000)
  region size 2048K, 12 young (24576K), 1 survivors (2048K)
 Metaspace       used 35133K, committed 35328K, reserved 1114112K
  class space    used 3755K, committed 3840K, reserved 1048576K
}
Event: 203.631 GC heap after
{Heap after GC invocations=39 (full 6):
 garbage-first heap   total 59392K, used 25119K [0x0000000702600000, 0x0000000800000000)
  region size 2048K, 1 young (2048K), 1 survivors (2048K)
 Metaspace       used 35133K, committed 35328K, reserved 1114112K
  class space    used 3755K, committed 3840K, reserved 1048576K
}

