# JRE version: OpenJDK Runtime Environment Corretto-17.0.7.7.1 (17.0.7+7) (build 17.0.7+7-LTS)
# Java VM: OpenJDK 64-Bit Server VM Corretto-17.0.7.7.1 (17.0.7+7-LTS, mixed mode, sharing, tiered, compressed oops, compressed class ptrs, g1 gc, windows-amd64)
GC Precious Log:
 CPUs: 4 total, 4 available
 Memory: 16224M
 Large Page Support: Disabled
 NUMA Support: Disabled
 Compressed Oops: Enabled (Zero based)
 Heap Region Size: 2M
 Heap Min Capacity: 8M
 Heap Initial Capacity: 254M
 Heap Max Capacity: 4058M
 Pre-touch: Disabled
 Parallel Workers: 4
 Concurrent Workers: 1
 Concurrent Refinement Workers: 4
 Periodic GC: Disabled
Heap:
 garbage-first heap   total 90112K, used 67307K [0x0000000702600000, 0x0000000800000000)
  region size 2048K, 22 young (45056K), 0 survivors (0K)
 Metaspace       used 34339K, committed 34560K, reserved 1114112K
  class space    used 3729K, committed 3840K, reserved 1048576K
GC Heap History (20 events):
Event: 5.667 GC heap before
{Heap before GC invocations=5 (full 0):
 garbage-first heap   total 49152K, used 37755K [0x0000000702600000, 0x0000000800000000)
  region size 2048K, 10 young (20480K), 2 survivors (4096K)
 Metaspace       used 24073K, committed 24320K, reserved 1114112K
  class space    used 2613K, committed 2752K, reserved 1048576K
}
Event: 5.672 GC heap after
{Heap after GC invocations=6 (full 0):
 garbage-first heap   total 49152K, used 24114K [0x0000000702600000, 0x0000000800000000)
  region size 2048K, 2 young (4096K), 2 survivors (4096K)
 Metaspace       used 24073K, committed 24320K, reserved 1114112K
  class space    used 2613K, committed 2752K, reserved 1048576K
}
Event: 5.705 GC heap before
{Heap before GC invocations=6 (full 0):
 garbage-first heap   total 49152K, used 26162K [0x0000000702600000, 0x0000000800000000)
  region size 2048K, 3 young (6144K), 2 survivors (4096K)
 Metaspace       used 24422K, committed 24640K, reserved 1114112K
  class space    used 2655K, committed 2752K, reserved 1048576K
}
Event: 5.709 GC heap after
{Heap after GC invocations=7 (full 0):
 garbage-first heap   total 49152K, used 18395K [0x0000000702600000, 0x0000000800000000)
  region size 2048K, 1 young (2048K), 1 survivors (2048K)
 Metaspace       used 24422K, committed 24640K, reserved 1114112K
  class space    used 2655K, committed 2752K, reserved 1048576K
}
Event: 5.992 GC heap before
{Heap before GC invocations=7 (full 0):
 garbage-first heap   total 49152K, used 32731K [0x0000000702600000, 0x0000000800000000)
  region size 2048K, 8 young (16384K), 1 survivors (2048K)
 Metaspace       used 26625K, committed 26816K, reserved 1114112K
  class space    used 2932K, committed 3008K, reserved 1048576K
}
Event: 5.996 GC heap after
{Heap after GC invocations=8 (full 0):
 garbage-first heap   total 49152K, used 19311K [0x0000000702600000, 0x0000000800000000)
  region size 2048K, 1 young (2048K), 1 survivors (2048K)
 Metaspace       used 26625K, committed 26816K, reserved 1114112K
  class space    used 2932K, committed 3008K, reserved 1048576K
}
Event: 6.387 GC heap before
{Heap before GC invocations=8 (full 0):
 garbage-first heap   total 49152K, used 35695K [0x0000000702600000, 0x0000000800000000)
  region size 2048K, 9 young (18432K), 1 survivors (2048K)
 Metaspace       used 29995K, committed 30208K, reserved 1114112K
  class space    used 3341K, committed 3456K, reserved 1048576K
}
Event: 6.391 GC heap after
{Heap after GC invocations=9 (full 0):
 garbage-first heap   total 49152K, used 20968K [0x0000000702600000, 0x0000000800000000)
  region size 2048K, 2 young (4096K), 2 survivors (4096K)
 Metaspace       used 29995K, committed 30208K, reserved 1114112K
  class space    used 3341K, committed 3456K, reserved 1048576K
}
Event: 6.698 GC heap before
{Heap before GC invocations=9 (full 0):
 garbage-first heap   total 49152K, used 35304K [0x0000000702600000, 0x0000000800000000)
  region size 2048K, 9 young (18432K), 2 survivors (4096K)
 Metaspace       used 32397K, committed 32576K, reserved 1114112K
  class space    used 3626K, committed 3712K, reserved 1048576K
}
Event: 6.703 GC heap after
{Heap after GC invocations=10 (full 0):
 garbage-first heap   total 155648K, used 21608K [0x0000000702600000, 0x0000000800000000)
  region size 2048K, 2 young (4096K), 2 survivors (4096K)
 Metaspace       used 32397K, committed 32576K, reserved 1114112K
  class space    used 3626K, committed 3712K, reserved 1048576K
}
Event: 31.482 GC heap before
{Heap before GC invocations=10 (full 0):
 garbage-first heap   total 155648K, used 93288K [0x0000000702600000, 0x0000000800000000)
  region size 2048K, 34 young (69632K), 2 survivors (4096K)
 Metaspace       used 34284K, committed 34496K, reserved 1114112K
  class space    used 3725K, committed 3840K, reserved 1048576K
}
Event: 31.511 GC heap after
{Heap after GC invocations=11 (full 1):
 garbage-first heap   total 96256K, used 24288K [0x0000000702600000, 0x0000000800000000)
  region size 2048K, 0 young (0K), 0 survivors (0K)
 Metaspace       used 34284K, committed 34496K, reserved 1114112K
  class space    used 3725K, committed 3840K, reserved 1048576K
}
Event: 51.099 GC heap before
{Heap before GC invocations=11 (full 1):
 garbage-first heap   total 96256K, used 67296K [0x0000000702600000, 0x0000000800000000)
  region size 2048K, 21 young (43008K), 0 survivors (0K)
 Metaspace       used 34298K, committed 34496K, reserved 1114112K
  class space    used 3725K, committed 3840K, reserved 1048576K
}
Event: 51.100 GC heap after
{Heap after GC invocations=12 (full 1):
 garbage-first heap   total 96256K, used 24747K [0x0000000702600000, 0x0000000800000000)
  region size 2048K, 1 young (2048K), 1 survivors (2048K)
 Metaspace       used 34298K, committed 34496K, reserved 1114112K
  class space    used 3725K, committed 3840K, reserved 1048576K
}
Event: 61.525 GC heap before
{Heap before GC invocations=12 (full 1):
 garbage-first heap   total 96256K, used 47275K [0x0000000702600000, 0x0000000800000000)
  region size 2048K, 13 young (26624K), 1 survivors (2048K)
 Metaspace       used 34301K, committed 34496K, reserved 1114112K
  class space    used 3726K, committed 3840K, reserved 1048576K
}
Event: 61.548 GC heap after
{Heap after GC invocations=13 (full 2):
 garbage-first heap   total 96256K, used 24299K [0x0000000702600000, 0x0000000800000000)
  region size 2048K, 0 young (0K), 0 survivors (0K)
 Metaspace       used 34301K, committed 34496K, reserved 1114112K
  class space    used 3726K, committed 3840K, reserved 1048576K
}
Event: 84.158 GC heap before
{Heap before GC invocations=13 (full 2):
 garbage-first heap   total 96256K, used 71403K [0x0000000702600000, 0x0000000800000000)
  region size 2048K, 23 young (47104K), 0 survivors (0K)
 Metaspace       used 34314K, committed 34496K, reserved 1114112K
  class space    used 3726K, committed 3840K, reserved 1048576K
}
Event: 84.158 GC heap after
{Heap after GC invocations=14 (full 2):
 garbage-first heap   total 96256K, used 24439K [0x0000000702600000, 0x0000000800000000)
  region size 2048K, 1 young (2048K), 1 survivors (2048K)
 Metaspace       used 34314K, committed 34496K, reserved 1114112K
  class space    used 3726K, committed 3840K, reserved 1048576K
}
Event: 91.563 GC heap before
{Heap before GC invocations=14 (full 2):
 garbage-first heap   total 96256K, used 38775K [0x0000000702600000, 0x0000000800000000)
  region size 2048K, 9 young (18432K), 1 survivors (2048K)
 Metaspace       used 34314K, committed 34496K, reserved 1114112K
  class space    used 3726K, committed 3840K, reserved 1048576K
}
Event: 91.588 GC heap after
{Heap after GC invocations=15 (full 3):
 garbage-first heap   total 90112K, used 24299K [0x0000000702600000, 0x0000000800000000)
  region size 2048K, 0 young (0K), 0 survivors (0K)
 Metaspace       used 34314K, committed 34496K, reserved 1114112K
  class space    used 3726K, committed 3840K, reserved 1048576K
}

