# JRE version: OpenJDK Runtime Environment Corretto-17.0.7.7.1 (17.0.7+7) (build 17.0.7+7-LTS)
# Java VM: OpenJDK 64-Bit Server VM Corretto-17.0.7.7.1 (17.0.7+7-LTS, mixed mode, sharing, tiered, compressed oops, compressed class ptrs, g1 gc, windows-amd64)
GC Precious Log:
 CPUs: 4 total, 4 available
 Memory: 16224M
 Large Page Support: Disabled
 NUMA Support: Disabled
 Compressed Oops: Enabled (Zero based)
 Heap Region Size: 2M
 Heap Min Capacity: 8M
 Heap Initial Capacity: 254M
 Heap Max Capacity: 4058M
 Pre-touch: Disabled
 Parallel Workers: 4
 Concurrent Workers: 1
 Concurrent Refinement Workers: 4
 Periodic GC: Disabled
Heap:
 garbage-first heap   total 155648K, used 72240K [0x0000000702600000, 0x0000000800000000)
  region size 2048K, 23 young (47104K), 1 survivors (2048K)
 Metaspace       used 34064K, committed 34304K, reserved 1114112K
  class space    used 3709K, committed 3840K, reserved 1048576K
GC Heap History (18 events):
Event: 0.517 GC heap before
{Heap before GC invocations=0 (full 0):
 garbage-first heap   total 260096K, used 12288K [0x0000000702600000, 0x0000000800000000)
  region size 2048K, 6 young (12288K), 0 survivors (0K)
 Metaspace       used 1766K, committed 1856K, reserved 1114112K
  class space    used 161K, committed 192K, reserved 1048576K
}
Event: 0.520 GC heap after
{Heap after GC invocations=1 (full 0):
 garbage-first heap   total 260096K, used 7606K [0x0000000702600000, 0x0000000800000000)
  region size 2048K, 1 young (2048K), 1 survivors (2048K)
 Metaspace       used 1766K, committed 1856K, reserved 1114112K
  class space    used 161K, committed 192K, reserved 1048576K
}
Event: 0.749 GC heap before
{Heap before GC invocations=1 (full 0):
 garbage-first heap   total 260096K, used 15798K [0x0000000702600000, 0x0000000800000000)
  region size 2048K, 6 young (12288K), 1 survivors (2048K)
 Metaspace       used 5818K, committed 6016K, reserved 1114112K
  class space    used 468K, committed 576K, reserved 1048576K
}
Event: 0.751 GC heap after
{Heap after GC invocations=2 (full 0):
 garbage-first heap   total 260096K, used 7719K [0x0000000702600000, 0x0000000800000000)
  region size 2048K, 1 young (2048K), 1 survivors (2048K)
 Metaspace       used 5818K, committed 6016K, reserved 1114112K
  class space    used 468K, committed 576K, reserved 1048576K
}
Event: 1.893 GC heap before
{Heap before GC invocations=2 (full 0):
 garbage-first heap   total 260096K, used 32295K [0x0000000702600000, 0x0000000800000000)
  region size 2048K, 14 young (28672K), 1 survivors (2048K)
 Metaspace       used 14118K, committed 14272K, reserved 1114112K
  class space    used 1452K, committed 1536K, reserved 1048576K
}
Event: 1.898 GC heap after
{Heap after GC invocations=3 (full 0):
 garbage-first heap   total 260096K, used 9662K [0x0000000702600000, 0x0000000800000000)
  region size 2048K, 2 young (4096K), 2 survivors (4096K)
 Metaspace       used 14118K, committed 14272K, reserved 1114112K
  class space    used 1452K, committed 1536K, reserved 1048576K
}
Event: 3.107 GC heap before
{Heap before GC invocations=3 (full 0):
 garbage-first heap   total 260096K, used 44478K [0x0000000702600000, 0x0000000800000000)
  region size 2048K, 20 young (40960K), 2 survivors (4096K)
 Metaspace       used 21349K, committed 21504K, reserved 1114112K
  class space    used 2280K, committed 2368K, reserved 1048576K
}
Event: 3.111 GC heap after
{Heap after GC invocations=4 (full 0):
 garbage-first heap   total 260096K, used 11141K [0x0000000702600000, 0x0000000800000000)
  region size 2048K, 2 young (4096K), 2 survivors (4096K)
 Metaspace       used 21349K, committed 21504K, reserved 1114112K
  class space    used 2280K, committed 2368K, reserved 1048576K
}
Event: 5.074 GC heap before
{Heap before GC invocations=5 (full 0):
 garbage-first heap   total 49152K, used 37765K [0x0000000702600000, 0x0000000800000000)
  region size 2048K, 10 young (20480K), 2 survivors (4096K)
 Metaspace       used 24197K, committed 24448K, reserved 1114112K
  class space    used 2623K, committed 2752K, reserved 1048576K
}
Event: 5.079 GC heap after
{Heap after GC invocations=6 (full 0):
 garbage-first heap   total 49152K, used 23983K [0x0000000702600000, 0x0000000800000000)
  region size 2048K, 3 young (6144K), 3 survivors (6144K)
 Metaspace       used 24197K, committed 24448K, reserved 1114112K
  class space    used 2623K, committed 2752K, reserved 1048576K
}
Event: 5.117 GC heap before
{Heap before GC invocations=6 (full 0):
 garbage-first heap   total 49152K, used 26031K [0x0000000702600000, 0x0000000800000000)
  region size 2048K, 4 young (8192K), 3 survivors (6144K)
 Metaspace       used 24556K, committed 24832K, reserved 1114112K
  class space    used 2667K, committed 2816K, reserved 1048576K
}
Event: 5.123 GC heap after
{Heap after GC invocations=7 (full 0):
 garbage-first heap   total 49152K, used 17997K [0x0000000702600000, 0x0000000800000000)
  region size 2048K, 1 young (2048K), 1 survivors (2048K)
 Metaspace       used 24556K, committed 24832K, reserved 1114112K
  class space    used 2667K, committed 2816K, reserved 1048576K
}
Event: 5.365 GC heap before
{Heap before GC invocations=7 (full 0):
 garbage-first heap   total 49152K, used 32333K [0x0000000702600000, 0x0000000800000000)
  region size 2048K, 8 young (16384K), 1 survivors (2048K)
 Metaspace       used 26694K, committed 26880K, reserved 1114112K
  class space    used 2935K, committed 3008K, reserved 1048576K
}
Event: 5.369 GC heap after
{Heap after GC invocations=8 (full 0):
 garbage-first heap   total 49152K, used 19330K [0x0000000702600000, 0x0000000800000000)
  region size 2048K, 1 young (2048K), 1 survivors (2048K)
 Metaspace       used 26694K, committed 26880K, reserved 1114112K
  class space    used 2935K, committed 3008K, reserved 1048576K
}
Event: 5.730 GC heap before
{Heap before GC invocations=8 (full 0):
 garbage-first heap   total 49152K, used 31618K [0x0000000702600000, 0x0000000800000000)
  region size 2048K, 8 young (16384K), 1 survivors (2048K)
 Metaspace       used 29866K, committed 30080K, reserved 1114112K
  class space    used 3319K, committed 3456K, reserved 1048576K
}
Event: 5.734 GC heap after
{Heap after GC invocations=9 (full 0):
 garbage-first heap   total 49152K, used 20355K [0x0000000702600000, 0x0000000800000000)
  region size 2048K, 1 young (2048K), 1 survivors (2048K)
 Metaspace       used 29866K, committed 30080K, reserved 1114112K
  class space    used 3319K, committed 3456K, reserved 1048576K
}
Event: 5.977 GC heap before
{Heap before GC invocations=9 (full 0):
 garbage-first heap   total 49152K, used 34691K [0x0000000702600000, 0x0000000800000000)
  region size 2048K, 8 young (16384K), 1 survivors (2048K)
 Metaspace       used 32241K, committed 32512K, reserved 1114112K
  class space    used 3606K, committed 3712K, reserved 1048576K
}
Event: 5.980 GC heap after
{Heap after GC invocations=10 (full 0):
 garbage-first heap   total 155648K, used 21040K [0x0000000702600000, 0x0000000800000000)
  region size 2048K, 1 young (2048K), 1 survivors (2048K)
 Metaspace       used 32241K, committed 32512K, reserved 1114112K
  class space    used 3606K, committed 3712K, reserved 1048576K
}

