# JRE version: OpenJDK Runtime Environment Corretto-17.0.7.7.1 (17.0.7+7) (build 17.0.7+7-LTS)
# Java VM: OpenJDK 64-Bit Server VM Corretto-17.0.7.7.1 (17.0.7+7-LTS, mixed mode, sharing, tiered, compressed oops, compressed class ptrs, g1 gc, windows-amd64)
GC Precious Log:
 CPUs: 4 total, 4 available
 Memory: 16224M
 Large Page Support: Disabled
 NUMA Support: Disabled
 Compressed Oops: Enabled (Zero based)
 Heap Region Size: 2M
 Heap Min Capacity: 8M
 Heap Initial Capacity: 254M
 Heap Max Capacity: 4058M
 Pre-touch: Disabled
 Parallel Workers: 4
 Concurrent Workers: 1
 Concurrent Refinement Workers: 4
 Periodic GC: Disabled
Heap:
 garbage-first heap   total 90112K, used 46860K [0x0000000702600000, 0x0000000800000000)
  region size 2048K, 12 young (24576K), 0 survivors (0K)
 Metaspace       used 34344K, committed 34560K, reserved 1114112K
  class space    used 3729K, committed 3840K, reserved 1048576K
GC Heap History (20 events):
Event: 0.704 GC heap before
{Heap before GC invocations=1 (full 0):
 garbage-first heap   total 260096K, used 15407K [0x0000000702600000, 0x0000000800000000)
  region size 2048K, 6 young (12288K), 1 survivors (2048K)
 Metaspace       used 5808K, committed 5952K, reserved 1114112K
  class space    used 468K, committed 576K, reserved 1048576K
}
Event: 0.706 GC heap after
{Heap after GC invocations=2 (full 0):
 garbage-first heap   total 260096K, used 7664K [0x0000000702600000, 0x0000000800000000)
  region size 2048K, 1 young (2048K), 1 survivors (2048K)
 Metaspace       used 5808K, committed 5952K, reserved 1114112K
  class space    used 468K, committed 576K, reserved 1048576K
}
Event: 2.045 GC heap before
{Heap before GC invocations=2 (full 0):
 garbage-first heap   total 260096K, used 36336K [0x0000000702600000, 0x0000000800000000)
  region size 2048K, 15 young (30720K), 1 survivors (2048K)
 Metaspace       used 14961K, committed 15168K, reserved 1114112K
  class space    used 1538K, committed 1600K, reserved 1048576K
}
Event: 2.048 GC heap after
{Heap after GC invocations=3 (full 0):
 garbage-first heap   total 260096K, used 9656K [0x0000000702600000, 0x0000000800000000)
  region size 2048K, 2 young (4096K), 2 survivors (4096K)
 Metaspace       used 14961K, committed 15168K, reserved 1114112K
  class space    used 1538K, committed 1600K, reserved 1048576K
}
Event: 3.155 GC heap before
{Heap before GC invocations=3 (full 0):
 garbage-first heap   total 260096K, used 42424K [0x0000000702600000, 0x0000000800000000)
  region size 2048K, 19 young (38912K), 2 survivors (4096K)
 Metaspace       used 21327K, committed 21504K, reserved 1114112K
  class space    used 2279K, committed 2368K, reserved 1048576K
}
Event: 3.159 GC heap after
{Heap after GC invocations=4 (full 0):
 garbage-first heap   total 260096K, used 10955K [0x0000000702600000, 0x0000000800000000)
  region size 2048K, 2 young (4096K), 2 survivors (4096K)
 Metaspace       used 21327K, committed 21504K, reserved 1114112K
  class space    used 2279K, committed 2368K, reserved 1048576K
}
Event: 5.086 GC heap before
{Heap before GC invocations=5 (full 0):
 garbage-first heap   total 49152K, used 37579K [0x0000000702600000, 0x0000000800000000)
  region size 2048K, 10 young (20480K), 2 survivors (4096K)
 Metaspace       used 24105K, committed 24384K, reserved 1114112K
  class space    used 2598K, committed 2752K, reserved 1048576K
}
Event: 5.091 GC heap after
{Heap after GC invocations=6 (full 0):
 garbage-first heap   total 49152K, used 24047K [0x0000000702600000, 0x0000000800000000)
  region size 2048K, 2 young (4096K), 2 survivors (4096K)
 Metaspace       used 24105K, committed 24384K, reserved 1114112K
  class space    used 2598K, committed 2752K, reserved 1048576K
}
Event: 5.122 GC heap before
{Heap before GC invocations=6 (full 0):
 garbage-first heap   total 49152K, used 24047K [0x0000000702600000, 0x0000000800000000)
  region size 2048K, 3 young (6144K), 2 survivors (4096K)
 Metaspace       used 24422K, committed 24640K, reserved 1114112K
  class space    used 2646K, committed 2752K, reserved 1048576K
}
Event: 5.126 GC heap after
{Heap after GC invocations=7 (full 0):
 garbage-first heap   total 49152K, used 17849K [0x0000000702600000, 0x0000000800000000)
  region size 2048K, 1 young (2048K), 1 survivors (2048K)
 Metaspace       used 24422K, committed 24640K, reserved 1114112K
  class space    used 2646K, committed 2752K, reserved 1048576K
}
Event: 5.462 GC heap before
{Heap before GC invocations=7 (full 0):
 garbage-first heap   total 49152K, used 32185K [0x0000000702600000, 0x0000000800000000)
  region size 2048K, 8 young (16384K), 1 survivors (2048K)
 Metaspace       used 26675K, committed 26880K, reserved 1114112K
  class space    used 2929K, committed 3008K, reserved 1048576K
}
Event: 5.465 GC heap after
{Heap after GC invocations=8 (full 0):
 garbage-first heap   total 49152K, used 18738K [0x0000000702600000, 0x0000000800000000)
  region size 2048K, 1 young (2048K), 1 survivors (2048K)
 Metaspace       used 26675K, committed 26880K, reserved 1114112K
  class space    used 2929K, committed 3008K, reserved 1048576K
}
Event: 5.885 GC heap before
{Heap before GC invocations=8 (full 0):
 garbage-first heap   total 49152K, used 33074K [0x0000000702600000, 0x0000000800000000)
  region size 2048K, 8 young (16384K), 1 survivors (2048K)
 Metaspace       used 29619K, committed 29824K, reserved 1114112K
  class space    used 3292K, committed 3392K, reserved 1048576K
}
Event: 5.888 GC heap after
{Heap after GC invocations=9 (full 0):
 garbage-first heap   total 49152K, used 20211K [0x0000000702600000, 0x0000000800000000)
  region size 2048K, 1 young (2048K), 1 survivors (2048K)
 Metaspace       used 29619K, committed 29824K, reserved 1114112K
  class space    used 3292K, committed 3392K, reserved 1048576K
}
Event: 6.127 GC heap before
{Heap before GC invocations=9 (full 0):
 garbage-first heap   total 49152K, used 34547K [0x0000000702600000, 0x0000000800000000)
  region size 2048K, 8 young (16384K), 1 survivors (2048K)
 Metaspace       used 32098K, committed 32320K, reserved 1114112K
  class space    used 3576K, committed 3712K, reserved 1048576K
}
Event: 6.130 GC heap after
{Heap after GC invocations=10 (full 0):
 garbage-first heap   total 49152K, used 21037K [0x0000000702600000, 0x0000000800000000)
  region size 2048K, 1 young (2048K), 1 survivors (2048K)
 Metaspace       used 32098K, committed 32320K, reserved 1114112K
  class space    used 3576K, committed 3712K, reserved 1048576K
}
Event: 6.462 GC heap before
{Heap before GC invocations=10 (full 0):
 garbage-first heap   total 49152K, used 27181K [0x0000000702600000, 0x0000000800000000)
  region size 2048K, 5 young (10240K), 1 survivors (2048K)
 Metaspace       used 33271K, committed 33536K, reserved 1114112K
  class space    used 3713K, committed 3840K, reserved 1048576K
}
Event: 6.464 GC heap after
{Heap after GC invocations=11 (full 0):
 garbage-first heap   total 155648K, used 21746K [0x0000000702600000, 0x0000000800000000)
  region size 2048K, 1 young (2048K), 1 survivors (2048K)
 Metaspace       used 33271K, committed 33536K, reserved 1114112K
  class space    used 3713K, committed 3840K, reserved 1048576K
}
Event: 31.355 GC heap before
{Heap before GC invocations=11 (full 0):
 garbage-first heap   total 155648K, used 91378K [0x0000000702600000, 0x0000000800000000)
  region size 2048K, 32 young (65536K), 1 survivors (2048K)
 Metaspace       used 34317K, committed 34560K, reserved 1114112K
  class space    used 3725K, committed 3840K, reserved 1048576K
}
Event: 31.380 GC heap after
{Heap after GC invocations=12 (full 1):
 garbage-first heap   total 90112K, used 24332K [0x0000000702600000, 0x0000000800000000)
  region size 2048K, 0 young (0K), 0 survivors (0K)
 Metaspace       used 34317K, committed 34560K, reserved 1114112K
  class space    used 3725K, committed 3840K, reserved 1048576K
}

