# JRE version: OpenJDK Runtime Environment Corretto-17.0.7.7.1 (17.0.7+7) (build 17.0.7+7-LTS)
# Java VM: OpenJDK 64-Bit Server VM Corretto-17.0.7.7.1 (17.0.7+7-LTS, mixed mode, sharing, tiered, compressed oops, compressed class ptrs, g1 gc, windows-amd64)
GC Precious Log:
 CPUs: 4 total, 4 available
 Memory: 16224M
 Large Page Support: Disabled
 NUMA Support: Disabled
 Compressed Oops: Enabled (Zero based)
 Heap Region Size: 2M
 Heap Min Capacity: 8M
 Heap Initial Capacity: 254M
 Heap Max Capacity: 4058M
 Pre-touch: Disabled
 Parallel Workers: 4
 Concurrent Workers: 1
 Concurrent Refinement Workers: 4
 Periodic GC: Disabled
Heap:
 garbage-first heap   total 90112K, used 32449K [0x0000000702600000, 0x0000000800000000)
  region size 2048K, 5 young (10240K), 0 survivors (0K)
 Metaspace       used 34736K, committed 34944K, reserved 1114112K
  class space    used 3735K, committed 3840K, reserved 1048576K
GC Heap History (20 events):
Event: 1.105 GC heap before
{Heap before GC invocations=1 (full 0):
 garbage-first heap   total 260096K, used 16023K [0x0000000702600000, 0x0000000800000000)
  region size 2048K, 6 young (12288K), 1 survivors (2048K)
 Metaspace       used 5826K, committed 6016K, reserved 1114112K
  class space    used 468K, committed 576K, reserved 1048576K
}
Event: 1.107 GC heap after
{Heap after GC invocations=2 (full 0):
 garbage-first heap   total 260096K, used 7705K [0x0000000702600000, 0x0000000800000000)
  region size 2048K, 1 young (2048K), 1 survivors (2048K)
 Metaspace       used 5826K, committed 6016K, reserved 1114112K
  class space    used 468K, committed 576K, reserved 1048576K
}
Event: 2.484 GC heap before
{Heap before GC invocations=2 (full 0):
 garbage-first heap   total 260096K, used 32281K [0x0000000702600000, 0x0000000800000000)
  region size 2048K, 14 young (28672K), 1 survivors (2048K)
 Metaspace       used 14302K, committed 14528K, reserved 1114112K
  class space    used 1465K, committed 1536K, reserved 1048576K
}
Event: 2.487 GC heap after
{Heap after GC invocations=3 (full 0):
 garbage-first heap   total 260096K, used 9689K [0x0000000702600000, 0x0000000800000000)
  region size 2048K, 2 young (4096K), 2 survivors (4096K)
 Metaspace       used 14302K, committed 14528K, reserved 1114112K
  class space    used 1465K, committed 1536K, reserved 1048576K
}
Event: 3.925 GC heap before
{Heap before GC invocations=3 (full 0):
 garbage-first heap   total 260096K, used 44505K [0x0000000702600000, 0x0000000800000000)
  region size 2048K, 20 young (40960K), 2 survivors (4096K)
 Metaspace       used 21340K, committed 21504K, reserved 1114112K
  class space    used 2280K, committed 2368K, reserved 1048576K
}
Event: 3.929 GC heap after
{Heap after GC invocations=4 (full 0):
 garbage-first heap   total 260096K, used 11130K [0x0000000702600000, 0x0000000800000000)
  region size 2048K, 2 young (4096K), 2 survivors (4096K)
 Metaspace       used 21340K, committed 21504K, reserved 1114112K
  class space    used 2280K, committed 2368K, reserved 1048576K
}
Event: 6.830 GC heap before
{Heap before GC invocations=5 (full 0):
 garbage-first heap   total 49152K, used 37754K [0x0000000702600000, 0x0000000800000000)
  region size 2048K, 10 young (20480K), 2 survivors (4096K)
 Metaspace       used 24026K, committed 24192K, reserved 1114112K
  class space    used 2589K, committed 2688K, reserved 1048576K
}
Event: 6.837 GC heap after
{Heap after GC invocations=6 (full 0):
 garbage-first heap   total 49152K, used 23943K [0x0000000702600000, 0x0000000800000000)
  region size 2048K, 1 young (2048K), 1 survivors (2048K)
 Metaspace       used 24026K, committed 24192K, reserved 1114112K
  class space    used 2589K, committed 2688K, reserved 1048576K
}
Event: 6.886 GC heap before
{Heap before GC invocations=6 (full 0):
 garbage-first heap   total 49152K, used 25991K [0x0000000702600000, 0x0000000800000000)
  region size 2048K, 2 young (4096K), 1 survivors (2048K)
 Metaspace       used 24336K, committed 24576K, reserved 1114112K
  class space    used 2635K, committed 2752K, reserved 1048576K
}
Event: 6.890 GC heap after
{Heap after GC invocations=7 (full 0):
 garbage-first heap   total 49152K, used 17915K [0x0000000702600000, 0x0000000800000000)
  region size 2048K, 1 young (2048K), 1 survivors (2048K)
 Metaspace       used 24336K, committed 24576K, reserved 1114112K
  class space    used 2635K, committed 2752K, reserved 1048576K
}
Event: 7.190 GC heap before
{Heap before GC invocations=7 (full 0):
 garbage-first heap   total 49152K, used 32251K [0x0000000702600000, 0x0000000800000000)
  region size 2048K, 8 young (16384K), 1 survivors (2048K)
 Metaspace       used 26625K, committed 26816K, reserved 1114112K
  class space    used 2923K, committed 3008K, reserved 1048576K
}
Event: 7.192 GC heap after
{Heap after GC invocations=8 (full 0):
 garbage-first heap   total 49152K, used 18811K [0x0000000702600000, 0x0000000800000000)
  region size 2048K, 1 young (2048K), 1 survivors (2048K)
 Metaspace       used 26625K, committed 26816K, reserved 1114112K
  class space    used 2923K, committed 3008K, reserved 1048576K
}
Event: 7.594 GC heap before
{Heap before GC invocations=8 (full 0):
 garbage-first heap   total 49152K, used 33147K [0x0000000702600000, 0x0000000800000000)
  region size 2048K, 9 young (18432K), 1 survivors (2048K)
 Metaspace       used 29953K, committed 30208K, reserved 1114112K
  class space    used 3322K, committed 3456K, reserved 1048576K
}
Event: 7.599 GC heap after
{Heap after GC invocations=9 (full 0):
 garbage-first heap   total 49152K, used 20426K [0x0000000702600000, 0x0000000800000000)
  region size 2048K, 2 young (4096K), 2 survivors (4096K)
 Metaspace       used 29953K, committed 30208K, reserved 1114112K
  class space    used 3322K, committed 3456K, reserved 1048576K
}
Event: 7.904 GC heap before
{Heap before GC invocations=9 (full 0):
 garbage-first heap   total 49152K, used 34762K [0x0000000702600000, 0x0000000800000000)
  region size 2048K, 9 young (18432K), 2 survivors (4096K)
 Metaspace       used 32350K, committed 32512K, reserved 1114112K
  class space    used 3615K, committed 3712K, reserved 1048576K
}
Event: 7.909 GC heap after
{Heap after GC invocations=10 (full 0):
 garbage-first heap   total 49152K, used 21200K [0x0000000702600000, 0x0000000800000000)
  region size 2048K, 2 young (4096K), 2 survivors (4096K)
 Metaspace       used 32350K, committed 32512K, reserved 1114112K
  class space    used 3615K, committed 3712K, reserved 1048576K
}
Event: 8.194 GC heap before
{Heap before GC invocations=10 (full 0):
 garbage-first heap   total 49152K, used 25296K [0x0000000702600000, 0x0000000800000000)
  region size 2048K, 5 young (10240K), 2 survivors (4096K)
 Metaspace       used 33295K, committed 33536K, reserved 1114112K
  class space    used 3717K, committed 3840K, reserved 1048576K
}
Event: 8.199 GC heap after
{Heap after GC invocations=11 (full 0):
 garbage-first heap   total 155648K, used 22022K [0x0000000702600000, 0x0000000800000000)
  region size 2048K, 1 young (2048K), 1 survivors (2048K)
 Metaspace       used 33295K, committed 33536K, reserved 1114112K
  class space    used 3717K, committed 3840K, reserved 1048576K
}
Event: 31.818 GC heap before
{Heap before GC invocations=11 (full 0):
 garbage-first heap   total 155648K, used 95750K [0x0000000702600000, 0x0000000800000000)
  region size 2048K, 34 young (69632K), 1 survivors (2048K)
 Metaspace       used 34709K, committed 34944K, reserved 1114112K
  class space    used 3731K, committed 3840K, reserved 1048576K
}
Event: 31.846 GC heap after
{Heap after GC invocations=12 (full 1):
 garbage-first heap   total 90112K, used 24257K [0x0000000702600000, 0x0000000800000000)
  region size 2048K, 0 young (0K), 0 survivors (0K)
 Metaspace       used 34709K, committed 34944K, reserved 1114112K
  class space    used 3731K, committed 3840K, reserved 1048576K
}

