# JRE version: OpenJDK Runtime Environment Corretto-17.0.7.7.1 (17.0.7+7) (build 17.0.7+7-LTS)
# Java VM: OpenJDK 64-Bit Server VM Corretto-17.0.7.7.1 (17.0.7+7-LTS, mixed mode, sharing, tiered, compressed oops, compressed class ptrs, g1 gc, windows-amd64)
GC Precious Log:
 CPUs: 4 total, 4 available
 Memory: 16224M
 Large Page Support: Disabled
 NUMA Support: Disabled
 Compressed Oops: Enabled (Zero based)
 Heap Region Size: 2M
 Heap Min Capacity: 8M
 Heap Initial Capacity: 254M
 Heap Max Capacity: 4058M
 Pre-touch: Disabled
 Parallel Workers: 4
 Concurrent Workers: 1
 Concurrent Refinement Workers: 4
 Periodic GC: Disabled
Heap:
 garbage-first heap   total 102400K, used 61461K [0x0000000702600000, 0x0000000800000000)
  region size 2048K, 18 young (36864K), 0 survivors (0K)
 Metaspace       used 40502K, committed 40704K, reserved 1114112K
  class space    used 4495K, committed 4608K, reserved 1048576K
GC Heap History (20 events):
Event: 0.685 GC heap before
{Heap before GC invocations=1 (full 0):
 garbage-first heap   total 260096K, used 15495K [0x0000000702600000, 0x0000000800000000)
  region size 2048K, 6 young (12288K), 1 survivors (2048K)
 Metaspace       used 5816K, committed 6016K, reserved 1114112K
  class space    used 468K, committed 576K, reserved 1048576K
}
Event: 0.687 GC heap after
{Heap after GC invocations=2 (full 0):
 garbage-first heap   total 260096K, used 7736K [0x0000000702600000, 0x0000000800000000)
  region size 2048K, 1 young (2048K), 1 survivors (2048K)
 Metaspace       used 5816K, committed 6016K, reserved 1114112K
  class space    used 468K, committed 576K, reserved 1048576K
}
Event: 2.105 GC heap before
{Heap before GC invocations=2 (full 0):
 garbage-first heap   total 260096K, used 36408K [0x0000000702600000, 0x0000000800000000)
  region size 2048K, 15 young (30720K), 1 survivors (2048K)
 Metaspace       used 14860K, committed 15040K, reserved 1114112K
  class space    used 1534K, committed 1600K, reserved 1048576K
}
Event: 2.110 GC heap after
{Heap after GC invocations=3 (full 0):
 garbage-first heap   total 260096K, used 9752K [0x0000000702600000, 0x0000000800000000)
  region size 2048K, 2 young (4096K), 2 survivors (4096K)
 Metaspace       used 14860K, committed 15040K, reserved 1114112K
  class space    used 1534K, committed 1600K, reserved 1048576K
}
Event: 3.566 GC heap before
{Heap before GC invocations=3 (full 0):
 garbage-first heap   total 260096K, used 42520K [0x0000000702600000, 0x0000000800000000)
  region size 2048K, 19 young (38912K), 2 survivors (4096K)
 Metaspace       used 21325K, committed 21504K, reserved 1114112K
  class space    used 2279K, committed 2368K, reserved 1048576K
}
Event: 3.571 GC heap after
{Heap after GC invocations=4 (full 0):
 garbage-first heap   total 260096K, used 11062K [0x0000000702600000, 0x0000000800000000)
  region size 2048K, 2 young (4096K), 2 survivors (4096K)
 Metaspace       used 21325K, committed 21504K, reserved 1114112K
  class space    used 2279K, committed 2368K, reserved 1048576K
}
Event: 6.151 GC heap before
{Heap before GC invocations=5 (full 0):
 garbage-first heap   total 49152K, used 37686K [0x0000000702600000, 0x0000000800000000)
  region size 2048K, 10 young (20480K), 2 survivors (4096K)
 Metaspace       used 24116K, committed 24384K, reserved 1114112K
  class space    used 2609K, committed 2752K, reserved 1048576K
}
Event: 6.156 GC heap after
{Heap after GC invocations=6 (full 0):
 garbage-first heap   total 49152K, used 23933K [0x0000000702600000, 0x0000000800000000)
  region size 2048K, 1 young (2048K), 1 survivors (2048K)
 Metaspace       used 24116K, committed 24384K, reserved 1114112K
  class space    used 2609K, committed 2752K, reserved 1048576K
}
Event: 6.189 GC heap before
{Heap before GC invocations=6 (full 0):
 garbage-first heap   total 49152K, used 25981K [0x0000000702600000, 0x0000000800000000)
  region size 2048K, 2 young (4096K), 1 survivors (2048K)
 Metaspace       used 24459K, committed 24640K, reserved 1114112K
  class space    used 2651K, committed 2752K, reserved 1048576K
}
Event: 6.194 GC heap after
{Heap after GC invocations=7 (full 0):
 garbage-first heap   total 49152K, used 17808K [0x0000000702600000, 0x0000000800000000)
  region size 2048K, 1 young (2048K), 1 survivors (2048K)
 Metaspace       used 24459K, committed 24640K, reserved 1114112K
  class space    used 2651K, committed 2752K, reserved 1048576K
}
Event: 6.518 GC heap before
{Heap before GC invocations=7 (full 0):
 garbage-first heap   total 49152K, used 30096K [0x0000000702600000, 0x0000000800000000)
  region size 2048K, 8 young (16384K), 1 survivors (2048K)
 Metaspace       used 26743K, committed 26944K, reserved 1114112K
  class space    used 2935K, committed 3008K, reserved 1048576K
}
Event: 6.522 GC heap after
{Heap after GC invocations=8 (full 0):
 garbage-first heap   total 49152K, used 19081K [0x0000000702600000, 0x0000000800000000)
  region size 2048K, 1 young (2048K), 1 survivors (2048K)
 Metaspace       used 26743K, committed 26944K, reserved 1114112K
  class space    used 2935K, committed 3008K, reserved 1048576K
}
Event: 6.939 GC heap before
{Heap before GC invocations=8 (full 0):
 garbage-first heap   total 49152K, used 31369K [0x0000000702600000, 0x0000000800000000)
  region size 2048K, 8 young (16384K), 1 survivors (2048K)
 Metaspace       used 29785K, committed 29952K, reserved 1114112K
  class space    used 3308K, committed 3392K, reserved 1048576K
}
Event: 6.945 GC heap after
{Heap after GC invocations=9 (full 0):
 garbage-first heap   total 155648K, used 20530K [0x0000000702600000, 0x0000000800000000)
  region size 2048K, 1 young (2048K), 1 survivors (2048K)
 Metaspace       used 29785K, committed 29952K, reserved 1114112K
  class space    used 3308K, committed 3392K, reserved 1048576K
}
Event: 12.832 GC heap before
{Heap before GC invocations=9 (full 0):
 garbage-first heap   total 155648K, used 71730K [0x0000000702600000, 0x0000000800000000)
  region size 2048K, 23 young (47104K), 1 survivors (2048K)
 Metaspace       used 35868K, committed 36096K, reserved 1114112K
  class space    used 3923K, committed 4032K, reserved 1048576K
}
Event: 12.839 GC heap after
{Heap after GC invocations=10 (full 0):
 garbage-first heap   total 155648K, used 31575K [0x0000000702600000, 0x0000000800000000)
  region size 2048K, 3 young (6144K), 3 survivors (6144K)
 Metaspace       used 35868K, committed 36096K, reserved 1114112K
  class space    used 3923K, committed 4032K, reserved 1048576K
}
Event: 31.323 GC heap before
{Heap before GC invocations=11 (full 0):
 garbage-first heap   total 110592K, used 84823K [0x0000000702600000, 0x0000000800000000)
  region size 2048K, 32 young (65536K), 3 survivors (6144K)
 Metaspace       used 40422K, committed 40640K, reserved 1114112K
  class space    used 4489K, committed 4608K, reserved 1048576K
}
Event: 31.330 GC heap after
{Heap after GC invocations=12 (full 0):
 garbage-first heap   total 110592K, used 27635K [0x0000000702600000, 0x0000000800000000)
  region size 2048K, 3 young (6144K), 3 survivors (6144K)
 Metaspace       used 40422K, committed 40640K, reserved 1114112K
  class space    used 4489K, committed 4608K, reserved 1048576K
}
Event: 31.354 GC heap before
{Heap before GC invocations=12 (full 0):
 garbage-first heap   total 110592K, used 27635K [0x0000000702600000, 0x0000000800000000)
  region size 2048K, 4 young (8192K), 3 survivors (6144K)
 Metaspace       used 40427K, committed 40640K, reserved 1114112K
  class space    used 4490K, committed 4608K, reserved 1048576K
}
Event: 31.382 GC heap after
{Heap after GC invocations=13 (full 1):
 garbage-first heap   total 102400K, used 26645K [0x0000000702600000, 0x0000000800000000)
  region size 2048K, 0 young (0K), 0 survivors (0K)
 Metaspace       used 40427K, committed 40640K, reserved 1114112K
  class space    used 4490K, committed 4608K, reserved 1048576K
}

