# JRE version: OpenJDK Runtime Environment Corretto-17.0.7.7.1 (17.0.7+7) (build 17.0.7+7-LTS)
# Java VM: OpenJDK 64-Bit Server VM Corretto-17.0.7.7.1 (17.0.7+7-LTS, mixed mode, sharing, tiered, compressed oops, compressed class ptrs, g1 gc, windows-amd64)
GC Precious Log:
 CPUs: 4 total, 4 available
 Memory: 16224M
 Large Page Support: Disabled
 NUMA Support: Disabled
 Compressed Oops: Enabled (Zero based)
 Heap Region Size: 2M
 Heap Min Capacity: 8M
 Heap Initial Capacity: 254M
 Heap Max Capacity: 4058M
 Pre-touch: Disabled
 Parallel Workers: 4
 Concurrent Workers: 1
 Concurrent Refinement Workers: 4
 Periodic GC: Disabled
Heap:
 garbage-first heap   total 96256K, used 32862K [0x0000000702600000, 0x0000000800000000)
  region size 2048K, 6 young (12288K), 1 survivors (2048K)
 Metaspace       used 34534K, committed 34752K, reserved 1114112K
  class space    used 3727K, committed 3840K, reserved 1048576K
GC Heap History (20 events):
Event: 0.441 GC heap before
{Heap before GC invocations=0 (full 0):
 garbage-first heap   total 260096K, used 12288K [0x0000000702600000, 0x0000000800000000)
  region size 2048K, 6 young (12288K), 0 survivors (0K)
 Metaspace       used 1753K, committed 1792K, reserved 1114112K
  class space    used 161K, committed 192K, reserved 1048576K
}
Event: 0.447 GC heap after
{Heap after GC invocations=1 (full 0):
 garbage-first heap   total 260096K, used 7168K [0x0000000702600000, 0x0000000800000000)
  region size 2048K, 1 young (2048K), 1 survivors (2048K)
 Metaspace       used 1753K, committed 1792K, reserved 1114112K
  class space    used 161K, committed 192K, reserved 1048576K
}
Event: 0.727 GC heap before
{Heap before GC invocations=1 (full 0):
 garbage-first heap   total 260096K, used 15360K [0x0000000702600000, 0x0000000800000000)
  region size 2048K, 6 young (12288K), 1 survivors (2048K)
 Metaspace       used 5811K, committed 6016K, reserved 1114112K
  class space    used 468K, committed 576K, reserved 1048576K
}
Event: 0.729 GC heap after
{Heap after GC invocations=2 (full 0):
 garbage-first heap   total 260096K, used 7785K [0x0000000702600000, 0x0000000800000000)
  region size 2048K, 1 young (2048K), 1 survivors (2048K)
 Metaspace       used 5811K, committed 6016K, reserved 1114112K
  class space    used 468K, committed 576K, reserved 1048576K
}
Event: 2.078 GC heap before
{Heap before GC invocations=2 (full 0):
 garbage-first heap   total 260096K, used 36457K [0x0000000702600000, 0x0000000800000000)
  region size 2048K, 15 young (30720K), 1 survivors (2048K)
 Metaspace       used 14866K, committed 15040K, reserved 1114112K
  class space    used 1530K, committed 1600K, reserved 1048576K
}
Event: 2.082 GC heap after
{Heap after GC invocations=3 (full 0):
 garbage-first heap   total 260096K, used 9786K [0x0000000702600000, 0x0000000800000000)
  region size 2048K, 2 young (4096K), 2 survivors (4096K)
 Metaspace       used 14866K, committed 15040K, reserved 1114112K
  class space    used 1530K, committed 1600K, reserved 1048576K
}
Event: 3.216 GC heap before
{Heap before GC invocations=3 (full 0):
 garbage-first heap   total 260096K, used 42554K [0x0000000702600000, 0x0000000800000000)
  region size 2048K, 19 young (38912K), 2 survivors (4096K)
 Metaspace       used 21336K, committed 21504K, reserved 1114112K
  class space    used 2277K, committed 2368K, reserved 1048576K
}
Event: 3.220 GC heap after
{Heap after GC invocations=4 (full 0):
 garbage-first heap   total 260096K, used 11180K [0x0000000702600000, 0x0000000800000000)
  region size 2048K, 2 young (4096K), 2 survivors (4096K)
 Metaspace       used 21336K, committed 21504K, reserved 1114112K
  class space    used 2277K, committed 2368K, reserved 1048576K
}
Event: 7.423 GC heap before
{Heap before GC invocations=5 (full 0):
 garbage-first heap   total 49152K, used 37804K [0x0000000702600000, 0x0000000800000000)
  region size 2048K, 10 young (20480K), 2 survivors (4096K)
 Metaspace       used 24236K, committed 24448K, reserved 1114112K
  class space    used 2616K, committed 2752K, reserved 1048576K
}
Event: 7.429 GC heap after
{Heap after GC invocations=6 (full 0):
 garbage-first heap   total 49152K, used 23855K [0x0000000702600000, 0x0000000800000000)
  region size 2048K, 1 young (2048K), 1 survivors (2048K)
 Metaspace       used 24236K, committed 24448K, reserved 1114112K
  class space    used 2616K, committed 2752K, reserved 1048576K
}
Event: 7.473 GC heap before
{Heap before GC invocations=6 (full 0):
 garbage-first heap   total 49152K, used 25903K [0x0000000702600000, 0x0000000800000000)
  region size 2048K, 2 young (4096K), 1 survivors (2048K)
 Metaspace       used 24592K, committed 24768K, reserved 1114112K
  class space    used 2661K, committed 2752K, reserved 1048576K
}
Event: 7.477 GC heap after
{Heap after GC invocations=7 (full 0):
 garbage-first heap   total 49152K, used 18096K [0x0000000702600000, 0x0000000800000000)
  region size 2048K, 1 young (2048K), 1 survivors (2048K)
 Metaspace       used 24592K, committed 24768K, reserved 1114112K
  class space    used 2661K, committed 2752K, reserved 1048576K
}
Event: 7.813 GC heap before
{Heap before GC invocations=7 (full 0):
 garbage-first heap   total 49152K, used 32432K [0x0000000702600000, 0x0000000800000000)
  region size 2048K, 8 young (16384K), 1 survivors (2048K)
 Metaspace       used 26753K, committed 26944K, reserved 1114112K
  class space    used 2932K, committed 3008K, reserved 1048576K
}
Event: 7.818 GC heap after
{Heap after GC invocations=8 (full 0):
 garbage-first heap   total 49152K, used 19269K [0x0000000702600000, 0x0000000800000000)
  region size 2048K, 1 young (2048K), 1 survivors (2048K)
 Metaspace       used 26753K, committed 26944K, reserved 1114112K
  class space    used 2932K, committed 3008K, reserved 1048576K
}
Event: 8.365 GC heap before
{Heap before GC invocations=8 (full 0):
 garbage-first heap   total 49152K, used 33605K [0x0000000702600000, 0x0000000800000000)
  region size 2048K, 8 young (16384K), 1 survivors (2048K)
 Metaspace       used 29791K, committed 29952K, reserved 1114112K
  class space    used 3305K, committed 3392K, reserved 1048576K
}
Event: 8.370 GC heap after
{Heap after GC invocations=9 (full 0):
 garbage-first heap   total 155648K, used 20594K [0x0000000702600000, 0x0000000800000000)
  region size 2048K, 1 young (2048K), 1 survivors (2048K)
 Metaspace       used 29791K, committed 29952K, reserved 1114112K
  class space    used 3305K, committed 3392K, reserved 1048576K
}
Event: 31.370 GC heap before
{Heap before GC invocations=9 (full 0):
 garbage-first heap   total 155648K, used 104562K [0x0000000702600000, 0x0000000800000000)
  region size 2048K, 39 young (79872K), 1 survivors (2048K)
 Metaspace       used 34301K, committed 34496K, reserved 1114112K
  class space    used 3724K, committed 3840K, reserved 1048576K
}
Event: 31.398 GC heap after
{Heap after GC invocations=10 (full 1):
 garbage-first heap   total 96256K, used 24255K [0x0000000702600000, 0x0000000800000000)
  region size 2048K, 0 young (0K), 0 survivors (0K)
 Metaspace       used 34301K, committed 34496K, reserved 1114112K
  class space    used 3724K, committed 3840K, reserved 1048576K
}
Event: 49.535 GC heap before
{Heap before GC invocations=10 (full 1):
 garbage-first heap   total 96256K, used 67263K [0x0000000702600000, 0x0000000800000000)
  region size 2048K, 21 young (43008K), 0 survivors (0K)
 Metaspace       used 34512K, committed 34752K, reserved 1114112K
  class space    used 3724K, committed 3840K, reserved 1048576K
}
Event: 49.537 GC heap after
{Heap after GC invocations=11 (full 1):
 garbage-first heap   total 96256K, used 24670K [0x0000000702600000, 0x0000000800000000)
  region size 2048K, 1 young (2048K), 1 survivors (2048K)
 Metaspace       used 34512K, committed 34752K, reserved 1114112K
  class space    used 3724K, committed 3840K, reserved 1048576K
}

