# JRE version: OpenJDK Runtime Environment JBR-17.0.7+7-1000.5-nomod (17.0.7+7) (build 17.0.7+7-b1000.5)
# Java VM: OpenJDK 64-Bit Server VM JBR-17.0.7+7-1000.5-nomod (17.0.7+7-b1000.5, mixed mode, tiered, compressed oops, compressed class ptrs, g1 gc, windows-amd64)
GC Precious Log:
 CPUs: 4 total, 4 available
 Memory: 16224M
 Large Page Support: Disabled
 NUMA Support: Disabled
 Compressed Oops: Enabled (Zero based)
 Heap Region Size: 2M
 Heap Min Capacity: 8M
 Heap Initial Capacity: 254M
 Heap Max Capacity: 4058M
 Pre-touch: Disabled
 Parallel Workers: 4
 Concurrent Workers: 1
 Concurrent Refinement Workers: 4
 Periodic GC: Disabled
Heap:
 garbage-first heap   total 81920K, used 27620K [0x0000000702600000, 0x0000000800000000)
  region size 2048K, 2 young (4096K), 0 survivors (0K)
 Metaspace       used 43564K, committed 43840K, reserved 1114112K
  class space    used 4670K, committed 4800K, reserved 1048576K
GC Heap History (20 events):
Event: 807.213 GC heap before
{Heap before GC invocations=63 (full 26):
 garbage-first heap   total 81920K, used 70627K [0x0000000702600000, 0x0000000800000000)
  region size 2048K, 22 young (45056K), 0 survivors (0K)
 Metaspace       used 43540K, committed 43840K, reserved 1114112K
  class space    used 4667K, committed 4800K, reserved 1048576K
}
Event: 807.214 GC heap after
{Heap after GC invocations=64 (full 26):
 garbage-first heap   total 81920K, used 25640K [0x0000000702600000, 0x0000000800000000)
  region size 2048K, 1 young (2048K), 1 survivors (2048K)
 Metaspace       used 43540K, committed 43840K, reserved 1114112K
  class space    used 4667K, committed 4800K, reserved 1048576K
}
Event: 812.318 GC heap before
{Heap before GC invocations=64 (full 26):
 garbage-first heap   total 81920K, used 33832K [0x0000000702600000, 0x0000000800000000)
  region size 2048K, 6 young (12288K), 1 survivors (2048K)
 Metaspace       used 43540K, committed 43840K, reserved 1114112K
  class space    used 4667K, committed 4800K, reserved 1048576K
}
Event: 812.347 GC heap after
{Heap after GC invocations=65 (full 27):
 garbage-first heap   total 81920K, used 25572K [0x0000000702600000, 0x0000000800000000)
  region size 2048K, 0 young (0K), 0 survivors (0K)
 Metaspace       used 43540K, committed 43840K, reserved 1114112K
  class space    used 4667K, committed 4800K, reserved 1048576K
}
Event: 837.085 GC heap before
{Heap before GC invocations=65 (full 27):
 garbage-first heap   total 81920K, used 70628K [0x0000000702600000, 0x0000000800000000)
  region size 2048K, 22 young (45056K), 0 survivors (0K)
 Metaspace       used 43540K, committed 43840K, reserved 1114112K
  class space    used 4667K, committed 4800K, reserved 1048576K
}
Event: 837.087 GC heap after
{Heap after GC invocations=66 (full 27):
 garbage-first heap   total 81920K, used 25643K [0x0000000702600000, 0x0000000800000000)
  region size 2048K, 1 young (2048K), 1 survivors (2048K)
 Metaspace       used 43540K, committed 43840K, reserved 1114112K
  class space    used 4667K, committed 4800K, reserved 1048576K
}
Event: 842.352 GC heap before
{Heap before GC invocations=66 (full 27):
 garbage-first heap   total 81920K, used 33835K [0x0000000702600000, 0x0000000800000000)
  region size 2048K, 6 young (12288K), 1 survivors (2048K)
 Metaspace       used 43540K, committed 43840K, reserved 1114112K
  class space    used 4667K, committed 4800K, reserved 1048576K
}
Event: 842.382 GC heap after
{Heap after GC invocations=67 (full 28):
 garbage-first heap   total 81920K, used 25573K [0x0000000702600000, 0x0000000800000000)
  region size 2048K, 0 young (0K), 0 survivors (0K)
 Metaspace       used 43540K, committed 43840K, reserved 1114112K
  class space    used 4667K, committed 4800K, reserved 1048576K
}
Event: 867.710 GC heap before
{Heap before GC invocations=67 (full 28):
 garbage-first heap   total 81920K, used 70629K [0x0000000702600000, 0x0000000800000000)
  region size 2048K, 22 young (45056K), 0 survivors (0K)
 Metaspace       used 43540K, committed 43840K, reserved 1114112K
  class space    used 4667K, committed 4800K, reserved 1048576K
}
Event: 867.711 GC heap after
{Heap after GC invocations=68 (full 28):
 garbage-first heap   total 81920K, used 25640K [0x0000000702600000, 0x0000000800000000)
  region size 2048K, 1 young (2048K), 1 survivors (2048K)
 Metaspace       used 43540K, committed 43840K, reserved 1114112K
  class space    used 4667K, committed 4800K, reserved 1048576K
}
Event: 872.384 GC heap before
{Heap before GC invocations=68 (full 28):
 garbage-first heap   total 81920K, used 33832K [0x0000000702600000, 0x0000000800000000)
  region size 2048K, 6 young (12288K), 1 survivors (2048K)
 Metaspace       used 43540K, committed 43840K, reserved 1114112K
  class space    used 4667K, committed 4800K, reserved 1048576K
}
Event: 872.428 GC heap after
{Heap after GC invocations=69 (full 29):
 garbage-first heap   total 81920K, used 25573K [0x0000000702600000, 0x0000000800000000)
  region size 2048K, 0 young (0K), 0 survivors (0K)
 Metaspace       used 43540K, committed 43840K, reserved 1114112K
  class space    used 4667K, committed 4800K, reserved 1048576K
}
Event: 897.633 GC heap before
{Heap before GC invocations=69 (full 29):
 garbage-first heap   total 81920K, used 70629K [0x0000000702600000, 0x0000000800000000)
  region size 2048K, 22 young (45056K), 0 survivors (0K)
 Metaspace       used 43540K, committed 43840K, reserved 1114112K
  class space    used 4667K, committed 4800K, reserved 1048576K
}
Event: 897.634 GC heap after
{Heap after GC invocations=70 (full 29):
 garbage-first heap   total 81920K, used 25638K [0x0000000702600000, 0x0000000800000000)
  region size 2048K, 1 young (2048K), 1 survivors (2048K)
 Metaspace       used 43540K, committed 43840K, reserved 1114112K
  class space    used 4667K, committed 4800K, reserved 1048576K
}
Event: 902.439 GC heap before
{Heap before GC invocations=70 (full 29):
 garbage-first heap   total 81920K, used 33830K [0x0000000702600000, 0x0000000800000000)
  region size 2048K, 6 young (12288K), 1 survivors (2048K)
 Metaspace       used 43540K, committed 43840K, reserved 1114112K
  class space    used 4667K, committed 4800K, reserved 1048576K
}
Event: 902.465 GC heap after
{Heap after GC invocations=71 (full 30):
 garbage-first heap   total 81920K, used 25572K [0x0000000702600000, 0x0000000800000000)
  region size 2048K, 0 young (0K), 0 survivors (0K)
 Metaspace       used 43540K, committed 43840K, reserved 1114112K
  class space    used 4667K, committed 4800K, reserved 1048576K
}
Event: 927.324 GC heap before
{Heap before GC invocations=71 (full 30):
 garbage-first heap   total 81920K, used 70628K [0x0000000702600000, 0x0000000800000000)
  region size 2048K, 22 young (45056K), 0 survivors (0K)
 Metaspace       used 43540K, committed 43840K, reserved 1114112K
  class space    used 4667K, committed 4800K, reserved 1048576K
}
Event: 927.325 GC heap after
{Heap after GC invocations=72 (full 30):
 garbage-first heap   total 81920K, used 25636K [0x0000000702600000, 0x0000000800000000)
  region size 2048K, 1 young (2048K), 1 survivors (2048K)
 Metaspace       used 43540K, committed 43840K, reserved 1114112K
  class space    used 4667K, committed 4800K, reserved 1048576K
}
Event: 932.476 GC heap before
{Heap before GC invocations=72 (full 30):
 garbage-first heap   total 81920K, used 33828K [0x0000000702600000, 0x0000000800000000)
  region size 2048K, 6 young (12288K), 1 survivors (2048K)
 Metaspace       used 43540K, committed 43840K, reserved 1114112K
  class space    used 4667K, committed 4800K, reserved 1048576K
}
Event: 932.503 GC heap after
{Heap after GC invocations=73 (full 31):
 garbage-first heap   total 81920K, used 25572K [0x0000000702600000, 0x0000000800000000)
  region size 2048K, 0 young (0K), 0 survivors (0K)
 Metaspace       used 43540K, committed 43840K, reserved 1114112K
  class space    used 4667K, committed 4800K, reserved 1048576K
}

