# JRE version: OpenJDK Runtime Environment Corretto-17.0.7.7.1 (17.0.7+7) (build 17.0.7+7-LTS)
# Java VM: OpenJDK 64-Bit Server VM Corretto-17.0.7.7.1 (17.0.7+7-LTS, mixed mode, sharing, tiered, compressed oops, compressed class ptrs, g1 gc, windows-amd64)
GC Precious Log:
 CPUs: 4 total, 4 available
 Memory: 16224M
 Large Page Support: Disabled
 NUMA Support: Disabled
 Compressed Oops: Enabled (Zero based)
 Heap Region Size: 2M
 Heap Min Capacity: 8M
 Heap Initial Capacity: 254M
 Heap Max Capacity: 4058M
 Pre-touch: Disabled
 Parallel Workers: 4
 Concurrent Workers: 1
 Concurrent Refinement Workers: 4
 Periodic GC: Disabled
Heap:
 garbage-first heap   total 90112K, used 31346K [0x0000000702600000, 0x0000000800000000)
  region size 2048K, 4 young (8192K), 0 survivors (0K)
 Metaspace       used 38489K, committed 38720K, reserved 1114112K
  class space    used 4001K, committed 4096K, reserved 1048576K
GC Heap History (20 events):
Event: 175.943 GC heap before
{Heap before GC invocations=19 (full 5):
 garbage-first heap   total 90112K, used 69920K [0x0000000702600000, 0x0000000800000000)
  region size 2048K, 22 young (45056K), 0 survivors (0K)
 Metaspace       used 38423K, committed 38592K, reserved 1114112K
  class space    used 3997K, committed 4096K, reserved 1048576K
}
Event: 175.944 GC heap after
{Heap after GC invocations=20 (full 5):
 garbage-first heap   total 90112K, used 25071K [0x0000000702600000, 0x0000000800000000)
  region size 2048K, 1 young (2048K), 1 survivors (2048K)
 Metaspace       used 38423K, committed 38592K, reserved 1114112K
  class space    used 3997K, committed 4096K, reserved 1048576K
}
Event: 181.581 GC heap before
{Heap before GC invocations=20 (full 5):
 garbage-first heap   total 90112K, used 35311K [0x0000000702600000, 0x0000000800000000)
  region size 2048K, 7 young (14336K), 1 survivors (2048K)
 Metaspace       used 38423K, committed 38592K, reserved 1114112K
  class space    used 3997K, committed 4096K, reserved 1048576K
}
Event: 181.610 GC heap after
{Heap after GC invocations=21 (full 6):
 garbage-first heap   total 90112K, used 24902K [0x0000000702600000, 0x0000000800000000)
  region size 2048K, 0 young (0K), 0 survivors (0K)
 Metaspace       used 38423K, committed 38592K, reserved 1114112K
  class space    used 3997K, committed 4096K, reserved 1048576K
}
Event: 207.124 GC heap before
{Heap before GC invocations=21 (full 6):
 garbage-first heap   total 90112K, used 69958K [0x0000000702600000, 0x0000000800000000)
  region size 2048K, 22 young (45056K), 0 survivors (0K)
 Metaspace       used 38428K, committed 38592K, reserved 1114112K
  class space    used 3998K, committed 4096K, reserved 1048576K
}
Event: 207.125 GC heap after
{Heap after GC invocations=22 (full 6):
 garbage-first heap   total 90112K, used 25202K [0x0000000702600000, 0x0000000800000000)
  region size 2048K, 1 young (2048K), 1 survivors (2048K)
 Metaspace       used 38428K, committed 38592K, reserved 1114112K
  class space    used 3998K, committed 4096K, reserved 1048576K
}
Event: 211.614 GC heap before
{Heap before GC invocations=22 (full 6):
 garbage-first heap   total 90112K, used 33394K [0x0000000702600000, 0x0000000800000000)
  region size 2048K, 6 young (12288K), 1 survivors (2048K)
 Metaspace       used 38428K, committed 38592K, reserved 1114112K
  class space    used 3998K, committed 4096K, reserved 1048576K
}
Event: 211.651 GC heap after
{Heap after GC invocations=23 (full 7):
 garbage-first heap   total 90112K, used 25000K [0x0000000702600000, 0x0000000800000000)
  region size 2048K, 0 young (0K), 0 survivors (0K)
 Metaspace       used 38428K, committed 38592K, reserved 1114112K
  class space    used 3998K, committed 4096K, reserved 1048576K
}
Event: 237.465 GC heap before
{Heap before GC invocations=23 (full 7):
 garbage-first heap   total 90112K, used 72104K [0x0000000702600000, 0x0000000800000000)
  region size 2048K, 23 young (47104K), 0 survivors (0K)
 Metaspace       used 38428K, committed 38592K, reserved 1114112K
  class space    used 3998K, committed 4096K, reserved 1048576K
}
Event: 237.466 GC heap after
{Heap after GC invocations=24 (full 7):
 garbage-first heap   total 90112K, used 25081K [0x0000000702600000, 0x0000000800000000)
  region size 2048K, 1 young (2048K), 1 survivors (2048K)
 Metaspace       used 38428K, committed 38592K, reserved 1114112K
  class space    used 3998K, committed 4096K, reserved 1048576K
}
Event: 241.665 GC heap before
{Heap before GC invocations=24 (full 7):
 garbage-first heap   total 90112K, used 31225K [0x0000000702600000, 0x0000000800000000)
  region size 2048K, 5 young (10240K), 1 survivors (2048K)
 Metaspace       used 38428K, committed 38592K, reserved 1114112K
  class space    used 3998K, committed 4096K, reserved 1048576K
}
Event: 241.693 GC heap after
{Heap after GC invocations=25 (full 8):
 garbage-first heap   total 90112K, used 25000K [0x0000000702600000, 0x0000000800000000)
  region size 2048K, 0 young (0K), 0 survivors (0K)
 Metaspace       used 38428K, committed 38592K, reserved 1114112K
  class space    used 3998K, committed 4096K, reserved 1048576K
}
Event: 268.537 GC heap before
{Heap before GC invocations=25 (full 8):
 garbage-first heap   total 90112K, used 74152K [0x0000000702600000, 0x0000000800000000)
  region size 2048K, 24 young (49152K), 0 survivors (0K)
 Metaspace       used 38429K, committed 38592K, reserved 1114112K
  class space    used 3998K, committed 4096K, reserved 1048576K
}
Event: 268.538 GC heap after
{Heap after GC invocations=26 (full 8):
 garbage-first heap   total 90112K, used 25077K [0x0000000702600000, 0x0000000800000000)
  region size 2048K, 1 young (2048K), 1 survivors (2048K)
 Metaspace       used 38429K, committed 38592K, reserved 1114112K
  class space    used 3998K, committed 4096K, reserved 1048576K
}
Event: 271.707 GC heap before
{Heap before GC invocations=26 (full 8):
 garbage-first heap   total 90112K, used 29173K [0x0000000702600000, 0x0000000800000000)
  region size 2048K, 4 young (8192K), 1 survivors (2048K)
 Metaspace       used 38429K, committed 38592K, reserved 1114112K
  class space    used 3998K, committed 4096K, reserved 1048576K
}
Event: 271.742 GC heap after
{Heap after GC invocations=27 (full 9):
 garbage-first heap   total 90112K, used 25000K [0x0000000702600000, 0x0000000800000000)
  region size 2048K, 0 young (0K), 0 survivors (0K)
 Metaspace       used 38429K, committed 38592K, reserved 1114112K
  class space    used 3998K, committed 4096K, reserved 1048576K
}
Event: 296.913 GC heap before
{Heap before GC invocations=27 (full 9):
 garbage-first heap   total 90112K, used 74152K [0x0000000702600000, 0x0000000800000000)
  region size 2048K, 24 young (49152K), 0 survivors (0K)
 Metaspace       used 38465K, committed 38720K, reserved 1114112K
  class space    used 3998K, committed 4096K, reserved 1048576K
}
Event: 296.914 GC heap after
{Heap after GC invocations=28 (full 9):
 garbage-first heap   total 90112K, used 25627K [0x0000000702600000, 0x0000000800000000)
  region size 2048K, 1 young (2048K), 1 survivors (2048K)
 Metaspace       used 38465K, committed 38720K, reserved 1114112K
  class space    used 3998K, committed 4096K, reserved 1048576K
}
Event: 301.752 GC heap before
{Heap before GC invocations=28 (full 9):
 garbage-first heap   total 90112K, used 31771K [0x0000000702600000, 0x0000000800000000)
  region size 2048K, 5 young (10240K), 1 survivors (2048K)
 Metaspace       used 38465K, committed 38720K, reserved 1114112K
  class space    used 3998K, committed 4096K, reserved 1048576K
}
Event: 301.788 GC heap after
{Heap after GC invocations=29 (full 10):
 garbage-first heap   total 90112K, used 25202K [0x0000000702600000, 0x0000000800000000)
  region size 2048K, 0 young (0K), 0 survivors (0K)
 Metaspace       used 38465K, committed 38720K, reserved 1114112K
  class space    used 3998K, committed 4096K, reserved 1048576K
}

