# JRE version: OpenJDK Runtime Environment JBR-17.0.7+7-1000.5-nomod (17.0.7+7) (build 17.0.7+7-b1000.5)
# Java VM: OpenJDK 64-Bit Server VM JBR-17.0.7+7-1000.5-nomod (17.0.7+7-b1000.5, mixed mode, tiered, compressed oops, compressed class ptrs, g1 gc, windows-amd64)
GC Precious Log:
 CPUs: 4 total, 4 available
 Memory: 16224M
 Large Page Support: Disabled
 NUMA Support: Disabled
 Compressed Oops: Enabled (Zero based)
 Heap Region Size: 2M
 Heap Min Capacity: 8M
 Heap Initial Capacity: 254M
 Heap Max Capacity: 4058M
 Pre-touch: Disabled
 Parallel Workers: 4
 Concurrent Workers: 1
 Concurrent Refinement Workers: 4
 Periodic GC: Disabled
Heap:
 garbage-first heap   total 55296K, used 34316K [0x0000000702600000, 0x0000000800000000)
  region size 2048K, 7 young (14336K), 1 survivors (2048K)
 Metaspace       used 43242K, committed 43456K, reserved 1114112K
  class space    used 4662K, committed 4736K, reserved 1048576K
GC Heap History (20 events):
Event: 42.244 GC heap before
{Heap before GC invocations=17 (full 0):
 garbage-first heap   total 55296K, used 42302K [0x0000000702600000, 0x0000000800000000)
  region size 2048K, 7 young (14336K), 1 survivors (2048K)
 Metaspace       used 43038K, committed 43264K, reserved 1114112K
  class space    used 4656K, committed 4736K, reserved 1048576K
}
Event: 42.249 GC heap after
{Heap after GC invocations=18 (full 0):
 garbage-first heap   total 55296K, used 30757K [0x0000000702600000, 0x0000000800000000)
  region size 2048K, 1 young (2048K), 1 survivors (2048K)
 Metaspace       used 43038K, committed 43264K, reserved 1114112K
  class space    used 4656K, committed 4736K, reserved 1048576K
}
Event: 47.797 GC heap before
{Heap before GC invocations=19 (full 0):
 garbage-first heap   total 55296K, used 34853K [0x0000000702600000, 0x0000000800000000)
  region size 2048K, 6 young (12288K), 1 survivors (2048K)
 Metaspace       used 43051K, committed 43264K, reserved 1114112K
  class space    used 4656K, committed 4736K, reserved 1048576K
}
Event: 47.799 GC heap after
{Heap after GC invocations=20 (full 0):
 garbage-first heap   total 55296K, used 24693K [0x0000000702600000, 0x0000000800000000)
  region size 2048K, 1 young (2048K), 1 survivors (2048K)
 Metaspace       used 43051K, committed 43264K, reserved 1114112K
  class space    used 4656K, committed 4736K, reserved 1048576K
}
Event: 55.583 GC heap before
{Heap before GC invocations=20 (full 0):
 garbage-first heap   total 55296K, used 39029K [0x0000000702600000, 0x0000000800000000)
  region size 2048K, 8 young (16384K), 1 survivors (2048K)
 Metaspace       used 43061K, committed 43264K, reserved 1114112K
  class space    used 4656K, committed 4736K, reserved 1048576K
}
Event: 55.586 GC heap after
{Heap after GC invocations=21 (full 0):
 garbage-first heap   total 55296K, used 24718K [0x0000000702600000, 0x0000000800000000)
  region size 2048K, 1 young (2048K), 1 survivors (2048K)
 Metaspace       used 43061K, committed 43264K, reserved 1114112K
  class space    used 4656K, committed 4736K, reserved 1048576K
}
Event: 62.569 GC heap before
{Heap before GC invocations=21 (full 0):
 garbage-first heap   total 55296K, used 37006K [0x0000000702600000, 0x0000000800000000)
  region size 2048K, 8 young (16384K), 1 survivors (2048K)
 Metaspace       used 43068K, committed 43264K, reserved 1114112K
  class space    used 4656K, committed 4736K, reserved 1048576K
}
Event: 62.613 GC heap after
{Heap after GC invocations=22 (full 1):
 garbage-first heap   total 55296K, used 23921K [0x0000000702600000, 0x0000000800000000)
  region size 2048K, 0 young (0K), 0 survivors (0K)
 Metaspace       used 43068K, committed 43264K, reserved 1114112K
  class space    used 4656K, committed 4736K, reserved 1048576K
}
Event: 72.517 GC heap before
{Heap before GC invocations=22 (full 1):
 garbage-first heap   total 55296K, used 42353K [0x0000000702600000, 0x0000000800000000)
  region size 2048K, 9 young (18432K), 0 survivors (0K)
 Metaspace       used 43068K, committed 43264K, reserved 1114112K
  class space    used 4656K, committed 4736K, reserved 1048576K
}
Event: 72.518 GC heap after
{Heap after GC invocations=23 (full 1):
 garbage-first heap   total 55296K, used 24037K [0x0000000702600000, 0x0000000800000000)
  region size 2048K, 1 young (2048K), 1 survivors (2048K)
 Metaspace       used 43068K, committed 43264K, reserved 1114112K
  class space    used 4656K, committed 4736K, reserved 1048576K
}
Event: 81.317 GC heap before
{Heap before GC invocations=23 (full 1):
 garbage-first heap   total 55296K, used 40421K [0x0000000702600000, 0x0000000800000000)
  region size 2048K, 9 young (18432K), 1 survivors (2048K)
 Metaspace       used 43080K, committed 43328K, reserved 1114112K
  class space    used 4657K, committed 4736K, reserved 1048576K
}
Event: 81.319 GC heap after
{Heap after GC invocations=24 (full 1):
 garbage-first heap   total 55296K, used 24087K [0x0000000702600000, 0x0000000800000000)
  region size 2048K, 1 young (2048K), 1 survivors (2048K)
 Metaspace       used 43080K, committed 43328K, reserved 1114112K
  class space    used 4657K, committed 4736K, reserved 1048576K
}
Event: 91.409 GC heap before
{Heap before GC invocations=24 (full 1):
 garbage-first heap   total 55296K, used 42519K [0x0000000702600000, 0x0000000800000000)
  region size 2048K, 10 young (20480K), 1 survivors (2048K)
 Metaspace       used 43080K, committed 43328K, reserved 1114112K
  class space    used 4657K, committed 4736K, reserved 1048576K
}
Event: 91.410 GC heap after
{Heap after GC invocations=25 (full 1):
 garbage-first heap   total 55296K, used 24100K [0x0000000702600000, 0x0000000800000000)
  region size 2048K, 1 young (2048K), 1 survivors (2048K)
 Metaspace       used 43080K, committed 43328K, reserved 1114112K
  class space    used 4657K, committed 4736K, reserved 1048576K
}
Event: 92.620 GC heap before
{Heap before GC invocations=25 (full 1):
 garbage-first heap   total 55296K, used 26148K [0x0000000702600000, 0x0000000800000000)
  region size 2048K, 3 young (6144K), 1 survivors (2048K)
 Metaspace       used 43080K, committed 43328K, reserved 1114112K
  class space    used 4657K, committed 4736K, reserved 1048576K
}
Event: 92.644 GC heap after
{Heap after GC invocations=26 (full 2):
 garbage-first heap   total 55296K, used 23974K [0x0000000702600000, 0x0000000800000000)
  region size 2048K, 0 young (0K), 0 survivors (0K)
 Metaspace       used 43080K, committed 43328K, reserved 1114112K
  class space    used 4657K, committed 4736K, reserved 1048576K
}
Event: 103.741 GC heap before
{Heap before GC invocations=26 (full 2):
 garbage-first heap   total 55296K, used 44454K [0x0000000702600000, 0x0000000800000000)
  region size 2048K, 10 young (20480K), 0 survivors (0K)
 Metaspace       used 43080K, committed 43328K, reserved 1114112K
  class space    used 4657K, committed 4736K, reserved 1048576K
}
Event: 103.743 GC heap after
{Heap after GC invocations=27 (full 2):
 garbage-first heap   total 55296K, used 24019K [0x0000000702600000, 0x0000000800000000)
  region size 2048K, 1 young (2048K), 1 survivors (2048K)
 Metaspace       used 43080K, committed 43328K, reserved 1114112K
  class space    used 4657K, committed 4736K, reserved 1048576K
}
Event: 113.398 GC heap before
{Heap before GC invocations=27 (full 2):
 garbage-first heap   total 55296K, used 42451K [0x0000000702600000, 0x0000000800000000)
  region size 2048K, 10 young (20480K), 1 survivors (2048K)
 Metaspace       used 43218K, committed 43456K, reserved 1114112K
  class space    used 4659K, committed 4736K, reserved 1048576K
}
Event: 113.399 GC heap after
{Heap after GC invocations=28 (full 2):
 garbage-first heap   total 55296K, used 24076K [0x0000000702600000, 0x0000000800000000)
  region size 2048K, 1 young (2048K), 1 survivors (2048K)
 Metaspace       used 43218K, committed 43456K, reserved 1114112K
  class space    used 4659K, committed 4736K, reserved 1048576K
}

