# JRE version: OpenJDK Runtime Environment Corretto-17.0.7.7.1 (17.0.7+7) (build 17.0.7+7-LTS)
# Java VM: OpenJDK 64-Bit Server VM Corretto-17.0.7.7.1 (17.0.7+7-LTS, mixed mode, sharing, tiered, compressed oops, compressed class ptrs, g1 gc, windows-amd64)
GC Precious Log:
 CPUs: 4 total, 4 available
 Memory: 16224M
 Large Page Support: Disabled
 NUMA Support: Disabled
 Compressed Oops: Enabled (Zero based)
 Heap Region Size: 2M
 Heap Min Capacity: 8M
 Heap Initial Capacity: 254M
 Heap Max Capacity: 4058M
 Pre-touch: Disabled
 Parallel Workers: 4
 Concurrent Workers: 1
 Concurrent Refinement Workers: 4
 Periodic GC: Disabled
Heap:
 garbage-first heap   total 157696K, used 46345K [0x0000000702600000, 0x0000000800000000)
  region size 2048K, 10 young (20480K), 1 survivors (2048K)
 Metaspace       used 34420K, committed 34688K, reserved 1114112K
  class space    used 3776K, committed 3904K, reserved 1048576K
GC Heap History (18 events):
Event: 0.658 GC heap before
{Heap before GC invocations=0 (full 0):
 garbage-first heap   total 260096K, used 12288K [0x0000000702600000, 0x0000000800000000)
  region size 2048K, 6 young (12288K), 0 survivors (0K)
 Metaspace       used 1743K, committed 1792K, reserved 1114112K
  class space    used 158K, committed 192K, reserved 1048576K
}
Event: 0.666 GC heap after
{Heap after GC invocations=1 (full 0):
 garbage-first heap   total 260096K, used 7327K [0x0000000702600000, 0x0000000800000000)
  region size 2048K, 1 young (2048K), 1 survivors (2048K)
 Metaspace       used 1743K, committed 1792K, reserved 1114112K
  class space    used 158K, committed 192K, reserved 1048576K
}
Event: 1.528 GC heap before
{Heap before GC invocations=1 (full 0):
 garbage-first heap   total 260096K, used 15519K [0x0000000702600000, 0x0000000800000000)
  region size 2048K, 6 young (12288K), 1 survivors (2048K)
 Metaspace       used 5852K, committed 6016K, reserved 1114112K
  class space    used 464K, committed 512K, reserved 1048576K
}
Event: 1.531 GC heap after
{Heap after GC invocations=2 (full 0):
 garbage-first heap   total 260096K, used 8336K [0x0000000702600000, 0x0000000800000000)
  region size 2048K, 1 young (2048K), 1 survivors (2048K)
 Metaspace       used 5852K, committed 6016K, reserved 1114112K
  class space    used 464K, committed 512K, reserved 1048576K
}
Event: 2.401 GC heap before
{Heap before GC invocations=2 (full 0):
 garbage-first heap   total 260096K, used 28816K [0x0000000702600000, 0x0000000800000000)
  region size 2048K, 12 young (24576K), 1 survivors (2048K)
 Metaspace       used 12246K, committed 12480K, reserved 1114112K
  class space    used 1203K, committed 1280K, reserved 1048576K
}
Event: 2.405 GC heap after
{Heap after GC invocations=3 (full 0):
 garbage-first heap   total 260096K, used 9567K [0x0000000702600000, 0x0000000800000000)
  region size 2048K, 2 young (4096K), 2 survivors (4096K)
 Metaspace       used 12246K, committed 12480K, reserved 1114112K
  class space    used 1203K, committed 1280K, reserved 1048576K
}
Event: 4.710 GC heap before
{Heap before GC invocations=3 (full 0):
 garbage-first heap   total 260096K, used 50527K [0x0000000702600000, 0x0000000800000000)
  region size 2048K, 23 young (47104K), 2 survivors (4096K)
 Metaspace       used 21363K, committed 21504K, reserved 1114112K
  class space    used 2282K, committed 2368K, reserved 1048576K
}
Event: 4.717 GC heap after
{Heap after GC invocations=4 (full 0):
 garbage-first heap   total 260096K, used 11282K [0x0000000702600000, 0x0000000800000000)
  region size 2048K, 2 young (4096K), 2 survivors (4096K)
 Metaspace       used 21363K, committed 21504K, reserved 1114112K
  class space    used 2282K, committed 2368K, reserved 1048576K
}
Event: 7.000 GC heap before
{Heap before GC invocations=5 (full 0):
 garbage-first heap   total 55296K, used 42002K [0x0000000702600000, 0x0000000800000000)
  region size 2048K, 12 young (24576K), 2 survivors (4096K)
 Metaspace       used 24688K, committed 24896K, reserved 1114112K
  class space    used 2680K, committed 2816K, reserved 1048576K
}
Event: 7.006 GC heap after
{Heap after GC invocations=6 (full 0):
 garbage-first heap   total 55296K, used 24395K [0x0000000702600000, 0x0000000800000000)
  region size 2048K, 2 young (4096K), 2 survivors (4096K)
 Metaspace       used 24688K, committed 24896K, reserved 1114112K
  class space    used 2680K, committed 2816K, reserved 1048576K
}
Event: 7.054 GC heap before
{Heap before GC invocations=6 (full 0):
 garbage-first heap   total 55296K, used 24395K [0x0000000702600000, 0x0000000800000000)
  region size 2048K, 3 young (6144K), 2 survivors (4096K)
 Metaspace       used 25047K, committed 25216K, reserved 1114112K
  class space    used 2722K, committed 2816K, reserved 1048576K
}
Event: 7.058 GC heap after
{Heap after GC invocations=7 (full 0):
 garbage-first heap   total 55296K, used 18247K [0x0000000702600000, 0x0000000800000000)
  region size 2048K, 1 young (2048K), 1 survivors (2048K)
 Metaspace       used 25047K, committed 25216K, reserved 1114112K
  class space    used 2722K, committed 2816K, reserved 1048576K
}
Event: 7.692 GC heap before
{Heap before GC invocations=7 (full 0):
 garbage-first heap   total 55296K, used 38727K [0x0000000702600000, 0x0000000800000000)
  region size 2048K, 11 young (22528K), 1 survivors (2048K)
 Metaspace       used 28664K, committed 28928K, reserved 1114112K
  class space    used 3177K, committed 3328K, reserved 1048576K
}
Event: 7.697 GC heap after
{Heap after GC invocations=8 (full 0):
 garbage-first heap   total 55296K, used 20076K [0x0000000702600000, 0x0000000800000000)
  region size 2048K, 2 young (4096K), 2 survivors (4096K)
 Metaspace       used 28664K, committed 28928K, reserved 1114112K
  class space    used 3177K, committed 3328K, reserved 1048576K
}
Event: 8.091 GC heap before
{Heap before GC invocations=8 (full 0):
 garbage-first heap   total 55296K, used 38508K [0x0000000702600000, 0x0000000800000000)
  region size 2048K, 11 young (22528K), 2 survivors (4096K)
 Metaspace       used 32111K, committed 32320K, reserved 1114112K
  class space    used 3584K, committed 3712K, reserved 1048576K
}
Event: 8.097 GC heap after
{Heap after GC invocations=9 (full 0):
 garbage-first heap   total 55296K, used 21217K [0x0000000702600000, 0x0000000800000000)
  region size 2048K, 2 young (4096K), 2 survivors (4096K)
 Metaspace       used 32111K, committed 32320K, reserved 1114112K
  class space    used 3584K, committed 3712K, reserved 1048576K
}
Event: 8.494 GC heap before
{Heap before GC invocations=9 (full 0):
 garbage-first heap   total 55296K, used 27361K [0x0000000702600000, 0x0000000800000000)
  region size 2048K, 6 young (12288K), 2 survivors (4096K)
 Metaspace       used 33322K, committed 33536K, reserved 1114112K
  class space    used 3723K, committed 3840K, reserved 1048576K
}
Event: 8.501 GC heap after
{Heap after GC invocations=10 (full 0):
 garbage-first heap   total 157696K, used 21769K [0x0000000702600000, 0x0000000800000000)
  region size 2048K, 1 young (2048K), 1 survivors (2048K)
 Metaspace       used 33322K, committed 33536K, reserved 1114112K
  class space    used 3723K, committed 3840K, reserved 1048576K
}

