# JRE version: OpenJDK Runtime Environment Corretto-17.0.7.7.1 (17.0.7+7) (build 17.0.7+7-LTS)
# Java VM: OpenJDK 64-Bit Server VM Corretto-17.0.7.7.1 (17.0.7+7-LTS, mixed mode, sharing, tiered, compressed oops, compressed class ptrs, g1 gc, windows-amd64)
GC Precious Log:
 CPUs: 4 total, 4 available
 Memory: 16224M
 Large Page Support: Disabled
 NUMA Support: Disabled
 Compressed Oops: Enabled (Zero based)
 Heap Region Size: 2M
 Heap Min Capacity: 8M
 Heap Initial Capacity: 254M
 Heap Max Capacity: 4058M
 Pre-touch: Disabled
 Parallel Workers: 4
 Concurrent Workers: 1
 Concurrent Refinement Workers: 4
 Periodic GC: Disabled
Heap:
 garbage-first heap   total 90112K, used 46490K [0x0000000702600000, 0x0000000800000000)
  region size 2048K, 12 young (24576K), 0 survivors (0K)
 Metaspace       used 34238K, committed 34496K, reserved 1114112K
  class space    used 3713K, committed 3840K, reserved 1048576K
GC Heap History (20 events):
Event: 1.154 GC heap before
{Heap before GC invocations=1 (full 0):
 garbage-first heap   total 260096K, used 15365K [0x0000000702600000, 0x0000000800000000)
  region size 2048K, 6 young (12288K), 1 survivors (2048K)
 Metaspace       used 5828K, committed 6016K, reserved 1114112K
  class space    used 468K, committed 576K, reserved 1048576K
}
Event: 1.156 GC heap after
{Heap after GC invocations=2 (full 0):
 garbage-first heap   total 260096K, used 7710K [0x0000000702600000, 0x0000000800000000)
  region size 2048K, 1 young (2048K), 1 survivors (2048K)
 Metaspace       used 5828K, committed 6016K, reserved 1114112K
  class space    used 468K, committed 576K, reserved 1048576K
}
Event: 2.595 GC heap before
{Heap before GC invocations=2 (full 0):
 garbage-first heap   total 260096K, used 36382K [0x0000000702600000, 0x0000000800000000)
  region size 2048K, 15 young (30720K), 1 survivors (2048K)
 Metaspace       used 14863K, committed 15040K, reserved 1114112K
  class space    used 1531K, committed 1600K, reserved 1048576K
}
Event: 2.598 GC heap after
{Heap after GC invocations=3 (full 0):
 garbage-first heap   total 260096K, used 9756K [0x0000000702600000, 0x0000000800000000)
  region size 2048K, 2 young (4096K), 2 survivors (4096K)
 Metaspace       used 14863K, committed 15040K, reserved 1114112K
  class space    used 1531K, committed 1600K, reserved 1048576K
}
Event: 3.967 GC heap before
{Heap before GC invocations=3 (full 0):
 garbage-first heap   total 260096K, used 42524K [0x0000000702600000, 0x0000000800000000)
  region size 2048K, 19 young (38912K), 2 survivors (4096K)
 Metaspace       used 21356K, committed 21504K, reserved 1114112K
  class space    used 2282K, committed 2368K, reserved 1048576K
}
Event: 3.972 GC heap after
{Heap after GC invocations=4 (full 0):
 garbage-first heap   total 260096K, used 11128K [0x0000000702600000, 0x0000000800000000)
  region size 2048K, 2 young (4096K), 2 survivors (4096K)
 Metaspace       used 21356K, committed 21504K, reserved 1114112K
  class space    used 2282K, committed 2368K, reserved 1048576K
}
Event: 5.655 GC heap before
{Heap before GC invocations=5 (full 0):
 garbage-first heap   total 49152K, used 37752K [0x0000000702600000, 0x0000000800000000)
  region size 2048K, 10 young (20480K), 2 survivors (4096K)
 Metaspace       used 24312K, committed 24512K, reserved 1114112K
  class space    used 2636K, committed 2752K, reserved 1048576K
}
Event: 5.661 GC heap after
{Heap after GC invocations=6 (full 0):
 garbage-first heap   total 49152K, used 24142K [0x0000000702600000, 0x0000000800000000)
  region size 2048K, 2 young (4096K), 2 survivors (4096K)
 Metaspace       used 24312K, committed 24512K, reserved 1114112K
  class space    used 2636K, committed 2752K, reserved 1048576K
}
Event: 5.699 GC heap before
{Heap before GC invocations=6 (full 0):
 garbage-first heap   total 49152K, used 26190K [0x0000000702600000, 0x0000000800000000)
  region size 2048K, 3 young (6144K), 2 survivors (4096K)
 Metaspace       used 24693K, committed 24896K, reserved 1114112K
  class space    used 2680K, committed 2816K, reserved 1048576K
}
Event: 5.702 GC heap after
{Heap after GC invocations=7 (full 0):
 garbage-first heap   total 49152K, used 17872K [0x0000000702600000, 0x0000000800000000)
  region size 2048K, 1 young (2048K), 1 survivors (2048K)
 Metaspace       used 24693K, committed 24896K, reserved 1114112K
  class space    used 2680K, committed 2816K, reserved 1048576K
}
Event: 5.987 GC heap before
{Heap before GC invocations=7 (full 0):
 garbage-first heap   total 49152K, used 32208K [0x0000000702600000, 0x0000000800000000)
  region size 2048K, 8 young (16384K), 1 survivors (2048K)
 Metaspace       used 26791K, committed 26944K, reserved 1114112K
  class space    used 2945K, committed 3008K, reserved 1048576K
}
Event: 5.990 GC heap after
{Heap after GC invocations=8 (full 0):
 garbage-first heap   total 49152K, used 19432K [0x0000000702600000, 0x0000000800000000)
  region size 2048K, 1 young (2048K), 1 survivors (2048K)
 Metaspace       used 26791K, committed 26944K, reserved 1114112K
  class space    used 2945K, committed 3008K, reserved 1048576K
}
Event: 6.373 GC heap before
{Heap before GC invocations=8 (full 0):
 garbage-first heap   total 49152K, used 31720K [0x0000000702600000, 0x0000000800000000)
  region size 2048K, 8 young (16384K), 1 survivors (2048K)
 Metaspace       used 30004K, committed 30208K, reserved 1114112K
  class space    used 3337K, committed 3456K, reserved 1048576K
}
Event: 6.377 GC heap after
{Heap after GC invocations=9 (full 0):
 garbage-first heap   total 155648K, used 20504K [0x0000000702600000, 0x0000000800000000)
  region size 2048K, 1 young (2048K), 1 survivors (2048K)
 Metaspace       used 30004K, committed 30208K, reserved 1114112K
  class space    used 3337K, committed 3456K, reserved 1048576K
}
Event: 31.933 GC heap before
{Heap before GC invocations=9 (full 0):
 garbage-first heap   total 155648K, used 104472K [0x0000000702600000, 0x0000000800000000)
  region size 2048K, 39 young (79872K), 1 survivors (2048K)
 Metaspace       used 34048K, committed 34304K, reserved 1114112K
  class space    used 3708K, committed 3840K, reserved 1048576K
}
Event: 31.959 GC heap after
{Heap after GC invocations=10 (full 1):
 garbage-first heap   total 90112K, used 24020K [0x0000000702600000, 0x0000000800000000)
  region size 2048K, 0 young (0K), 0 survivors (0K)
 Metaspace       used 34048K, committed 34304K, reserved 1114112K
  class space    used 3708K, committed 3840K, reserved 1048576K
}
Event: 51.751 GC heap before
{Heap before GC invocations=10 (full 1):
 garbage-first heap   total 90112K, used 67028K [0x0000000702600000, 0x0000000800000000)
  region size 2048K, 21 young (43008K), 0 survivors (0K)
 Metaspace       used 34130K, committed 34432K, reserved 1114112K
  class space    used 3708K, committed 3840K, reserved 1048576K
}
Event: 51.753 GC heap after
{Heap after GC invocations=11 (full 1):
 garbage-first heap   total 90112K, used 24465K [0x0000000702600000, 0x0000000800000000)
  region size 2048K, 1 young (2048K), 1 survivors (2048K)
 Metaspace       used 34130K, committed 34432K, reserved 1114112K
  class space    used 3708K, committed 3840K, reserved 1048576K
}
Event: 61.961 GC heap before
{Heap before GC invocations=11 (full 1):
 garbage-first heap   total 90112K, used 46993K [0x0000000702600000, 0x0000000800000000)
  region size 2048K, 13 young (26624K), 1 survivors (2048K)
 Metaspace       used 34174K, committed 34432K, reserved 1114112K
  class space    used 3710K, committed 3840K, reserved 1048576K
}
Event: 61.986 GC heap after
{Heap after GC invocations=12 (full 2):
 garbage-first heap   total 90112K, used 23962K [0x0000000702600000, 0x0000000800000000)
  region size 2048K, 0 young (0K), 0 survivors (0K)
 Metaspace       used 34174K, committed 34432K, reserved 1114112K
  class space    used 3710K, committed 3840K, reserved 1048576K
}

