# JRE version: OpenJDK Runtime Environment Corretto-17.0.7.7.1 (17.0.7+7) (build 17.0.7+7-LTS)
# Java VM: OpenJDK 64-Bit Server VM Corretto-17.0.7.7.1 (17.0.7+7-LTS, mixed mode, sharing, tiered, compressed oops, compressed class ptrs, g1 gc, windows-amd64)
GC Precious Log:
 CPUs: 4 total, 4 available
 Memory: 16224M
 Large Page Support: Disabled
 NUMA Support: Disabled
 Compressed Oops: Enabled (Zero based)
 Heap Region Size: 2M
 Heap Min Capacity: 8M
 Heap Initial Capacity: 254M
 Heap Max Capacity: 4058M
 Pre-touch: Disabled
 Parallel Workers: 4
 Concurrent Workers: 1
 Concurrent Refinement Workers: 4
 Periodic GC: Disabled
Heap:
 garbage-first heap   total 59392K, used 38638K [0x0000000702600000, 0x0000000800000000)
  region size 2048K, 8 young (16384K), 0 survivors (0K)
 Metaspace       used 34647K, committed 34816K, reserved 1114112K
  class space    used 3737K, committed 3840K, reserved 1048576K
GC Heap History (20 events):
Event: 5.529 GC heap before
{Heap before GC invocations=6 (full 0):
 garbage-first heap   total 49152K, used 24107K [0x0000000702600000, 0x0000000800000000)
  region size 2048K, 3 young (6144K), 2 survivors (4096K)
 Metaspace       used 24691K, committed 24960K, reserved 1114112K
  class space    used 2682K, committed 2816K, reserved 1048576K
}
Event: 5.534 GC heap after
{Heap after GC invocations=7 (full 0):
 garbage-first heap   total 49152K, used 18065K [0x0000000702600000, 0x0000000800000000)
  region size 2048K, 1 young (2048K), 1 survivors (2048K)
 Metaspace       used 24691K, committed 24960K, reserved 1114112K
  class space    used 2682K, committed 2816K, reserved 1048576K
}
Event: 5.813 GC heap before
{Heap before GC invocations=7 (full 0):
 garbage-first heap   total 49152K, used 32401K [0x0000000702600000, 0x0000000800000000)
  region size 2048K, 8 young (16384K), 1 survivors (2048K)
 Metaspace       used 26727K, committed 26944K, reserved 1114112K
  class space    used 2941K, committed 3008K, reserved 1048576K
}
Event: 5.818 GC heap after
{Heap after GC invocations=8 (full 0):
 garbage-first heap   total 49152K, used 19454K [0x0000000702600000, 0x0000000800000000)
  region size 2048K, 1 young (2048K), 1 survivors (2048K)
 Metaspace       used 26727K, committed 26944K, reserved 1114112K
  class space    used 2941K, committed 3008K, reserved 1048576K
}
Event: 6.230 GC heap before
{Heap before GC invocations=8 (full 0):
 garbage-first heap   total 49152K, used 33790K [0x0000000702600000, 0x0000000800000000)
  region size 2048K, 8 young (16384K), 1 survivors (2048K)
 Metaspace       used 29936K, committed 30208K, reserved 1114112K
  class space    used 3330K, committed 3456K, reserved 1048576K
}
Event: 6.234 GC heap after
{Heap after GC invocations=9 (full 0):
 garbage-first heap   total 49152K, used 20737K [0x0000000702600000, 0x0000000800000000)
  region size 2048K, 1 young (2048K), 1 survivors (2048K)
 Metaspace       used 29936K, committed 30208K, reserved 1114112K
  class space    used 3330K, committed 3456K, reserved 1048576K
}
Event: 6.575 GC heap before
{Heap before GC invocations=9 (full 0):
 garbage-first heap   total 49152K, used 35073K [0x0000000702600000, 0x0000000800000000)
  region size 2048K, 8 young (16384K), 1 survivors (2048K)
 Metaspace       used 32270K, committed 32448K, reserved 1114112K
  class space    used 3614K, committed 3712K, reserved 1048576K
}
Event: 6.578 GC heap after
{Heap after GC invocations=10 (full 0):
 garbage-first heap   total 49152K, used 21253K [0x0000000702600000, 0x0000000800000000)
  region size 2048K, 1 young (2048K), 1 survivors (2048K)
 Metaspace       used 32270K, committed 32448K, reserved 1114112K
  class space    used 3614K, committed 3712K, reserved 1048576K
}
Event: 6.845 GC heap before
{Heap before GC invocations=10 (full 0):
 garbage-first heap   total 49152K, used 25349K [0x0000000702600000, 0x0000000800000000)
  region size 2048K, 4 young (8192K), 1 survivors (2048K)
 Metaspace       used 33222K, committed 33408K, reserved 1114112K
  class space    used 3716K, committed 3840K, reserved 1048576K
}
Event: 6.848 GC heap after
{Heap after GC invocations=11 (full 0):
 garbage-first heap   total 49152K, used 21930K [0x0000000702600000, 0x0000000800000000)
  region size 2048K, 1 young (2048K), 1 survivors (2048K)
 Metaspace       used 33222K, committed 33408K, reserved 1114112K
  class space    used 3716K, committed 3840K, reserved 1048576K
}
Event: 10.019 GC heap before
{Heap before GC invocations=12 (full 0):
 garbage-first heap   total 59392K, used 42410K [0x0000000702600000, 0x0000000800000000)
  region size 2048K, 7 young (14336K), 1 survivors (2048K)
 Metaspace       used 34193K, committed 34432K, reserved 1114112K
  class space    used 3729K, committed 3840K, reserved 1048576K
}
Event: 10.024 GC heap after
{Heap after GC invocations=13 (full 0):
 garbage-first heap   total 59392K, used 31369K [0x0000000702600000, 0x0000000800000000)
  region size 2048K, 1 young (2048K), 1 survivors (2048K)
 Metaspace       used 34193K, committed 34432K, reserved 1114112K
  class space    used 3729K, committed 3840K, reserved 1048576K
}
Event: 14.217 GC heap before
{Heap before GC invocations=13 (full 0):
 garbage-first heap   total 59392K, used 43657K [0x0000000702600000, 0x0000000800000000)
  region size 2048K, 7 young (14336K), 1 survivors (2048K)
 Metaspace       used 34472K, committed 34688K, reserved 1114112K
  class space    used 3731K, committed 3840K, reserved 1048576K
}
Event: 14.220 GC heap after
{Heap after GC invocations=14 (full 0):
 garbage-first heap   total 59392K, used 31613K [0x0000000702600000, 0x0000000800000000)
  region size 2048K, 1 young (2048K), 1 survivors (2048K)
 Metaspace       used 34472K, committed 34688K, reserved 1114112K
  class space    used 3731K, committed 3840K, reserved 1048576K
}
Event: 19.309 GC heap before
{Heap before GC invocations=15 (full 0):
 garbage-first heap   total 59392K, used 37757K [0x0000000702600000, 0x0000000800000000)
  region size 2048K, 7 young (14336K), 1 survivors (2048K)
 Metaspace       used 34601K, committed 34816K, reserved 1114112K
  class space    used 3734K, committed 3840K, reserved 1048576K
}
Event: 19.310 GC heap after
{Heap after GC invocations=16 (full 0):
 garbage-first heap   total 59392K, used 25298K [0x0000000702600000, 0x0000000800000000)
  region size 2048K, 1 young (2048K), 1 survivors (2048K)
 Metaspace       used 34601K, committed 34816K, reserved 1114112K
  class space    used 3734K, committed 3840K, reserved 1048576K
}
Event: 27.570 GC heap before
{Heap before GC invocations=16 (full 0):
 garbage-first heap   total 59392K, used 43730K [0x0000000702600000, 0x0000000800000000)
  region size 2048K, 10 young (20480K), 1 survivors (2048K)
 Metaspace       used 34609K, committed 34816K, reserved 1114112K
  class space    used 3734K, committed 3840K, reserved 1048576K
}
Event: 27.572 GC heap after
{Heap after GC invocations=17 (full 0):
 garbage-first heap   total 59392K, used 25295K [0x0000000702600000, 0x0000000800000000)
  region size 2048K, 1 young (2048K), 1 survivors (2048K)
 Metaspace       used 34609K, committed 34816K, reserved 1114112K
  class space    used 3734K, committed 3840K, reserved 1048576K
}
Event: 31.691 GC heap before
{Heap before GC invocations=17 (full 0):
 garbage-first heap   total 59392K, used 33487K [0x0000000702600000, 0x0000000800000000)
  region size 2048K, 6 young (12288K), 1 survivors (2048K)
 Metaspace       used 34611K, committed 34816K, reserved 1114112K
  class space    used 3734K, committed 3840K, reserved 1048576K
}
Event: 31.716 GC heap after
{Heap after GC invocations=18 (full 1):
 garbage-first heap   total 59392K, used 24302K [0x0000000702600000, 0x0000000800000000)
  region size 2048K, 0 young (0K), 0 survivors (0K)
 Metaspace       used 34611K, committed 34816K, reserved 1114112K
  class space    used 3734K, committed 3840K, reserved 1048576K
}

