# JRE version: OpenJDK Runtime Environment Corretto-17.0.7.7.1 (17.0.7+7) (build 17.0.7+7-LTS)
# Java VM: OpenJDK 64-Bit Server VM Corretto-17.0.7.7.1 (17.0.7+7-LTS, mixed mode, sharing, tiered, compressed oops, compressed class ptrs, g1 gc, windows-amd64)
GC Precious Log:
 CPUs: 4 total, 4 available
 Memory: 16224M
 Large Page Support: Disabled
 NUMA Support: Disabled
 Compressed Oops: Enabled (Zero based)
 Heap Region Size: 2M
 Heap Min Capacity: 8M
 Heap Initial Capacity: 254M
 Heap Max Capacity: 4058M
 Pre-touch: Disabled
 Parallel Workers: 4
 Concurrent Workers: 1
 Concurrent Refinement Workers: 4
 Periodic GC: Disabled
Heap:
 garbage-first heap   total 90112K, used 70499K [0x0000000702600000, 0x0000000800000000)
  region size 2048K, 24 young (49152K), 1 survivors (2048K)
 Metaspace       used 35160K, committed 35328K, reserved 1114112K
  class space    used 3764K, committed 3840K, reserved 1048576K
GC Heap History (20 events):
Event: 302.230 GC heap before
{Heap before GC invocations=62 (full 9):
 garbage-first heap   total 90112K, used 33683K [0x0000000702600000, 0x0000000800000000)
  region size 2048K, 6 young (12288K), 1 survivors (2048K)
 Metaspace       used 35136K, committed 35328K, reserved 1114112K
  class space    used 3761K, committed 3840K, reserved 1048576K
}
Event: 302.261 GC heap after
{Heap after GC invocations=63 (full 10):
 garbage-first heap   total 90112K, used 25210K [0x0000000702600000, 0x0000000800000000)
  region size 2048K, 0 young (0K), 0 survivors (0K)
 Metaspace       used 35136K, committed 35328K, reserved 1114112K
  class space    used 3761K, committed 3840K, reserved 1048576K
}
Event: 308.296 GC heap before
{Heap before GC invocations=63 (full 10):
 garbage-first heap   total 90112K, used 74362K [0x0000000702600000, 0x0000000800000000)
  region size 2048K, 24 young (49152K), 0 survivors (0K)
 Metaspace       used 35136K, committed 35328K, reserved 1114112K
  class space    used 3761K, committed 3840K, reserved 1048576K
}
Event: 308.297 GC heap after
{Heap after GC invocations=64 (full 10):
 garbage-first heap   total 90112K, used 25474K [0x0000000702600000, 0x0000000800000000)
  region size 2048K, 1 young (2048K), 1 survivors (2048K)
 Metaspace       used 35136K, committed 35328K, reserved 1114112K
  class space    used 3761K, committed 3840K, reserved 1048576K
}
Event: 314.008 GC heap before
{Heap before GC invocations=64 (full 10):
 garbage-first heap   total 90112K, used 72578K [0x0000000702600000, 0x0000000800000000)
  region size 2048K, 24 young (49152K), 1 survivors (2048K)
 Metaspace       used 35136K, committed 35328K, reserved 1114112K
  class space    used 3761K, committed 3840K, reserved 1048576K
}
Event: 314.009 GC heap after
{Heap after GC invocations=65 (full 10):
 garbage-first heap   total 90112K, used 25466K [0x0000000702600000, 0x0000000800000000)
  region size 2048K, 1 young (2048K), 1 survivors (2048K)
 Metaspace       used 35136K, committed 35328K, reserved 1114112K
  class space    used 3761K, committed 3840K, reserved 1048576K
}
Event: 320.234 GC heap before
{Heap before GC invocations=65 (full 10):
 garbage-first heap   total 90112K, used 72570K [0x0000000702600000, 0x0000000800000000)
  region size 2048K, 24 young (49152K), 1 survivors (2048K)
 Metaspace       used 35136K, committed 35328K, reserved 1114112K
  class space    used 3761K, committed 3840K, reserved 1048576K
}
Event: 320.235 GC heap after
{Heap after GC invocations=66 (full 10):
 garbage-first heap   total 90112K, used 25481K [0x0000000702600000, 0x0000000800000000)
  region size 2048K, 1 young (2048K), 1 survivors (2048K)
 Metaspace       used 35136K, committed 35328K, reserved 1114112K
  class space    used 3761K, committed 3840K, reserved 1048576K
}
Event: 326.097 GC heap before
{Heap before GC invocations=66 (full 10):
 garbage-first heap   total 90112K, used 72585K [0x0000000702600000, 0x0000000800000000)
  region size 2048K, 24 young (49152K), 1 survivors (2048K)
 Metaspace       used 35136K, committed 35328K, reserved 1114112K
  class space    used 3761K, committed 3840K, reserved 1048576K
}
Event: 326.098 GC heap after
{Heap after GC invocations=67 (full 10):
 garbage-first heap   total 90112K, used 25490K [0x0000000702600000, 0x0000000800000000)
  region size 2048K, 1 young (2048K), 1 survivors (2048K)
 Metaspace       used 35136K, committed 35328K, reserved 1114112K
  class space    used 3761K, committed 3840K, reserved 1048576K
}
Event: 332.159 GC heap before
{Heap before GC invocations=67 (full 10):
 garbage-first heap   total 90112K, used 72594K [0x0000000702600000, 0x0000000800000000)
  region size 2048K, 24 young (49152K), 1 survivors (2048K)
 Metaspace       used 35136K, committed 35328K, reserved 1114112K
  class space    used 3761K, committed 3840K, reserved 1048576K
}
Event: 332.160 GC heap after
{Heap after GC invocations=68 (full 10):
 garbage-first heap   total 90112K, used 25516K [0x0000000702600000, 0x0000000800000000)
  region size 2048K, 1 young (2048K), 1 survivors (2048K)
 Metaspace       used 35136K, committed 35328K, reserved 1114112K
  class space    used 3761K, committed 3840K, reserved 1048576K
}
Event: 332.289 GC heap before
{Heap before GC invocations=68 (full 10):
 garbage-first heap   total 90112K, used 25516K [0x0000000702600000, 0x0000000800000000)
  region size 2048K, 2 young (4096K), 1 survivors (2048K)
 Metaspace       used 35136K, committed 35328K, reserved 1114112K
  class space    used 3761K, committed 3840K, reserved 1048576K
}
Event: 332.324 GC heap after
{Heap after GC invocations=69 (full 11):
 garbage-first heap   total 90112K, used 25177K [0x0000000702600000, 0x0000000800000000)
  region size 2048K, 0 young (0K), 0 survivors (0K)
 Metaspace       used 35136K, committed 35328K, reserved 1114112K
  class space    used 3761K, committed 3840K, reserved 1048576K
}
Event: 339.318 GC heap before
{Heap before GC invocations=69 (full 11):
 garbage-first heap   total 90112K, used 76377K [0x0000000702600000, 0x0000000800000000)
  region size 2048K, 25 young (51200K), 0 survivors (0K)
 Metaspace       used 35136K, committed 35328K, reserved 1114112K
  class space    used 3761K, committed 3840K, reserved 1048576K
}
Event: 339.320 GC heap after
{Heap after GC invocations=70 (full 11):
 garbage-first heap   total 90112K, used 25419K [0x0000000702600000, 0x0000000800000000)
  region size 2048K, 1 young (2048K), 1 survivors (2048K)
 Metaspace       used 35136K, committed 35328K, reserved 1114112K
  class space    used 3761K, committed 3840K, reserved 1048576K
}
Event: 345.430 GC heap before
{Heap before GC invocations=70 (full 11):
 garbage-first heap   total 90112K, used 74571K [0x0000000702600000, 0x0000000800000000)
  region size 2048K, 25 young (51200K), 1 survivors (2048K)
 Metaspace       used 35136K, committed 35328K, reserved 1114112K
  class space    used 3761K, committed 3840K, reserved 1048576K
}
Event: 345.432 GC heap after
{Heap after GC invocations=71 (full 11):
 garbage-first heap   total 90112K, used 25457K [0x0000000702600000, 0x0000000800000000)
  region size 2048K, 1 young (2048K), 1 survivors (2048K)
 Metaspace       used 35136K, committed 35328K, reserved 1114112K
  class space    used 3761K, committed 3840K, reserved 1048576K
}
Event: 351.657 GC heap before
{Heap before GC invocations=71 (full 11):
 garbage-first heap   total 90112K, used 74609K [0x0000000702600000, 0x0000000800000000)
  region size 2048K, 25 young (51200K), 1 survivors (2048K)
 Metaspace       used 35136K, committed 35328K, reserved 1114112K
  class space    used 3761K, committed 3840K, reserved 1048576K
}
Event: 351.658 GC heap after
{Heap after GC invocations=72 (full 11):
 garbage-first heap   total 90112K, used 25443K [0x0000000702600000, 0x0000000800000000)
  region size 2048K, 1 young (2048K), 1 survivors (2048K)
 Metaspace       used 35136K, committed 35328K, reserved 1114112K
  class space    used 3761K, committed 3840K, reserved 1048576K
}

