# JRE version: OpenJDK Runtime Environment JBR-17.0.7+7-1000.5-nomod (17.0.7+7) (build 17.0.7+7-b1000.5)
# Java VM: OpenJDK 64-Bit Server VM JBR-17.0.7+7-1000.5-nomod (17.0.7+7-b1000.5, mixed mode, tiered, compressed oops, compressed class ptrs, g1 gc, windows-amd64)
GC Precious Log:
 CPUs: 4 total, 4 available
 Memory: 16224M
 Large Page Support: Disabled
 NUMA Support: Disabled
 Compressed Oops: Enabled (Zero based)
 Heap Region Size: 2M
 Heap Min Capacity: 8M
 Heap Initial Capacity: 254M
 Heap Max Capacity: 4058M
 Pre-touch: Disabled
 Parallel Workers: 4
 Concurrent Workers: 1
 Concurrent Refinement Workers: 4
 Periodic GC: Disabled
Heap:
 garbage-first heap   total 81920K, used 49023K [0x0000000702600000, 0x0000000800000000)
  region size 2048K, 14 young (28672K), 1 survivors (2048K)
 Metaspace       used 42926K, committed 43264K, reserved 1114112K
  class space    used 4648K, committed 4800K, reserved 1048576K
GC Heap History (20 events):
Event: 0.575 GC heap before
{Heap before GC invocations=0 (full 0):
 garbage-first heap   total 260096K, used 12288K [0x0000000702600000, 0x0000000800000000)
  region size 2048K, 6 young (12288K), 0 survivors (0K)
 Metaspace       used 8855K, committed 8960K, reserved 1114112K
  class space    used 793K, committed 832K, reserved 1048576K
}
Event: 0.583 GC heap after
{Heap after GC invocations=1 (full 0):
 garbage-first heap   total 260096K, used 7207K [0x0000000702600000, 0x0000000800000000)
  region size 2048K, 1 young (2048K), 1 survivors (2048K)
 Metaspace       used 8855K, committed 8960K, reserved 1114112K
  class space    used 793K, committed 832K, reserved 1048576K
}
Event: 0.828 GC heap before
{Heap before GC invocations=1 (full 0):
 garbage-first heap   total 260096K, used 15399K [0x0000000702600000, 0x0000000800000000)
  region size 2048K, 6 young (12288K), 1 survivors (2048K)
 Metaspace       used 13135K, committed 13312K, reserved 1114112K
  class space    used 1145K, committed 1216K, reserved 1048576K
}
Event: 0.830 GC heap after
{Heap after GC invocations=2 (full 0):
 garbage-first heap   total 260096K, used 7673K [0x0000000702600000, 0x0000000800000000)
  region size 2048K, 1 young (2048K), 1 survivors (2048K)
 Metaspace       used 13135K, committed 13312K, reserved 1114112K
  class space    used 1145K, committed 1216K, reserved 1048576K
}
Event: 1.733 GC heap before
{Heap before GC invocations=2 (full 0):
 garbage-first heap   total 260096K, used 30201K [0x0000000702600000, 0x0000000800000000)
  region size 2048K, 13 young (26624K), 1 survivors (2048K)
 Metaspace       used 21336K, committed 21504K, reserved 1114112K
  class space    used 2157K, committed 2240K, reserved 1048576K
}
Event: 1.736 GC heap after
{Heap after GC invocations=3 (full 0):
 garbage-first heap   total 260096K, used 9360K [0x0000000702600000, 0x0000000800000000)
  region size 2048K, 2 young (4096K), 2 survivors (4096K)
 Metaspace       used 21336K, committed 21504K, reserved 1114112K
  class space    used 2157K, committed 2240K, reserved 1048576K
}
Event: 2.404 GC heap before
{Heap before GC invocations=4 (full 0):
 garbage-first heap   total 49152K, used 33936K [0x0000000702600000, 0x0000000800000000)
  region size 2048K, 14 young (28672K), 2 survivors (4096K)
 Metaspace       used 27411K, committed 27648K, reserved 1114112K
  class space    used 2890K, committed 3008K, reserved 1048576K
}
Event: 2.408 GC heap after
{Heap after GC invocations=5 (full 0):
 garbage-first heap   total 49152K, used 10540K [0x0000000702600000, 0x0000000800000000)
  region size 2048K, 2 young (4096K), 2 survivors (4096K)
 Metaspace       used 27411K, committed 27648K, reserved 1114112K
  class space    used 2890K, committed 3008K, reserved 1048576K
}
Event: 2.477 GC heap before
{Heap before GC invocations=5 (full 0):
 garbage-first heap   total 49152K, used 12588K [0x0000000702600000, 0x0000000800000000)
  region size 2048K, 3 young (6144K), 2 survivors (4096K)
 Metaspace       used 27837K, committed 28096K, reserved 1114112K
  class space    used 2942K, committed 3072K, reserved 1048576K
}
Event: 2.481 GC heap after
{Heap after GC invocations=6 (full 0):
 garbage-first heap   total 49152K, used 11051K [0x0000000702600000, 0x0000000800000000)
  region size 2048K, 1 young (2048K), 1 survivors (2048K)
 Metaspace       used 27837K, committed 28096K, reserved 1114112K
  class space    used 2942K, committed 3072K, reserved 1048576K
}
Event: 4.926 GC heap before
{Heap before GC invocations=6 (full 0):
 garbage-first heap   total 49152K, used 33579K [0x0000000702600000, 0x0000000800000000)
  region size 2048K, 10 young (20480K), 1 survivors (2048K)
 Metaspace       used 32084K, committed 32384K, reserved 1114112K
  class space    used 3425K, committed 3584K, reserved 1048576K
}
Event: 4.928 GC heap after
{Heap after GC invocations=7 (full 0):
 garbage-first heap   total 49152K, used 17622K [0x0000000702600000, 0x0000000800000000)
  region size 2048K, 1 young (2048K), 1 survivors (2048K)
 Metaspace       used 32084K, committed 32384K, reserved 1114112K
  class space    used 3425K, committed 3584K, reserved 1048576K
}
Event: 5.199 GC heap before
{Heap before GC invocations=7 (full 0):
 garbage-first heap   total 49152K, used 31958K [0x0000000702600000, 0x0000000800000000)
  region size 2048K, 8 young (16384K), 1 survivors (2048K)
 Metaspace       used 34292K, committed 34560K, reserved 1114112K
  class space    used 3702K, committed 3840K, reserved 1048576K
}
Event: 5.202 GC heap after
{Heap after GC invocations=8 (full 0):
 garbage-first heap   total 49152K, used 18812K [0x0000000702600000, 0x0000000800000000)
  region size 2048K, 1 young (2048K), 1 survivors (2048K)
 Metaspace       used 34292K, committed 34560K, reserved 1114112K
  class space    used 3702K, committed 3840K, reserved 1048576K
}
Event: 5.351 GC heap before
{Heap before GC invocations=8 (full 0):
 garbage-first heap   total 49152K, used 27004K [0x0000000702600000, 0x0000000800000000)
  region size 2048K, 6 young (12288K), 1 survivors (2048K)
 Metaspace       used 35805K, committed 35968K, reserved 1114112K
  class space    used 3911K, committed 3968K, reserved 1048576K
}
Event: 5.355 GC heap after
{Heap after GC invocations=9 (full 0):
 garbage-first heap   total 155648K, used 19641K [0x0000000702600000, 0x0000000800000000)
  region size 2048K, 2 young (4096K), 2 survivors (4096K)
 Metaspace       used 35805K, committed 35968K, reserved 1114112K
  class space    used 3911K, committed 3968K, reserved 1048576K
}
Event: 11.948 GC heap before
{Heap before GC invocations=10 (full 0):
 garbage-first heap   total 81920K, used 68793K [0x0000000702600000, 0x0000000800000000)
  region size 2048K, 23 young (47104K), 2 survivors (4096K)
 Metaspace       used 42806K, committed 43072K, reserved 1114112K
  class space    used 4642K, committed 4800K, reserved 1048576K
}
Event: 11.955 GC heap after
{Heap after GC invocations=11 (full 0):
 garbage-first heap   total 81920K, used 30225K [0x0000000702600000, 0x0000000800000000)
  region size 2048K, 3 young (6144K), 3 survivors (6144K)
 Metaspace       used 42806K, committed 43072K, reserved 1114112K
  class space    used 4642K, committed 4800K, reserved 1048576K
}
Event: 13.111 GC heap before
{Heap before GC invocations=11 (full 0):
 garbage-first heap   total 81920K, used 32273K [0x0000000702600000, 0x0000000800000000)
  region size 2048K, 4 young (8192K), 3 survivors (6144K)
 Metaspace       used 42836K, committed 43136K, reserved 1114112K
  class space    used 4642K, committed 4800K, reserved 1048576K
}
Event: 13.117 GC heap after
{Heap after GC invocations=12 (full 0):
 garbage-first heap   total 81920K, used 24447K [0x0000000702600000, 0x0000000800000000)
  region size 2048K, 1 young (2048K), 1 survivors (2048K)
 Metaspace       used 42836K, committed 43136K, reserved 1114112K
  class space    used 4642K, committed 4800K, reserved 1048576K
}

