# JRE version: OpenJDK Runtime Environment Corretto-17.0.7.7.1 (17.0.7+7) (build 17.0.7+7-LTS)
# Java VM: OpenJDK 64-Bit Server VM Corretto-17.0.7.7.1 (17.0.7+7-LTS, mixed mode, sharing, tiered, compressed oops, compressed class ptrs, g1 gc, windows-amd64)
GC Precious Log:
 CPUs: 4 total, 4 available
 Memory: 16224M
 Large Page Support: Disabled
 NUMA Support: Disabled
 Compressed Oops: Enabled (Zero based)
 Heap Region Size: 2M
 Heap Min Capacity: 8M
 Heap Initial Capacity: 254M
 Heap Max Capacity: 4058M
 Pre-touch: Disabled
 Parallel Workers: 4
 Concurrent Workers: 1
 Concurrent Refinement Workers: 4
 Periodic GC: Disabled
Heap:
 garbage-first heap   total 157696K, used 89354K [0x0000000702600000, 0x0000000800000000)
  region size 2048K, 31 young (63488K), 2 survivors (4096K)
 Metaspace       used 34857K, committed 35008K, reserved 1114112K
  class space    used 3750K, committed 3840K, reserved 1048576K
GC Heap History (20 events):
Event: 0.662 GC heap before
{Heap before GC invocations=0 (full 0):
 garbage-first heap   total 260096K, used 12288K [0x0000000702600000, 0x0000000800000000)
  region size 2048K, 6 young (12288K), 0 survivors (0K)
 Metaspace       used 1760K, committed 1856K, reserved 1114112K
  class space    used 161K, committed 192K, reserved 1048576K
}
Event: 0.677 GC heap after
{Heap after GC invocations=1 (full 0):
 garbage-first heap   total 260096K, used 7261K [0x0000000702600000, 0x0000000800000000)
  region size 2048K, 1 young (2048K), 1 survivors (2048K)
 Metaspace       used 1760K, committed 1856K, reserved 1114112K
  class space    used 161K, committed 192K, reserved 1048576K
}
Event: 1.457 GC heap before
{Heap before GC invocations=1 (full 0):
 garbage-first heap   total 260096K, used 15453K [0x0000000702600000, 0x0000000800000000)
  region size 2048K, 6 young (12288K), 1 survivors (2048K)
 Metaspace       used 5856K, committed 5952K, reserved 1114112K
  class space    used 465K, committed 512K, reserved 1048576K
}
Event: 1.460 GC heap after
{Heap after GC invocations=2 (full 0):
 garbage-first heap   total 260096K, used 8209K [0x0000000702600000, 0x0000000800000000)
  region size 2048K, 1 young (2048K), 1 survivors (2048K)
 Metaspace       used 5856K, committed 5952K, reserved 1114112K
  class space    used 465K, committed 512K, reserved 1048576K
}
Event: 2.730 GC heap before
{Heap before GC invocations=2 (full 0):
 garbage-first heap   total 260096K, used 28689K [0x0000000702600000, 0x0000000800000000)
  region size 2048K, 12 young (24576K), 1 survivors (2048K)
 Metaspace       used 12579K, committed 12800K, reserved 1114112K
  class space    used 1263K, committed 1344K, reserved 1048576K
}
Event: 2.734 GC heap after
{Heap after GC invocations=3 (full 0):
 garbage-first heap   total 260096K, used 9490K [0x0000000702600000, 0x0000000800000000)
  region size 2048K, 2 young (4096K), 2 survivors (4096K)
 Metaspace       used 12579K, committed 12800K, reserved 1114112K
  class space    used 1263K, committed 1344K, reserved 1048576K
}
Event: 4.710 GC heap before
{Heap before GC invocations=3 (full 0):
 garbage-first heap   total 260096K, used 48402K [0x0000000702600000, 0x0000000800000000)
  region size 2048K, 22 young (45056K), 2 survivors (4096K)
 Metaspace       used 21362K, committed 21504K, reserved 1114112K
  class space    used 2283K, committed 2368K, reserved 1048576K
}
Event: 4.716 GC heap after
{Heap after GC invocations=4 (full 0):
 garbage-first heap   total 260096K, used 11085K [0x0000000702600000, 0x0000000800000000)
  region size 2048K, 2 young (4096K), 2 survivors (4096K)
 Metaspace       used 21362K, committed 21504K, reserved 1114112K
  class space    used 2283K, committed 2368K, reserved 1048576K
}
Event: 8.351 GC heap before
{Heap before GC invocations=5 (full 0):
 garbage-first heap   total 55296K, used 41805K [0x0000000702600000, 0x0000000800000000)
  region size 2048K, 12 young (24576K), 2 survivors (4096K)
 Metaspace       used 24798K, committed 25024K, reserved 1114112K
  class space    used 2698K, committed 2816K, reserved 1048576K
}
Event: 8.357 GC heap after
{Heap after GC invocations=6 (full 0):
 garbage-first heap   total 55296K, used 24110K [0x0000000702600000, 0x0000000800000000)
  region size 2048K, 2 young (4096K), 2 survivors (4096K)
 Metaspace       used 24798K, committed 25024K, reserved 1114112K
  class space    used 2698K, committed 2816K, reserved 1048576K
}
Event: 8.406 GC heap before
{Heap before GC invocations=6 (full 0):
 garbage-first heap   total 55296K, used 26158K [0x0000000702600000, 0x0000000800000000)
  region size 2048K, 3 young (6144K), 2 survivors (4096K)
 Metaspace       used 25084K, committed 25344K, reserved 1114112K
  class space    used 2726K, committed 2880K, reserved 1048576K
}
Event: 8.410 GC heap after
{Heap after GC invocations=7 (full 0):
 garbage-first heap   total 55296K, used 18319K [0x0000000702600000, 0x0000000800000000)
  region size 2048K, 1 young (2048K), 1 survivors (2048K)
 Metaspace       used 25084K, committed 25344K, reserved 1114112K
  class space    used 2726K, committed 2880K, reserved 1048576K
}
Event: 8.995 GC heap before
{Heap before GC invocations=7 (full 0):
 garbage-first heap   total 55296K, used 36751K [0x0000000702600000, 0x0000000800000000)
  region size 2048K, 10 young (20480K), 1 survivors (2048K)
 Metaspace       used 28314K, committed 28544K, reserved 1114112K
  class space    used 3149K, committed 3264K, reserved 1048576K
}
Event: 8.998 GC heap after
{Heap after GC invocations=8 (full 0):
 garbage-first heap   total 55296K, used 19873K [0x0000000702600000, 0x0000000800000000)
  region size 2048K, 2 young (4096K), 2 survivors (4096K)
 Metaspace       used 28314K, committed 28544K, reserved 1114112K
  class space    used 3149K, committed 3264K, reserved 1048576K
}
Event: 9.331 GC heap before
{Heap before GC invocations=8 (full 0):
 garbage-first heap   total 55296K, used 36257K [0x0000000702600000, 0x0000000800000000)
  region size 2048K, 11 young (22528K), 2 survivors (4096K)
 Metaspace       used 31900K, committed 32128K, reserved 1114112K
  class space    used 3559K, committed 3648K, reserved 1048576K
}
Event: 9.335 GC heap after
{Heap after GC invocations=9 (full 0):
 garbage-first heap   total 55296K, used 20955K [0x0000000702600000, 0x0000000800000000)
  region size 2048K, 2 young (4096K), 2 survivors (4096K)
 Metaspace       used 31900K, committed 32128K, reserved 1114112K
  class space    used 3559K, committed 3648K, reserved 1048576K
}
Event: 9.682 GC heap before
{Heap before GC invocations=9 (full 0):
 garbage-first heap   total 55296K, used 27099K [0x0000000702600000, 0x0000000800000000)
  region size 2048K, 6 young (12288K), 2 survivors (4096K)
 Metaspace       used 33226K, committed 33408K, reserved 1114112K
  class space    used 3718K, committed 3840K, reserved 1048576K
}
Event: 9.686 GC heap after
{Heap after GC invocations=10 (full 0):
 garbage-first heap   total 157696K, used 21503K [0x0000000702600000, 0x0000000800000000)
  region size 2048K, 1 young (2048K), 1 survivors (2048K)
 Metaspace       used 33226K, committed 33408K, reserved 1114112K
  class space    used 3718K, committed 3840K, reserved 1048576K
}
Event: 20.690 GC heap before
{Heap before GC invocations=10 (full 0):
 garbage-first heap   total 157696K, used 121855K [0x0000000702600000, 0x0000000800000000)
  region size 2048K, 46 young (94208K), 1 survivors (2048K)
 Metaspace       used 34816K, committed 35008K, reserved 1114112K
  class space    used 3747K, committed 3840K, reserved 1048576K
}
Event: 20.697 GC heap after
{Heap after GC invocations=11 (full 0):
 garbage-first heap   total 157696K, used 32010K [0x0000000702600000, 0x0000000800000000)
  region size 2048K, 2 young (4096K), 2 survivors (4096K)
 Metaspace       used 34816K, committed 35008K, reserved 1114112K
  class space    used 3747K, committed 3840K, reserved 1048576K
}

