# JRE version: OpenJDK Runtime Environment JBR-17.0.7+7-1000.5-nomod (17.0.7+7) (build 17.0.7+7-b1000.5)
# Java VM: OpenJDK 64-Bit Server VM JBR-17.0.7+7-1000.5-nomod (17.0.7+7-b1000.5, mixed mode, tiered, compressed oops, compressed class ptrs, g1 gc, windows-amd64)
GC Precious Log:
 CPUs: 4 total, 4 available
 Memory: 16224M
 Large Page Support: Disabled
 NUMA Support: Disabled
 Compressed Oops: Enabled (Zero based)
 Heap Region Size: 2M
 Heap Min Capacity: 8M
 Heap Initial Capacity: 254M
 Heap Max Capacity: 4058M
 Pre-touch: Disabled
 Parallel Workers: 4
 Concurrent Workers: 1
 Concurrent Refinement Workers: 4
 Periodic GC: Disabled
Heap:
 garbage-first heap   total 81920K, used 42810K [0x0000000702600000, 0x0000000800000000)
  region size 2048K, 11 young (22528K), 1 survivors (2048K)
 Metaspace       used 42868K, committed 43200K, reserved 1114112K
  class space    used 4646K, committed 4800K, reserved 1048576K
GC Heap History (20 events):
Event: 0.560 GC heap before
{Heap before GC invocations=0 (full 0):
 garbage-first heap   total 260096K, used 12288K [0x0000000702600000, 0x0000000800000000)
  region size 2048K, 6 young (12288K), 0 survivors (0K)
 Metaspace       used 8859K, committed 8960K, reserved 1114112K
  class space    used 794K, committed 832K, reserved 1048576K
}
Event: 0.569 GC heap after
{Heap after GC invocations=1 (full 0):
 garbage-first heap   total 260096K, used 7196K [0x0000000702600000, 0x0000000800000000)
  region size 2048K, 1 young (2048K), 1 survivors (2048K)
 Metaspace       used 8859K, committed 8960K, reserved 1114112K
  class space    used 794K, committed 832K, reserved 1048576K
}
Event: 0.844 GC heap before
{Heap before GC invocations=1 (full 0):
 garbage-first heap   total 260096K, used 15388K [0x0000000702600000, 0x0000000800000000)
  region size 2048K, 6 young (12288K), 1 survivors (2048K)
 Metaspace       used 13056K, committed 13184K, reserved 1114112K
  class space    used 1139K, committed 1216K, reserved 1048576K
}
Event: 0.846 GC heap after
{Heap after GC invocations=2 (full 0):
 garbage-first heap   total 260096K, used 7689K [0x0000000702600000, 0x0000000800000000)
  region size 2048K, 1 young (2048K), 1 survivors (2048K)
 Metaspace       used 13056K, committed 13184K, reserved 1114112K
  class space    used 1139K, committed 1216K, reserved 1048576K
}
Event: 1.786 GC heap before
{Heap before GC invocations=2 (full 0):
 garbage-first heap   total 260096K, used 30217K [0x0000000702600000, 0x0000000800000000)
  region size 2048K, 13 young (26624K), 1 survivors (2048K)
 Metaspace       used 21340K, committed 21504K, reserved 1114112K
  class space    used 2153K, committed 2240K, reserved 1048576K
}
Event: 1.790 GC heap after
{Heap after GC invocations=3 (full 0):
 garbage-first heap   total 260096K, used 9353K [0x0000000702600000, 0x0000000800000000)
  region size 2048K, 2 young (4096K), 2 survivors (4096K)
 Metaspace       used 21340K, committed 21504K, reserved 1114112K
  class space    used 2153K, committed 2240K, reserved 1048576K
}
Event: 2.415 GC heap before
{Heap before GC invocations=4 (full 0):
 garbage-first heap   total 49152K, used 33929K [0x0000000702600000, 0x0000000800000000)
  region size 2048K, 14 young (28672K), 2 survivors (4096K)
 Metaspace       used 27401K, committed 27648K, reserved 1114112K
  class space    used 2888K, committed 3008K, reserved 1048576K
}
Event: 2.420 GC heap after
{Heap after GC invocations=5 (full 0):
 garbage-first heap   total 49152K, used 10609K [0x0000000702600000, 0x0000000800000000)
  region size 2048K, 2 young (4096K), 2 survivors (4096K)
 Metaspace       used 27401K, committed 27648K, reserved 1114112K
  class space    used 2888K, committed 3008K, reserved 1048576K
}
Event: 2.489 GC heap before
{Heap before GC invocations=5 (full 0):
 garbage-first heap   total 49152K, used 12657K [0x0000000702600000, 0x0000000800000000)
  region size 2048K, 3 young (6144K), 2 survivors (4096K)
 Metaspace       used 27817K, committed 28096K, reserved 1114112K
  class space    used 2940K, committed 3072K, reserved 1048576K
}
Event: 2.493 GC heap after
{Heap after GC invocations=6 (full 0):
 garbage-first heap   total 49152K, used 10963K [0x0000000702600000, 0x0000000800000000)
  region size 2048K, 1 young (2048K), 1 survivors (2048K)
 Metaspace       used 27817K, committed 28096K, reserved 1114112K
  class space    used 2940K, committed 3072K, reserved 1048576K
}
Event: 5.809 GC heap before
{Heap before GC invocations=6 (full 0):
 garbage-first heap   total 49152K, used 33491K [0x0000000702600000, 0x0000000800000000)
  region size 2048K, 10 young (20480K), 1 survivors (2048K)
 Metaspace       used 32137K, committed 32448K, reserved 1114112K
  class space    used 3424K, committed 3584K, reserved 1048576K
}
Event: 5.811 GC heap after
{Heap after GC invocations=7 (full 0):
 garbage-first heap   total 49152K, used 17484K [0x0000000702600000, 0x0000000800000000)
  region size 2048K, 1 young (2048K), 1 survivors (2048K)
 Metaspace       used 32137K, committed 32448K, reserved 1114112K
  class space    used 3424K, committed 3584K, reserved 1048576K
}
Event: 6.093 GC heap before
{Heap before GC invocations=7 (full 0):
 garbage-first heap   total 49152K, used 33868K [0x0000000702600000, 0x0000000800000000)
  region size 2048K, 9 young (18432K), 1 survivors (2048K)
 Metaspace       used 34978K, committed 35264K, reserved 1114112K
  class space    used 3788K, committed 3904K, reserved 1048576K
}
Event: 6.097 GC heap after
{Heap after GC invocations=8 (full 0):
 garbage-first heap   total 49152K, used 18739K [0x0000000702600000, 0x0000000800000000)
  region size 2048K, 2 young (4096K), 2 survivors (4096K)
 Metaspace       used 34978K, committed 35264K, reserved 1114112K
  class space    used 3788K, committed 3904K, reserved 1048576K
}
Event: 6.199 GC heap before
{Heap before GC invocations=8 (full 0):
 garbage-first heap   total 49152K, used 22835K [0x0000000702600000, 0x0000000800000000)
  region size 2048K, 5 young (10240K), 2 survivors (4096K)
 Metaspace       used 35774K, committed 35968K, reserved 1114112K
  class space    used 3897K, committed 3968K, reserved 1048576K
}
Event: 6.203 GC heap after
{Heap after GC invocations=9 (full 0):
 garbage-first heap   total 155648K, used 19538K [0x0000000702600000, 0x0000000800000000)
  region size 2048K, 2 young (4096K), 2 survivors (4096K)
 Metaspace       used 35774K, committed 35968K, reserved 1114112K
  class space    used 3897K, committed 3968K, reserved 1048576K
}
Event: 12.752 GC heap before
{Heap before GC invocations=10 (full 0):
 garbage-first heap   total 81920K, used 66642K [0x0000000702600000, 0x0000000800000000)
  region size 2048K, 23 young (47104K), 2 survivors (4096K)
 Metaspace       used 42730K, committed 42944K, reserved 1114112K
  class space    used 4639K, committed 4736K, reserved 1048576K
}
Event: 12.758 GC heap after
{Heap after GC invocations=11 (full 0):
 garbage-first heap   total 81920K, used 30092K [0x0000000702600000, 0x0000000800000000)
  region size 2048K, 3 young (6144K), 3 survivors (6144K)
 Metaspace       used 42730K, committed 42944K, reserved 1114112K
  class space    used 4639K, committed 4736K, reserved 1048576K
}
Event: 13.462 GC heap before
{Heap before GC invocations=11 (full 0):
 garbage-first heap   total 81920K, used 32140K [0x0000000702600000, 0x0000000800000000)
  region size 2048K, 4 young (8192K), 3 survivors (6144K)
 Metaspace       used 42795K, committed 43072K, reserved 1114112K
  class space    used 4641K, committed 4736K, reserved 1048576K
}
Event: 13.468 GC heap after
{Heap after GC invocations=12 (full 0):
 garbage-first heap   total 81920K, used 24378K [0x0000000702600000, 0x0000000800000000)
  region size 2048K, 1 young (2048K), 1 survivors (2048K)
 Metaspace       used 42795K, committed 43072K, reserved 1114112K
  class space    used 4641K, committed 4736K, reserved 1048576K
}

