# JRE version: OpenJDK Runtime Environment JBR-17.0.7+7-1000.5-nomod (17.0.7+7) (build 17.0.7+7-b1000.5)
# Java VM: OpenJDK 64-Bit Server VM JBR-17.0.7+7-1000.5-nomod (17.0.7+7-b1000.5, mixed mode, tiered, compressed oops, compressed class ptrs, g1 gc, windows-amd64)
GC Precious Log:
 CPUs: 4 total, 4 available
 Memory: 16224M
 Large Page Support: Disabled
 NUMA Support: Disabled
 Compressed Oops: Enabled (Zero based)
 Heap Region Size: 2M
 Heap Min Capacity: 8M
 Heap Initial Capacity: 254M
 Heap Max Capacity: 4058M
 Pre-touch: Disabled
 Parallel Workers: 4
 Concurrent Workers: 1
 Concurrent Refinement Workers: 4
 Periodic GC: Disabled
Heap:
 garbage-first heap   total 157696K, used 68178K [0x0000000702600000, 0x0000000800000000)
  region size 2048K, 21 young (43008K), 1 survivors (2048K)
 Metaspace       used 42935K, committed 43200K, reserved 1114112K
  class space    used 4650K, committed 4736K, reserved 1048576K
GC Heap History (18 events):
Event: 0.907 GC heap before
{Heap before GC invocations=0 (full 0):
 garbage-first heap   total 260096K, used 12288K [0x0000000702600000, 0x0000000800000000)
  region size 2048K, 6 young (12288K), 0 survivors (0K)
 Metaspace       used 8861K, committed 8960K, reserved 1114112K
  class space    used 793K, committed 832K, reserved 1048576K
}
Event: 0.940 GC heap after
{Heap after GC invocations=1 (full 0):
 garbage-first heap   total 260096K, used 7194K [0x0000000702600000, 0x0000000800000000)
  region size 2048K, 1 young (2048K), 1 survivors (2048K)
 Metaspace       used 8861K, committed 8960K, reserved 1114112K
  class space    used 793K, committed 832K, reserved 1048576K
}
Event: 1.529 GC heap before
{Heap before GC invocations=1 (full 0):
 garbage-first heap   total 260096K, used 15386K [0x0000000702600000, 0x0000000800000000)
  region size 2048K, 6 young (12288K), 1 survivors (2048K)
 Metaspace       used 13609K, committed 13760K, reserved 1114112K
  class space    used 1189K, committed 1216K, reserved 1048576K
}
Event: 1.532 GC heap after
{Heap after GC invocations=2 (full 0):
 garbage-first heap   total 260096K, used 8181K [0x0000000702600000, 0x0000000800000000)
  region size 2048K, 1 young (2048K), 1 survivors (2048K)
 Metaspace       used 13609K, committed 13760K, reserved 1114112K
  class space    used 1189K, committed 1216K, reserved 1048576K
}
Event: 2.385 GC heap before
{Heap before GC invocations=2 (full 0):
 garbage-first heap   total 260096K, used 28661K [0x0000000702600000, 0x0000000800000000)
  region size 2048K, 13 young (26624K), 1 survivors (2048K)
 Metaspace       used 21308K, committed 21504K, reserved 1114112K
  class space    used 2145K, committed 2240K, reserved 1048576K
}
Event: 2.388 GC heap after
{Heap after GC invocations=3 (full 0):
 garbage-first heap   total 260096K, used 9433K [0x0000000702600000, 0x0000000800000000)
  region size 2048K, 2 young (4096K), 2 survivors (4096K)
 Metaspace       used 21308K, committed 21504K, reserved 1114112K
  class space    used 2145K, committed 2240K, reserved 1048576K
}
Event: 3.198 GC heap before
{Heap before GC invocations=4 (full 0):
 garbage-first heap   total 55296K, used 38105K [0x0000000702600000, 0x0000000800000000)
  region size 2048K, 16 young (32768K), 2 survivors (4096K)
 Metaspace       used 28025K, committed 28224K, reserved 1114112K
  class space    used 2974K, committed 3072K, reserved 1048576K
}
Event: 3.203 GC heap after
{Heap after GC invocations=5 (full 0):
 garbage-first heap   total 55296K, used 11015K [0x0000000702600000, 0x0000000800000000)
  region size 2048K, 2 young (4096K), 2 survivors (4096K)
 Metaspace       used 28025K, committed 28224K, reserved 1114112K
  class space    used 2974K, committed 3072K, reserved 1048576K
}
Event: 3.239 GC heap before
{Heap before GC invocations=5 (full 0):
 garbage-first heap   total 55296K, used 13063K [0x0000000702600000, 0x0000000800000000)
  region size 2048K, 3 young (6144K), 2 survivors (4096K)
 Metaspace       used 28477K, committed 28736K, reserved 1114112K
  class space    used 3022K, committed 3136K, reserved 1048576K
}
Event: 3.243 GC heap after
{Heap after GC invocations=6 (full 0):
 garbage-first heap   total 55296K, used 11209K [0x0000000702600000, 0x0000000800000000)
  region size 2048K, 1 young (2048K), 1 survivors (2048K)
 Metaspace       used 28477K, committed 28736K, reserved 1114112K
  class space    used 3022K, committed 3136K, reserved 1048576K
}
Event: 11.308 GC heap before
{Heap before GC invocations=6 (full 0):
 garbage-first heap   total 55296K, used 39881K [0x0000000702600000, 0x0000000800000000)
  region size 2048K, 12 young (24576K), 1 survivors (2048K)
 Metaspace       used 33282K, committed 33536K, reserved 1114112K
  class space    used 3583K, committed 3712K, reserved 1048576K
}
Event: 11.311 GC heap after
{Heap after GC invocations=7 (full 0):
 garbage-first heap   total 55296K, used 17898K [0x0000000702600000, 0x0000000800000000)
  region size 2048K, 1 young (2048K), 1 survivors (2048K)
 Metaspace       used 33282K, committed 33536K, reserved 1114112K
  class space    used 3583K, committed 3712K, reserved 1048576K
}
Event: 11.696 GC heap before
{Heap before GC invocations=7 (full 0):
 garbage-first heap   total 55296K, used 32234K [0x0000000702600000, 0x0000000800000000)
  region size 2048K, 9 young (18432K), 1 survivors (2048K)
 Metaspace       used 35903K, committed 36096K, reserved 1114112K
  class space    used 3926K, committed 4032K, reserved 1048576K
}
Event: 11.700 GC heap after
{Heap after GC invocations=8 (full 0):
 garbage-first heap   total 55296K, used 19616K [0x0000000702600000, 0x0000000800000000)
  region size 2048K, 2 young (4096K), 2 survivors (4096K)
 Metaspace       used 35903K, committed 36096K, reserved 1114112K
  class space    used 3926K, committed 4032K, reserved 1048576K
}
Event: 12.093 GC heap before
{Heap before GC invocations=9 (full 0):
 garbage-first heap   total 55296K, used 38048K [0x0000000702600000, 0x0000000800000000)
  region size 2048K, 11 young (22528K), 2 survivors (4096K)
 Metaspace       used 40276K, committed 40512K, reserved 1114112K
  class space    used 4429K, committed 4544K, reserved 1048576K
}
Event: 12.098 GC heap after
{Heap after GC invocations=10 (full 0):
 garbage-first heap   total 55296K, used 20275K [0x0000000702600000, 0x0000000800000000)
  region size 2048K, 2 young (4096K), 2 survivors (4096K)
 Metaspace       used 40276K, committed 40512K, reserved 1114112K
  class space    used 4429K, committed 4544K, reserved 1048576K
}
Event: 12.424 GC heap before
{Heap before GC invocations=10 (full 0):
 garbage-first heap   total 55296K, used 28467K [0x0000000702600000, 0x0000000800000000)
  region size 2048K, 7 young (14336K), 2 survivors (4096K)
 Metaspace       used 41859K, committed 42112K, reserved 1114112K
  class space    used 4627K, committed 4736K, reserved 1048576K
}
Event: 12.428 GC heap after
{Heap after GC invocations=11 (full 0):
 garbage-first heap   total 157696K, used 21074K [0x0000000702600000, 0x0000000800000000)
  region size 2048K, 1 young (2048K), 1 survivors (2048K)
 Metaspace       used 41859K, committed 42112K, reserved 1114112K
  class space    used 4627K, committed 4736K, reserved 1048576K
}

