# JRE version: OpenJDK Runtime Environment JBR-17.0.7+7-1000.5-nomod (17.0.7+7) (build 17.0.7+7-b1000.5)
# Java VM: OpenJDK 64-Bit Server VM JBR-17.0.7+7-1000.5-nomod (17.0.7+7-b1000.5, mixed mode, tiered, compressed oops, compressed class ptrs, g1 gc, windows-amd64)
GC Precious Log:
 CPUs: 4 total, 4 available
 Memory: 16224M
 Large Page Support: Disabled
 NUMA Support: Disabled
 Compressed Oops: Enabled (Zero based)
 Heap Region Size: 2M
 Heap Min Capacity: 8M
 Heap Initial Capacity: 254M
 Heap Max Capacity: 4058M
 Pre-touch: Disabled
 Parallel Workers: 4
 Concurrent Workers: 1
 Concurrent Refinement Workers: 4
 Periodic GC: Disabled
Heap:
 garbage-first heap   total 81920K, used 56454K [0x0000000702600000, 0x0000000800000000)
  region size 2048K, 17 young (34816K), 0 survivors (0K)
 Metaspace       used 43258K, committed 43520K, reserved 1114112K
  class space    used 4657K, committed 4800K, reserved 1048576K
GC Heap History (20 events):
Event: 4.634 GC heap before
{Heap before GC invocations=5 (full 0):
 garbage-first heap   total 34816K, used 9978K [0x0000000702600000, 0x0000000800000000)
  region size 2048K, 3 young (6144K), 2 survivors (4096K)
 Metaspace       used 25981K, committed 26240K, reserved 1114112K
  class space    used 2717K, committed 2816K, reserved 1048576K
}
Event: 4.637 GC heap after
{Heap after GC invocations=6 (full 0):
 garbage-first heap   total 34816K, used 10028K [0x0000000702600000, 0x0000000800000000)
  region size 2048K, 1 young (2048K), 1 survivors (2048K)
 Metaspace       used 25981K, committed 26240K, reserved 1114112K
  class space    used 2717K, committed 2816K, reserved 1048576K
}
Event: 5.056 GC heap before
{Heap before GC invocations=6 (full 0):
 garbage-first heap   total 34816K, used 20268K [0x0000000702600000, 0x0000000800000000)
  region size 2048K, 6 young (12288K), 1 survivors (2048K)
 Metaspace       used 28004K, committed 28288K, reserved 1114112K
  class space    used 2969K, committed 3136K, reserved 1048576K
}
Event: 5.059 GC heap after
{Heap after GC invocations=7 (full 0):
 garbage-first heap   total 34816K, used 10614K [0x0000000702600000, 0x0000000800000000)
  region size 2048K, 1 young (2048K), 1 survivors (2048K)
 Metaspace       used 28004K, committed 28288K, reserved 1114112K
  class space    used 2969K, committed 3136K, reserved 1048576K
}
Event: 8.171 GC heap before
{Heap before GC invocations=7 (full 0):
 garbage-first heap   total 34816K, used 24950K [0x0000000702600000, 0x0000000800000000)
  region size 2048K, 6 young (12288K), 1 survivors (2048K)
 Metaspace       used 30974K, committed 31232K, reserved 1114112K
  class space    used 3280K, committed 3392K, reserved 1048576K
}
Event: 8.174 GC heap after
{Heap after GC invocations=8 (full 0):
 garbage-first heap   total 34816K, used 17117K [0x0000000702600000, 0x0000000800000000)
  region size 2048K, 1 young (2048K), 1 survivors (2048K)
 Metaspace       used 30974K, committed 31232K, reserved 1114112K
  class space    used 3280K, committed 3392K, reserved 1048576K
}
Event: 8.349 GC heap before
{Heap before GC invocations=8 (full 0):
 garbage-first heap   total 34816K, used 21213K [0x0000000702600000, 0x0000000800000000)
  region size 2048K, 4 young (8192K), 1 survivors (2048K)
 Metaspace       used 31880K, committed 32128K, reserved 1114112K
  class space    used 3407K, committed 3520K, reserved 1048576K
}
Event: 8.352 GC heap after
{Heap after GC invocations=9 (full 0):
 garbage-first heap   total 34816K, used 17406K [0x0000000702600000, 0x0000000800000000)
  region size 2048K, 1 young (2048K), 1 survivors (2048K)
 Metaspace       used 31880K, committed 32128K, reserved 1114112K
  class space    used 3407K, committed 3520K, reserved 1048576K
}
Event: 8.589 GC heap before
{Heap before GC invocations=10 (full 0):
 garbage-first heap   total 34816K, used 23550K [0x0000000702600000, 0x0000000800000000)
  region size 2048K, 5 young (10240K), 1 survivors (2048K)
 Metaspace       used 33204K, committed 33472K, reserved 1114112K
  class space    used 3588K, committed 3712K, reserved 1048576K
}
Event: 8.592 GC heap after
{Heap after GC invocations=11 (full 0):
 garbage-first heap   total 34816K, used 17707K [0x0000000702600000, 0x0000000800000000)
  region size 2048K, 1 young (2048K), 1 survivors (2048K)
 Metaspace       used 33204K, committed 33472K, reserved 1114112K
  class space    used 3588K, committed 3712K, reserved 1048576K
}
Event: 8.735 GC heap before
{Heap before GC invocations=11 (full 0):
 garbage-first heap   total 34816K, used 23851K [0x0000000702600000, 0x0000000800000000)
  region size 2048K, 4 young (8192K), 1 survivors (2048K)
 Metaspace       used 34032K, committed 34304K, reserved 1114112K
  class space    used 3681K, committed 3776K, reserved 1048576K
}
Event: 8.737 GC heap after
{Heap after GC invocations=12 (full 0):
 garbage-first heap   total 34816K, used 18502K [0x0000000702600000, 0x0000000800000000)
  region size 2048K, 1 young (2048K), 1 survivors (2048K)
 Metaspace       used 34032K, committed 34304K, reserved 1114112K
  class space    used 3681K, committed 3776K, reserved 1048576K
}
Event: 8.903 GC heap before
{Heap before GC invocations=13 (full 0):
 garbage-first heap   total 38912K, used 22598K [0x0000000702600000, 0x0000000800000000)
  region size 2048K, 4 young (8192K), 1 survivors (2048K)
 Metaspace       used 35285K, committed 35520K, reserved 1114112K
  class space    used 3854K, committed 3968K, reserved 1048576K
}
Event: 8.906 GC heap after
{Heap after GC invocations=14 (full 0):
 garbage-first heap   total 38912K, used 18849K [0x0000000702600000, 0x0000000800000000)
  region size 2048K, 1 young (2048K), 1 survivors (2048K)
 Metaspace       used 35285K, committed 35520K, reserved 1114112K
  class space    used 3854K, committed 3968K, reserved 1048576K
}
Event: 9.369 GC heap before
{Heap before GC invocations=14 (full 0):
 garbage-first heap   total 38912K, used 29089K [0x0000000702600000, 0x0000000800000000)
  region size 2048K, 6 young (12288K), 1 survivors (2048K)
 Metaspace       used 37838K, committed 38080K, reserved 1114112K
  class space    used 4144K, committed 4224K, reserved 1048576K
}
Event: 9.372 GC heap after
{Heap after GC invocations=15 (full 0):
 garbage-first heap   total 149504K, used 19687K [0x0000000702600000, 0x0000000800000000)
  region size 2048K, 1 young (2048K), 1 survivors (2048K)
 Metaspace       used 37838K, committed 38080K, reserved 1114112K
  class space    used 4144K, committed 4224K, reserved 1048576K
}
Event: 16.638 GC heap before
{Heap before GC invocations=16 (full 0):
 garbage-first heap   total 81920K, used 68839K [0x0000000702600000, 0x0000000800000000)
  region size 2048K, 22 young (45056K), 1 survivors (2048K)
 Metaspace       used 43059K, committed 43328K, reserved 1114112K
  class space    used 4652K, committed 4800K, reserved 1048576K
}
Event: 16.645 GC heap after
{Heap after GC invocations=17 (full 0):
 garbage-first heap   total 81920K, used 30633K [0x0000000702600000, 0x0000000800000000)
  region size 2048K, 2 young (4096K), 2 survivors (4096K)
 Metaspace       used 43059K, committed 43328K, reserved 1114112K
  class space    used 4652K, committed 4800K, reserved 1048576K
}
Event: 32.546 GC heap before
{Heap before GC invocations=17 (full 0):
 garbage-first heap   total 81920K, used 59305K [0x0000000702600000, 0x0000000800000000)
  region size 2048K, 17 young (34816K), 2 survivors (4096K)
 Metaspace       used 43104K, committed 43328K, reserved 1114112K
  class space    used 4653K, committed 4800K, reserved 1048576K
}
Event: 32.569 GC heap after
{Heap after GC invocations=18 (full 1):
 garbage-first heap   total 81920K, used 23686K [0x0000000702600000, 0x0000000800000000)
  region size 2048K, 0 young (0K), 0 survivors (0K)
 Metaspace       used 43104K, committed 43328K, reserved 1114112K
  class space    used 4653K, committed 4800K, reserved 1048576K
}

