# JRE version: OpenJDK Runtime Environment JBR-17.0.7+7-1000.5-nomod (17.0.7+7) (build 17.0.7+7-b1000.5)
# Java VM: OpenJDK 64-Bit Server VM JBR-17.0.7+7-1000.5-nomod (17.0.7+7-b1000.5, mixed mode, tiered, compressed oops, compressed class ptrs, g1 gc, windows-amd64)
GC Precious Log:
 CPUs: 4 total, 4 available
 Memory: 16224M
 Large Page Support: Disabled
 NUMA Support: Disabled
 Compressed Oops: Enabled (Zero based)
 Heap Region Size: 2M
 Heap Min Capacity: 8M
 Heap Initial Capacity: 254M
 Heap Max Capacity: 4058M
 Pre-touch: Disabled
 Parallel Workers: 4
 Concurrent Workers: 1
 Concurrent Refinement Workers: 4
 Periodic GC: Disabled
Heap:
 garbage-first heap   total 81920K, used 48617K [0x0000000702600000, 0x0000000800000000)
  region size 2048K, 13 young (26624K), 0 survivors (0K)
 Metaspace       used 43302K, committed 43520K, reserved 1114112K
  class space    used 4663K, committed 4736K, reserved 1048576K
GC Heap History (20 events):
Event: 57.544 GC heap before
{Heap before GC invocations=7 (full 0):
 garbage-first heap   total 49152K, used 33832K [0x0000000702600000, 0x0000000800000000)
  region size 2048K, 9 young (18432K), 1 survivors (2048K)
 Metaspace       used 34691K, committed 35008K, reserved 1114112K
  class space    used 3744K, committed 3904K, reserved 1048576K
}
Event: 57.547 GC heap after
{Heap after GC invocations=8 (full 0):
 garbage-first heap   total 49152K, used 18638K [0x0000000702600000, 0x0000000800000000)
  region size 2048K, 2 young (4096K), 2 survivors (4096K)
 Metaspace       used 34691K, committed 35008K, reserved 1114112K
  class space    used 3744K, committed 3904K, reserved 1048576K
}
Event: 57.675 GC heap before
{Heap before GC invocations=8 (full 0):
 garbage-first heap   total 49152K, used 24782K [0x0000000702600000, 0x0000000800000000)
  region size 2048K, 6 young (12288K), 2 survivors (4096K)
 Metaspace       used 35877K, committed 36096K, reserved 1114112K
  class space    used 3907K, committed 4032K, reserved 1048576K
}
Event: 57.679 GC heap after
{Heap after GC invocations=9 (full 0):
 garbage-first heap   total 155648K, used 19430K [0x0000000702600000, 0x0000000800000000)
  region size 2048K, 2 young (4096K), 2 survivors (4096K)
 Metaspace       used 35877K, committed 36096K, reserved 1114112K
  class space    used 3907K, committed 4032K, reserved 1048576K
}
Event: 64.072 GC heap before
{Heap before GC invocations=10 (full 0):
 garbage-first heap   total 81920K, used 68582K [0x0000000702600000, 0x0000000800000000)
  region size 2048K, 23 young (47104K), 2 survivors (4096K)
 Metaspace       used 42764K, committed 43008K, reserved 1114112K
  class space    used 4641K, committed 4736K, reserved 1048576K
}
Event: 64.078 GC heap after
{Heap after GC invocations=11 (full 0):
 garbage-first heap   total 81920K, used 29869K [0x0000000702600000, 0x0000000800000000)
  region size 2048K, 3 young (6144K), 3 survivors (6144K)
 Metaspace       used 42764K, committed 43008K, reserved 1114112K
  class space    used 4641K, committed 4736K, reserved 1048576K
}
Event: 65.122 GC heap before
{Heap before GC invocations=11 (full 0):
 garbage-first heap   total 81920K, used 31917K [0x0000000702600000, 0x0000000800000000)
  region size 2048K, 4 young (8192K), 3 survivors (6144K)
 Metaspace       used 42787K, committed 43008K, reserved 1114112K
  class space    used 4642K, committed 4736K, reserved 1048576K
}
Event: 65.127 GC heap after
{Heap after GC invocations=12 (full 0):
 garbage-first heap   total 81920K, used 24165K [0x0000000702600000, 0x0000000800000000)
  region size 2048K, 1 young (2048K), 1 survivors (2048K)
 Metaspace       used 42787K, committed 43008K, reserved 1114112K
  class space    used 4642K, committed 4736K, reserved 1048576K
}
Event: 82.440 GC heap before
{Heap before GC invocations=12 (full 0):
 garbage-first heap   total 81920K, used 61029K [0x0000000702600000, 0x0000000800000000)
  region size 2048K, 19 young (38912K), 1 survivors (2048K)
 Metaspace       used 43275K, committed 43456K, reserved 1114112K
  class space    used 4659K, committed 4736K, reserved 1048576K
}
Event: 82.442 GC heap after
{Heap after GC invocations=13 (full 0):
 garbage-first heap   total 81920K, used 24328K [0x0000000702600000, 0x0000000800000000)
  region size 2048K, 1 young (2048K), 1 survivors (2048K)
 Metaspace       used 43275K, committed 43456K, reserved 1114112K
  class space    used 4659K, committed 4736K, reserved 1048576K
}
Event: 92.083 GC heap before
{Heap before GC invocations=13 (full 0):
 garbage-first heap   total 81920K, used 40712K [0x0000000702600000, 0x0000000800000000)
  region size 2048K, 10 young (20480K), 1 survivors (2048K)
 Metaspace       used 43275K, committed 43456K, reserved 1114112K
  class space    used 4659K, committed 4736K, reserved 1048576K
}
Event: 92.105 GC heap after
{Heap after GC invocations=14 (full 1):
 garbage-first heap   total 81920K, used 23888K [0x0000000702600000, 0x0000000800000000)
  region size 2048K, 0 young (0K), 0 survivors (0K)
 Metaspace       used 43275K, committed 43456K, reserved 1114112K
  class space    used 4659K, committed 4736K, reserved 1048576K
}
Event: 113.891 GC heap before
{Heap before GC invocations=14 (full 1):
 garbage-first heap   total 81920K, used 62800K [0x0000000702600000, 0x0000000800000000)
  region size 2048K, 19 young (38912K), 0 survivors (0K)
 Metaspace       used 43276K, committed 43456K, reserved 1114112K
  class space    used 4659K, committed 4736K, reserved 1048576K
}
Event: 113.892 GC heap after
{Heap after GC invocations=15 (full 1):
 garbage-first heap   total 81920K, used 24134K [0x0000000702600000, 0x0000000800000000)
  region size 2048K, 1 young (2048K), 1 survivors (2048K)
 Metaspace       used 43276K, committed 43456K, reserved 1114112K
  class space    used 4659K, committed 4736K, reserved 1048576K
}
Event: 122.117 GC heap before
{Heap before GC invocations=15 (full 1):
 garbage-first heap   total 81920K, used 38470K [0x0000000702600000, 0x0000000800000000)
  region size 2048K, 9 young (18432K), 1 survivors (2048K)
 Metaspace       used 43276K, committed 43456K, reserved 1114112K
  class space    used 4659K, committed 4736K, reserved 1048576K
}
Event: 122.140 GC heap after
{Heap after GC invocations=16 (full 2):
 garbage-first heap   total 81920K, used 23938K [0x0000000702600000, 0x0000000800000000)
  region size 2048K, 0 young (0K), 0 survivors (0K)
 Metaspace       used 43276K, committed 43456K, reserved 1114112K
  class space    used 4659K, committed 4736K, reserved 1048576K
}
Event: 146.266 GC heap before
{Heap before GC invocations=16 (full 2):
 garbage-first heap   total 81920K, used 64898K [0x0000000702600000, 0x0000000800000000)
  region size 2048K, 20 young (40960K), 0 survivors (0K)
 Metaspace       used 43276K, committed 43456K, reserved 1114112K
  class space    used 4659K, committed 4736K, reserved 1048576K
}
Event: 146.267 GC heap after
{Heap after GC invocations=17 (full 2):
 garbage-first heap   total 81920K, used 24041K [0x0000000702600000, 0x0000000800000000)
  region size 2048K, 1 young (2048K), 1 survivors (2048K)
 Metaspace       used 43276K, committed 43456K, reserved 1114112K
  class space    used 4659K, committed 4736K, reserved 1048576K
}
Event: 152.141 GC heap before
{Heap before GC invocations=17 (full 2):
 garbage-first heap   total 81920K, used 34281K [0x0000000702600000, 0x0000000800000000)
  region size 2048K, 7 young (14336K), 1 survivors (2048K)
 Metaspace       used 43276K, committed 43456K, reserved 1114112K
  class space    used 4659K, committed 4736K, reserved 1048576K
}
Event: 152.162 GC heap after
{Heap after GC invocations=18 (full 3):
 garbage-first heap   total 81920K, used 24041K [0x0000000702600000, 0x0000000800000000)
  region size 2048K, 0 young (0K), 0 survivors (0K)
 Metaspace       used 43276K, committed 43456K, reserved 1114112K
  class space    used 4659K, committed 4736K, reserved 1048576K
}

